[2025-02-23T02:33:14.176-0500] {local_task_job_runner.py:123} INFO - ::group::Pre task execution logs
[2025-02-23T02:33:14.196-0500] {taskinstance.py:2614} INFO - Dependencies all met for dep_context=non-requeueable deps ti=<TaskInstance: my-first-dag.transform manual__2025-02-23T07:33:01.474079+00:00 [queued]>
[2025-02-23T02:33:14.209-0500] {taskinstance.py:2614} INFO - Dependencies all met for dep_context=requeueable deps ti=<TaskInstance: my-first-dag.transform manual__2025-02-23T07:33:01.474079+00:00 [queued]>
[2025-02-23T02:33:14.209-0500] {taskinstance.py:2867} INFO - Starting attempt 1 of 2
[2025-02-23T02:33:14.237-0500] {taskinstance.py:2890} INFO - Executing <Task(BashOperator): transform> on 2025-02-23 07:33:01.474079+00:00
[2025-02-23T02:33:14.242-0500] {standard_task_runner.py:72} INFO - Started process 76619 to run task
[2025-02-23T02:33:14.247-0500] {standard_task_runner.py:104} INFO - Running: ['airflow', 'tasks', 'run', 'my-first-dag', 'transform', 'manual__2025-02-23T07:33:01.474079+00:00', '--job-id', '12', '--raw', '--subdir', 'DAGS_FOLDER/my_first_dag.py', '--cfg-path', '/tmp/tmpnj6y4x2u']
[2025-02-23T02:33:14.249-0500] {standard_task_runner.py:105} INFO - Job 12: Subtask transform
[2025-02-23T02:33:14.375-0500] {task_command.py:467} INFO - Running <TaskInstance: my-first-dag.transform manual__2025-02-23T07:33:01.474079+00:00 [running]> on host DESKTOP-O7HQL41.
[2025-02-23T02:33:14.481-0500] {taskinstance.py:3134} INFO - Exporting env vars: AIRFLOW_CTX_DAG_EMAIL='your_email_here' AIRFLOW_CTX_DAG_OWNER='your_name_here' AIRFLOW_CTX_DAG_ID='my-first-dag' AIRFLOW_CTX_TASK_ID='transform' AIRFLOW_CTX_EXECUTION_DATE='2025-02-23T07:33:01.474079+00:00' AIRFLOW_CTX_TRY_NUMBER='1' AIRFLOW_CTX_DAG_RUN_ID='manual__2025-02-23T07:33:01.474079+00:00'
[2025-02-23T02:33:14.483-0500] {logging_mixin.py:190} INFO - Task instance is in running state
[2025-02-23T02:33:14.484-0500] {logging_mixin.py:190} INFO -  Previous state of the Task instance: queued
[2025-02-23T02:33:14.485-0500] {logging_mixin.py:190} INFO - Current task name:transform state:running start_date:2025-02-23 07:33:14.197046+00:00
[2025-02-23T02:33:14.486-0500] {logging_mixin.py:190} INFO - Dag name:my-first-dag and current dag run status:running
[2025-02-23T02:33:14.486-0500] {taskinstance.py:732} INFO - ::endgroup::
[2025-02-23T02:33:14.488-0500] {subprocess.py:78} INFO - Tmp dir root location: /tmp
[2025-02-23T02:33:14.492-0500] {subprocess.py:88} INFO - Running command: ['/usr/bin/bash', '-c', 'tr ":" "," < /home/rafaelrb/DataEngineer/apache_airflow/dags/extracted-data.txt > /home/rafaelrb/DataEngineer/apache_airflow/dags/transformed-data.csv']
[2025-02-23T02:33:14.502-0500] {subprocess.py:99} INFO - Output:
[2025-02-23T02:33:14.509-0500] {subprocess.py:110} INFO - Command exited with return code 0
[2025-02-23T02:33:14.558-0500] {taskinstance.py:341} INFO - ::group::Post task execution logs
[2025-02-23T02:33:14.558-0500] {taskinstance.py:353} INFO - Marking task as SUCCESS. dag_id=my-first-dag, task_id=transform, run_id=manual__2025-02-23T07:33:01.474079+00:00, execution_date=20250223T073301, start_date=20250223T073314, end_date=20250223T073314
[2025-02-23T02:33:14.594-0500] {logging_mixin.py:190} INFO - Task instance in success state
[2025-02-23T02:33:14.594-0500] {logging_mixin.py:190} INFO -  Previous state of the Task instance: running
[2025-02-23T02:33:14.595-0500] {logging_mixin.py:190} INFO - Dag name:my-first-dag queued_at:2025-02-23 07:33:01.544189+00:00
[2025-02-23T02:33:14.595-0500] {logging_mixin.py:190} INFO - Task hostname:DESKTOP-O7HQL41. operator:BashOperator
[2025-02-23T02:33:14.624-0500] {local_task_job_runner.py:266} INFO - Task exited with return code 0
[2025-02-23T02:33:14.668-0500] {taskinstance.py:3901} INFO - 0 downstream tasks scheduled from follow-on schedule check
[2025-02-23T02:33:14.669-0500] {local_task_job_runner.py:245} INFO - ::endgroup::
