[2025-02-22T23:43:11.663-0500] {processor.py:186} INFO - Started process (PID=26464) to work on /home/rafaelrb/anaconda3/lib/python3.9/site-packages/airflow/example_dags/plugins/event_listener.py
[2025-02-22T23:43:11.665-0500] {processor.py:914} INFO - Processing file /home/rafaelrb/anaconda3/lib/python3.9/site-packages/airflow/example_dags/plugins/event_listener.py for tasks to queue
[2025-02-22T23:43:11.668-0500] {logging_mixin.py:190} INFO - [2025-02-22T23:43:11.667-0500] {dagbag.py:588} INFO - Filling up the DagBag from /home/rafaelrb/anaconda3/lib/python3.9/site-packages/airflow/example_dags/plugins/event_listener.py
[2025-02-22T23:43:11.671-0500] {processor.py:927} WARNING - No viable dags retrieved from /home/rafaelrb/anaconda3/lib/python3.9/site-packages/airflow/example_dags/plugins/event_listener.py
[2025-02-22T23:43:11.688-0500] {processor.py:208} INFO - Processing /home/rafaelrb/anaconda3/lib/python3.9/site-packages/airflow/example_dags/plugins/event_listener.py took 0.036 seconds
[2025-02-22T23:44:21.055-0500] {processor.py:186} INFO - Started process (PID=26980) to work on /home/rafaelrb/anaconda3/lib/python3.9/site-packages/airflow/example_dags/plugins/event_listener.py
[2025-02-22T23:44:21.058-0500] {processor.py:914} INFO - Processing file /home/rafaelrb/anaconda3/lib/python3.9/site-packages/airflow/example_dags/plugins/event_listener.py for tasks to queue
[2025-02-22T23:44:21.062-0500] {logging_mixin.py:190} INFO - [2025-02-22T23:44:21.061-0500] {dagbag.py:588} INFO - Filling up the DagBag from /home/rafaelrb/anaconda3/lib/python3.9/site-packages/airflow/example_dags/plugins/event_listener.py
[2025-02-22T23:44:21.068-0500] {processor.py:927} WARNING - No viable dags retrieved from /home/rafaelrb/anaconda3/lib/python3.9/site-packages/airflow/example_dags/plugins/event_listener.py
[2025-02-22T23:44:21.087-0500] {processor.py:208} INFO - Processing /home/rafaelrb/anaconda3/lib/python3.9/site-packages/airflow/example_dags/plugins/event_listener.py took 0.043 seconds
[2025-02-22T23:44:59.206-0500] {processor.py:186} INFO - Started process (PID=27235) to work on /home/rafaelrb/anaconda3/lib/python3.9/site-packages/airflow/example_dags/plugins/event_listener.py
[2025-02-22T23:44:59.208-0500] {processor.py:914} INFO - Processing file /home/rafaelrb/anaconda3/lib/python3.9/site-packages/airflow/example_dags/plugins/event_listener.py for tasks to queue
[2025-02-22T23:44:59.211-0500] {logging_mixin.py:190} INFO - [2025-02-22T23:44:59.210-0500] {dagbag.py:588} INFO - Filling up the DagBag from /home/rafaelrb/anaconda3/lib/python3.9/site-packages/airflow/example_dags/plugins/event_listener.py
[2025-02-22T23:44:59.216-0500] {processor.py:927} WARNING - No viable dags retrieved from /home/rafaelrb/anaconda3/lib/python3.9/site-packages/airflow/example_dags/plugins/event_listener.py
[2025-02-22T23:44:59.230-0500] {processor.py:208} INFO - Processing /home/rafaelrb/anaconda3/lib/python3.9/site-packages/airflow/example_dags/plugins/event_listener.py took 0.034 seconds
[2025-02-22T23:48:55.646-0500] {processor.py:186} INFO - Started process (PID=27641) to work on /home/rafaelrb/anaconda3/lib/python3.9/site-packages/airflow/example_dags/plugins/event_listener.py
[2025-02-22T23:48:55.648-0500] {processor.py:914} INFO - Processing file /home/rafaelrb/anaconda3/lib/python3.9/site-packages/airflow/example_dags/plugins/event_listener.py for tasks to queue
[2025-02-22T23:48:55.651-0500] {logging_mixin.py:190} INFO - [2025-02-22T23:48:55.650-0500] {dagbag.py:588} INFO - Filling up the DagBag from /home/rafaelrb/anaconda3/lib/python3.9/site-packages/airflow/example_dags/plugins/event_listener.py
[2025-02-22T23:48:55.655-0500] {processor.py:927} WARNING - No viable dags retrieved from /home/rafaelrb/anaconda3/lib/python3.9/site-packages/airflow/example_dags/plugins/event_listener.py
[2025-02-22T23:48:55.671-0500] {processor.py:208} INFO - Processing /home/rafaelrb/anaconda3/lib/python3.9/site-packages/airflow/example_dags/plugins/event_listener.py took 0.035 seconds
[2025-02-22T23:49:32.383-0500] {processor.py:186} INFO - Started process (PID=27877) to work on /home/rafaelrb/anaconda3/lib/python3.9/site-packages/airflow/example_dags/plugins/event_listener.py
[2025-02-22T23:49:32.385-0500] {processor.py:914} INFO - Processing file /home/rafaelrb/anaconda3/lib/python3.9/site-packages/airflow/example_dags/plugins/event_listener.py for tasks to queue
[2025-02-22T23:49:32.388-0500] {logging_mixin.py:190} INFO - [2025-02-22T23:49:32.387-0500] {dagbag.py:588} INFO - Filling up the DagBag from /home/rafaelrb/anaconda3/lib/python3.9/site-packages/airflow/example_dags/plugins/event_listener.py
[2025-02-22T23:49:32.392-0500] {processor.py:927} WARNING - No viable dags retrieved from /home/rafaelrb/anaconda3/lib/python3.9/site-packages/airflow/example_dags/plugins/event_listener.py
[2025-02-22T23:49:32.410-0500] {processor.py:208} INFO - Processing /home/rafaelrb/anaconda3/lib/python3.9/site-packages/airflow/example_dags/plugins/event_listener.py took 0.040 seconds
[2025-02-22T23:50:31.206-0500] {processor.py:186} INFO - Started process (PID=28296) to work on /home/rafaelrb/anaconda3/lib/python3.9/site-packages/airflow/example_dags/plugins/event_listener.py
[2025-02-22T23:50:31.210-0500] {processor.py:914} INFO - Processing file /home/rafaelrb/anaconda3/lib/python3.9/site-packages/airflow/example_dags/plugins/event_listener.py for tasks to queue
[2025-02-22T23:50:31.215-0500] {logging_mixin.py:190} INFO - [2025-02-22T23:50:31.214-0500] {dagbag.py:588} INFO - Filling up the DagBag from /home/rafaelrb/anaconda3/lib/python3.9/site-packages/airflow/example_dags/plugins/event_listener.py
[2025-02-22T23:50:31.222-0500] {processor.py:927} WARNING - No viable dags retrieved from /home/rafaelrb/anaconda3/lib/python3.9/site-packages/airflow/example_dags/plugins/event_listener.py
[2025-02-22T23:50:31.242-0500] {processor.py:208} INFO - Processing /home/rafaelrb/anaconda3/lib/python3.9/site-packages/airflow/example_dags/plugins/event_listener.py took 0.062 seconds
[2025-02-22T23:51:27.824-0500] {processor.py:186} INFO - Started process (PID=28689) to work on /home/rafaelrb/anaconda3/lib/python3.9/site-packages/airflow/example_dags/plugins/event_listener.py
[2025-02-22T23:51:27.826-0500] {processor.py:914} INFO - Processing file /home/rafaelrb/anaconda3/lib/python3.9/site-packages/airflow/example_dags/plugins/event_listener.py for tasks to queue
[2025-02-22T23:51:27.829-0500] {logging_mixin.py:190} INFO - [2025-02-22T23:51:27.829-0500] {dagbag.py:588} INFO - Filling up the DagBag from /home/rafaelrb/anaconda3/lib/python3.9/site-packages/airflow/example_dags/plugins/event_listener.py
[2025-02-22T23:51:27.834-0500] {processor.py:927} WARNING - No viable dags retrieved from /home/rafaelrb/anaconda3/lib/python3.9/site-packages/airflow/example_dags/plugins/event_listener.py
[2025-02-22T23:51:27.846-0500] {processor.py:208} INFO - Processing /home/rafaelrb/anaconda3/lib/python3.9/site-packages/airflow/example_dags/plugins/event_listener.py took 0.031 seconds
[2025-02-22T23:52:26.819-0500] {processor.py:186} INFO - Started process (PID=29111) to work on /home/rafaelrb/anaconda3/lib/python3.9/site-packages/airflow/example_dags/plugins/event_listener.py
[2025-02-22T23:52:26.820-0500] {processor.py:914} INFO - Processing file /home/rafaelrb/anaconda3/lib/python3.9/site-packages/airflow/example_dags/plugins/event_listener.py for tasks to queue
[2025-02-22T23:52:26.823-0500] {logging_mixin.py:190} INFO - [2025-02-22T23:52:26.823-0500] {dagbag.py:588} INFO - Filling up the DagBag from /home/rafaelrb/anaconda3/lib/python3.9/site-packages/airflow/example_dags/plugins/event_listener.py
[2025-02-22T23:52:26.830-0500] {processor.py:927} WARNING - No viable dags retrieved from /home/rafaelrb/anaconda3/lib/python3.9/site-packages/airflow/example_dags/plugins/event_listener.py
[2025-02-22T23:52:26.850-0500] {processor.py:208} INFO - Processing /home/rafaelrb/anaconda3/lib/python3.9/site-packages/airflow/example_dags/plugins/event_listener.py took 0.045 seconds
[2025-02-22T23:53:28.929-0500] {processor.py:186} INFO - Started process (PID=29567) to work on /home/rafaelrb/anaconda3/lib/python3.9/site-packages/airflow/example_dags/plugins/event_listener.py
[2025-02-22T23:53:28.932-0500] {processor.py:914} INFO - Processing file /home/rafaelrb/anaconda3/lib/python3.9/site-packages/airflow/example_dags/plugins/event_listener.py for tasks to queue
[2025-02-22T23:53:28.934-0500] {logging_mixin.py:190} INFO - [2025-02-22T23:53:28.934-0500] {dagbag.py:588} INFO - Filling up the DagBag from /home/rafaelrb/anaconda3/lib/python3.9/site-packages/airflow/example_dags/plugins/event_listener.py
[2025-02-22T23:53:28.938-0500] {processor.py:927} WARNING - No viable dags retrieved from /home/rafaelrb/anaconda3/lib/python3.9/site-packages/airflow/example_dags/plugins/event_listener.py
[2025-02-22T23:53:28.957-0500] {processor.py:208} INFO - Processing /home/rafaelrb/anaconda3/lib/python3.9/site-packages/airflow/example_dags/plugins/event_listener.py took 0.038 seconds
[2025-02-22T23:54:34.334-0500] {processor.py:186} INFO - Started process (PID=29999) to work on /home/rafaelrb/anaconda3/lib/python3.9/site-packages/airflow/example_dags/plugins/event_listener.py
[2025-02-22T23:54:34.335-0500] {processor.py:914} INFO - Processing file /home/rafaelrb/anaconda3/lib/python3.9/site-packages/airflow/example_dags/plugins/event_listener.py for tasks to queue
[2025-02-22T23:54:34.340-0500] {logging_mixin.py:190} INFO - [2025-02-22T23:54:34.339-0500] {dagbag.py:588} INFO - Filling up the DagBag from /home/rafaelrb/anaconda3/lib/python3.9/site-packages/airflow/example_dags/plugins/event_listener.py
[2025-02-22T23:54:34.348-0500] {processor.py:927} WARNING - No viable dags retrieved from /home/rafaelrb/anaconda3/lib/python3.9/site-packages/airflow/example_dags/plugins/event_listener.py
[2025-02-22T23:54:34.371-0500] {processor.py:208} INFO - Processing /home/rafaelrb/anaconda3/lib/python3.9/site-packages/airflow/example_dags/plugins/event_listener.py took 0.047 seconds
[2025-02-22T23:57:44.959-0500] {processor.py:186} INFO - Started process (PID=30490) to work on /home/rafaelrb/anaconda3/lib/python3.9/site-packages/airflow/example_dags/plugins/event_listener.py
[2025-02-22T23:57:44.961-0500] {processor.py:914} INFO - Processing file /home/rafaelrb/anaconda3/lib/python3.9/site-packages/airflow/example_dags/plugins/event_listener.py for tasks to queue
[2025-02-22T23:57:44.964-0500] {logging_mixin.py:190} INFO - [2025-02-22T23:57:44.963-0500] {dagbag.py:588} INFO - Filling up the DagBag from /home/rafaelrb/anaconda3/lib/python3.9/site-packages/airflow/example_dags/plugins/event_listener.py
[2025-02-22T23:57:44.969-0500] {processor.py:927} WARNING - No viable dags retrieved from /home/rafaelrb/anaconda3/lib/python3.9/site-packages/airflow/example_dags/plugins/event_listener.py
[2025-02-22T23:57:44.981-0500] {processor.py:208} INFO - Processing /home/rafaelrb/anaconda3/lib/python3.9/site-packages/airflow/example_dags/plugins/event_listener.py took 0.031 seconds
[2025-02-22T23:58:32.353-0500] {processor.py:186} INFO - Started process (PID=30847) to work on /home/rafaelrb/anaconda3/lib/python3.9/site-packages/airflow/example_dags/plugins/event_listener.py
[2025-02-22T23:58:32.355-0500] {processor.py:914} INFO - Processing file /home/rafaelrb/anaconda3/lib/python3.9/site-packages/airflow/example_dags/plugins/event_listener.py for tasks to queue
[2025-02-22T23:58:32.359-0500] {logging_mixin.py:190} INFO - [2025-02-22T23:58:32.358-0500] {dagbag.py:588} INFO - Filling up the DagBag from /home/rafaelrb/anaconda3/lib/python3.9/site-packages/airflow/example_dags/plugins/event_listener.py
[2025-02-22T23:58:32.362-0500] {processor.py:927} WARNING - No viable dags retrieved from /home/rafaelrb/anaconda3/lib/python3.9/site-packages/airflow/example_dags/plugins/event_listener.py
[2025-02-22T23:58:32.381-0500] {processor.py:208} INFO - Processing /home/rafaelrb/anaconda3/lib/python3.9/site-packages/airflow/example_dags/plugins/event_listener.py took 0.038 seconds
[2025-02-22T23:59:38.578-0500] {processor.py:186} INFO - Started process (PID=31291) to work on /home/rafaelrb/anaconda3/lib/python3.9/site-packages/airflow/example_dags/plugins/event_listener.py
[2025-02-22T23:59:38.585-0500] {processor.py:914} INFO - Processing file /home/rafaelrb/anaconda3/lib/python3.9/site-packages/airflow/example_dags/plugins/event_listener.py for tasks to queue
[2025-02-22T23:59:38.596-0500] {logging_mixin.py:190} INFO - [2025-02-22T23:59:38.595-0500] {dagbag.py:588} INFO - Filling up the DagBag from /home/rafaelrb/anaconda3/lib/python3.9/site-packages/airflow/example_dags/plugins/event_listener.py
[2025-02-22T23:59:38.612-0500] {processor.py:927} WARNING - No viable dags retrieved from /home/rafaelrb/anaconda3/lib/python3.9/site-packages/airflow/example_dags/plugins/event_listener.py
[2025-02-22T23:59:38.655-0500] {processor.py:208} INFO - Processing /home/rafaelrb/anaconda3/lib/python3.9/site-packages/airflow/example_dags/plugins/event_listener.py took 0.124 seconds
[2025-02-23T00:00:20.901-0500] {processor.py:186} INFO - Started process (PID=31549) to work on /home/rafaelrb/anaconda3/lib/python3.9/site-packages/airflow/example_dags/plugins/event_listener.py
[2025-02-23T00:00:20.905-0500] {processor.py:914} INFO - Processing file /home/rafaelrb/anaconda3/lib/python3.9/site-packages/airflow/example_dags/plugins/event_listener.py for tasks to queue
[2025-02-23T00:00:20.908-0500] {logging_mixin.py:190} INFO - [2025-02-23T00:00:20.908-0500] {dagbag.py:588} INFO - Filling up the DagBag from /home/rafaelrb/anaconda3/lib/python3.9/site-packages/airflow/example_dags/plugins/event_listener.py
[2025-02-23T00:00:20.914-0500] {processor.py:927} WARNING - No viable dags retrieved from /home/rafaelrb/anaconda3/lib/python3.9/site-packages/airflow/example_dags/plugins/event_listener.py
[2025-02-23T00:00:20.931-0500] {processor.py:208} INFO - Processing /home/rafaelrb/anaconda3/lib/python3.9/site-packages/airflow/example_dags/plugins/event_listener.py took 0.042 seconds
[2025-02-23T00:01:00.163-0500] {processor.py:186} INFO - Started process (PID=31833) to work on /home/rafaelrb/anaconda3/lib/python3.9/site-packages/airflow/example_dags/plugins/event_listener.py
[2025-02-23T00:01:00.168-0500] {processor.py:914} INFO - Processing file /home/rafaelrb/anaconda3/lib/python3.9/site-packages/airflow/example_dags/plugins/event_listener.py for tasks to queue
[2025-02-23T00:01:00.183-0500] {logging_mixin.py:190} INFO - [2025-02-23T00:01:00.173-0500] {dagbag.py:588} INFO - Filling up the DagBag from /home/rafaelrb/anaconda3/lib/python3.9/site-packages/airflow/example_dags/plugins/event_listener.py
[2025-02-23T00:01:00.200-0500] {processor.py:927} WARNING - No viable dags retrieved from /home/rafaelrb/anaconda3/lib/python3.9/site-packages/airflow/example_dags/plugins/event_listener.py
[2025-02-23T00:01:00.243-0500] {processor.py:208} INFO - Processing /home/rafaelrb/anaconda3/lib/python3.9/site-packages/airflow/example_dags/plugins/event_listener.py took 0.124 seconds
[2025-02-23T00:01:59.040-0500] {processor.py:186} INFO - Started process (PID=32205) to work on /home/rafaelrb/anaconda3/lib/python3.9/site-packages/airflow/example_dags/plugins/event_listener.py
[2025-02-23T00:01:59.042-0500] {processor.py:914} INFO - Processing file /home/rafaelrb/anaconda3/lib/python3.9/site-packages/airflow/example_dags/plugins/event_listener.py for tasks to queue
[2025-02-23T00:01:59.044-0500] {logging_mixin.py:190} INFO - [2025-02-23T00:01:59.044-0500] {dagbag.py:588} INFO - Filling up the DagBag from /home/rafaelrb/anaconda3/lib/python3.9/site-packages/airflow/example_dags/plugins/event_listener.py
[2025-02-23T00:01:59.048-0500] {processor.py:927} WARNING - No viable dags retrieved from /home/rafaelrb/anaconda3/lib/python3.9/site-packages/airflow/example_dags/plugins/event_listener.py
[2025-02-23T00:01:59.061-0500] {processor.py:208} INFO - Processing /home/rafaelrb/anaconda3/lib/python3.9/site-packages/airflow/example_dags/plugins/event_listener.py took 0.030 seconds
[2025-02-23T00:10:56.098-0500] {processor.py:186} INFO - Started process (PID=34385) to work on /home/rafaelrb/anaconda3/lib/python3.9/site-packages/airflow/example_dags/plugins/event_listener.py
[2025-02-23T00:10:56.100-0500] {processor.py:914} INFO - Processing file /home/rafaelrb/anaconda3/lib/python3.9/site-packages/airflow/example_dags/plugins/event_listener.py for tasks to queue
[2025-02-23T00:10:56.103-0500] {logging_mixin.py:190} INFO - [2025-02-23T00:10:56.102-0500] {dagbag.py:588} INFO - Filling up the DagBag from /home/rafaelrb/anaconda3/lib/python3.9/site-packages/airflow/example_dags/plugins/event_listener.py
[2025-02-23T00:10:56.106-0500] {processor.py:927} WARNING - No viable dags retrieved from /home/rafaelrb/anaconda3/lib/python3.9/site-packages/airflow/example_dags/plugins/event_listener.py
[2025-02-23T00:10:56.153-0500] {processor.py:208} INFO - Processing /home/rafaelrb/anaconda3/lib/python3.9/site-packages/airflow/example_dags/plugins/event_listener.py took 0.063 seconds
[2025-02-23T00:11:56.636-0500] {processor.py:186} INFO - Started process (PID=34481) to work on /home/rafaelrb/anaconda3/lib/python3.9/site-packages/airflow/example_dags/plugins/event_listener.py
[2025-02-23T00:11:56.638-0500] {processor.py:914} INFO - Processing file /home/rafaelrb/anaconda3/lib/python3.9/site-packages/airflow/example_dags/plugins/event_listener.py for tasks to queue
[2025-02-23T00:11:56.641-0500] {logging_mixin.py:190} INFO - [2025-02-23T00:11:56.640-0500] {dagbag.py:588} INFO - Filling up the DagBag from /home/rafaelrb/anaconda3/lib/python3.9/site-packages/airflow/example_dags/plugins/event_listener.py
[2025-02-23T00:11:56.645-0500] {processor.py:927} WARNING - No viable dags retrieved from /home/rafaelrb/anaconda3/lib/python3.9/site-packages/airflow/example_dags/plugins/event_listener.py
[2025-02-23T00:11:56.658-0500] {processor.py:208} INFO - Processing /home/rafaelrb/anaconda3/lib/python3.9/site-packages/airflow/example_dags/plugins/event_listener.py took 0.030 seconds
[2025-02-23T00:13:11.854-0500] {processor.py:186} INFO - Started process (PID=34598) to work on /home/rafaelrb/anaconda3/lib/python3.9/site-packages/airflow/example_dags/plugins/event_listener.py
[2025-02-23T00:13:11.856-0500] {processor.py:914} INFO - Processing file /home/rafaelrb/anaconda3/lib/python3.9/site-packages/airflow/example_dags/plugins/event_listener.py for tasks to queue
[2025-02-23T00:13:11.858-0500] {logging_mixin.py:190} INFO - [2025-02-23T00:13:11.858-0500] {dagbag.py:588} INFO - Filling up the DagBag from /home/rafaelrb/anaconda3/lib/python3.9/site-packages/airflow/example_dags/plugins/event_listener.py
[2025-02-23T00:13:11.862-0500] {processor.py:927} WARNING - No viable dags retrieved from /home/rafaelrb/anaconda3/lib/python3.9/site-packages/airflow/example_dags/plugins/event_listener.py
[2025-02-23T00:13:11.876-0500] {processor.py:208} INFO - Processing /home/rafaelrb/anaconda3/lib/python3.9/site-packages/airflow/example_dags/plugins/event_listener.py took 0.032 seconds
[2025-02-23T00:14:09.366-0500] {processor.py:186} INFO - Started process (PID=34671) to work on /home/rafaelrb/anaconda3/lib/python3.9/site-packages/airflow/example_dags/plugins/event_listener.py
[2025-02-23T00:14:09.368-0500] {processor.py:914} INFO - Processing file /home/rafaelrb/anaconda3/lib/python3.9/site-packages/airflow/example_dags/plugins/event_listener.py for tasks to queue
[2025-02-23T00:14:09.371-0500] {logging_mixin.py:190} INFO - [2025-02-23T00:14:09.370-0500] {dagbag.py:588} INFO - Filling up the DagBag from /home/rafaelrb/anaconda3/lib/python3.9/site-packages/airflow/example_dags/plugins/event_listener.py
[2025-02-23T00:14:09.374-0500] {processor.py:927} WARNING - No viable dags retrieved from /home/rafaelrb/anaconda3/lib/python3.9/site-packages/airflow/example_dags/plugins/event_listener.py
[2025-02-23T00:14:09.388-0500] {processor.py:208} INFO - Processing /home/rafaelrb/anaconda3/lib/python3.9/site-packages/airflow/example_dags/plugins/event_listener.py took 0.033 seconds
[2025-02-23T00:15:18.878-0500] {processor.py:186} INFO - Started process (PID=34751) to work on /home/rafaelrb/anaconda3/lib/python3.9/site-packages/airflow/example_dags/plugins/event_listener.py
[2025-02-23T00:15:18.885-0500] {processor.py:914} INFO - Processing file /home/rafaelrb/anaconda3/lib/python3.9/site-packages/airflow/example_dags/plugins/event_listener.py for tasks to queue
[2025-02-23T00:15:18.887-0500] {logging_mixin.py:190} INFO - [2025-02-23T00:15:18.887-0500] {dagbag.py:588} INFO - Filling up the DagBag from /home/rafaelrb/anaconda3/lib/python3.9/site-packages/airflow/example_dags/plugins/event_listener.py
[2025-02-23T00:15:18.892-0500] {processor.py:927} WARNING - No viable dags retrieved from /home/rafaelrb/anaconda3/lib/python3.9/site-packages/airflow/example_dags/plugins/event_listener.py
[2025-02-23T00:15:18.906-0500] {processor.py:208} INFO - Processing /home/rafaelrb/anaconda3/lib/python3.9/site-packages/airflow/example_dags/plugins/event_listener.py took 0.035 seconds
[2025-02-23T00:16:17.207-0500] {processor.py:186} INFO - Started process (PID=34869) to work on /home/rafaelrb/anaconda3/lib/python3.9/site-packages/airflow/example_dags/plugins/event_listener.py
[2025-02-23T00:16:17.215-0500] {processor.py:914} INFO - Processing file /home/rafaelrb/anaconda3/lib/python3.9/site-packages/airflow/example_dags/plugins/event_listener.py for tasks to queue
[2025-02-23T00:16:17.218-0500] {logging_mixin.py:190} INFO - [2025-02-23T00:16:17.217-0500] {dagbag.py:588} INFO - Filling up the DagBag from /home/rafaelrb/anaconda3/lib/python3.9/site-packages/airflow/example_dags/plugins/event_listener.py
[2025-02-23T00:16:17.221-0500] {processor.py:927} WARNING - No viable dags retrieved from /home/rafaelrb/anaconda3/lib/python3.9/site-packages/airflow/example_dags/plugins/event_listener.py
[2025-02-23T00:16:17.236-0500] {processor.py:208} INFO - Processing /home/rafaelrb/anaconda3/lib/python3.9/site-packages/airflow/example_dags/plugins/event_listener.py took 0.037 seconds
[2025-02-23T00:17:22.672-0500] {processor.py:186} INFO - Started process (PID=34940) to work on /home/rafaelrb/anaconda3/lib/python3.9/site-packages/airflow/example_dags/plugins/event_listener.py
[2025-02-23T00:17:22.678-0500] {processor.py:914} INFO - Processing file /home/rafaelrb/anaconda3/lib/python3.9/site-packages/airflow/example_dags/plugins/event_listener.py for tasks to queue
[2025-02-23T00:17:22.682-0500] {logging_mixin.py:190} INFO - [2025-02-23T00:17:22.681-0500] {dagbag.py:588} INFO - Filling up the DagBag from /home/rafaelrb/anaconda3/lib/python3.9/site-packages/airflow/example_dags/plugins/event_listener.py
[2025-02-23T00:17:22.686-0500] {processor.py:927} WARNING - No viable dags retrieved from /home/rafaelrb/anaconda3/lib/python3.9/site-packages/airflow/example_dags/plugins/event_listener.py
[2025-02-23T00:17:22.699-0500] {processor.py:208} INFO - Processing /home/rafaelrb/anaconda3/lib/python3.9/site-packages/airflow/example_dags/plugins/event_listener.py took 0.036 seconds
[2025-02-23T00:18:22.971-0500] {processor.py:186} INFO - Started process (PID=35014) to work on /home/rafaelrb/anaconda3/lib/python3.9/site-packages/airflow/example_dags/plugins/event_listener.py
[2025-02-23T00:18:22.973-0500] {processor.py:914} INFO - Processing file /home/rafaelrb/anaconda3/lib/python3.9/site-packages/airflow/example_dags/plugins/event_listener.py for tasks to queue
[2025-02-23T00:18:22.976-0500] {logging_mixin.py:190} INFO - [2025-02-23T00:18:22.976-0500] {dagbag.py:588} INFO - Filling up the DagBag from /home/rafaelrb/anaconda3/lib/python3.9/site-packages/airflow/example_dags/plugins/event_listener.py
[2025-02-23T00:18:22.980-0500] {processor.py:927} WARNING - No viable dags retrieved from /home/rafaelrb/anaconda3/lib/python3.9/site-packages/airflow/example_dags/plugins/event_listener.py
[2025-02-23T00:18:22.995-0500] {processor.py:208} INFO - Processing /home/rafaelrb/anaconda3/lib/python3.9/site-packages/airflow/example_dags/plugins/event_listener.py took 0.036 seconds
[2025-02-23T00:21:38.617-0500] {processor.py:186} INFO - Started process (PID=35153) to work on /home/rafaelrb/anaconda3/lib/python3.9/site-packages/airflow/example_dags/plugins/event_listener.py
[2025-02-23T00:21:38.624-0500] {processor.py:914} INFO - Processing file /home/rafaelrb/anaconda3/lib/python3.9/site-packages/airflow/example_dags/plugins/event_listener.py for tasks to queue
[2025-02-23T00:21:38.627-0500] {logging_mixin.py:190} INFO - [2025-02-23T00:21:38.626-0500] {dagbag.py:588} INFO - Filling up the DagBag from /home/rafaelrb/anaconda3/lib/python3.9/site-packages/airflow/example_dags/plugins/event_listener.py
[2025-02-23T00:21:38.631-0500] {processor.py:927} WARNING - No viable dags retrieved from /home/rafaelrb/anaconda3/lib/python3.9/site-packages/airflow/example_dags/plugins/event_listener.py
[2025-02-23T00:21:38.645-0500] {processor.py:208} INFO - Processing /home/rafaelrb/anaconda3/lib/python3.9/site-packages/airflow/example_dags/plugins/event_listener.py took 0.038 seconds
[2025-02-23T00:22:38.779-0500] {processor.py:186} INFO - Started process (PID=35221) to work on /home/rafaelrb/anaconda3/lib/python3.9/site-packages/airflow/example_dags/plugins/event_listener.py
[2025-02-23T00:22:38.780-0500] {processor.py:914} INFO - Processing file /home/rafaelrb/anaconda3/lib/python3.9/site-packages/airflow/example_dags/plugins/event_listener.py for tasks to queue
[2025-02-23T00:22:38.784-0500] {logging_mixin.py:190} INFO - [2025-02-23T00:22:38.783-0500] {dagbag.py:588} INFO - Filling up the DagBag from /home/rafaelrb/anaconda3/lib/python3.9/site-packages/airflow/example_dags/plugins/event_listener.py
[2025-02-23T00:22:38.789-0500] {processor.py:927} WARNING - No viable dags retrieved from /home/rafaelrb/anaconda3/lib/python3.9/site-packages/airflow/example_dags/plugins/event_listener.py
[2025-02-23T00:22:38.805-0500] {processor.py:208} INFO - Processing /home/rafaelrb/anaconda3/lib/python3.9/site-packages/airflow/example_dags/plugins/event_listener.py took 0.036 seconds
[2025-02-23T00:23:39.941-0500] {processor.py:186} INFO - Started process (PID=35286) to work on /home/rafaelrb/anaconda3/lib/python3.9/site-packages/airflow/example_dags/plugins/event_listener.py
[2025-02-23T00:23:39.942-0500] {processor.py:914} INFO - Processing file /home/rafaelrb/anaconda3/lib/python3.9/site-packages/airflow/example_dags/plugins/event_listener.py for tasks to queue
[2025-02-23T00:23:39.946-0500] {logging_mixin.py:190} INFO - [2025-02-23T00:23:39.945-0500] {dagbag.py:588} INFO - Filling up the DagBag from /home/rafaelrb/anaconda3/lib/python3.9/site-packages/airflow/example_dags/plugins/event_listener.py
[2025-02-23T00:23:39.950-0500] {processor.py:927} WARNING - No viable dags retrieved from /home/rafaelrb/anaconda3/lib/python3.9/site-packages/airflow/example_dags/plugins/event_listener.py
[2025-02-23T00:23:39.964-0500] {processor.py:208} INFO - Processing /home/rafaelrb/anaconda3/lib/python3.9/site-packages/airflow/example_dags/plugins/event_listener.py took 0.032 seconds
[2025-02-23T00:24:43.423-0500] {processor.py:186} INFO - Started process (PID=35364) to work on /home/rafaelrb/anaconda3/lib/python3.9/site-packages/airflow/example_dags/plugins/event_listener.py
[2025-02-23T00:24:43.430-0500] {processor.py:914} INFO - Processing file /home/rafaelrb/anaconda3/lib/python3.9/site-packages/airflow/example_dags/plugins/event_listener.py for tasks to queue
[2025-02-23T00:24:43.433-0500] {logging_mixin.py:190} INFO - [2025-02-23T00:24:43.432-0500] {dagbag.py:588} INFO - Filling up the DagBag from /home/rafaelrb/anaconda3/lib/python3.9/site-packages/airflow/example_dags/plugins/event_listener.py
[2025-02-23T00:24:43.436-0500] {processor.py:927} WARNING - No viable dags retrieved from /home/rafaelrb/anaconda3/lib/python3.9/site-packages/airflow/example_dags/plugins/event_listener.py
[2025-02-23T00:24:43.449-0500] {processor.py:208} INFO - Processing /home/rafaelrb/anaconda3/lib/python3.9/site-packages/airflow/example_dags/plugins/event_listener.py took 0.034 seconds
[2025-02-23T00:25:42.230-0500] {processor.py:186} INFO - Started process (PID=35431) to work on /home/rafaelrb/anaconda3/lib/python3.9/site-packages/airflow/example_dags/plugins/event_listener.py
[2025-02-23T00:25:42.232-0500] {processor.py:914} INFO - Processing file /home/rafaelrb/anaconda3/lib/python3.9/site-packages/airflow/example_dags/plugins/event_listener.py for tasks to queue
[2025-02-23T00:25:42.234-0500] {logging_mixin.py:190} INFO - [2025-02-23T00:25:42.234-0500] {dagbag.py:588} INFO - Filling up the DagBag from /home/rafaelrb/anaconda3/lib/python3.9/site-packages/airflow/example_dags/plugins/event_listener.py
[2025-02-23T00:25:42.238-0500] {processor.py:927} WARNING - No viable dags retrieved from /home/rafaelrb/anaconda3/lib/python3.9/site-packages/airflow/example_dags/plugins/event_listener.py
[2025-02-23T00:25:42.250-0500] {processor.py:208} INFO - Processing /home/rafaelrb/anaconda3/lib/python3.9/site-packages/airflow/example_dags/plugins/event_listener.py took 0.028 seconds
[2025-02-23T02:31:23.568-0500] {processor.py:186} INFO - Started process (PID=75887) to work on /home/rafaelrb/anaconda3/lib/python3.9/site-packages/airflow/example_dags/plugins/event_listener.py
[2025-02-23T02:31:23.571-0500] {processor.py:914} INFO - Processing file /home/rafaelrb/anaconda3/lib/python3.9/site-packages/airflow/example_dags/plugins/event_listener.py for tasks to queue
[2025-02-23T02:31:23.576-0500] {logging_mixin.py:190} INFO - [2025-02-23T02:31:23.574-0500] {dagbag.py:588} INFO - Filling up the DagBag from /home/rafaelrb/anaconda3/lib/python3.9/site-packages/airflow/example_dags/plugins/event_listener.py
[2025-02-23T02:31:23.580-0500] {processor.py:927} WARNING - No viable dags retrieved from /home/rafaelrb/anaconda3/lib/python3.9/site-packages/airflow/example_dags/plugins/event_listener.py
[2025-02-23T02:31:23.607-0500] {processor.py:208} INFO - Processing /home/rafaelrb/anaconda3/lib/python3.9/site-packages/airflow/example_dags/plugins/event_listener.py took 0.051 seconds
[2025-02-23T02:32:23.676-0500] {processor.py:186} INFO - Started process (PID=76347) to work on /home/rafaelrb/anaconda3/lib/python3.9/site-packages/airflow/example_dags/plugins/event_listener.py
[2025-02-23T02:32:23.678-0500] {processor.py:914} INFO - Processing file /home/rafaelrb/anaconda3/lib/python3.9/site-packages/airflow/example_dags/plugins/event_listener.py for tasks to queue
[2025-02-23T02:32:23.681-0500] {logging_mixin.py:190} INFO - [2025-02-23T02:32:23.681-0500] {dagbag.py:588} INFO - Filling up the DagBag from /home/rafaelrb/anaconda3/lib/python3.9/site-packages/airflow/example_dags/plugins/event_listener.py
[2025-02-23T02:32:23.687-0500] {processor.py:927} WARNING - No viable dags retrieved from /home/rafaelrb/anaconda3/lib/python3.9/site-packages/airflow/example_dags/plugins/event_listener.py
[2025-02-23T02:32:23.703-0500] {processor.py:208} INFO - Processing /home/rafaelrb/anaconda3/lib/python3.9/site-packages/airflow/example_dags/plugins/event_listener.py took 0.036 seconds
[2025-02-23T02:33:41.062-0500] {processor.py:186} INFO - Started process (PID=76753) to work on /home/rafaelrb/anaconda3/lib/python3.9/site-packages/airflow/example_dags/plugins/event_listener.py
[2025-02-23T02:33:41.064-0500] {processor.py:914} INFO - Processing file /home/rafaelrb/anaconda3/lib/python3.9/site-packages/airflow/example_dags/plugins/event_listener.py for tasks to queue
[2025-02-23T02:33:41.067-0500] {logging_mixin.py:190} INFO - [2025-02-23T02:33:41.066-0500] {dagbag.py:588} INFO - Filling up the DagBag from /home/rafaelrb/anaconda3/lib/python3.9/site-packages/airflow/example_dags/plugins/event_listener.py
[2025-02-23T02:33:41.070-0500] {processor.py:927} WARNING - No viable dags retrieved from /home/rafaelrb/anaconda3/lib/python3.9/site-packages/airflow/example_dags/plugins/event_listener.py
[2025-02-23T02:33:41.083-0500] {processor.py:208} INFO - Processing /home/rafaelrb/anaconda3/lib/python3.9/site-packages/airflow/example_dags/plugins/event_listener.py took 0.029 seconds
[2025-02-23T02:34:24.792-0500] {processor.py:186} INFO - Started process (PID=76965) to work on /home/rafaelrb/anaconda3/lib/python3.9/site-packages/airflow/example_dags/plugins/event_listener.py
[2025-02-23T02:34:24.794-0500] {processor.py:914} INFO - Processing file /home/rafaelrb/anaconda3/lib/python3.9/site-packages/airflow/example_dags/plugins/event_listener.py for tasks to queue
[2025-02-23T02:34:24.799-0500] {logging_mixin.py:190} INFO - [2025-02-23T02:34:24.798-0500] {dagbag.py:588} INFO - Filling up the DagBag from /home/rafaelrb/anaconda3/lib/python3.9/site-packages/airflow/example_dags/plugins/event_listener.py
[2025-02-23T02:34:24.804-0500] {processor.py:927} WARNING - No viable dags retrieved from /home/rafaelrb/anaconda3/lib/python3.9/site-packages/airflow/example_dags/plugins/event_listener.py
[2025-02-23T02:34:24.825-0500] {processor.py:208} INFO - Processing /home/rafaelrb/anaconda3/lib/python3.9/site-packages/airflow/example_dags/plugins/event_listener.py took 0.047 seconds
[2025-02-23T02:35:06.691-0500] {processor.py:186} INFO - Started process (PID=77088) to work on /home/rafaelrb/anaconda3/lib/python3.9/site-packages/airflow/example_dags/plugins/event_listener.py
[2025-02-23T02:35:06.718-0500] {processor.py:914} INFO - Processing file /home/rafaelrb/anaconda3/lib/python3.9/site-packages/airflow/example_dags/plugins/event_listener.py for tasks to queue
[2025-02-23T02:35:06.748-0500] {logging_mixin.py:190} INFO - [2025-02-23T02:35:06.743-0500] {dagbag.py:588} INFO - Filling up the DagBag from /home/rafaelrb/anaconda3/lib/python3.9/site-packages/airflow/example_dags/plugins/event_listener.py
[2025-02-23T02:35:06.760-0500] {processor.py:927} WARNING - No viable dags retrieved from /home/rafaelrb/anaconda3/lib/python3.9/site-packages/airflow/example_dags/plugins/event_listener.py
[2025-02-23T02:35:06.793-0500] {processor.py:208} INFO - Processing /home/rafaelrb/anaconda3/lib/python3.9/site-packages/airflow/example_dags/plugins/event_listener.py took 0.151 seconds
[2025-02-23T02:43:32.882-0500] {processor.py:186} INFO - Started process (PID=79110) to work on /home/rafaelrb/anaconda3/lib/python3.9/site-packages/airflow/example_dags/plugins/event_listener.py
[2025-02-23T02:43:32.884-0500] {processor.py:914} INFO - Processing file /home/rafaelrb/anaconda3/lib/python3.9/site-packages/airflow/example_dags/plugins/event_listener.py for tasks to queue
[2025-02-23T02:43:32.887-0500] {logging_mixin.py:190} INFO - [2025-02-23T02:43:32.886-0500] {dagbag.py:588} INFO - Filling up the DagBag from /home/rafaelrb/anaconda3/lib/python3.9/site-packages/airflow/example_dags/plugins/event_listener.py
[2025-02-23T02:43:32.890-0500] {processor.py:927} WARNING - No viable dags retrieved from /home/rafaelrb/anaconda3/lib/python3.9/site-packages/airflow/example_dags/plugins/event_listener.py
[2025-02-23T02:43:32.903-0500] {processor.py:208} INFO - Processing /home/rafaelrb/anaconda3/lib/python3.9/site-packages/airflow/example_dags/plugins/event_listener.py took 0.031 seconds
[2025-02-23T02:44:33.526-0500] {processor.py:186} INFO - Started process (PID=79313) to work on /home/rafaelrb/anaconda3/lib/python3.9/site-packages/airflow/example_dags/plugins/event_listener.py
[2025-02-23T02:44:33.533-0500] {processor.py:914} INFO - Processing file /home/rafaelrb/anaconda3/lib/python3.9/site-packages/airflow/example_dags/plugins/event_listener.py for tasks to queue
[2025-02-23T02:44:33.537-0500] {logging_mixin.py:190} INFO - [2025-02-23T02:44:33.536-0500] {dagbag.py:588} INFO - Filling up the DagBag from /home/rafaelrb/anaconda3/lib/python3.9/site-packages/airflow/example_dags/plugins/event_listener.py
[2025-02-23T02:44:33.540-0500] {processor.py:927} WARNING - No viable dags retrieved from /home/rafaelrb/anaconda3/lib/python3.9/site-packages/airflow/example_dags/plugins/event_listener.py
[2025-02-23T02:44:33.557-0500] {processor.py:208} INFO - Processing /home/rafaelrb/anaconda3/lib/python3.9/site-packages/airflow/example_dags/plugins/event_listener.py took 0.046 seconds
