[2025-02-22T23:43:15.155-0500] {processor.py:186} INFO - Started process (PID=26486) to work on /home/rafaelrb/anaconda3/lib/python3.9/site-packages/airflow/example_dags/plugins/listener_plugin.py
[2025-02-22T23:43:15.157-0500] {processor.py:914} INFO - Processing file /home/rafaelrb/anaconda3/lib/python3.9/site-packages/airflow/example_dags/plugins/listener_plugin.py for tasks to queue
[2025-02-22T23:43:15.159-0500] {logging_mixin.py:190} INFO - [2025-02-22T23:43:15.159-0500] {dagbag.py:588} INFO - Filling up the DagBag from /home/rafaelrb/anaconda3/lib/python3.9/site-packages/airflow/example_dags/plugins/listener_plugin.py
[2025-02-22T23:43:15.162-0500] {processor.py:927} WARNING - No viable dags retrieved from /home/rafaelrb/anaconda3/lib/python3.9/site-packages/airflow/example_dags/plugins/listener_plugin.py
[2025-02-22T23:43:15.178-0500] {processor.py:208} INFO - Processing /home/rafaelrb/anaconda3/lib/python3.9/site-packages/airflow/example_dags/plugins/listener_plugin.py took 0.032 seconds
[2025-02-22T23:44:23.736-0500] {processor.py:186} INFO - Started process (PID=27004) to work on /home/rafaelrb/anaconda3/lib/python3.9/site-packages/airflow/example_dags/plugins/listener_plugin.py
[2025-02-22T23:44:23.738-0500] {processor.py:914} INFO - Processing file /home/rafaelrb/anaconda3/lib/python3.9/site-packages/airflow/example_dags/plugins/listener_plugin.py for tasks to queue
[2025-02-22T23:44:23.741-0500] {logging_mixin.py:190} INFO - [2025-02-22T23:44:23.740-0500] {dagbag.py:588} INFO - Filling up the DagBag from /home/rafaelrb/anaconda3/lib/python3.9/site-packages/airflow/example_dags/plugins/listener_plugin.py
[2025-02-22T23:44:23.749-0500] {processor.py:927} WARNING - No viable dags retrieved from /home/rafaelrb/anaconda3/lib/python3.9/site-packages/airflow/example_dags/plugins/listener_plugin.py
[2025-02-22T23:44:23.770-0500] {processor.py:208} INFO - Processing /home/rafaelrb/anaconda3/lib/python3.9/site-packages/airflow/example_dags/plugins/listener_plugin.py took 0.048 seconds
[2025-02-22T23:45:02.195-0500] {processor.py:186} INFO - Started process (PID=27263) to work on /home/rafaelrb/anaconda3/lib/python3.9/site-packages/airflow/example_dags/plugins/listener_plugin.py
[2025-02-22T23:45:02.204-0500] {processor.py:914} INFO - Processing file /home/rafaelrb/anaconda3/lib/python3.9/site-packages/airflow/example_dags/plugins/listener_plugin.py for tasks to queue
[2025-02-22T23:45:02.214-0500] {logging_mixin.py:190} INFO - [2025-02-22T23:45:02.207-0500] {dagbag.py:588} INFO - Filling up the DagBag from /home/rafaelrb/anaconda3/lib/python3.9/site-packages/airflow/example_dags/plugins/listener_plugin.py
[2025-02-22T23:45:02.229-0500] {processor.py:927} WARNING - No viable dags retrieved from /home/rafaelrb/anaconda3/lib/python3.9/site-packages/airflow/example_dags/plugins/listener_plugin.py
[2025-02-22T23:45:02.251-0500] {processor.py:208} INFO - Processing /home/rafaelrb/anaconda3/lib/python3.9/site-packages/airflow/example_dags/plugins/listener_plugin.py took 0.075 seconds
[2025-02-22T23:48:59.134-0500] {processor.py:186} INFO - Started process (PID=27645) to work on /home/rafaelrb/anaconda3/lib/python3.9/site-packages/airflow/example_dags/plugins/listener_plugin.py
[2025-02-22T23:48:59.137-0500] {processor.py:914} INFO - Processing file /home/rafaelrb/anaconda3/lib/python3.9/site-packages/airflow/example_dags/plugins/listener_plugin.py for tasks to queue
[2025-02-22T23:48:59.140-0500] {logging_mixin.py:190} INFO - [2025-02-22T23:48:59.139-0500] {dagbag.py:588} INFO - Filling up the DagBag from /home/rafaelrb/anaconda3/lib/python3.9/site-packages/airflow/example_dags/plugins/listener_plugin.py
[2025-02-22T23:48:59.143-0500] {processor.py:927} WARNING - No viable dags retrieved from /home/rafaelrb/anaconda3/lib/python3.9/site-packages/airflow/example_dags/plugins/listener_plugin.py
[2025-02-22T23:48:59.160-0500] {processor.py:208} INFO - Processing /home/rafaelrb/anaconda3/lib/python3.9/site-packages/airflow/example_dags/plugins/listener_plugin.py took 0.036 seconds
[2025-02-22T23:50:02.284-0500] {processor.py:186} INFO - Started process (PID=28100) to work on /home/rafaelrb/anaconda3/lib/python3.9/site-packages/airflow/example_dags/plugins/listener_plugin.py
[2025-02-22T23:50:02.287-0500] {processor.py:914} INFO - Processing file /home/rafaelrb/anaconda3/lib/python3.9/site-packages/airflow/example_dags/plugins/listener_plugin.py for tasks to queue
[2025-02-22T23:50:02.290-0500] {logging_mixin.py:190} INFO - [2025-02-22T23:50:02.290-0500] {dagbag.py:588} INFO - Filling up the DagBag from /home/rafaelrb/anaconda3/lib/python3.9/site-packages/airflow/example_dags/plugins/listener_plugin.py
[2025-02-22T23:50:02.295-0500] {processor.py:927} WARNING - No viable dags retrieved from /home/rafaelrb/anaconda3/lib/python3.9/site-packages/airflow/example_dags/plugins/listener_plugin.py
[2025-02-22T23:50:02.309-0500] {processor.py:208} INFO - Processing /home/rafaelrb/anaconda3/lib/python3.9/site-packages/airflow/example_dags/plugins/listener_plugin.py took 0.035 seconds
[2025-02-22T23:50:58.798-0500] {processor.py:186} INFO - Started process (PID=28495) to work on /home/rafaelrb/anaconda3/lib/python3.9/site-packages/airflow/example_dags/plugins/listener_plugin.py
[2025-02-22T23:50:58.800-0500] {processor.py:914} INFO - Processing file /home/rafaelrb/anaconda3/lib/python3.9/site-packages/airflow/example_dags/plugins/listener_plugin.py for tasks to queue
[2025-02-22T23:50:58.805-0500] {logging_mixin.py:190} INFO - [2025-02-22T23:50:58.804-0500] {dagbag.py:588} INFO - Filling up the DagBag from /home/rafaelrb/anaconda3/lib/python3.9/site-packages/airflow/example_dags/plugins/listener_plugin.py
[2025-02-22T23:50:58.809-0500] {processor.py:927} WARNING - No viable dags retrieved from /home/rafaelrb/anaconda3/lib/python3.9/site-packages/airflow/example_dags/plugins/listener_plugin.py
[2025-02-22T23:50:58.825-0500] {processor.py:208} INFO - Processing /home/rafaelrb/anaconda3/lib/python3.9/site-packages/airflow/example_dags/plugins/listener_plugin.py took 0.035 seconds
[2025-02-22T23:51:56.551-0500] {processor.py:186} INFO - Started process (PID=28904) to work on /home/rafaelrb/anaconda3/lib/python3.9/site-packages/airflow/example_dags/plugins/listener_plugin.py
[2025-02-22T23:51:56.554-0500] {processor.py:914} INFO - Processing file /home/rafaelrb/anaconda3/lib/python3.9/site-packages/airflow/example_dags/plugins/listener_plugin.py for tasks to queue
[2025-02-22T23:51:56.560-0500] {logging_mixin.py:190} INFO - [2025-02-22T23:51:56.559-0500] {dagbag.py:588} INFO - Filling up the DagBag from /home/rafaelrb/anaconda3/lib/python3.9/site-packages/airflow/example_dags/plugins/listener_plugin.py
[2025-02-22T23:51:56.564-0500] {processor.py:927} WARNING - No viable dags retrieved from /home/rafaelrb/anaconda3/lib/python3.9/site-packages/airflow/example_dags/plugins/listener_plugin.py
[2025-02-22T23:51:56.581-0500] {processor.py:208} INFO - Processing /home/rafaelrb/anaconda3/lib/python3.9/site-packages/airflow/example_dags/plugins/listener_plugin.py took 0.042 seconds
[2025-02-22T23:52:59.474-0500] {processor.py:186} INFO - Started process (PID=29350) to work on /home/rafaelrb/anaconda3/lib/python3.9/site-packages/airflow/example_dags/plugins/listener_plugin.py
[2025-02-22T23:52:59.476-0500] {processor.py:914} INFO - Processing file /home/rafaelrb/anaconda3/lib/python3.9/site-packages/airflow/example_dags/plugins/listener_plugin.py for tasks to queue
[2025-02-22T23:52:59.480-0500] {logging_mixin.py:190} INFO - [2025-02-22T23:52:59.480-0500] {dagbag.py:588} INFO - Filling up the DagBag from /home/rafaelrb/anaconda3/lib/python3.9/site-packages/airflow/example_dags/plugins/listener_plugin.py
[2025-02-22T23:52:59.485-0500] {processor.py:927} WARNING - No viable dags retrieved from /home/rafaelrb/anaconda3/lib/python3.9/site-packages/airflow/example_dags/plugins/listener_plugin.py
[2025-02-22T23:52:59.499-0500] {processor.py:208} INFO - Processing /home/rafaelrb/anaconda3/lib/python3.9/site-packages/airflow/example_dags/plugins/listener_plugin.py took 0.035 seconds
[2025-02-22T23:53:32.627-0500] {processor.py:186} INFO - Started process (PID=29572) to work on /home/rafaelrb/anaconda3/lib/python3.9/site-packages/airflow/example_dags/plugins/listener_plugin.py
[2025-02-22T23:53:32.629-0500] {processor.py:914} INFO - Processing file /home/rafaelrb/anaconda3/lib/python3.9/site-packages/airflow/example_dags/plugins/listener_plugin.py for tasks to queue
[2025-02-22T23:53:32.641-0500] {logging_mixin.py:190} INFO - [2025-02-22T23:53:32.638-0500] {dagbag.py:588} INFO - Filling up the DagBag from /home/rafaelrb/anaconda3/lib/python3.9/site-packages/airflow/example_dags/plugins/listener_plugin.py
[2025-02-22T23:53:32.652-0500] {processor.py:927} WARNING - No viable dags retrieved from /home/rafaelrb/anaconda3/lib/python3.9/site-packages/airflow/example_dags/plugins/listener_plugin.py
[2025-02-22T23:53:32.690-0500] {processor.py:208} INFO - Processing /home/rafaelrb/anaconda3/lib/python3.9/site-packages/airflow/example_dags/plugins/listener_plugin.py took 0.085 seconds
[2025-02-22T23:54:37.190-0500] {processor.py:186} INFO - Started process (PID=30021) to work on /home/rafaelrb/anaconda3/lib/python3.9/site-packages/airflow/example_dags/plugins/listener_plugin.py
[2025-02-22T23:54:37.192-0500] {processor.py:914} INFO - Processing file /home/rafaelrb/anaconda3/lib/python3.9/site-packages/airflow/example_dags/plugins/listener_plugin.py for tasks to queue
[2025-02-22T23:54:37.195-0500] {logging_mixin.py:190} INFO - [2025-02-22T23:54:37.194-0500] {dagbag.py:588} INFO - Filling up the DagBag from /home/rafaelrb/anaconda3/lib/python3.9/site-packages/airflow/example_dags/plugins/listener_plugin.py
[2025-02-22T23:54:37.200-0500] {processor.py:927} WARNING - No viable dags retrieved from /home/rafaelrb/anaconda3/lib/python3.9/site-packages/airflow/example_dags/plugins/listener_plugin.py
[2025-02-22T23:54:37.220-0500] {processor.py:208} INFO - Processing /home/rafaelrb/anaconda3/lib/python3.9/site-packages/airflow/example_dags/plugins/listener_plugin.py took 0.040 seconds
[2025-02-22T23:57:48.541-0500] {processor.py:186} INFO - Started process (PID=30528) to work on /home/rafaelrb/anaconda3/lib/python3.9/site-packages/airflow/example_dags/plugins/listener_plugin.py
[2025-02-22T23:57:48.545-0500] {processor.py:914} INFO - Processing file /home/rafaelrb/anaconda3/lib/python3.9/site-packages/airflow/example_dags/plugins/listener_plugin.py for tasks to queue
[2025-02-22T23:57:48.550-0500] {logging_mixin.py:190} INFO - [2025-02-22T23:57:48.549-0500] {dagbag.py:588} INFO - Filling up the DagBag from /home/rafaelrb/anaconda3/lib/python3.9/site-packages/airflow/example_dags/plugins/listener_plugin.py
[2025-02-22T23:57:48.559-0500] {processor.py:927} WARNING - No viable dags retrieved from /home/rafaelrb/anaconda3/lib/python3.9/site-packages/airflow/example_dags/plugins/listener_plugin.py
[2025-02-22T23:57:48.574-0500] {processor.py:208} INFO - Processing /home/rafaelrb/anaconda3/lib/python3.9/site-packages/airflow/example_dags/plugins/listener_plugin.py took 0.047 seconds
[2025-02-22T23:58:35.845-0500] {processor.py:186} INFO - Started process (PID=30867) to work on /home/rafaelrb/anaconda3/lib/python3.9/site-packages/airflow/example_dags/plugins/listener_plugin.py
[2025-02-22T23:58:35.847-0500] {processor.py:914} INFO - Processing file /home/rafaelrb/anaconda3/lib/python3.9/site-packages/airflow/example_dags/plugins/listener_plugin.py for tasks to queue
[2025-02-22T23:58:35.850-0500] {logging_mixin.py:190} INFO - [2025-02-22T23:58:35.850-0500] {dagbag.py:588} INFO - Filling up the DagBag from /home/rafaelrb/anaconda3/lib/python3.9/site-packages/airflow/example_dags/plugins/listener_plugin.py
[2025-02-22T23:58:35.855-0500] {processor.py:927} WARNING - No viable dags retrieved from /home/rafaelrb/anaconda3/lib/python3.9/site-packages/airflow/example_dags/plugins/listener_plugin.py
[2025-02-22T23:58:35.874-0500] {processor.py:208} INFO - Processing /home/rafaelrb/anaconda3/lib/python3.9/site-packages/airflow/example_dags/plugins/listener_plugin.py took 0.039 seconds
[2025-02-22T23:59:42.028-0500] {processor.py:186} INFO - Started process (PID=31313) to work on /home/rafaelrb/anaconda3/lib/python3.9/site-packages/airflow/example_dags/plugins/listener_plugin.py
[2025-02-22T23:59:42.063-0500] {processor.py:914} INFO - Processing file /home/rafaelrb/anaconda3/lib/python3.9/site-packages/airflow/example_dags/plugins/listener_plugin.py for tasks to queue
[2025-02-22T23:59:42.068-0500] {logging_mixin.py:190} INFO - [2025-02-22T23:59:42.067-0500] {dagbag.py:588} INFO - Filling up the DagBag from /home/rafaelrb/anaconda3/lib/python3.9/site-packages/airflow/example_dags/plugins/listener_plugin.py
[2025-02-22T23:59:42.100-0500] {processor.py:927} WARNING - No viable dags retrieved from /home/rafaelrb/anaconda3/lib/python3.9/site-packages/airflow/example_dags/plugins/listener_plugin.py
[2025-02-22T23:59:42.153-0500] {processor.py:208} INFO - Processing /home/rafaelrb/anaconda3/lib/python3.9/site-packages/airflow/example_dags/plugins/listener_plugin.py took 0.165 seconds
[2025-02-23T00:00:24.196-0500] {processor.py:186} INFO - Started process (PID=31566) to work on /home/rafaelrb/anaconda3/lib/python3.9/site-packages/airflow/example_dags/plugins/listener_plugin.py
[2025-02-23T00:00:24.198-0500] {processor.py:914} INFO - Processing file /home/rafaelrb/anaconda3/lib/python3.9/site-packages/airflow/example_dags/plugins/listener_plugin.py for tasks to queue
[2025-02-23T00:00:24.202-0500] {logging_mixin.py:190} INFO - [2025-02-23T00:00:24.201-0500] {dagbag.py:588} INFO - Filling up the DagBag from /home/rafaelrb/anaconda3/lib/python3.9/site-packages/airflow/example_dags/plugins/listener_plugin.py
[2025-02-23T00:00:24.210-0500] {processor.py:927} WARNING - No viable dags retrieved from /home/rafaelrb/anaconda3/lib/python3.9/site-packages/airflow/example_dags/plugins/listener_plugin.py
[2025-02-23T00:00:24.228-0500] {processor.py:208} INFO - Processing /home/rafaelrb/anaconda3/lib/python3.9/site-packages/airflow/example_dags/plugins/listener_plugin.py took 0.043 seconds
[2025-02-23T00:01:03.472-0500] {processor.py:186} INFO - Started process (PID=31860) to work on /home/rafaelrb/anaconda3/lib/python3.9/site-packages/airflow/example_dags/plugins/listener_plugin.py
[2025-02-23T00:01:03.531-0500] {processor.py:914} INFO - Processing file /home/rafaelrb/anaconda3/lib/python3.9/site-packages/airflow/example_dags/plugins/listener_plugin.py for tasks to queue
[2025-02-23T00:01:03.537-0500] {logging_mixin.py:190} INFO - [2025-02-23T00:01:03.535-0500] {dagbag.py:588} INFO - Filling up the DagBag from /home/rafaelrb/anaconda3/lib/python3.9/site-packages/airflow/example_dags/plugins/listener_plugin.py
[2025-02-23T00:01:03.590-0500] {processor.py:927} WARNING - No viable dags retrieved from /home/rafaelrb/anaconda3/lib/python3.9/site-packages/airflow/example_dags/plugins/listener_plugin.py
[2025-02-23T00:01:03.631-0500] {processor.py:208} INFO - Processing /home/rafaelrb/anaconda3/lib/python3.9/site-packages/airflow/example_dags/plugins/listener_plugin.py took 0.177 seconds
[2025-02-23T00:02:02.591-0500] {processor.py:186} INFO - Started process (PID=32283) to work on /home/rafaelrb/anaconda3/lib/python3.9/site-packages/airflow/example_dags/plugins/listener_plugin.py
[2025-02-23T00:02:02.593-0500] {processor.py:914} INFO - Processing file /home/rafaelrb/anaconda3/lib/python3.9/site-packages/airflow/example_dags/plugins/listener_plugin.py for tasks to queue
[2025-02-23T00:02:02.600-0500] {logging_mixin.py:190} INFO - [2025-02-23T00:02:02.599-0500] {dagbag.py:588} INFO - Filling up the DagBag from /home/rafaelrb/anaconda3/lib/python3.9/site-packages/airflow/example_dags/plugins/listener_plugin.py
[2025-02-23T00:02:02.607-0500] {processor.py:927} WARNING - No viable dags retrieved from /home/rafaelrb/anaconda3/lib/python3.9/site-packages/airflow/example_dags/plugins/listener_plugin.py
[2025-02-23T00:02:02.640-0500] {processor.py:208} INFO - Processing /home/rafaelrb/anaconda3/lib/python3.9/site-packages/airflow/example_dags/plugins/listener_plugin.py took 0.070 seconds
[2025-02-23T00:10:59.562-0500] {processor.py:186} INFO - Started process (PID=34388) to work on /home/rafaelrb/anaconda3/lib/python3.9/site-packages/airflow/example_dags/plugins/listener_plugin.py
[2025-02-23T00:10:59.571-0500] {processor.py:914} INFO - Processing file /home/rafaelrb/anaconda3/lib/python3.9/site-packages/airflow/example_dags/plugins/listener_plugin.py for tasks to queue
[2025-02-23T00:10:59.574-0500] {logging_mixin.py:190} INFO - [2025-02-23T00:10:59.573-0500] {dagbag.py:588} INFO - Filling up the DagBag from /home/rafaelrb/anaconda3/lib/python3.9/site-packages/airflow/example_dags/plugins/listener_plugin.py
[2025-02-23T00:10:59.577-0500] {processor.py:927} WARNING - No viable dags retrieved from /home/rafaelrb/anaconda3/lib/python3.9/site-packages/airflow/example_dags/plugins/listener_plugin.py
[2025-02-23T00:10:59.589-0500] {processor.py:208} INFO - Processing /home/rafaelrb/anaconda3/lib/python3.9/site-packages/airflow/example_dags/plugins/listener_plugin.py took 0.035 seconds
[2025-02-23T00:11:59.594-0500] {processor.py:186} INFO - Started process (PID=34486) to work on /home/rafaelrb/anaconda3/lib/python3.9/site-packages/airflow/example_dags/plugins/listener_plugin.py
[2025-02-23T00:11:59.596-0500] {processor.py:914} INFO - Processing file /home/rafaelrb/anaconda3/lib/python3.9/site-packages/airflow/example_dags/plugins/listener_plugin.py for tasks to queue
[2025-02-23T00:11:59.601-0500] {logging_mixin.py:190} INFO - [2025-02-23T00:11:59.600-0500] {dagbag.py:588} INFO - Filling up the DagBag from /home/rafaelrb/anaconda3/lib/python3.9/site-packages/airflow/example_dags/plugins/listener_plugin.py
[2025-02-23T00:11:59.605-0500] {processor.py:927} WARNING - No viable dags retrieved from /home/rafaelrb/anaconda3/lib/python3.9/site-packages/airflow/example_dags/plugins/listener_plugin.py
[2025-02-23T00:11:59.620-0500] {processor.py:208} INFO - Processing /home/rafaelrb/anaconda3/lib/python3.9/site-packages/airflow/example_dags/plugins/listener_plugin.py took 0.039 seconds
[2025-02-23T00:13:14.699-0500] {processor.py:186} INFO - Started process (PID=34601) to work on /home/rafaelrb/anaconda3/lib/python3.9/site-packages/airflow/example_dags/plugins/listener_plugin.py
[2025-02-23T00:13:14.702-0500] {processor.py:914} INFO - Processing file /home/rafaelrb/anaconda3/lib/python3.9/site-packages/airflow/example_dags/plugins/listener_plugin.py for tasks to queue
[2025-02-23T00:13:14.705-0500] {logging_mixin.py:190} INFO - [2025-02-23T00:13:14.705-0500] {dagbag.py:588} INFO - Filling up the DagBag from /home/rafaelrb/anaconda3/lib/python3.9/site-packages/airflow/example_dags/plugins/listener_plugin.py
[2025-02-23T00:13:14.709-0500] {processor.py:927} WARNING - No viable dags retrieved from /home/rafaelrb/anaconda3/lib/python3.9/site-packages/airflow/example_dags/plugins/listener_plugin.py
[2025-02-23T00:13:14.723-0500] {processor.py:208} INFO - Processing /home/rafaelrb/anaconda3/lib/python3.9/site-packages/airflow/example_dags/plugins/listener_plugin.py took 0.033 seconds
[2025-02-23T00:14:11.922-0500] {processor.py:186} INFO - Started process (PID=34674) to work on /home/rafaelrb/anaconda3/lib/python3.9/site-packages/airflow/example_dags/plugins/listener_plugin.py
[2025-02-23T00:14:11.923-0500] {processor.py:914} INFO - Processing file /home/rafaelrb/anaconda3/lib/python3.9/site-packages/airflow/example_dags/plugins/listener_plugin.py for tasks to queue
[2025-02-23T00:14:11.926-0500] {logging_mixin.py:190} INFO - [2025-02-23T00:14:11.926-0500] {dagbag.py:588} INFO - Filling up the DagBag from /home/rafaelrb/anaconda3/lib/python3.9/site-packages/airflow/example_dags/plugins/listener_plugin.py
[2025-02-23T00:14:11.930-0500] {processor.py:927} WARNING - No viable dags retrieved from /home/rafaelrb/anaconda3/lib/python3.9/site-packages/airflow/example_dags/plugins/listener_plugin.py
[2025-02-23T00:14:11.943-0500] {processor.py:208} INFO - Processing /home/rafaelrb/anaconda3/lib/python3.9/site-packages/airflow/example_dags/plugins/listener_plugin.py took 0.031 seconds
[2025-02-23T00:15:22.378-0500] {processor.py:186} INFO - Started process (PID=34756) to work on /home/rafaelrb/anaconda3/lib/python3.9/site-packages/airflow/example_dags/plugins/listener_plugin.py
[2025-02-23T00:15:22.380-0500] {processor.py:914} INFO - Processing file /home/rafaelrb/anaconda3/lib/python3.9/site-packages/airflow/example_dags/plugins/listener_plugin.py for tasks to queue
[2025-02-23T00:15:22.382-0500] {logging_mixin.py:190} INFO - [2025-02-23T00:15:22.382-0500] {dagbag.py:588} INFO - Filling up the DagBag from /home/rafaelrb/anaconda3/lib/python3.9/site-packages/airflow/example_dags/plugins/listener_plugin.py
[2025-02-23T00:15:22.386-0500] {processor.py:927} WARNING - No viable dags retrieved from /home/rafaelrb/anaconda3/lib/python3.9/site-packages/airflow/example_dags/plugins/listener_plugin.py
[2025-02-23T00:15:22.399-0500] {processor.py:208} INFO - Processing /home/rafaelrb/anaconda3/lib/python3.9/site-packages/airflow/example_dags/plugins/listener_plugin.py took 0.031 seconds
[2025-02-23T00:16:20.718-0500] {processor.py:186} INFO - Started process (PID=34872) to work on /home/rafaelrb/anaconda3/lib/python3.9/site-packages/airflow/example_dags/plugins/listener_plugin.py
[2025-02-23T00:16:20.720-0500] {processor.py:914} INFO - Processing file /home/rafaelrb/anaconda3/lib/python3.9/site-packages/airflow/example_dags/plugins/listener_plugin.py for tasks to queue
[2025-02-23T00:16:20.723-0500] {logging_mixin.py:190} INFO - [2025-02-23T00:16:20.722-0500] {dagbag.py:588} INFO - Filling up the DagBag from /home/rafaelrb/anaconda3/lib/python3.9/site-packages/airflow/example_dags/plugins/listener_plugin.py
[2025-02-23T00:16:20.730-0500] {processor.py:927} WARNING - No viable dags retrieved from /home/rafaelrb/anaconda3/lib/python3.9/site-packages/airflow/example_dags/plugins/listener_plugin.py
[2025-02-23T00:16:20.748-0500] {processor.py:208} INFO - Processing /home/rafaelrb/anaconda3/lib/python3.9/site-packages/airflow/example_dags/plugins/listener_plugin.py took 0.044 seconds
[2025-02-23T00:17:25.468-0500] {processor.py:186} INFO - Started process (PID=34943) to work on /home/rafaelrb/anaconda3/lib/python3.9/site-packages/airflow/example_dags/plugins/listener_plugin.py
[2025-02-23T00:17:25.469-0500] {processor.py:914} INFO - Processing file /home/rafaelrb/anaconda3/lib/python3.9/site-packages/airflow/example_dags/plugins/listener_plugin.py for tasks to queue
[2025-02-23T00:17:25.473-0500] {logging_mixin.py:190} INFO - [2025-02-23T00:17:25.472-0500] {dagbag.py:588} INFO - Filling up the DagBag from /home/rafaelrb/anaconda3/lib/python3.9/site-packages/airflow/example_dags/plugins/listener_plugin.py
[2025-02-23T00:17:25.479-0500] {processor.py:927} WARNING - No viable dags retrieved from /home/rafaelrb/anaconda3/lib/python3.9/site-packages/airflow/example_dags/plugins/listener_plugin.py
[2025-02-23T00:17:25.493-0500] {processor.py:208} INFO - Processing /home/rafaelrb/anaconda3/lib/python3.9/site-packages/airflow/example_dags/plugins/listener_plugin.py took 0.034 seconds
[2025-02-23T00:18:26.436-0500] {processor.py:186} INFO - Started process (PID=35017) to work on /home/rafaelrb/anaconda3/lib/python3.9/site-packages/airflow/example_dags/plugins/listener_plugin.py
[2025-02-23T00:18:26.442-0500] {processor.py:914} INFO - Processing file /home/rafaelrb/anaconda3/lib/python3.9/site-packages/airflow/example_dags/plugins/listener_plugin.py for tasks to queue
[2025-02-23T00:18:26.445-0500] {logging_mixin.py:190} INFO - [2025-02-23T00:18:26.445-0500] {dagbag.py:588} INFO - Filling up the DagBag from /home/rafaelrb/anaconda3/lib/python3.9/site-packages/airflow/example_dags/plugins/listener_plugin.py
[2025-02-23T00:18:26.448-0500] {processor.py:927} WARNING - No viable dags retrieved from /home/rafaelrb/anaconda3/lib/python3.9/site-packages/airflow/example_dags/plugins/listener_plugin.py
[2025-02-23T00:18:26.461-0500] {processor.py:208} INFO - Processing /home/rafaelrb/anaconda3/lib/python3.9/site-packages/airflow/example_dags/plugins/listener_plugin.py took 0.033 seconds
[2025-02-23T00:21:42.093-0500] {processor.py:186} INFO - Started process (PID=35156) to work on /home/rafaelrb/anaconda3/lib/python3.9/site-packages/airflow/example_dags/plugins/listener_plugin.py
[2025-02-23T00:21:42.101-0500] {processor.py:914} INFO - Processing file /home/rafaelrb/anaconda3/lib/python3.9/site-packages/airflow/example_dags/plugins/listener_plugin.py for tasks to queue
[2025-02-23T00:21:42.104-0500] {logging_mixin.py:190} INFO - [2025-02-23T00:21:42.104-0500] {dagbag.py:588} INFO - Filling up the DagBag from /home/rafaelrb/anaconda3/lib/python3.9/site-packages/airflow/example_dags/plugins/listener_plugin.py
[2025-02-23T00:21:42.107-0500] {processor.py:927} WARNING - No viable dags retrieved from /home/rafaelrb/anaconda3/lib/python3.9/site-packages/airflow/example_dags/plugins/listener_plugin.py
[2025-02-23T00:21:42.120-0500] {processor.py:208} INFO - Processing /home/rafaelrb/anaconda3/lib/python3.9/site-packages/airflow/example_dags/plugins/listener_plugin.py took 0.035 seconds
[2025-02-23T00:22:41.634-0500] {processor.py:186} INFO - Started process (PID=35224) to work on /home/rafaelrb/anaconda3/lib/python3.9/site-packages/airflow/example_dags/plugins/listener_plugin.py
[2025-02-23T00:22:41.644-0500] {processor.py:914} INFO - Processing file /home/rafaelrb/anaconda3/lib/python3.9/site-packages/airflow/example_dags/plugins/listener_plugin.py for tasks to queue
[2025-02-23T00:22:41.649-0500] {logging_mixin.py:190} INFO - [2025-02-23T00:22:41.648-0500] {dagbag.py:588} INFO - Filling up the DagBag from /home/rafaelrb/anaconda3/lib/python3.9/site-packages/airflow/example_dags/plugins/listener_plugin.py
[2025-02-23T00:22:41.657-0500] {processor.py:927} WARNING - No viable dags retrieved from /home/rafaelrb/anaconda3/lib/python3.9/site-packages/airflow/example_dags/plugins/listener_plugin.py
[2025-02-23T00:22:41.679-0500] {processor.py:208} INFO - Processing /home/rafaelrb/anaconda3/lib/python3.9/site-packages/airflow/example_dags/plugins/listener_plugin.py took 0.058 seconds
[2025-02-23T00:23:43.423-0500] {processor.py:186} INFO - Started process (PID=35289) to work on /home/rafaelrb/anaconda3/lib/python3.9/site-packages/airflow/example_dags/plugins/listener_plugin.py
[2025-02-23T00:23:43.430-0500] {processor.py:914} INFO - Processing file /home/rafaelrb/anaconda3/lib/python3.9/site-packages/airflow/example_dags/plugins/listener_plugin.py for tasks to queue
[2025-02-23T00:23:43.434-0500] {logging_mixin.py:190} INFO - [2025-02-23T00:23:43.433-0500] {dagbag.py:588} INFO - Filling up the DagBag from /home/rafaelrb/anaconda3/lib/python3.9/site-packages/airflow/example_dags/plugins/listener_plugin.py
[2025-02-23T00:23:43.437-0500] {processor.py:927} WARNING - No viable dags retrieved from /home/rafaelrb/anaconda3/lib/python3.9/site-packages/airflow/example_dags/plugins/listener_plugin.py
[2025-02-23T00:23:43.451-0500] {processor.py:208} INFO - Processing /home/rafaelrb/anaconda3/lib/python3.9/site-packages/airflow/example_dags/plugins/listener_plugin.py took 0.037 seconds
[2025-02-23T00:24:46.269-0500] {processor.py:186} INFO - Started process (PID=35367) to work on /home/rafaelrb/anaconda3/lib/python3.9/site-packages/airflow/example_dags/plugins/listener_plugin.py
[2025-02-23T00:24:46.276-0500] {processor.py:914} INFO - Processing file /home/rafaelrb/anaconda3/lib/python3.9/site-packages/airflow/example_dags/plugins/listener_plugin.py for tasks to queue
[2025-02-23T00:24:46.280-0500] {logging_mixin.py:190} INFO - [2025-02-23T00:24:46.280-0500] {dagbag.py:588} INFO - Filling up the DagBag from /home/rafaelrb/anaconda3/lib/python3.9/site-packages/airflow/example_dags/plugins/listener_plugin.py
[2025-02-23T00:24:46.284-0500] {processor.py:927} WARNING - No viable dags retrieved from /home/rafaelrb/anaconda3/lib/python3.9/site-packages/airflow/example_dags/plugins/listener_plugin.py
[2025-02-23T00:24:46.300-0500] {processor.py:208} INFO - Processing /home/rafaelrb/anaconda3/lib/python3.9/site-packages/airflow/example_dags/plugins/listener_plugin.py took 0.043 seconds
[2025-02-23T00:25:45.717-0500] {processor.py:186} INFO - Started process (PID=35434) to work on /home/rafaelrb/anaconda3/lib/python3.9/site-packages/airflow/example_dags/plugins/listener_plugin.py
[2025-02-23T00:25:45.724-0500] {processor.py:914} INFO - Processing file /home/rafaelrb/anaconda3/lib/python3.9/site-packages/airflow/example_dags/plugins/listener_plugin.py for tasks to queue
[2025-02-23T00:25:45.728-0500] {logging_mixin.py:190} INFO - [2025-02-23T00:25:45.727-0500] {dagbag.py:588} INFO - Filling up the DagBag from /home/rafaelrb/anaconda3/lib/python3.9/site-packages/airflow/example_dags/plugins/listener_plugin.py
[2025-02-23T00:25:45.731-0500] {processor.py:927} WARNING - No viable dags retrieved from /home/rafaelrb/anaconda3/lib/python3.9/site-packages/airflow/example_dags/plugins/listener_plugin.py
[2025-02-23T00:25:45.744-0500] {processor.py:208} INFO - Processing /home/rafaelrb/anaconda3/lib/python3.9/site-packages/airflow/example_dags/plugins/listener_plugin.py took 0.036 seconds
[2025-02-23T02:31:26.400-0500] {processor.py:186} INFO - Started process (PID=75912) to work on /home/rafaelrb/anaconda3/lib/python3.9/site-packages/airflow/example_dags/plugins/listener_plugin.py
[2025-02-23T02:31:26.403-0500] {processor.py:914} INFO - Processing file /home/rafaelrb/anaconda3/lib/python3.9/site-packages/airflow/example_dags/plugins/listener_plugin.py for tasks to queue
[2025-02-23T02:31:26.407-0500] {logging_mixin.py:190} INFO - [2025-02-23T02:31:26.407-0500] {dagbag.py:588} INFO - Filling up the DagBag from /home/rafaelrb/anaconda3/lib/python3.9/site-packages/airflow/example_dags/plugins/listener_plugin.py
[2025-02-23T02:31:26.413-0500] {processor.py:927} WARNING - No viable dags retrieved from /home/rafaelrb/anaconda3/lib/python3.9/site-packages/airflow/example_dags/plugins/listener_plugin.py
[2025-02-23T02:31:26.436-0500] {processor.py:208} INFO - Processing /home/rafaelrb/anaconda3/lib/python3.9/site-packages/airflow/example_dags/plugins/listener_plugin.py took 0.053 seconds
[2025-02-23T02:32:27.173-0500] {processor.py:186} INFO - Started process (PID=76365) to work on /home/rafaelrb/anaconda3/lib/python3.9/site-packages/airflow/example_dags/plugins/listener_plugin.py
[2025-02-23T02:32:27.175-0500] {processor.py:914} INFO - Processing file /home/rafaelrb/anaconda3/lib/python3.9/site-packages/airflow/example_dags/plugins/listener_plugin.py for tasks to queue
[2025-02-23T02:32:27.177-0500] {logging_mixin.py:190} INFO - [2025-02-23T02:32:27.177-0500] {dagbag.py:588} INFO - Filling up the DagBag from /home/rafaelrb/anaconda3/lib/python3.9/site-packages/airflow/example_dags/plugins/listener_plugin.py
[2025-02-23T02:32:27.180-0500] {processor.py:927} WARNING - No viable dags retrieved from /home/rafaelrb/anaconda3/lib/python3.9/site-packages/airflow/example_dags/plugins/listener_plugin.py
[2025-02-23T02:32:27.194-0500] {processor.py:208} INFO - Processing /home/rafaelrb/anaconda3/lib/python3.9/site-packages/airflow/example_dags/plugins/listener_plugin.py took 0.030 seconds
[2025-02-23T02:33:43.874-0500] {processor.py:186} INFO - Started process (PID=76759) to work on /home/rafaelrb/anaconda3/lib/python3.9/site-packages/airflow/example_dags/plugins/listener_plugin.py
[2025-02-23T02:33:43.876-0500] {processor.py:914} INFO - Processing file /home/rafaelrb/anaconda3/lib/python3.9/site-packages/airflow/example_dags/plugins/listener_plugin.py for tasks to queue
[2025-02-23T02:33:43.880-0500] {logging_mixin.py:190} INFO - [2025-02-23T02:33:43.879-0500] {dagbag.py:588} INFO - Filling up the DagBag from /home/rafaelrb/anaconda3/lib/python3.9/site-packages/airflow/example_dags/plugins/listener_plugin.py
[2025-02-23T02:33:43.884-0500] {processor.py:927} WARNING - No viable dags retrieved from /home/rafaelrb/anaconda3/lib/python3.9/site-packages/airflow/example_dags/plugins/listener_plugin.py
[2025-02-23T02:33:43.897-0500] {processor.py:208} INFO - Processing /home/rafaelrb/anaconda3/lib/python3.9/site-packages/airflow/example_dags/plugins/listener_plugin.py took 0.034 seconds
[2025-02-23T02:34:28.339-0500] {processor.py:186} INFO - Started process (PID=76974) to work on /home/rafaelrb/anaconda3/lib/python3.9/site-packages/airflow/example_dags/plugins/listener_plugin.py
[2025-02-23T02:34:28.342-0500] {processor.py:914} INFO - Processing file /home/rafaelrb/anaconda3/lib/python3.9/site-packages/airflow/example_dags/plugins/listener_plugin.py for tasks to queue
[2025-02-23T02:34:28.346-0500] {logging_mixin.py:190} INFO - [2025-02-23T02:34:28.345-0500] {dagbag.py:588} INFO - Filling up the DagBag from /home/rafaelrb/anaconda3/lib/python3.9/site-packages/airflow/example_dags/plugins/listener_plugin.py
[2025-02-23T02:34:28.350-0500] {processor.py:927} WARNING - No viable dags retrieved from /home/rafaelrb/anaconda3/lib/python3.9/site-packages/airflow/example_dags/plugins/listener_plugin.py
[2025-02-23T02:34:28.369-0500] {processor.py:208} INFO - Processing /home/rafaelrb/anaconda3/lib/python3.9/site-packages/airflow/example_dags/plugins/listener_plugin.py took 0.041 seconds
[2025-02-23T02:43:34.293-0500] {processor.py:186} INFO - Started process (PID=79118) to work on /home/rafaelrb/anaconda3/lib/python3.9/site-packages/airflow/example_dags/plugins/listener_plugin.py
[2025-02-23T02:43:34.295-0500] {processor.py:914} INFO - Processing file /home/rafaelrb/anaconda3/lib/python3.9/site-packages/airflow/example_dags/plugins/listener_plugin.py for tasks to queue
[2025-02-23T02:43:34.298-0500] {logging_mixin.py:190} INFO - [2025-02-23T02:43:34.297-0500] {dagbag.py:588} INFO - Filling up the DagBag from /home/rafaelrb/anaconda3/lib/python3.9/site-packages/airflow/example_dags/plugins/listener_plugin.py
[2025-02-23T02:43:34.301-0500] {processor.py:927} WARNING - No viable dags retrieved from /home/rafaelrb/anaconda3/lib/python3.9/site-packages/airflow/example_dags/plugins/listener_plugin.py
[2025-02-23T02:43:34.316-0500] {processor.py:208} INFO - Processing /home/rafaelrb/anaconda3/lib/python3.9/site-packages/airflow/example_dags/plugins/listener_plugin.py took 0.032 seconds
[2025-02-23T02:44:35.672-0500] {processor.py:186} INFO - Started process (PID=79321) to work on /home/rafaelrb/anaconda3/lib/python3.9/site-packages/airflow/example_dags/plugins/listener_plugin.py
[2025-02-23T02:44:35.679-0500] {processor.py:914} INFO - Processing file /home/rafaelrb/anaconda3/lib/python3.9/site-packages/airflow/example_dags/plugins/listener_plugin.py for tasks to queue
[2025-02-23T02:44:35.687-0500] {logging_mixin.py:190} INFO - [2025-02-23T02:44:35.686-0500] {dagbag.py:588} INFO - Filling up the DagBag from /home/rafaelrb/anaconda3/lib/python3.9/site-packages/airflow/example_dags/plugins/listener_plugin.py
[2025-02-23T02:44:35.694-0500] {processor.py:927} WARNING - No viable dags retrieved from /home/rafaelrb/anaconda3/lib/python3.9/site-packages/airflow/example_dags/plugins/listener_plugin.py
[2025-02-23T02:44:35.719-0500] {processor.py:208} INFO - Processing /home/rafaelrb/anaconda3/lib/python3.9/site-packages/airflow/example_dags/plugins/listener_plugin.py took 0.062 seconds
