[2025-02-22T23:43:26.813-0500] {processor.py:186} INFO - Started process (PID=26590) to work on /home/rafaelrb/anaconda3/lib/python3.9/site-packages/airflow/example_dags/example_dynamic_task_mapping_with_no_taskflow_operators.py
[2025-02-22T23:43:26.816-0500] {processor.py:914} INFO - Processing file /home/rafaelrb/anaconda3/lib/python3.9/site-packages/airflow/example_dags/example_dynamic_task_mapping_with_no_taskflow_operators.py for tasks to queue
[2025-02-22T23:43:26.820-0500] {logging_mixin.py:190} INFO - [2025-02-22T23:43:26.819-0500] {dagbag.py:588} INFO - Filling up the DagBag from /home/rafaelrb/anaconda3/lib/python3.9/site-packages/airflow/example_dags/example_dynamic_task_mapping_with_no_taskflow_operators.py
[2025-02-22T23:43:26.837-0500] {processor.py:925} INFO - DAG(s) 'example_dynamic_task_mapping_with_no_taskflow_operators' retrieved from /home/rafaelrb/anaconda3/lib/python3.9/site-packages/airflow/example_dags/example_dynamic_task_mapping_with_no_taskflow_operators.py
[2025-02-22T23:43:27.036-0500] {logging_mixin.py:190} INFO - [2025-02-22T23:43:27.035-0500] {override.py:1930} INFO - Created Permission View: can read on DAG:example_dynamic_task_mapping_with_no_taskflow_operators
[2025-02-22T23:43:27.061-0500] {logging_mixin.py:190} INFO - [2025-02-22T23:43:27.060-0500] {override.py:1930} INFO - Created Permission View: can delete on DAG:example_dynamic_task_mapping_with_no_taskflow_operators
[2025-02-22T23:43:27.079-0500] {logging_mixin.py:190} INFO - [2025-02-22T23:43:27.078-0500] {override.py:1930} INFO - Created Permission View: can edit on DAG:example_dynamic_task_mapping_with_no_taskflow_operators
[2025-02-22T23:43:27.110-0500] {logging_mixin.py:190} INFO - [2025-02-22T23:43:27.110-0500] {override.py:1930} INFO - Created Permission View: can read on DAG Run:example_dynamic_task_mapping_with_no_taskflow_operators
[2025-02-22T23:43:27.125-0500] {logging_mixin.py:190} INFO - [2025-02-22T23:43:27.124-0500] {override.py:1930} INFO - Created Permission View: can create on DAG Run:example_dynamic_task_mapping_with_no_taskflow_operators
[2025-02-22T23:43:27.142-0500] {logging_mixin.py:190} INFO - [2025-02-22T23:43:27.142-0500] {override.py:1930} INFO - Created Permission View: menu access on DAG Run:example_dynamic_task_mapping_with_no_taskflow_operators
[2025-02-22T23:43:27.160-0500] {logging_mixin.py:190} INFO - [2025-02-22T23:43:27.159-0500] {override.py:1930} INFO - Created Permission View: can delete on DAG Run:example_dynamic_task_mapping_with_no_taskflow_operators
[2025-02-22T23:43:27.160-0500] {logging_mixin.py:190} INFO - [2025-02-22T23:43:27.160-0500] {dag.py:3239} INFO - Sync 1 DAGs
[2025-02-22T23:43:27.182-0500] {logging_mixin.py:190} INFO - [2025-02-22T23:43:27.182-0500] {dag.py:3262} INFO - Creating ORM DAG for example_dynamic_task_mapping_with_no_taskflow_operators
[2025-02-22T23:43:27.183-0500] {logging_mixin.py:190} INFO - [2025-02-22T23:43:27.183-0500] {dag.py:4180} INFO - Setting next_dagrun for example_dynamic_task_mapping_with_no_taskflow_operators to None, run_after=None
[2025-02-22T23:43:27.233-0500] {processor.py:208} INFO - Processing /home/rafaelrb/anaconda3/lib/python3.9/site-packages/airflow/example_dags/example_dynamic_task_mapping_with_no_taskflow_operators.py took 0.430 seconds
[2025-02-22T23:44:37.025-0500] {processor.py:186} INFO - Started process (PID=27088) to work on /home/rafaelrb/anaconda3/lib/python3.9/site-packages/airflow/example_dags/example_dynamic_task_mapping_with_no_taskflow_operators.py
[2025-02-22T23:44:37.027-0500] {processor.py:914} INFO - Processing file /home/rafaelrb/anaconda3/lib/python3.9/site-packages/airflow/example_dags/example_dynamic_task_mapping_with_no_taskflow_operators.py for tasks to queue
[2025-02-22T23:44:37.031-0500] {logging_mixin.py:190} INFO - [2025-02-22T23:44:37.030-0500] {dagbag.py:588} INFO - Filling up the DagBag from /home/rafaelrb/anaconda3/lib/python3.9/site-packages/airflow/example_dags/example_dynamic_task_mapping_with_no_taskflow_operators.py
[2025-02-22T23:44:37.047-0500] {processor.py:925} INFO - DAG(s) 'example_dynamic_task_mapping_with_no_taskflow_operators' retrieved from /home/rafaelrb/anaconda3/lib/python3.9/site-packages/airflow/example_dags/example_dynamic_task_mapping_with_no_taskflow_operators.py
[2025-02-22T23:44:37.075-0500] {logging_mixin.py:190} INFO - [2025-02-22T23:44:37.074-0500] {dag.py:3239} INFO - Sync 1 DAGs
[2025-02-22T23:44:37.093-0500] {logging_mixin.py:190} INFO - [2025-02-22T23:44:37.093-0500] {dag.py:4180} INFO - Setting next_dagrun for example_dynamic_task_mapping_with_no_taskflow_operators to None, run_after=None
[2025-02-22T23:44:37.137-0500] {processor.py:208} INFO - Processing /home/rafaelrb/anaconda3/lib/python3.9/site-packages/airflow/example_dags/example_dynamic_task_mapping_with_no_taskflow_operators.py took 0.121 seconds
[2025-02-22T23:49:11.186-0500] {processor.py:186} INFO - Started process (PID=27719) to work on /home/rafaelrb/anaconda3/lib/python3.9/site-packages/airflow/example_dags/example_dynamic_task_mapping_with_no_taskflow_operators.py
[2025-02-22T23:49:11.189-0500] {processor.py:914} INFO - Processing file /home/rafaelrb/anaconda3/lib/python3.9/site-packages/airflow/example_dags/example_dynamic_task_mapping_with_no_taskflow_operators.py for tasks to queue
[2025-02-22T23:49:11.192-0500] {logging_mixin.py:190} INFO - [2025-02-22T23:49:11.191-0500] {dagbag.py:588} INFO - Filling up the DagBag from /home/rafaelrb/anaconda3/lib/python3.9/site-packages/airflow/example_dags/example_dynamic_task_mapping_with_no_taskflow_operators.py
[2025-02-22T23:49:11.211-0500] {processor.py:925} INFO - DAG(s) 'example_dynamic_task_mapping_with_no_taskflow_operators' retrieved from /home/rafaelrb/anaconda3/lib/python3.9/site-packages/airflow/example_dags/example_dynamic_task_mapping_with_no_taskflow_operators.py
[2025-02-22T23:49:11.239-0500] {logging_mixin.py:190} INFO - [2025-02-22T23:49:11.239-0500] {dag.py:3239} INFO - Sync 1 DAGs
[2025-02-22T23:49:11.266-0500] {logging_mixin.py:190} INFO - [2025-02-22T23:49:11.266-0500] {dag.py:4180} INFO - Setting next_dagrun for example_dynamic_task_mapping_with_no_taskflow_operators to None, run_after=None
[2025-02-22T23:49:11.332-0500] {processor.py:208} INFO - Processing /home/rafaelrb/anaconda3/lib/python3.9/site-packages/airflow/example_dags/example_dynamic_task_mapping_with_no_taskflow_operators.py took 0.157 seconds
[2025-02-22T23:50:14.244-0500] {processor.py:186} INFO - Started process (PID=28148) to work on /home/rafaelrb/anaconda3/lib/python3.9/site-packages/airflow/example_dags/example_dynamic_task_mapping_with_no_taskflow_operators.py
[2025-02-22T23:50:14.247-0500] {processor.py:914} INFO - Processing file /home/rafaelrb/anaconda3/lib/python3.9/site-packages/airflow/example_dags/example_dynamic_task_mapping_with_no_taskflow_operators.py for tasks to queue
[2025-02-22T23:50:14.251-0500] {logging_mixin.py:190} INFO - [2025-02-22T23:50:14.250-0500] {dagbag.py:588} INFO - Filling up the DagBag from /home/rafaelrb/anaconda3/lib/python3.9/site-packages/airflow/example_dags/example_dynamic_task_mapping_with_no_taskflow_operators.py
[2025-02-22T23:50:14.263-0500] {processor.py:925} INFO - DAG(s) 'example_dynamic_task_mapping_with_no_taskflow_operators' retrieved from /home/rafaelrb/anaconda3/lib/python3.9/site-packages/airflow/example_dags/example_dynamic_task_mapping_with_no_taskflow_operators.py
[2025-02-22T23:50:14.280-0500] {logging_mixin.py:190} INFO - [2025-02-22T23:50:14.280-0500] {dag.py:3239} INFO - Sync 1 DAGs
[2025-02-22T23:50:14.296-0500] {logging_mixin.py:190} INFO - [2025-02-22T23:50:14.295-0500] {dag.py:4180} INFO - Setting next_dagrun for example_dynamic_task_mapping_with_no_taskflow_operators to None, run_after=None
[2025-02-22T23:50:14.340-0500] {processor.py:208} INFO - Processing /home/rafaelrb/anaconda3/lib/python3.9/site-packages/airflow/example_dags/example_dynamic_task_mapping_with_no_taskflow_operators.py took 0.106 seconds
[2025-02-22T23:51:10.930-0500] {processor.py:186} INFO - Started process (PID=28587) to work on /home/rafaelrb/anaconda3/lib/python3.9/site-packages/airflow/example_dags/example_dynamic_task_mapping_with_no_taskflow_operators.py
[2025-02-22T23:51:10.934-0500] {processor.py:914} INFO - Processing file /home/rafaelrb/anaconda3/lib/python3.9/site-packages/airflow/example_dags/example_dynamic_task_mapping_with_no_taskflow_operators.py for tasks to queue
[2025-02-22T23:51:10.940-0500] {logging_mixin.py:190} INFO - [2025-02-22T23:51:10.939-0500] {dagbag.py:588} INFO - Filling up the DagBag from /home/rafaelrb/anaconda3/lib/python3.9/site-packages/airflow/example_dags/example_dynamic_task_mapping_with_no_taskflow_operators.py
[2025-02-22T23:51:10.963-0500] {processor.py:925} INFO - DAG(s) 'example_dynamic_task_mapping_with_no_taskflow_operators' retrieved from /home/rafaelrb/anaconda3/lib/python3.9/site-packages/airflow/example_dags/example_dynamic_task_mapping_with_no_taskflow_operators.py
[2025-02-22T23:51:11.018-0500] {logging_mixin.py:190} INFO - [2025-02-22T23:51:11.014-0500] {dag.py:3239} INFO - Sync 1 DAGs
[2025-02-22T23:51:11.043-0500] {logging_mixin.py:190} INFO - [2025-02-22T23:51:11.043-0500] {dag.py:4180} INFO - Setting next_dagrun for example_dynamic_task_mapping_with_no_taskflow_operators to None, run_after=None
[2025-02-22T23:51:11.090-0500] {processor.py:208} INFO - Processing /home/rafaelrb/anaconda3/lib/python3.9/site-packages/airflow/example_dags/example_dynamic_task_mapping_with_no_taskflow_operators.py took 0.175 seconds
[2025-02-22T23:52:09.103-0500] {processor.py:186} INFO - Started process (PID=28980) to work on /home/rafaelrb/anaconda3/lib/python3.9/site-packages/airflow/example_dags/example_dynamic_task_mapping_with_no_taskflow_operators.py
[2025-02-22T23:52:09.105-0500] {processor.py:914} INFO - Processing file /home/rafaelrb/anaconda3/lib/python3.9/site-packages/airflow/example_dags/example_dynamic_task_mapping_with_no_taskflow_operators.py for tasks to queue
[2025-02-22T23:52:09.108-0500] {logging_mixin.py:190} INFO - [2025-02-22T23:52:09.107-0500] {dagbag.py:588} INFO - Filling up the DagBag from /home/rafaelrb/anaconda3/lib/python3.9/site-packages/airflow/example_dags/example_dynamic_task_mapping_with_no_taskflow_operators.py
[2025-02-22T23:52:09.119-0500] {processor.py:925} INFO - DAG(s) 'example_dynamic_task_mapping_with_no_taskflow_operators' retrieved from /home/rafaelrb/anaconda3/lib/python3.9/site-packages/airflow/example_dags/example_dynamic_task_mapping_with_no_taskflow_operators.py
[2025-02-22T23:52:09.137-0500] {logging_mixin.py:190} INFO - [2025-02-22T23:52:09.137-0500] {dag.py:3239} INFO - Sync 1 DAGs
[2025-02-22T23:52:09.152-0500] {logging_mixin.py:190} INFO - [2025-02-22T23:52:09.152-0500] {dag.py:4180} INFO - Setting next_dagrun for example_dynamic_task_mapping_with_no_taskflow_operators to None, run_after=None
[2025-02-22T23:52:09.180-0500] {processor.py:208} INFO - Processing /home/rafaelrb/anaconda3/lib/python3.9/site-packages/airflow/example_dags/example_dynamic_task_mapping_with_no_taskflow_operators.py took 0.085 seconds
[2025-02-22T23:53:44.563-0500] {processor.py:186} INFO - Started process (PID=29651) to work on /home/rafaelrb/anaconda3/lib/python3.9/site-packages/airflow/example_dags/example_dynamic_task_mapping_with_no_taskflow_operators.py
[2025-02-22T23:53:44.569-0500] {processor.py:914} INFO - Processing file /home/rafaelrb/anaconda3/lib/python3.9/site-packages/airflow/example_dags/example_dynamic_task_mapping_with_no_taskflow_operators.py for tasks to queue
[2025-02-22T23:53:44.578-0500] {logging_mixin.py:190} INFO - [2025-02-22T23:53:44.578-0500] {dagbag.py:588} INFO - Filling up the DagBag from /home/rafaelrb/anaconda3/lib/python3.9/site-packages/airflow/example_dags/example_dynamic_task_mapping_with_no_taskflow_operators.py
[2025-02-22T23:53:44.594-0500] {processor.py:925} INFO - DAG(s) 'example_dynamic_task_mapping_with_no_taskflow_operators' retrieved from /home/rafaelrb/anaconda3/lib/python3.9/site-packages/airflow/example_dags/example_dynamic_task_mapping_with_no_taskflow_operators.py
[2025-02-22T23:53:44.627-0500] {logging_mixin.py:190} INFO - [2025-02-22T23:53:44.627-0500] {dag.py:3239} INFO - Sync 1 DAGs
[2025-02-22T23:53:44.648-0500] {logging_mixin.py:190} INFO - [2025-02-22T23:53:44.648-0500] {dag.py:4180} INFO - Setting next_dagrun for example_dynamic_task_mapping_with_no_taskflow_operators to None, run_after=None
[2025-02-22T23:53:44.694-0500] {processor.py:208} INFO - Processing /home/rafaelrb/anaconda3/lib/python3.9/site-packages/airflow/example_dags/example_dynamic_task_mapping_with_no_taskflow_operators.py took 0.143 seconds
[2025-02-22T23:54:51.347-0500] {processor.py:186} INFO - Started process (PID=30118) to work on /home/rafaelrb/anaconda3/lib/python3.9/site-packages/airflow/example_dags/example_dynamic_task_mapping_with_no_taskflow_operators.py
[2025-02-22T23:54:51.349-0500] {processor.py:914} INFO - Processing file /home/rafaelrb/anaconda3/lib/python3.9/site-packages/airflow/example_dags/example_dynamic_task_mapping_with_no_taskflow_operators.py for tasks to queue
[2025-02-22T23:54:51.352-0500] {logging_mixin.py:190} INFO - [2025-02-22T23:54:51.352-0500] {dagbag.py:588} INFO - Filling up the DagBag from /home/rafaelrb/anaconda3/lib/python3.9/site-packages/airflow/example_dags/example_dynamic_task_mapping_with_no_taskflow_operators.py
[2025-02-22T23:54:51.366-0500] {processor.py:925} INFO - DAG(s) 'example_dynamic_task_mapping_with_no_taskflow_operators' retrieved from /home/rafaelrb/anaconda3/lib/python3.9/site-packages/airflow/example_dags/example_dynamic_task_mapping_with_no_taskflow_operators.py
[2025-02-22T23:54:51.390-0500] {logging_mixin.py:190} INFO - [2025-02-22T23:54:51.390-0500] {dag.py:3239} INFO - Sync 1 DAGs
[2025-02-22T23:54:51.409-0500] {logging_mixin.py:190} INFO - [2025-02-22T23:54:51.409-0500] {dag.py:4180} INFO - Setting next_dagrun for example_dynamic_task_mapping_with_no_taskflow_operators to None, run_after=None
[2025-02-22T23:54:51.446-0500] {processor.py:208} INFO - Processing /home/rafaelrb/anaconda3/lib/python3.9/site-packages/airflow/example_dags/example_dynamic_task_mapping_with_no_taskflow_operators.py took 0.107 seconds
[2025-02-22T23:58:02.859-0500] {processor.py:186} INFO - Started process (PID=30655) to work on /home/rafaelrb/anaconda3/lib/python3.9/site-packages/airflow/example_dags/example_dynamic_task_mapping_with_no_taskflow_operators.py
[2025-02-22T23:58:02.861-0500] {processor.py:914} INFO - Processing file /home/rafaelrb/anaconda3/lib/python3.9/site-packages/airflow/example_dags/example_dynamic_task_mapping_with_no_taskflow_operators.py for tasks to queue
[2025-02-22T23:58:02.864-0500] {logging_mixin.py:190} INFO - [2025-02-22T23:58:02.864-0500] {dagbag.py:588} INFO - Filling up the DagBag from /home/rafaelrb/anaconda3/lib/python3.9/site-packages/airflow/example_dags/example_dynamic_task_mapping_with_no_taskflow_operators.py
[2025-02-22T23:58:02.895-0500] {processor.py:925} INFO - DAG(s) 'example_dynamic_task_mapping_with_no_taskflow_operators' retrieved from /home/rafaelrb/anaconda3/lib/python3.9/site-packages/airflow/example_dags/example_dynamic_task_mapping_with_no_taskflow_operators.py
[2025-02-22T23:58:02.924-0500] {logging_mixin.py:190} INFO - [2025-02-22T23:58:02.924-0500] {dag.py:3239} INFO - Sync 1 DAGs
[2025-02-22T23:58:02.945-0500] {logging_mixin.py:190} INFO - [2025-02-22T23:58:02.945-0500] {dag.py:4180} INFO - Setting next_dagrun for example_dynamic_task_mapping_with_no_taskflow_operators to None, run_after=None
[2025-02-22T23:58:02.984-0500] {processor.py:208} INFO - Processing /home/rafaelrb/anaconda3/lib/python3.9/site-packages/airflow/example_dags/example_dynamic_task_mapping_with_no_taskflow_operators.py took 0.135 seconds
[2025-02-22T23:59:07.514-0500] {processor.py:186} INFO - Started process (PID=31086) to work on /home/rafaelrb/anaconda3/lib/python3.9/site-packages/airflow/example_dags/example_dynamic_task_mapping_with_no_taskflow_operators.py
[2025-02-22T23:59:07.516-0500] {processor.py:914} INFO - Processing file /home/rafaelrb/anaconda3/lib/python3.9/site-packages/airflow/example_dags/example_dynamic_task_mapping_with_no_taskflow_operators.py for tasks to queue
[2025-02-22T23:59:07.519-0500] {logging_mixin.py:190} INFO - [2025-02-22T23:59:07.518-0500] {dagbag.py:588} INFO - Filling up the DagBag from /home/rafaelrb/anaconda3/lib/python3.9/site-packages/airflow/example_dags/example_dynamic_task_mapping_with_no_taskflow_operators.py
[2025-02-22T23:59:07.548-0500] {processor.py:925} INFO - DAG(s) 'example_dynamic_task_mapping_with_no_taskflow_operators' retrieved from /home/rafaelrb/anaconda3/lib/python3.9/site-packages/airflow/example_dags/example_dynamic_task_mapping_with_no_taskflow_operators.py
[2025-02-22T23:59:07.598-0500] {logging_mixin.py:190} INFO - [2025-02-22T23:59:07.598-0500] {dag.py:3239} INFO - Sync 1 DAGs
[2025-02-22T23:59:07.653-0500] {logging_mixin.py:190} INFO - [2025-02-22T23:59:07.652-0500] {dag.py:4180} INFO - Setting next_dagrun for example_dynamic_task_mapping_with_no_taskflow_operators to None, run_after=None
[2025-02-22T23:59:07.693-0500] {processor.py:208} INFO - Processing /home/rafaelrb/anaconda3/lib/python3.9/site-packages/airflow/example_dags/example_dynamic_task_mapping_with_no_taskflow_operators.py took 0.192 seconds
[2025-02-23T00:00:30.464-0500] {processor.py:186} INFO - Started process (PID=31643) to work on /home/rafaelrb/anaconda3/lib/python3.9/site-packages/airflow/example_dags/example_dynamic_task_mapping_with_no_taskflow_operators.py
[2025-02-23T00:00:30.466-0500] {processor.py:914} INFO - Processing file /home/rafaelrb/anaconda3/lib/python3.9/site-packages/airflow/example_dags/example_dynamic_task_mapping_with_no_taskflow_operators.py for tasks to queue
[2025-02-23T00:00:30.469-0500] {logging_mixin.py:190} INFO - [2025-02-23T00:00:30.469-0500] {dagbag.py:588} INFO - Filling up the DagBag from /home/rafaelrb/anaconda3/lib/python3.9/site-packages/airflow/example_dags/example_dynamic_task_mapping_with_no_taskflow_operators.py
[2025-02-23T00:00:30.482-0500] {processor.py:925} INFO - DAG(s) 'example_dynamic_task_mapping_with_no_taskflow_operators' retrieved from /home/rafaelrb/anaconda3/lib/python3.9/site-packages/airflow/example_dags/example_dynamic_task_mapping_with_no_taskflow_operators.py
[2025-02-23T00:00:30.501-0500] {logging_mixin.py:190} INFO - [2025-02-23T00:00:30.501-0500] {dag.py:3239} INFO - Sync 1 DAGs
[2025-02-23T00:00:30.518-0500] {logging_mixin.py:190} INFO - [2025-02-23T00:00:30.518-0500] {dag.py:4180} INFO - Setting next_dagrun for example_dynamic_task_mapping_with_no_taskflow_operators to None, run_after=None
[2025-02-23T00:00:30.572-0500] {processor.py:208} INFO - Processing /home/rafaelrb/anaconda3/lib/python3.9/site-packages/airflow/example_dags/example_dynamic_task_mapping_with_no_taskflow_operators.py took 0.117 seconds
[2025-02-23T00:01:33.674-0500] {processor.py:186} INFO - Started process (PID=32091) to work on /home/rafaelrb/anaconda3/lib/python3.9/site-packages/airflow/example_dags/example_dynamic_task_mapping_with_no_taskflow_operators.py
[2025-02-23T00:01:33.677-0500] {processor.py:914} INFO - Processing file /home/rafaelrb/anaconda3/lib/python3.9/site-packages/airflow/example_dags/example_dynamic_task_mapping_with_no_taskflow_operators.py for tasks to queue
[2025-02-23T00:01:33.681-0500] {logging_mixin.py:190} INFO - [2025-02-23T00:01:33.680-0500] {dagbag.py:588} INFO - Filling up the DagBag from /home/rafaelrb/anaconda3/lib/python3.9/site-packages/airflow/example_dags/example_dynamic_task_mapping_with_no_taskflow_operators.py
[2025-02-23T00:01:33.709-0500] {processor.py:925} INFO - DAG(s) 'example_dynamic_task_mapping_with_no_taskflow_operators' retrieved from /home/rafaelrb/anaconda3/lib/python3.9/site-packages/airflow/example_dags/example_dynamic_task_mapping_with_no_taskflow_operators.py
[2025-02-23T00:01:33.735-0500] {logging_mixin.py:190} INFO - [2025-02-23T00:01:33.735-0500] {dag.py:3239} INFO - Sync 1 DAGs
[2025-02-23T00:01:33.758-0500] {logging_mixin.py:190} INFO - [2025-02-23T00:01:33.758-0500] {dag.py:4180} INFO - Setting next_dagrun for example_dynamic_task_mapping_with_no_taskflow_operators to None, run_after=None
[2025-02-23T00:01:33.789-0500] {processor.py:208} INFO - Processing /home/rafaelrb/anaconda3/lib/python3.9/site-packages/airflow/example_dags/example_dynamic_task_mapping_with_no_taskflow_operators.py took 0.123 seconds
[2025-02-23T00:11:11.285-0500] {processor.py:186} INFO - Started process (PID=34412) to work on /home/rafaelrb/anaconda3/lib/python3.9/site-packages/airflow/example_dags/example_dynamic_task_mapping_with_no_taskflow_operators.py
[2025-02-23T00:11:11.293-0500] {processor.py:914} INFO - Processing file /home/rafaelrb/anaconda3/lib/python3.9/site-packages/airflow/example_dags/example_dynamic_task_mapping_with_no_taskflow_operators.py for tasks to queue
[2025-02-23T00:11:11.295-0500] {logging_mixin.py:190} INFO - [2025-02-23T00:11:11.295-0500] {dagbag.py:588} INFO - Filling up the DagBag from /home/rafaelrb/anaconda3/lib/python3.9/site-packages/airflow/example_dags/example_dynamic_task_mapping_with_no_taskflow_operators.py
[2025-02-23T00:11:11.308-0500] {processor.py:925} INFO - DAG(s) 'example_dynamic_task_mapping_with_no_taskflow_operators' retrieved from /home/rafaelrb/anaconda3/lib/python3.9/site-packages/airflow/example_dags/example_dynamic_task_mapping_with_no_taskflow_operators.py
[2025-02-23T00:11:11.336-0500] {logging_mixin.py:190} INFO - [2025-02-23T00:11:11.336-0500] {dag.py:3239} INFO - Sync 1 DAGs
[2025-02-23T00:11:11.352-0500] {logging_mixin.py:190} INFO - [2025-02-23T00:11:11.352-0500] {dag.py:4180} INFO - Setting next_dagrun for example_dynamic_task_mapping_with_no_taskflow_operators to None, run_after=None
[2025-02-23T00:11:11.392-0500] {processor.py:208} INFO - Processing /home/rafaelrb/anaconda3/lib/python3.9/site-packages/airflow/example_dags/example_dynamic_task_mapping_with_no_taskflow_operators.py took 0.115 seconds
[2025-02-23T00:12:12.730-0500] {processor.py:186} INFO - Started process (PID=34506) to work on /home/rafaelrb/anaconda3/lib/python3.9/site-packages/airflow/example_dags/example_dynamic_task_mapping_with_no_taskflow_operators.py
[2025-02-23T00:12:12.734-0500] {processor.py:914} INFO - Processing file /home/rafaelrb/anaconda3/lib/python3.9/site-packages/airflow/example_dags/example_dynamic_task_mapping_with_no_taskflow_operators.py for tasks to queue
[2025-02-23T00:12:12.739-0500] {logging_mixin.py:190} INFO - [2025-02-23T00:12:12.738-0500] {dagbag.py:588} INFO - Filling up the DagBag from /home/rafaelrb/anaconda3/lib/python3.9/site-packages/airflow/example_dags/example_dynamic_task_mapping_with_no_taskflow_operators.py
[2025-02-23T00:12:12.764-0500] {processor.py:925} INFO - DAG(s) 'example_dynamic_task_mapping_with_no_taskflow_operators' retrieved from /home/rafaelrb/anaconda3/lib/python3.9/site-packages/airflow/example_dags/example_dynamic_task_mapping_with_no_taskflow_operators.py
[2025-02-23T00:12:12.801-0500] {logging_mixin.py:190} INFO - [2025-02-23T00:12:12.801-0500] {dag.py:3239} INFO - Sync 1 DAGs
[2025-02-23T00:12:12.830-0500] {logging_mixin.py:190} INFO - [2025-02-23T00:12:12.830-0500] {dag.py:4180} INFO - Setting next_dagrun for example_dynamic_task_mapping_with_no_taskflow_operators to None, run_after=None
[2025-02-23T00:12:12.896-0500] {processor.py:208} INFO - Processing /home/rafaelrb/anaconda3/lib/python3.9/site-packages/airflow/example_dags/example_dynamic_task_mapping_with_no_taskflow_operators.py took 0.188 seconds
[2025-02-23T00:13:26.243-0500] {processor.py:186} INFO - Started process (PID=34613) to work on /home/rafaelrb/anaconda3/lib/python3.9/site-packages/airflow/example_dags/example_dynamic_task_mapping_with_no_taskflow_operators.py
[2025-02-23T00:13:26.250-0500] {processor.py:914} INFO - Processing file /home/rafaelrb/anaconda3/lib/python3.9/site-packages/airflow/example_dags/example_dynamic_task_mapping_with_no_taskflow_operators.py for tasks to queue
[2025-02-23T00:13:26.253-0500] {logging_mixin.py:190} INFO - [2025-02-23T00:13:26.253-0500] {dagbag.py:588} INFO - Filling up the DagBag from /home/rafaelrb/anaconda3/lib/python3.9/site-packages/airflow/example_dags/example_dynamic_task_mapping_with_no_taskflow_operators.py
[2025-02-23T00:13:26.264-0500] {processor.py:925} INFO - DAG(s) 'example_dynamic_task_mapping_with_no_taskflow_operators' retrieved from /home/rafaelrb/anaconda3/lib/python3.9/site-packages/airflow/example_dags/example_dynamic_task_mapping_with_no_taskflow_operators.py
[2025-02-23T00:13:26.286-0500] {logging_mixin.py:190} INFO - [2025-02-23T00:13:26.286-0500] {dag.py:3239} INFO - Sync 1 DAGs
[2025-02-23T00:13:26.304-0500] {logging_mixin.py:190} INFO - [2025-02-23T00:13:26.304-0500] {dag.py:4180} INFO - Setting next_dagrun for example_dynamic_task_mapping_with_no_taskflow_operators to None, run_after=None
[2025-02-23T00:13:26.335-0500] {processor.py:208} INFO - Processing /home/rafaelrb/anaconda3/lib/python3.9/site-packages/airflow/example_dags/example_dynamic_task_mapping_with_no_taskflow_operators.py took 0.101 seconds
[2025-02-23T00:14:23.800-0500] {processor.py:186} INFO - Started process (PID=34688) to work on /home/rafaelrb/anaconda3/lib/python3.9/site-packages/airflow/example_dags/example_dynamic_task_mapping_with_no_taskflow_operators.py
[2025-02-23T00:14:23.802-0500] {processor.py:914} INFO - Processing file /home/rafaelrb/anaconda3/lib/python3.9/site-packages/airflow/example_dags/example_dynamic_task_mapping_with_no_taskflow_operators.py for tasks to queue
[2025-02-23T00:14:23.805-0500] {logging_mixin.py:190} INFO - [2025-02-23T00:14:23.804-0500] {dagbag.py:588} INFO - Filling up the DagBag from /home/rafaelrb/anaconda3/lib/python3.9/site-packages/airflow/example_dags/example_dynamic_task_mapping_with_no_taskflow_operators.py
[2025-02-23T00:14:23.815-0500] {processor.py:925} INFO - DAG(s) 'example_dynamic_task_mapping_with_no_taskflow_operators' retrieved from /home/rafaelrb/anaconda3/lib/python3.9/site-packages/airflow/example_dags/example_dynamic_task_mapping_with_no_taskflow_operators.py
[2025-02-23T00:14:23.835-0500] {logging_mixin.py:190} INFO - [2025-02-23T00:14:23.834-0500] {dag.py:3239} INFO - Sync 1 DAGs
[2025-02-23T00:14:23.850-0500] {logging_mixin.py:190} INFO - [2025-02-23T00:14:23.850-0500] {dag.py:4180} INFO - Setting next_dagrun for example_dynamic_task_mapping_with_no_taskflow_operators to None, run_after=None
[2025-02-23T00:14:23.882-0500] {processor.py:208} INFO - Processing /home/rafaelrb/anaconda3/lib/python3.9/site-packages/airflow/example_dags/example_dynamic_task_mapping_with_no_taskflow_operators.py took 0.090 seconds
[2025-02-23T00:15:34.035-0500] {processor.py:186} INFO - Started process (PID=34784) to work on /home/rafaelrb/anaconda3/lib/python3.9/site-packages/airflow/example_dags/example_dynamic_task_mapping_with_no_taskflow_operators.py
[2025-02-23T00:15:34.036-0500] {processor.py:914} INFO - Processing file /home/rafaelrb/anaconda3/lib/python3.9/site-packages/airflow/example_dags/example_dynamic_task_mapping_with_no_taskflow_operators.py for tasks to queue
[2025-02-23T00:15:34.039-0500] {logging_mixin.py:190} INFO - [2025-02-23T00:15:34.038-0500] {dagbag.py:588} INFO - Filling up the DagBag from /home/rafaelrb/anaconda3/lib/python3.9/site-packages/airflow/example_dags/example_dynamic_task_mapping_with_no_taskflow_operators.py
[2025-02-23T00:15:34.049-0500] {processor.py:925} INFO - DAG(s) 'example_dynamic_task_mapping_with_no_taskflow_operators' retrieved from /home/rafaelrb/anaconda3/lib/python3.9/site-packages/airflow/example_dags/example_dynamic_task_mapping_with_no_taskflow_operators.py
[2025-02-23T00:15:34.082-0500] {logging_mixin.py:190} INFO - [2025-02-23T00:15:34.082-0500] {dag.py:3239} INFO - Sync 1 DAGs
[2025-02-23T00:15:34.103-0500] {logging_mixin.py:190} INFO - [2025-02-23T00:15:34.103-0500] {dag.py:4180} INFO - Setting next_dagrun for example_dynamic_task_mapping_with_no_taskflow_operators to None, run_after=None
[2025-02-23T00:15:34.134-0500] {processor.py:208} INFO - Processing /home/rafaelrb/anaconda3/lib/python3.9/site-packages/airflow/example_dags/example_dynamic_task_mapping_with_no_taskflow_operators.py took 0.108 seconds
[2025-02-23T00:16:34.321-0500] {processor.py:186} INFO - Started process (PID=34884) to work on /home/rafaelrb/anaconda3/lib/python3.9/site-packages/airflow/example_dags/example_dynamic_task_mapping_with_no_taskflow_operators.py
[2025-02-23T00:16:34.333-0500] {processor.py:914} INFO - Processing file /home/rafaelrb/anaconda3/lib/python3.9/site-packages/airflow/example_dags/example_dynamic_task_mapping_with_no_taskflow_operators.py for tasks to queue
[2025-02-23T00:16:34.339-0500] {logging_mixin.py:190} INFO - [2025-02-23T00:16:34.337-0500] {dagbag.py:588} INFO - Filling up the DagBag from /home/rafaelrb/anaconda3/lib/python3.9/site-packages/airflow/example_dags/example_dynamic_task_mapping_with_no_taskflow_operators.py
[2025-02-23T00:16:34.369-0500] {processor.py:925} INFO - DAG(s) 'example_dynamic_task_mapping_with_no_taskflow_operators' retrieved from /home/rafaelrb/anaconda3/lib/python3.9/site-packages/airflow/example_dags/example_dynamic_task_mapping_with_no_taskflow_operators.py
[2025-02-23T00:16:34.418-0500] {logging_mixin.py:190} INFO - [2025-02-23T00:16:34.417-0500] {dag.py:3239} INFO - Sync 1 DAGs
[2025-02-23T00:16:34.469-0500] {logging_mixin.py:190} INFO - [2025-02-23T00:16:34.469-0500] {dag.py:4180} INFO - Setting next_dagrun for example_dynamic_task_mapping_with_no_taskflow_operators to None, run_after=None
[2025-02-23T00:16:34.552-0500] {processor.py:208} INFO - Processing /home/rafaelrb/anaconda3/lib/python3.9/site-packages/airflow/example_dags/example_dynamic_task_mapping_with_no_taskflow_operators.py took 0.264 seconds
[2025-02-23T00:17:37.942-0500] {processor.py:186} INFO - Started process (PID=34961) to work on /home/rafaelrb/anaconda3/lib/python3.9/site-packages/airflow/example_dags/example_dynamic_task_mapping_with_no_taskflow_operators.py
[2025-02-23T00:17:37.944-0500] {processor.py:914} INFO - Processing file /home/rafaelrb/anaconda3/lib/python3.9/site-packages/airflow/example_dags/example_dynamic_task_mapping_with_no_taskflow_operators.py for tasks to queue
[2025-02-23T00:17:37.946-0500] {logging_mixin.py:190} INFO - [2025-02-23T00:17:37.946-0500] {dagbag.py:588} INFO - Filling up the DagBag from /home/rafaelrb/anaconda3/lib/python3.9/site-packages/airflow/example_dags/example_dynamic_task_mapping_with_no_taskflow_operators.py
[2025-02-23T00:17:37.957-0500] {processor.py:925} INFO - DAG(s) 'example_dynamic_task_mapping_with_no_taskflow_operators' retrieved from /home/rafaelrb/anaconda3/lib/python3.9/site-packages/airflow/example_dags/example_dynamic_task_mapping_with_no_taskflow_operators.py
[2025-02-23T00:17:37.976-0500] {logging_mixin.py:190} INFO - [2025-02-23T00:17:37.975-0500] {dag.py:3239} INFO - Sync 1 DAGs
[2025-02-23T00:17:37.992-0500] {logging_mixin.py:190} INFO - [2025-02-23T00:17:37.991-0500] {dag.py:4180} INFO - Setting next_dagrun for example_dynamic_task_mapping_with_no_taskflow_operators to None, run_after=None
[2025-02-23T00:17:38.025-0500] {processor.py:208} INFO - Processing /home/rafaelrb/anaconda3/lib/python3.9/site-packages/airflow/example_dags/example_dynamic_task_mapping_with_no_taskflow_operators.py took 0.092 seconds
[2025-02-23T00:18:37.846-0500] {processor.py:186} INFO - Started process (PID=35030) to work on /home/rafaelrb/anaconda3/lib/python3.9/site-packages/airflow/example_dags/example_dynamic_task_mapping_with_no_taskflow_operators.py
[2025-02-23T00:18:37.848-0500] {processor.py:914} INFO - Processing file /home/rafaelrb/anaconda3/lib/python3.9/site-packages/airflow/example_dags/example_dynamic_task_mapping_with_no_taskflow_operators.py for tasks to queue
[2025-02-23T00:18:37.851-0500] {logging_mixin.py:190} INFO - [2025-02-23T00:18:37.851-0500] {dagbag.py:588} INFO - Filling up the DagBag from /home/rafaelrb/anaconda3/lib/python3.9/site-packages/airflow/example_dags/example_dynamic_task_mapping_with_no_taskflow_operators.py
[2025-02-23T00:18:37.864-0500] {processor.py:925} INFO - DAG(s) 'example_dynamic_task_mapping_with_no_taskflow_operators' retrieved from /home/rafaelrb/anaconda3/lib/python3.9/site-packages/airflow/example_dags/example_dynamic_task_mapping_with_no_taskflow_operators.py
[2025-02-23T00:18:37.889-0500] {logging_mixin.py:190} INFO - [2025-02-23T00:18:37.888-0500] {dag.py:3239} INFO - Sync 1 DAGs
[2025-02-23T00:18:37.909-0500] {logging_mixin.py:190} INFO - [2025-02-23T00:18:37.909-0500] {dag.py:4180} INFO - Setting next_dagrun for example_dynamic_task_mapping_with_no_taskflow_operators to None, run_after=None
[2025-02-23T00:18:37.945-0500] {processor.py:208} INFO - Processing /home/rafaelrb/anaconda3/lib/python3.9/site-packages/airflow/example_dags/example_dynamic_task_mapping_with_no_taskflow_operators.py took 0.108 seconds
[2025-02-23T00:21:53.796-0500] {processor.py:186} INFO - Started process (PID=35169) to work on /home/rafaelrb/anaconda3/lib/python3.9/site-packages/airflow/example_dags/example_dynamic_task_mapping_with_no_taskflow_operators.py
[2025-02-23T00:21:53.832-0500] {processor.py:914} INFO - Processing file /home/rafaelrb/anaconda3/lib/python3.9/site-packages/airflow/example_dags/example_dynamic_task_mapping_with_no_taskflow_operators.py for tasks to queue
[2025-02-23T00:21:53.837-0500] {logging_mixin.py:190} INFO - [2025-02-23T00:21:53.837-0500] {dagbag.py:588} INFO - Filling up the DagBag from /home/rafaelrb/anaconda3/lib/python3.9/site-packages/airflow/example_dags/example_dynamic_task_mapping_with_no_taskflow_operators.py
[2025-02-23T00:21:53.871-0500] {processor.py:925} INFO - DAG(s) 'example_dynamic_task_mapping_with_no_taskflow_operators' retrieved from /home/rafaelrb/anaconda3/lib/python3.9/site-packages/airflow/example_dags/example_dynamic_task_mapping_with_no_taskflow_operators.py
[2025-02-23T00:21:53.946-0500] {logging_mixin.py:190} INFO - [2025-02-23T00:21:53.946-0500] {dag.py:3239} INFO - Sync 1 DAGs
[2025-02-23T00:21:53.989-0500] {logging_mixin.py:190} INFO - [2025-02-23T00:21:53.988-0500] {dag.py:4180} INFO - Setting next_dagrun for example_dynamic_task_mapping_with_no_taskflow_operators to None, run_after=None
[2025-02-23T00:21:54.045-0500] {processor.py:208} INFO - Processing /home/rafaelrb/anaconda3/lib/python3.9/site-packages/airflow/example_dags/example_dynamic_task_mapping_with_no_taskflow_operators.py took 0.267 seconds
[2025-02-23T00:22:54.474-0500] {processor.py:186} INFO - Started process (PID=35236) to work on /home/rafaelrb/anaconda3/lib/python3.9/site-packages/airflow/example_dags/example_dynamic_task_mapping_with_no_taskflow_operators.py
[2025-02-23T00:22:54.476-0500] {processor.py:914} INFO - Processing file /home/rafaelrb/anaconda3/lib/python3.9/site-packages/airflow/example_dags/example_dynamic_task_mapping_with_no_taskflow_operators.py for tasks to queue
[2025-02-23T00:22:54.478-0500] {logging_mixin.py:190} INFO - [2025-02-23T00:22:54.478-0500] {dagbag.py:588} INFO - Filling up the DagBag from /home/rafaelrb/anaconda3/lib/python3.9/site-packages/airflow/example_dags/example_dynamic_task_mapping_with_no_taskflow_operators.py
[2025-02-23T00:22:54.490-0500] {processor.py:925} INFO - DAG(s) 'example_dynamic_task_mapping_with_no_taskflow_operators' retrieved from /home/rafaelrb/anaconda3/lib/python3.9/site-packages/airflow/example_dags/example_dynamic_task_mapping_with_no_taskflow_operators.py
[2025-02-23T00:22:54.508-0500] {logging_mixin.py:190} INFO - [2025-02-23T00:22:54.507-0500] {dag.py:3239} INFO - Sync 1 DAGs
[2025-02-23T00:22:54.523-0500] {logging_mixin.py:190} INFO - [2025-02-23T00:22:54.523-0500] {dag.py:4180} INFO - Setting next_dagrun for example_dynamic_task_mapping_with_no_taskflow_operators to None, run_after=None
[2025-02-23T00:22:54.555-0500] {processor.py:208} INFO - Processing /home/rafaelrb/anaconda3/lib/python3.9/site-packages/airflow/example_dags/example_dynamic_task_mapping_with_no_taskflow_operators.py took 0.090 seconds
[2025-02-23T00:23:56.611-0500] {processor.py:186} INFO - Started process (PID=35301) to work on /home/rafaelrb/anaconda3/lib/python3.9/site-packages/airflow/example_dags/example_dynamic_task_mapping_with_no_taskflow_operators.py
[2025-02-23T00:23:56.618-0500] {processor.py:914} INFO - Processing file /home/rafaelrb/anaconda3/lib/python3.9/site-packages/airflow/example_dags/example_dynamic_task_mapping_with_no_taskflow_operators.py for tasks to queue
[2025-02-23T00:23:56.620-0500] {logging_mixin.py:190} INFO - [2025-02-23T00:23:56.620-0500] {dagbag.py:588} INFO - Filling up the DagBag from /home/rafaelrb/anaconda3/lib/python3.9/site-packages/airflow/example_dags/example_dynamic_task_mapping_with_no_taskflow_operators.py
[2025-02-23T00:23:56.631-0500] {processor.py:925} INFO - DAG(s) 'example_dynamic_task_mapping_with_no_taskflow_operators' retrieved from /home/rafaelrb/anaconda3/lib/python3.9/site-packages/airflow/example_dags/example_dynamic_task_mapping_with_no_taskflow_operators.py
[2025-02-23T00:23:56.649-0500] {logging_mixin.py:190} INFO - [2025-02-23T00:23:56.649-0500] {dag.py:3239} INFO - Sync 1 DAGs
[2025-02-23T00:23:56.665-0500] {logging_mixin.py:190} INFO - [2025-02-23T00:23:56.665-0500] {dag.py:4180} INFO - Setting next_dagrun for example_dynamic_task_mapping_with_no_taskflow_operators to None, run_after=None
[2025-02-23T00:23:56.697-0500] {processor.py:208} INFO - Processing /home/rafaelrb/anaconda3/lib/python3.9/site-packages/airflow/example_dags/example_dynamic_task_mapping_with_no_taskflow_operators.py took 0.094 seconds
[2025-02-23T00:24:58.768-0500] {processor.py:186} INFO - Started process (PID=35379) to work on /home/rafaelrb/anaconda3/lib/python3.9/site-packages/airflow/example_dags/example_dynamic_task_mapping_with_no_taskflow_operators.py
[2025-02-23T00:24:58.770-0500] {processor.py:914} INFO - Processing file /home/rafaelrb/anaconda3/lib/python3.9/site-packages/airflow/example_dags/example_dynamic_task_mapping_with_no_taskflow_operators.py for tasks to queue
[2025-02-23T00:24:58.773-0500] {logging_mixin.py:190} INFO - [2025-02-23T00:24:58.772-0500] {dagbag.py:588} INFO - Filling up the DagBag from /home/rafaelrb/anaconda3/lib/python3.9/site-packages/airflow/example_dags/example_dynamic_task_mapping_with_no_taskflow_operators.py
[2025-02-23T00:24:58.783-0500] {processor.py:925} INFO - DAG(s) 'example_dynamic_task_mapping_with_no_taskflow_operators' retrieved from /home/rafaelrb/anaconda3/lib/python3.9/site-packages/airflow/example_dags/example_dynamic_task_mapping_with_no_taskflow_operators.py
[2025-02-23T00:24:58.801-0500] {logging_mixin.py:190} INFO - [2025-02-23T00:24:58.801-0500] {dag.py:3239} INFO - Sync 1 DAGs
[2025-02-23T00:24:58.818-0500] {logging_mixin.py:190} INFO - [2025-02-23T00:24:58.818-0500] {dag.py:4180} INFO - Setting next_dagrun for example_dynamic_task_mapping_with_no_taskflow_operators to None, run_after=None
[2025-02-23T00:24:58.864-0500] {processor.py:208} INFO - Processing /home/rafaelrb/anaconda3/lib/python3.9/site-packages/airflow/example_dags/example_dynamic_task_mapping_with_no_taskflow_operators.py took 0.104 seconds
[2025-02-23T00:25:58.667-0500] {processor.py:186} INFO - Started process (PID=35446) to work on /home/rafaelrb/anaconda3/lib/python3.9/site-packages/airflow/example_dags/example_dynamic_task_mapping_with_no_taskflow_operators.py
[2025-02-23T00:25:58.674-0500] {processor.py:914} INFO - Processing file /home/rafaelrb/anaconda3/lib/python3.9/site-packages/airflow/example_dags/example_dynamic_task_mapping_with_no_taskflow_operators.py for tasks to queue
[2025-02-23T00:25:58.677-0500] {logging_mixin.py:190} INFO - [2025-02-23T00:25:58.676-0500] {dagbag.py:588} INFO - Filling up the DagBag from /home/rafaelrb/anaconda3/lib/python3.9/site-packages/airflow/example_dags/example_dynamic_task_mapping_with_no_taskflow_operators.py
[2025-02-23T00:25:58.687-0500] {processor.py:925} INFO - DAG(s) 'example_dynamic_task_mapping_with_no_taskflow_operators' retrieved from /home/rafaelrb/anaconda3/lib/python3.9/site-packages/airflow/example_dags/example_dynamic_task_mapping_with_no_taskflow_operators.py
[2025-02-23T00:25:58.705-0500] {logging_mixin.py:190} INFO - [2025-02-23T00:25:58.705-0500] {dag.py:3239} INFO - Sync 1 DAGs
[2025-02-23T00:25:58.720-0500] {logging_mixin.py:190} INFO - [2025-02-23T00:25:58.720-0500] {dag.py:4180} INFO - Setting next_dagrun for example_dynamic_task_mapping_with_no_taskflow_operators to None, run_after=None
[2025-02-23T00:25:58.756-0500] {processor.py:208} INFO - Processing /home/rafaelrb/anaconda3/lib/python3.9/site-packages/airflow/example_dags/example_dynamic_task_mapping_with_no_taskflow_operators.py took 0.098 seconds
[2025-02-23T02:31:35.635-0500] {processor.py:186} INFO - Started process (PID=75969) to work on /home/rafaelrb/anaconda3/lib/python3.9/site-packages/airflow/example_dags/example_dynamic_task_mapping_with_no_taskflow_operators.py
[2025-02-23T02:31:35.637-0500] {processor.py:914} INFO - Processing file /home/rafaelrb/anaconda3/lib/python3.9/site-packages/airflow/example_dags/example_dynamic_task_mapping_with_no_taskflow_operators.py for tasks to queue
[2025-02-23T02:31:35.640-0500] {logging_mixin.py:190} INFO - [2025-02-23T02:31:35.640-0500] {dagbag.py:588} INFO - Filling up the DagBag from /home/rafaelrb/anaconda3/lib/python3.9/site-packages/airflow/example_dags/example_dynamic_task_mapping_with_no_taskflow_operators.py
[2025-02-23T02:31:35.651-0500] {processor.py:925} INFO - DAG(s) 'example_dynamic_task_mapping_with_no_taskflow_operators' retrieved from /home/rafaelrb/anaconda3/lib/python3.9/site-packages/airflow/example_dags/example_dynamic_task_mapping_with_no_taskflow_operators.py
[2025-02-23T02:31:35.678-0500] {logging_mixin.py:190} INFO - [2025-02-23T02:31:35.678-0500] {dag.py:3239} INFO - Sync 1 DAGs
[2025-02-23T02:31:35.695-0500] {logging_mixin.py:190} INFO - [2025-02-23T02:31:35.694-0500] {dag.py:4180} INFO - Setting next_dagrun for example_dynamic_task_mapping_with_no_taskflow_operators to None, run_after=None
[2025-02-23T02:31:35.730-0500] {processor.py:208} INFO - Processing /home/rafaelrb/anaconda3/lib/python3.9/site-packages/airflow/example_dags/example_dynamic_task_mapping_with_no_taskflow_operators.py took 0.104 seconds
[2025-02-23T02:32:36.176-0500] {processor.py:186} INFO - Started process (PID=76397) to work on /home/rafaelrb/anaconda3/lib/python3.9/site-packages/airflow/example_dags/example_dynamic_task_mapping_with_no_taskflow_operators.py
[2025-02-23T02:32:36.178-0500] {processor.py:914} INFO - Processing file /home/rafaelrb/anaconda3/lib/python3.9/site-packages/airflow/example_dags/example_dynamic_task_mapping_with_no_taskflow_operators.py for tasks to queue
[2025-02-23T02:32:36.180-0500] {logging_mixin.py:190} INFO - [2025-02-23T02:32:36.180-0500] {dagbag.py:588} INFO - Filling up the DagBag from /home/rafaelrb/anaconda3/lib/python3.9/site-packages/airflow/example_dags/example_dynamic_task_mapping_with_no_taskflow_operators.py
[2025-02-23T02:32:36.195-0500] {processor.py:925} INFO - DAG(s) 'example_dynamic_task_mapping_with_no_taskflow_operators' retrieved from /home/rafaelrb/anaconda3/lib/python3.9/site-packages/airflow/example_dags/example_dynamic_task_mapping_with_no_taskflow_operators.py
[2025-02-23T02:32:36.216-0500] {logging_mixin.py:190} INFO - [2025-02-23T02:32:36.216-0500] {dag.py:3239} INFO - Sync 1 DAGs
[2025-02-23T02:32:36.238-0500] {logging_mixin.py:190} INFO - [2025-02-23T02:32:36.237-0500] {dag.py:4180} INFO - Setting next_dagrun for example_dynamic_task_mapping_with_no_taskflow_operators to None, run_after=None
[2025-02-23T02:32:36.282-0500] {processor.py:208} INFO - Processing /home/rafaelrb/anaconda3/lib/python3.9/site-packages/airflow/example_dags/example_dynamic_task_mapping_with_no_taskflow_operators.py took 0.115 seconds
[2025-02-23T02:33:53.405-0500] {processor.py:186} INFO - Started process (PID=76791) to work on /home/rafaelrb/anaconda3/lib/python3.9/site-packages/airflow/example_dags/example_dynamic_task_mapping_with_no_taskflow_operators.py
[2025-02-23T02:33:53.408-0500] {processor.py:914} INFO - Processing file /home/rafaelrb/anaconda3/lib/python3.9/site-packages/airflow/example_dags/example_dynamic_task_mapping_with_no_taskflow_operators.py for tasks to queue
[2025-02-23T02:33:53.411-0500] {logging_mixin.py:190} INFO - [2025-02-23T02:33:53.410-0500] {dagbag.py:588} INFO - Filling up the DagBag from /home/rafaelrb/anaconda3/lib/python3.9/site-packages/airflow/example_dags/example_dynamic_task_mapping_with_no_taskflow_operators.py
[2025-02-23T02:33:53.422-0500] {processor.py:925} INFO - DAG(s) 'example_dynamic_task_mapping_with_no_taskflow_operators' retrieved from /home/rafaelrb/anaconda3/lib/python3.9/site-packages/airflow/example_dags/example_dynamic_task_mapping_with_no_taskflow_operators.py
[2025-02-23T02:33:53.447-0500] {logging_mixin.py:190} INFO - [2025-02-23T02:33:53.447-0500] {dag.py:3239} INFO - Sync 1 DAGs
[2025-02-23T02:33:53.467-0500] {logging_mixin.py:190} INFO - [2025-02-23T02:33:53.466-0500] {dag.py:4180} INFO - Setting next_dagrun for example_dynamic_task_mapping_with_no_taskflow_operators to None, run_after=None
[2025-02-23T02:33:53.504-0500] {processor.py:208} INFO - Processing /home/rafaelrb/anaconda3/lib/python3.9/site-packages/airflow/example_dags/example_dynamic_task_mapping_with_no_taskflow_operators.py took 0.108 seconds
[2025-02-23T02:35:18.746-0500] {processor.py:186} INFO - Started process (PID=77123) to work on /home/rafaelrb/anaconda3/lib/python3.9/site-packages/airflow/example_dags/example_dynamic_task_mapping_with_no_taskflow_operators.py
[2025-02-23T02:35:18.747-0500] {processor.py:914} INFO - Processing file /home/rafaelrb/anaconda3/lib/python3.9/site-packages/airflow/example_dags/example_dynamic_task_mapping_with_no_taskflow_operators.py for tasks to queue
[2025-02-23T02:35:18.765-0500] {logging_mixin.py:190} INFO - [2025-02-23T02:35:18.763-0500] {dagbag.py:588} INFO - Filling up the DagBag from /home/rafaelrb/anaconda3/lib/python3.9/site-packages/airflow/example_dags/example_dynamic_task_mapping_with_no_taskflow_operators.py
[2025-02-23T02:35:18.822-0500] {processor.py:925} INFO - DAG(s) 'example_dynamic_task_mapping_with_no_taskflow_operators' retrieved from /home/rafaelrb/anaconda3/lib/python3.9/site-packages/airflow/example_dags/example_dynamic_task_mapping_with_no_taskflow_operators.py
[2025-02-23T02:35:19.199-0500] {logging_mixin.py:190} INFO - [2025-02-23T02:35:19.199-0500] {dag.py:3239} INFO - Sync 1 DAGs
[2025-02-23T02:35:19.393-0500] {logging_mixin.py:190} INFO - [2025-02-23T02:35:19.391-0500] {dag.py:4180} INFO - Setting next_dagrun for example_dynamic_task_mapping_with_no_taskflow_operators to None, run_after=None
[2025-02-23T02:35:19.494-0500] {processor.py:208} INFO - Processing /home/rafaelrb/anaconda3/lib/python3.9/site-packages/airflow/example_dags/example_dynamic_task_mapping_with_no_taskflow_operators.py took 0.779 seconds
[2025-02-23T02:43:04.702-0500] {processor.py:186} INFO - Started process (PID=79022) to work on /home/rafaelrb/anaconda3/lib/python3.9/site-packages/airflow/example_dags/example_dynamic_task_mapping_with_no_taskflow_operators.py
[2025-02-23T02:43:04.703-0500] {processor.py:914} INFO - Processing file /home/rafaelrb/anaconda3/lib/python3.9/site-packages/airflow/example_dags/example_dynamic_task_mapping_with_no_taskflow_operators.py for tasks to queue
[2025-02-23T02:43:04.706-0500] {logging_mixin.py:190} INFO - [2025-02-23T02:43:04.706-0500] {dagbag.py:588} INFO - Filling up the DagBag from /home/rafaelrb/anaconda3/lib/python3.9/site-packages/airflow/example_dags/example_dynamic_task_mapping_with_no_taskflow_operators.py
[2025-02-23T02:43:04.717-0500] {processor.py:925} INFO - DAG(s) 'example_dynamic_task_mapping_with_no_taskflow_operators' retrieved from /home/rafaelrb/anaconda3/lib/python3.9/site-packages/airflow/example_dags/example_dynamic_task_mapping_with_no_taskflow_operators.py
[2025-02-23T02:43:04.736-0500] {logging_mixin.py:190} INFO - [2025-02-23T02:43:04.736-0500] {dag.py:3239} INFO - Sync 1 DAGs
[2025-02-23T02:43:04.756-0500] {logging_mixin.py:190} INFO - [2025-02-23T02:43:04.756-0500] {dag.py:4180} INFO - Setting next_dagrun for example_dynamic_task_mapping_with_no_taskflow_operators to None, run_after=None
[2025-02-23T02:43:04.798-0500] {processor.py:208} INFO - Processing /home/rafaelrb/anaconda3/lib/python3.9/site-packages/airflow/example_dags/example_dynamic_task_mapping_with_no_taskflow_operators.py took 0.104 seconds
[2025-02-23T02:44:04.166-0500] {processor.py:186} INFO - Started process (PID=79225) to work on /home/rafaelrb/anaconda3/lib/python3.9/site-packages/airflow/example_dags/example_dynamic_task_mapping_with_no_taskflow_operators.py
[2025-02-23T02:44:04.168-0500] {processor.py:914} INFO - Processing file /home/rafaelrb/anaconda3/lib/python3.9/site-packages/airflow/example_dags/example_dynamic_task_mapping_with_no_taskflow_operators.py for tasks to queue
[2025-02-23T02:44:04.170-0500] {logging_mixin.py:190} INFO - [2025-02-23T02:44:04.170-0500] {dagbag.py:588} INFO - Filling up the DagBag from /home/rafaelrb/anaconda3/lib/python3.9/site-packages/airflow/example_dags/example_dynamic_task_mapping_with_no_taskflow_operators.py
[2025-02-23T02:44:04.181-0500] {processor.py:925} INFO - DAG(s) 'example_dynamic_task_mapping_with_no_taskflow_operators' retrieved from /home/rafaelrb/anaconda3/lib/python3.9/site-packages/airflow/example_dags/example_dynamic_task_mapping_with_no_taskflow_operators.py
[2025-02-23T02:44:04.199-0500] {logging_mixin.py:190} INFO - [2025-02-23T02:44:04.198-0500] {dag.py:3239} INFO - Sync 1 DAGs
[2025-02-23T02:44:04.220-0500] {logging_mixin.py:190} INFO - [2025-02-23T02:44:04.219-0500] {dag.py:4180} INFO - Setting next_dagrun for example_dynamic_task_mapping_with_no_taskflow_operators to None, run_after=None
[2025-02-23T02:44:04.256-0500] {processor.py:208} INFO - Processing /home/rafaelrb/anaconda3/lib/python3.9/site-packages/airflow/example_dags/example_dynamic_task_mapping_with_no_taskflow_operators.py took 0.099 seconds
