[2025-02-22T23:43:35.483-0500] {processor.py:186} INFO - Started process (PID=26662) to work on /home/rafaelrb/anaconda3/lib/python3.9/site-packages/airflow/example_dags/example_dataset_alias_with_no_taskflow.py
[2025-02-22T23:43:35.484-0500] {processor.py:914} INFO - Processing file /home/rafaelrb/anaconda3/lib/python3.9/site-packages/airflow/example_dags/example_dataset_alias_with_no_taskflow.py for tasks to queue
[2025-02-22T23:43:35.487-0500] {logging_mixin.py:190} INFO - [2025-02-22T23:43:35.487-0500] {dagbag.py:588} INFO - Filling up the DagBag from /home/rafaelrb/anaconda3/lib/python3.9/site-packages/airflow/example_dags/example_dataset_alias_with_no_taskflow.py
[2025-02-22T23:43:35.524-0500] {processor.py:925} INFO - DAG(s) 'dataset_s3_bucket_consumer_with_no_taskflow', 'dataset_alias_example_alias_producer_with_no_taskflow', 'dataset_alias_example_alias_consumer_with_no_taskflow', 'dataset_s3_bucket_producer_with_no_taskflow' retrieved from /home/rafaelrb/anaconda3/lib/python3.9/site-packages/airflow/example_dags/example_dataset_alias_with_no_taskflow.py
[2025-02-22T23:43:35.714-0500] {logging_mixin.py:190} INFO - [2025-02-22T23:43:35.713-0500] {override.py:1930} INFO - Created Permission View: can read on DAG:dataset_s3_bucket_consumer_with_no_taskflow
[2025-02-22T23:43:35.735-0500] {logging_mixin.py:190} INFO - [2025-02-22T23:43:35.735-0500] {override.py:1930} INFO - Created Permission View: can delete on DAG:dataset_s3_bucket_consumer_with_no_taskflow
[2025-02-22T23:43:35.751-0500] {logging_mixin.py:190} INFO - [2025-02-22T23:43:35.750-0500] {override.py:1930} INFO - Created Permission View: can edit on DAG:dataset_s3_bucket_consumer_with_no_taskflow
[2025-02-22T23:43:35.780-0500] {logging_mixin.py:190} INFO - [2025-02-22T23:43:35.779-0500] {override.py:1930} INFO - Created Permission View: can read on DAG Run:dataset_s3_bucket_consumer_with_no_taskflow
[2025-02-22T23:43:35.811-0500] {logging_mixin.py:190} INFO - [2025-02-22T23:43:35.809-0500] {override.py:1930} INFO - Created Permission View: can create on DAG Run:dataset_s3_bucket_consumer_with_no_taskflow
[2025-02-22T23:43:35.831-0500] {logging_mixin.py:190} INFO - [2025-02-22T23:43:35.831-0500] {override.py:1930} INFO - Created Permission View: menu access on DAG Run:dataset_s3_bucket_consumer_with_no_taskflow
[2025-02-22T23:43:35.852-0500] {logging_mixin.py:190} INFO - [2025-02-22T23:43:35.852-0500] {override.py:1930} INFO - Created Permission View: can delete on DAG Run:dataset_s3_bucket_consumer_with_no_taskflow
[2025-02-22T23:43:35.893-0500] {logging_mixin.py:190} INFO - [2025-02-22T23:43:35.892-0500] {override.py:1930} INFO - Created Permission View: can read on DAG:dataset_alias_example_alias_producer_with_no_taskflow
[2025-02-22T23:43:35.910-0500] {logging_mixin.py:190} INFO - [2025-02-22T23:43:35.909-0500] {override.py:1930} INFO - Created Permission View: can delete on DAG:dataset_alias_example_alias_producer_with_no_taskflow
[2025-02-22T23:43:35.929-0500] {logging_mixin.py:190} INFO - [2025-02-22T23:43:35.928-0500] {override.py:1930} INFO - Created Permission View: can edit on DAG:dataset_alias_example_alias_producer_with_no_taskflow
[2025-02-22T23:43:35.963-0500] {logging_mixin.py:190} INFO - [2025-02-22T23:43:35.962-0500] {override.py:1930} INFO - Created Permission View: can read on DAG Run:dataset_alias_example_alias_producer_with_no_taskflow
[2025-02-22T23:43:35.981-0500] {logging_mixin.py:190} INFO - [2025-02-22T23:43:35.980-0500] {override.py:1930} INFO - Created Permission View: can create on DAG Run:dataset_alias_example_alias_producer_with_no_taskflow
[2025-02-22T23:43:35.995-0500] {logging_mixin.py:190} INFO - [2025-02-22T23:43:35.995-0500] {override.py:1930} INFO - Created Permission View: menu access on DAG Run:dataset_alias_example_alias_producer_with_no_taskflow
[2025-02-22T23:43:36.014-0500] {logging_mixin.py:190} INFO - [2025-02-22T23:43:36.013-0500] {override.py:1930} INFO - Created Permission View: can delete on DAG Run:dataset_alias_example_alias_producer_with_no_taskflow
[2025-02-22T23:43:36.052-0500] {logging_mixin.py:190} INFO - [2025-02-22T23:43:36.051-0500] {override.py:1930} INFO - Created Permission View: can read on DAG:dataset_alias_example_alias_consumer_with_no_taskflow
[2025-02-22T23:43:36.078-0500] {logging_mixin.py:190} INFO - [2025-02-22T23:43:36.077-0500] {override.py:1930} INFO - Created Permission View: can delete on DAG:dataset_alias_example_alias_consumer_with_no_taskflow
[2025-02-22T23:43:36.104-0500] {logging_mixin.py:190} INFO - [2025-02-22T23:43:36.100-0500] {override.py:1930} INFO - Created Permission View: can edit on DAG:dataset_alias_example_alias_consumer_with_no_taskflow
[2025-02-22T23:43:36.157-0500] {logging_mixin.py:190} INFO - [2025-02-22T23:43:36.156-0500] {override.py:1930} INFO - Created Permission View: can read on DAG Run:dataset_alias_example_alias_consumer_with_no_taskflow
[2025-02-22T23:43:36.178-0500] {logging_mixin.py:190} INFO - [2025-02-22T23:43:36.178-0500] {override.py:1930} INFO - Created Permission View: can create on DAG Run:dataset_alias_example_alias_consumer_with_no_taskflow
[2025-02-22T23:43:36.196-0500] {logging_mixin.py:190} INFO - [2025-02-22T23:43:36.195-0500] {override.py:1930} INFO - Created Permission View: menu access on DAG Run:dataset_alias_example_alias_consumer_with_no_taskflow
[2025-02-22T23:43:36.214-0500] {logging_mixin.py:190} INFO - [2025-02-22T23:43:36.213-0500] {override.py:1930} INFO - Created Permission View: can delete on DAG Run:dataset_alias_example_alias_consumer_with_no_taskflow
[2025-02-22T23:43:36.257-0500] {logging_mixin.py:190} INFO - [2025-02-22T23:43:36.257-0500] {override.py:1930} INFO - Created Permission View: can read on DAG:dataset_s3_bucket_producer_with_no_taskflow
[2025-02-22T23:43:36.274-0500] {logging_mixin.py:190} INFO - [2025-02-22T23:43:36.273-0500] {override.py:1930} INFO - Created Permission View: can delete on DAG:dataset_s3_bucket_producer_with_no_taskflow
[2025-02-22T23:43:36.291-0500] {logging_mixin.py:190} INFO - [2025-02-22T23:43:36.290-0500] {override.py:1930} INFO - Created Permission View: can edit on DAG:dataset_s3_bucket_producer_with_no_taskflow
[2025-02-22T23:43:36.317-0500] {logging_mixin.py:190} INFO - [2025-02-22T23:43:36.316-0500] {override.py:1930} INFO - Created Permission View: can read on DAG Run:dataset_s3_bucket_producer_with_no_taskflow
[2025-02-22T23:43:36.336-0500] {logging_mixin.py:190} INFO - [2025-02-22T23:43:36.335-0500] {override.py:1930} INFO - Created Permission View: can create on DAG Run:dataset_s3_bucket_producer_with_no_taskflow
[2025-02-22T23:43:36.357-0500] {logging_mixin.py:190} INFO - [2025-02-22T23:43:36.356-0500] {override.py:1930} INFO - Created Permission View: menu access on DAG Run:dataset_s3_bucket_producer_with_no_taskflow
[2025-02-22T23:43:36.380-0500] {logging_mixin.py:190} INFO - [2025-02-22T23:43:36.379-0500] {override.py:1930} INFO - Created Permission View: can delete on DAG Run:dataset_s3_bucket_producer_with_no_taskflow
[2025-02-22T23:43:36.381-0500] {logging_mixin.py:190} INFO - [2025-02-22T23:43:36.380-0500] {dag.py:3239} INFO - Sync 4 DAGs
[2025-02-22T23:43:36.405-0500] {logging_mixin.py:190} INFO - [2025-02-22T23:43:36.404-0500] {dag.py:3262} INFO - Creating ORM DAG for dataset_alias_example_alias_consumer_with_no_taskflow
[2025-02-22T23:43:36.406-0500] {logging_mixin.py:190} INFO - [2025-02-22T23:43:36.406-0500] {dag.py:3262} INFO - Creating ORM DAG for dataset_s3_bucket_consumer_with_no_taskflow
[2025-02-22T23:43:36.407-0500] {logging_mixin.py:190} INFO - [2025-02-22T23:43:36.407-0500] {dag.py:3262} INFO - Creating ORM DAG for dataset_alias_example_alias_producer_with_no_taskflow
[2025-02-22T23:43:36.408-0500] {logging_mixin.py:190} INFO - [2025-02-22T23:43:36.408-0500] {dag.py:3262} INFO - Creating ORM DAG for dataset_s3_bucket_producer_with_no_taskflow
[2025-02-22T23:43:36.424-0500] {logging_mixin.py:190} INFO - [2025-02-22T23:43:36.423-0500] {dag.py:4180} INFO - Setting next_dagrun for dataset_alias_example_alias_consumer_with_no_taskflow to None, run_after=None
[2025-02-22T23:43:36.425-0500] {logging_mixin.py:190} INFO - [2025-02-22T23:43:36.425-0500] {dag.py:4180} INFO - Setting next_dagrun for dataset_alias_example_alias_producer_with_no_taskflow to None, run_after=None
[2025-02-22T23:43:36.426-0500] {logging_mixin.py:190} INFO - [2025-02-22T23:43:36.426-0500] {dag.py:4180} INFO - Setting next_dagrun for dataset_s3_bucket_consumer_with_no_taskflow to None, run_after=None
[2025-02-22T23:43:36.427-0500] {logging_mixin.py:190} INFO - [2025-02-22T23:43:36.427-0500] {dag.py:4180} INFO - Setting next_dagrun for dataset_s3_bucket_producer_with_no_taskflow to None, run_after=None
[2025-02-22T23:43:36.480-0500] {processor.py:208} INFO - Processing /home/rafaelrb/anaconda3/lib/python3.9/site-packages/airflow/example_dags/example_dataset_alias_with_no_taskflow.py took 1.010 seconds
[2025-02-22T23:44:44.932-0500] {processor.py:186} INFO - Started process (PID=27147) to work on /home/rafaelrb/anaconda3/lib/python3.9/site-packages/airflow/example_dags/example_dataset_alias_with_no_taskflow.py
[2025-02-22T23:44:44.935-0500] {processor.py:914} INFO - Processing file /home/rafaelrb/anaconda3/lib/python3.9/site-packages/airflow/example_dags/example_dataset_alias_with_no_taskflow.py for tasks to queue
[2025-02-22T23:44:44.940-0500] {logging_mixin.py:190} INFO - [2025-02-22T23:44:44.939-0500] {dagbag.py:588} INFO - Filling up the DagBag from /home/rafaelrb/anaconda3/lib/python3.9/site-packages/airflow/example_dags/example_dataset_alias_with_no_taskflow.py
[2025-02-22T23:44:44.984-0500] {processor.py:925} INFO - DAG(s) 'dataset_s3_bucket_consumer_with_no_taskflow', 'dataset_alias_example_alias_producer_with_no_taskflow', 'dataset_s3_bucket_producer_with_no_taskflow', 'dataset_alias_example_alias_consumer_with_no_taskflow' retrieved from /home/rafaelrb/anaconda3/lib/python3.9/site-packages/airflow/example_dags/example_dataset_alias_with_no_taskflow.py
[2025-02-22T23:44:45.030-0500] {logging_mixin.py:190} INFO - [2025-02-22T23:44:45.030-0500] {dag.py:3239} INFO - Sync 4 DAGs
[2025-02-22T23:44:45.069-0500] {logging_mixin.py:190} INFO - [2025-02-22T23:44:45.069-0500] {dag.py:4180} INFO - Setting next_dagrun for dataset_alias_example_alias_consumer_with_no_taskflow to None, run_after=None
[2025-02-22T23:44:45.072-0500] {logging_mixin.py:190} INFO - [2025-02-22T23:44:45.072-0500] {dag.py:4180} INFO - Setting next_dagrun for dataset_alias_example_alias_producer_with_no_taskflow to None, run_after=None
[2025-02-22T23:44:45.074-0500] {logging_mixin.py:190} INFO - [2025-02-22T23:44:45.073-0500] {dag.py:4180} INFO - Setting next_dagrun for dataset_s3_bucket_consumer_with_no_taskflow to None, run_after=None
[2025-02-22T23:44:45.075-0500] {logging_mixin.py:190} INFO - [2025-02-22T23:44:45.075-0500] {dag.py:4180} INFO - Setting next_dagrun for dataset_s3_bucket_producer_with_no_taskflow to None, run_after=None
[2025-02-22T23:44:45.124-0500] {processor.py:208} INFO - Processing /home/rafaelrb/anaconda3/lib/python3.9/site-packages/airflow/example_dags/example_dataset_alias_with_no_taskflow.py took 0.208 seconds
[2025-02-22T23:49:16.509-0500] {processor.py:186} INFO - Started process (PID=27771) to work on /home/rafaelrb/anaconda3/lib/python3.9/site-packages/airflow/example_dags/example_dataset_alias_with_no_taskflow.py
[2025-02-22T23:49:16.511-0500] {processor.py:914} INFO - Processing file /home/rafaelrb/anaconda3/lib/python3.9/site-packages/airflow/example_dags/example_dataset_alias_with_no_taskflow.py for tasks to queue
[2025-02-22T23:49:16.515-0500] {logging_mixin.py:190} INFO - [2025-02-22T23:49:16.515-0500] {dagbag.py:588} INFO - Filling up the DagBag from /home/rafaelrb/anaconda3/lib/python3.9/site-packages/airflow/example_dags/example_dataset_alias_with_no_taskflow.py
[2025-02-22T23:49:16.562-0500] {processor.py:925} INFO - DAG(s) 'dataset_alias_example_alias_consumer_with_no_taskflow', 'dataset_alias_example_alias_producer_with_no_taskflow', 'dataset_s3_bucket_producer_with_no_taskflow', 'dataset_s3_bucket_consumer_with_no_taskflow' retrieved from /home/rafaelrb/anaconda3/lib/python3.9/site-packages/airflow/example_dags/example_dataset_alias_with_no_taskflow.py
[2025-02-22T23:49:16.613-0500] {logging_mixin.py:190} INFO - [2025-02-22T23:49:16.612-0500] {dag.py:3239} INFO - Sync 4 DAGs
[2025-02-22T23:49:16.655-0500] {logging_mixin.py:190} INFO - [2025-02-22T23:49:16.654-0500] {dag.py:4180} INFO - Setting next_dagrun for dataset_alias_example_alias_consumer_with_no_taskflow to None, run_after=None
[2025-02-22T23:49:16.659-0500] {logging_mixin.py:190} INFO - [2025-02-22T23:49:16.658-0500] {dag.py:4180} INFO - Setting next_dagrun for dataset_alias_example_alias_producer_with_no_taskflow to None, run_after=None
[2025-02-22T23:49:16.660-0500] {logging_mixin.py:190} INFO - [2025-02-22T23:49:16.660-0500] {dag.py:4180} INFO - Setting next_dagrun for dataset_s3_bucket_consumer_with_no_taskflow to None, run_after=None
[2025-02-22T23:49:16.662-0500] {logging_mixin.py:190} INFO - [2025-02-22T23:49:16.662-0500] {dag.py:4180} INFO - Setting next_dagrun for dataset_s3_bucket_producer_with_no_taskflow to None, run_after=None
[2025-02-22T23:49:16.706-0500] {processor.py:208} INFO - Processing /home/rafaelrb/anaconda3/lib/python3.9/site-packages/airflow/example_dags/example_dataset_alias_with_no_taskflow.py took 0.211 seconds
[2025-02-22T23:50:19.517-0500] {processor.py:186} INFO - Started process (PID=28191) to work on /home/rafaelrb/anaconda3/lib/python3.9/site-packages/airflow/example_dags/example_dataset_alias_with_no_taskflow.py
[2025-02-22T23:50:19.518-0500] {processor.py:914} INFO - Processing file /home/rafaelrb/anaconda3/lib/python3.9/site-packages/airflow/example_dags/example_dataset_alias_with_no_taskflow.py for tasks to queue
[2025-02-22T23:50:19.521-0500] {logging_mixin.py:190} INFO - [2025-02-22T23:50:19.521-0500] {dagbag.py:588} INFO - Filling up the DagBag from /home/rafaelrb/anaconda3/lib/python3.9/site-packages/airflow/example_dags/example_dataset_alias_with_no_taskflow.py
[2025-02-22T23:50:19.551-0500] {processor.py:925} INFO - DAG(s) 'dataset_alias_example_alias_consumer_with_no_taskflow', 'dataset_s3_bucket_consumer_with_no_taskflow', 'dataset_alias_example_alias_producer_with_no_taskflow', 'dataset_s3_bucket_producer_with_no_taskflow' retrieved from /home/rafaelrb/anaconda3/lib/python3.9/site-packages/airflow/example_dags/example_dataset_alias_with_no_taskflow.py
[2025-02-22T23:50:19.576-0500] {logging_mixin.py:190} INFO - [2025-02-22T23:50:19.575-0500] {dag.py:3239} INFO - Sync 4 DAGs
[2025-02-22T23:50:19.604-0500] {logging_mixin.py:190} INFO - [2025-02-22T23:50:19.603-0500] {dag.py:4180} INFO - Setting next_dagrun for dataset_alias_example_alias_consumer_with_no_taskflow to None, run_after=None
[2025-02-22T23:50:19.608-0500] {logging_mixin.py:190} INFO - [2025-02-22T23:50:19.608-0500] {dag.py:4180} INFO - Setting next_dagrun for dataset_alias_example_alias_producer_with_no_taskflow to None, run_after=None
[2025-02-22T23:50:19.609-0500] {logging_mixin.py:190} INFO - [2025-02-22T23:50:19.609-0500] {dag.py:4180} INFO - Setting next_dagrun for dataset_s3_bucket_consumer_with_no_taskflow to None, run_after=None
[2025-02-22T23:50:19.611-0500] {logging_mixin.py:190} INFO - [2025-02-22T23:50:19.610-0500] {dag.py:4180} INFO - Setting next_dagrun for dataset_s3_bucket_producer_with_no_taskflow to None, run_after=None
[2025-02-22T23:50:19.647-0500] {processor.py:208} INFO - Processing /home/rafaelrb/anaconda3/lib/python3.9/site-packages/airflow/example_dags/example_dataset_alias_with_no_taskflow.py took 0.140 seconds
[2025-02-22T23:51:17.374-0500] {processor.py:186} INFO - Started process (PID=28609) to work on /home/rafaelrb/anaconda3/lib/python3.9/site-packages/airflow/example_dags/example_dataset_alias_with_no_taskflow.py
[2025-02-22T23:51:17.376-0500] {processor.py:914} INFO - Processing file /home/rafaelrb/anaconda3/lib/python3.9/site-packages/airflow/example_dags/example_dataset_alias_with_no_taskflow.py for tasks to queue
[2025-02-22T23:51:17.379-0500] {logging_mixin.py:190} INFO - [2025-02-22T23:51:17.379-0500] {dagbag.py:588} INFO - Filling up the DagBag from /home/rafaelrb/anaconda3/lib/python3.9/site-packages/airflow/example_dags/example_dataset_alias_with_no_taskflow.py
[2025-02-22T23:51:17.423-0500] {processor.py:925} INFO - DAG(s) 'dataset_s3_bucket_producer_with_no_taskflow', 'dataset_s3_bucket_consumer_with_no_taskflow', 'dataset_alias_example_alias_consumer_with_no_taskflow', 'dataset_alias_example_alias_producer_with_no_taskflow' retrieved from /home/rafaelrb/anaconda3/lib/python3.9/site-packages/airflow/example_dags/example_dataset_alias_with_no_taskflow.py
[2025-02-22T23:51:17.461-0500] {logging_mixin.py:190} INFO - [2025-02-22T23:51:17.461-0500] {dag.py:3239} INFO - Sync 4 DAGs
[2025-02-22T23:51:17.495-0500] {logging_mixin.py:190} INFO - [2025-02-22T23:51:17.495-0500] {dag.py:4180} INFO - Setting next_dagrun for dataset_alias_example_alias_consumer_with_no_taskflow to None, run_after=None
[2025-02-22T23:51:17.499-0500] {logging_mixin.py:190} INFO - [2025-02-22T23:51:17.499-0500] {dag.py:4180} INFO - Setting next_dagrun for dataset_alias_example_alias_producer_with_no_taskflow to None, run_after=None
[2025-02-22T23:51:17.501-0500] {logging_mixin.py:190} INFO - [2025-02-22T23:51:17.501-0500] {dag.py:4180} INFO - Setting next_dagrun for dataset_s3_bucket_consumer_with_no_taskflow to None, run_after=None
[2025-02-22T23:51:17.503-0500] {logging_mixin.py:190} INFO - [2025-02-22T23:51:17.503-0500] {dag.py:4180} INFO - Setting next_dagrun for dataset_s3_bucket_producer_with_no_taskflow to None, run_after=None
[2025-02-22T23:51:17.547-0500] {processor.py:208} INFO - Processing /home/rafaelrb/anaconda3/lib/python3.9/site-packages/airflow/example_dags/example_dataset_alias_with_no_taskflow.py took 0.185 seconds
[2025-02-22T23:52:15.333-0500] {processor.py:186} INFO - Started process (PID=29008) to work on /home/rafaelrb/anaconda3/lib/python3.9/site-packages/airflow/example_dags/example_dataset_alias_with_no_taskflow.py
[2025-02-22T23:52:15.335-0500] {processor.py:914} INFO - Processing file /home/rafaelrb/anaconda3/lib/python3.9/site-packages/airflow/example_dags/example_dataset_alias_with_no_taskflow.py for tasks to queue
[2025-02-22T23:52:15.337-0500] {logging_mixin.py:190} INFO - [2025-02-22T23:52:15.337-0500] {dagbag.py:588} INFO - Filling up the DagBag from /home/rafaelrb/anaconda3/lib/python3.9/site-packages/airflow/example_dags/example_dataset_alias_with_no_taskflow.py
[2025-02-22T23:52:15.371-0500] {processor.py:925} INFO - DAG(s) 'dataset_s3_bucket_consumer_with_no_taskflow', 'dataset_alias_example_alias_consumer_with_no_taskflow', 'dataset_alias_example_alias_producer_with_no_taskflow', 'dataset_s3_bucket_producer_with_no_taskflow' retrieved from /home/rafaelrb/anaconda3/lib/python3.9/site-packages/airflow/example_dags/example_dataset_alias_with_no_taskflow.py
[2025-02-22T23:52:15.399-0500] {logging_mixin.py:190} INFO - [2025-02-22T23:52:15.399-0500] {dag.py:3239} INFO - Sync 4 DAGs
[2025-02-22T23:52:15.426-0500] {logging_mixin.py:190} INFO - [2025-02-22T23:52:15.425-0500] {dag.py:4180} INFO - Setting next_dagrun for dataset_alias_example_alias_consumer_with_no_taskflow to None, run_after=None
[2025-02-22T23:52:15.430-0500] {logging_mixin.py:190} INFO - [2025-02-22T23:52:15.429-0500] {dag.py:4180} INFO - Setting next_dagrun for dataset_alias_example_alias_producer_with_no_taskflow to None, run_after=None
[2025-02-22T23:52:15.431-0500] {logging_mixin.py:190} INFO - [2025-02-22T23:52:15.431-0500] {dag.py:4180} INFO - Setting next_dagrun for dataset_s3_bucket_consumer_with_no_taskflow to None, run_after=None
[2025-02-22T23:52:15.432-0500] {logging_mixin.py:190} INFO - [2025-02-22T23:52:15.432-0500] {dag.py:4180} INFO - Setting next_dagrun for dataset_s3_bucket_producer_with_no_taskflow to None, run_after=None
[2025-02-22T23:52:15.474-0500] {processor.py:208} INFO - Processing /home/rafaelrb/anaconda3/lib/python3.9/site-packages/airflow/example_dags/example_dataset_alias_with_no_taskflow.py took 0.150 seconds
[2025-02-22T23:53:51.540-0500] {processor.py:186} INFO - Started process (PID=29690) to work on /home/rafaelrb/anaconda3/lib/python3.9/site-packages/airflow/example_dags/example_dataset_alias_with_no_taskflow.py
[2025-02-22T23:53:51.572-0500] {processor.py:914} INFO - Processing file /home/rafaelrb/anaconda3/lib/python3.9/site-packages/airflow/example_dags/example_dataset_alias_with_no_taskflow.py for tasks to queue
[2025-02-22T23:53:51.577-0500] {logging_mixin.py:190} INFO - [2025-02-22T23:53:51.576-0500] {dagbag.py:588} INFO - Filling up the DagBag from /home/rafaelrb/anaconda3/lib/python3.9/site-packages/airflow/example_dags/example_dataset_alias_with_no_taskflow.py
[2025-02-22T23:53:51.734-0500] {processor.py:925} INFO - DAG(s) 'dataset_alias_example_alias_producer_with_no_taskflow', 'dataset_alias_example_alias_consumer_with_no_taskflow', 'dataset_s3_bucket_consumer_with_no_taskflow', 'dataset_s3_bucket_producer_with_no_taskflow' retrieved from /home/rafaelrb/anaconda3/lib/python3.9/site-packages/airflow/example_dags/example_dataset_alias_with_no_taskflow.py
[2025-02-22T23:53:51.942-0500] {logging_mixin.py:190} INFO - [2025-02-22T23:53:51.942-0500] {dag.py:3239} INFO - Sync 4 DAGs
[2025-02-22T23:53:52.124-0500] {logging_mixin.py:190} INFO - [2025-02-22T23:53:52.114-0500] {dag.py:4180} INFO - Setting next_dagrun for dataset_alias_example_alias_consumer_with_no_taskflow to None, run_after=None
[2025-02-22T23:53:52.141-0500] {logging_mixin.py:190} INFO - [2025-02-22T23:53:52.131-0500] {dag.py:4180} INFO - Setting next_dagrun for dataset_alias_example_alias_producer_with_no_taskflow to None, run_after=None
[2025-02-22T23:53:52.144-0500] {logging_mixin.py:190} INFO - [2025-02-22T23:53:52.143-0500] {dag.py:4180} INFO - Setting next_dagrun for dataset_s3_bucket_consumer_with_no_taskflow to None, run_after=None
[2025-02-22T23:53:52.156-0500] {logging_mixin.py:190} INFO - [2025-02-22T23:53:52.146-0500] {dag.py:4180} INFO - Setting next_dagrun for dataset_s3_bucket_producer_with_no_taskflow to None, run_after=None
[2025-02-22T23:53:52.308-0500] {processor.py:208} INFO - Processing /home/rafaelrb/anaconda3/lib/python3.9/site-packages/airflow/example_dags/example_dataset_alias_with_no_taskflow.py took 0.828 seconds
[2025-02-22T23:54:55.224-0500] {processor.py:186} INFO - Started process (PID=30123) to work on /home/rafaelrb/anaconda3/lib/python3.9/site-packages/airflow/example_dags/example_dataset_alias_with_no_taskflow.py
[2025-02-22T23:54:55.226-0500] {processor.py:914} INFO - Processing file /home/rafaelrb/anaconda3/lib/python3.9/site-packages/airflow/example_dags/example_dataset_alias_with_no_taskflow.py for tasks to queue
[2025-02-22T23:54:55.229-0500] {logging_mixin.py:190} INFO - [2025-02-22T23:54:55.228-0500] {dagbag.py:588} INFO - Filling up the DagBag from /home/rafaelrb/anaconda3/lib/python3.9/site-packages/airflow/example_dags/example_dataset_alias_with_no_taskflow.py
[2025-02-22T23:54:55.264-0500] {processor.py:925} INFO - DAG(s) 'dataset_s3_bucket_producer_with_no_taskflow', 'dataset_s3_bucket_consumer_with_no_taskflow', 'dataset_alias_example_alias_producer_with_no_taskflow', 'dataset_alias_example_alias_consumer_with_no_taskflow' retrieved from /home/rafaelrb/anaconda3/lib/python3.9/site-packages/airflow/example_dags/example_dataset_alias_with_no_taskflow.py
[2025-02-22T23:54:55.303-0500] {logging_mixin.py:190} INFO - [2025-02-22T23:54:55.303-0500] {dag.py:3239} INFO - Sync 4 DAGs
[2025-02-22T23:54:55.332-0500] {logging_mixin.py:190} INFO - [2025-02-22T23:54:55.331-0500] {dag.py:4180} INFO - Setting next_dagrun for dataset_alias_example_alias_consumer_with_no_taskflow to None, run_after=None
[2025-02-22T23:54:55.334-0500] {logging_mixin.py:190} INFO - [2025-02-22T23:54:55.334-0500] {dag.py:4180} INFO - Setting next_dagrun for dataset_alias_example_alias_producer_with_no_taskflow to None, run_after=None
[2025-02-22T23:54:55.335-0500] {logging_mixin.py:190} INFO - [2025-02-22T23:54:55.335-0500] {dag.py:4180} INFO - Setting next_dagrun for dataset_s3_bucket_consumer_with_no_taskflow to None, run_after=None
[2025-02-22T23:54:55.337-0500] {logging_mixin.py:190} INFO - [2025-02-22T23:54:55.337-0500] {dag.py:4180} INFO - Setting next_dagrun for dataset_s3_bucket_producer_with_no_taskflow to None, run_after=None
[2025-02-22T23:54:55.392-0500] {processor.py:208} INFO - Processing /home/rafaelrb/anaconda3/lib/python3.9/site-packages/airflow/example_dags/example_dataset_alias_with_no_taskflow.py took 0.179 seconds
[2025-02-22T23:58:09.219-0500] {processor.py:186} INFO - Started process (PID=30695) to work on /home/rafaelrb/anaconda3/lib/python3.9/site-packages/airflow/example_dags/example_dataset_alias_with_no_taskflow.py
[2025-02-22T23:58:09.222-0500] {processor.py:914} INFO - Processing file /home/rafaelrb/anaconda3/lib/python3.9/site-packages/airflow/example_dags/example_dataset_alias_with_no_taskflow.py for tasks to queue
[2025-02-22T23:58:09.225-0500] {logging_mixin.py:190} INFO - [2025-02-22T23:58:09.224-0500] {dagbag.py:588} INFO - Filling up the DagBag from /home/rafaelrb/anaconda3/lib/python3.9/site-packages/airflow/example_dags/example_dataset_alias_with_no_taskflow.py
[2025-02-22T23:58:09.256-0500] {processor.py:925} INFO - DAG(s) 'dataset_s3_bucket_consumer_with_no_taskflow', 'dataset_alias_example_alias_producer_with_no_taskflow', 'dataset_s3_bucket_producer_with_no_taskflow', 'dataset_alias_example_alias_consumer_with_no_taskflow' retrieved from /home/rafaelrb/anaconda3/lib/python3.9/site-packages/airflow/example_dags/example_dataset_alias_with_no_taskflow.py
[2025-02-22T23:58:09.280-0500] {logging_mixin.py:190} INFO - [2025-02-22T23:58:09.280-0500] {dag.py:3239} INFO - Sync 4 DAGs
[2025-02-22T23:58:09.307-0500] {logging_mixin.py:190} INFO - [2025-02-22T23:58:09.306-0500] {dag.py:4180} INFO - Setting next_dagrun for dataset_alias_example_alias_consumer_with_no_taskflow to None, run_after=None
[2025-02-22T23:58:09.310-0500] {logging_mixin.py:190} INFO - [2025-02-22T23:58:09.310-0500] {dag.py:4180} INFO - Setting next_dagrun for dataset_alias_example_alias_producer_with_no_taskflow to None, run_after=None
[2025-02-22T23:58:09.312-0500] {logging_mixin.py:190} INFO - [2025-02-22T23:58:09.311-0500] {dag.py:4180} INFO - Setting next_dagrun for dataset_s3_bucket_consumer_with_no_taskflow to None, run_after=None
[2025-02-22T23:58:09.313-0500] {logging_mixin.py:190} INFO - [2025-02-22T23:58:09.313-0500] {dag.py:4180} INFO - Setting next_dagrun for dataset_s3_bucket_producer_with_no_taskflow to None, run_after=None
[2025-02-22T23:58:09.353-0500] {processor.py:208} INFO - Processing /home/rafaelrb/anaconda3/lib/python3.9/site-packages/airflow/example_dags/example_dataset_alias_with_no_taskflow.py took 0.143 seconds
[2025-02-22T23:59:14.062-0500] {processor.py:186} INFO - Started process (PID=31109) to work on /home/rafaelrb/anaconda3/lib/python3.9/site-packages/airflow/example_dags/example_dataset_alias_with_no_taskflow.py
[2025-02-22T23:59:14.064-0500] {processor.py:914} INFO - Processing file /home/rafaelrb/anaconda3/lib/python3.9/site-packages/airflow/example_dags/example_dataset_alias_with_no_taskflow.py for tasks to queue
[2025-02-22T23:59:14.067-0500] {logging_mixin.py:190} INFO - [2025-02-22T23:59:14.066-0500] {dagbag.py:588} INFO - Filling up the DagBag from /home/rafaelrb/anaconda3/lib/python3.9/site-packages/airflow/example_dags/example_dataset_alias_with_no_taskflow.py
[2025-02-22T23:59:14.098-0500] {processor.py:925} INFO - DAG(s) 'dataset_alias_example_alias_producer_with_no_taskflow', 'dataset_alias_example_alias_consumer_with_no_taskflow', 'dataset_s3_bucket_consumer_with_no_taskflow', 'dataset_s3_bucket_producer_with_no_taskflow' retrieved from /home/rafaelrb/anaconda3/lib/python3.9/site-packages/airflow/example_dags/example_dataset_alias_with_no_taskflow.py
[2025-02-22T23:59:14.123-0500] {logging_mixin.py:190} INFO - [2025-02-22T23:59:14.123-0500] {dag.py:3239} INFO - Sync 4 DAGs
[2025-02-22T23:59:14.148-0500] {logging_mixin.py:190} INFO - [2025-02-22T23:59:14.148-0500] {dag.py:4180} INFO - Setting next_dagrun for dataset_alias_example_alias_consumer_with_no_taskflow to None, run_after=None
[2025-02-22T23:59:14.151-0500] {logging_mixin.py:190} INFO - [2025-02-22T23:59:14.151-0500] {dag.py:4180} INFO - Setting next_dagrun for dataset_alias_example_alias_producer_with_no_taskflow to None, run_after=None
[2025-02-22T23:59:14.153-0500] {logging_mixin.py:190} INFO - [2025-02-22T23:59:14.152-0500] {dag.py:4180} INFO - Setting next_dagrun for dataset_s3_bucket_consumer_with_no_taskflow to None, run_after=None
[2025-02-22T23:59:14.154-0500] {logging_mixin.py:190} INFO - [2025-02-22T23:59:14.154-0500] {dag.py:4180} INFO - Setting next_dagrun for dataset_s3_bucket_producer_with_no_taskflow to None, run_after=None
[2025-02-22T23:59:14.196-0500] {processor.py:208} INFO - Processing /home/rafaelrb/anaconda3/lib/python3.9/site-packages/airflow/example_dags/example_dataset_alias_with_no_taskflow.py took 0.143 seconds
[2025-02-23T00:00:37.206-0500] {processor.py:186} INFO - Started process (PID=31688) to work on /home/rafaelrb/anaconda3/lib/python3.9/site-packages/airflow/example_dags/example_dataset_alias_with_no_taskflow.py
[2025-02-23T00:00:37.210-0500] {processor.py:914} INFO - Processing file /home/rafaelrb/anaconda3/lib/python3.9/site-packages/airflow/example_dags/example_dataset_alias_with_no_taskflow.py for tasks to queue
[2025-02-23T00:00:37.214-0500] {logging_mixin.py:190} INFO - [2025-02-23T00:00:37.214-0500] {dagbag.py:588} INFO - Filling up the DagBag from /home/rafaelrb/anaconda3/lib/python3.9/site-packages/airflow/example_dags/example_dataset_alias_with_no_taskflow.py
[2025-02-23T00:00:37.252-0500] {processor.py:925} INFO - DAG(s) 'dataset_alias_example_alias_consumer_with_no_taskflow', 'dataset_alias_example_alias_producer_with_no_taskflow', 'dataset_s3_bucket_producer_with_no_taskflow', 'dataset_s3_bucket_consumer_with_no_taskflow' retrieved from /home/rafaelrb/anaconda3/lib/python3.9/site-packages/airflow/example_dags/example_dataset_alias_with_no_taskflow.py
[2025-02-23T00:00:37.299-0500] {logging_mixin.py:190} INFO - [2025-02-23T00:00:37.298-0500] {dag.py:3239} INFO - Sync 4 DAGs
[2025-02-23T00:00:37.327-0500] {logging_mixin.py:190} INFO - [2025-02-23T00:00:37.327-0500] {dag.py:4180} INFO - Setting next_dagrun for dataset_alias_example_alias_consumer_with_no_taskflow to None, run_after=None
[2025-02-23T00:00:37.331-0500] {logging_mixin.py:190} INFO - [2025-02-23T00:00:37.330-0500] {dag.py:4180} INFO - Setting next_dagrun for dataset_alias_example_alias_producer_with_no_taskflow to None, run_after=None
[2025-02-23T00:00:37.333-0500] {logging_mixin.py:190} INFO - [2025-02-23T00:00:37.332-0500] {dag.py:4180} INFO - Setting next_dagrun for dataset_s3_bucket_consumer_with_no_taskflow to None, run_after=None
[2025-02-23T00:00:37.334-0500] {logging_mixin.py:190} INFO - [2025-02-23T00:00:37.334-0500] {dag.py:4180} INFO - Setting next_dagrun for dataset_s3_bucket_producer_with_no_taskflow to None, run_after=None
[2025-02-23T00:00:37.376-0500] {processor.py:208} INFO - Processing /home/rafaelrb/anaconda3/lib/python3.9/site-packages/airflow/example_dags/example_dataset_alias_with_no_taskflow.py took 0.181 seconds
[2025-02-23T00:01:38.986-0500] {processor.py:186} INFO - Started process (PID=32115) to work on /home/rafaelrb/anaconda3/lib/python3.9/site-packages/airflow/example_dags/example_dataset_alias_with_no_taskflow.py
[2025-02-23T00:01:38.988-0500] {processor.py:914} INFO - Processing file /home/rafaelrb/anaconda3/lib/python3.9/site-packages/airflow/example_dags/example_dataset_alias_with_no_taskflow.py for tasks to queue
[2025-02-23T00:01:38.991-0500] {logging_mixin.py:190} INFO - [2025-02-23T00:01:38.990-0500] {dagbag.py:588} INFO - Filling up the DagBag from /home/rafaelrb/anaconda3/lib/python3.9/site-packages/airflow/example_dags/example_dataset_alias_with_no_taskflow.py
[2025-02-23T00:01:39.020-0500] {processor.py:925} INFO - DAG(s) 'dataset_alias_example_alias_consumer_with_no_taskflow', 'dataset_s3_bucket_producer_with_no_taskflow', 'dataset_s3_bucket_consumer_with_no_taskflow', 'dataset_alias_example_alias_producer_with_no_taskflow' retrieved from /home/rafaelrb/anaconda3/lib/python3.9/site-packages/airflow/example_dags/example_dataset_alias_with_no_taskflow.py
[2025-02-23T00:01:39.045-0500] {logging_mixin.py:190} INFO - [2025-02-23T00:01:39.045-0500] {dag.py:3239} INFO - Sync 4 DAGs
[2025-02-23T00:01:39.070-0500] {logging_mixin.py:190} INFO - [2025-02-23T00:01:39.070-0500] {dag.py:4180} INFO - Setting next_dagrun for dataset_alias_example_alias_consumer_with_no_taskflow to None, run_after=None
[2025-02-23T00:01:39.073-0500] {logging_mixin.py:190} INFO - [2025-02-23T00:01:39.073-0500] {dag.py:4180} INFO - Setting next_dagrun for dataset_alias_example_alias_producer_with_no_taskflow to None, run_after=None
[2025-02-23T00:01:39.074-0500] {logging_mixin.py:190} INFO - [2025-02-23T00:01:39.074-0500] {dag.py:4180} INFO - Setting next_dagrun for dataset_s3_bucket_consumer_with_no_taskflow to None, run_after=None
[2025-02-23T00:01:39.076-0500] {logging_mixin.py:190} INFO - [2025-02-23T00:01:39.075-0500] {dag.py:4180} INFO - Setting next_dagrun for dataset_s3_bucket_producer_with_no_taskflow to None, run_after=None
[2025-02-23T00:01:39.113-0500] {processor.py:208} INFO - Processing /home/rafaelrb/anaconda3/lib/python3.9/site-packages/airflow/example_dags/example_dataset_alias_with_no_taskflow.py took 0.135 seconds
[2025-02-23T00:11:17.662-0500] {processor.py:186} INFO - Started process (PID=34421) to work on /home/rafaelrb/anaconda3/lib/python3.9/site-packages/airflow/example_dags/example_dataset_alias_with_no_taskflow.py
[2025-02-23T00:11:17.669-0500] {processor.py:914} INFO - Processing file /home/rafaelrb/anaconda3/lib/python3.9/site-packages/airflow/example_dags/example_dataset_alias_with_no_taskflow.py for tasks to queue
[2025-02-23T00:11:17.672-0500] {logging_mixin.py:190} INFO - [2025-02-23T00:11:17.671-0500] {dagbag.py:588} INFO - Filling up the DagBag from /home/rafaelrb/anaconda3/lib/python3.9/site-packages/airflow/example_dags/example_dataset_alias_with_no_taskflow.py
[2025-02-23T00:11:17.701-0500] {processor.py:925} INFO - DAG(s) 'dataset_alias_example_alias_producer_with_no_taskflow', 'dataset_s3_bucket_producer_with_no_taskflow', 'dataset_alias_example_alias_consumer_with_no_taskflow', 'dataset_s3_bucket_consumer_with_no_taskflow' retrieved from /home/rafaelrb/anaconda3/lib/python3.9/site-packages/airflow/example_dags/example_dataset_alias_with_no_taskflow.py
[2025-02-23T00:11:17.733-0500] {logging_mixin.py:190} INFO - [2025-02-23T00:11:17.732-0500] {dag.py:3239} INFO - Sync 4 DAGs
[2025-02-23T00:11:17.758-0500] {logging_mixin.py:190} INFO - [2025-02-23T00:11:17.758-0500] {dag.py:4180} INFO - Setting next_dagrun for dataset_alias_example_alias_consumer_with_no_taskflow to None, run_after=None
[2025-02-23T00:11:17.761-0500] {logging_mixin.py:190} INFO - [2025-02-23T00:11:17.760-0500] {dag.py:4180} INFO - Setting next_dagrun for dataset_alias_example_alias_producer_with_no_taskflow to None, run_after=None
[2025-02-23T00:11:17.762-0500] {logging_mixin.py:190} INFO - [2025-02-23T00:11:17.762-0500] {dag.py:4180} INFO - Setting next_dagrun for dataset_s3_bucket_consumer_with_no_taskflow to None, run_after=None
[2025-02-23T00:11:17.763-0500] {logging_mixin.py:190} INFO - [2025-02-23T00:11:17.763-0500] {dag.py:4180} INFO - Setting next_dagrun for dataset_s3_bucket_producer_with_no_taskflow to None, run_after=None
[2025-02-23T00:11:17.795-0500] {processor.py:208} INFO - Processing /home/rafaelrb/anaconda3/lib/python3.9/site-packages/airflow/example_dags/example_dataset_alias_with_no_taskflow.py took 0.142 seconds
[2025-02-23T00:12:19.345-0500] {processor.py:186} INFO - Started process (PID=34513) to work on /home/rafaelrb/anaconda3/lib/python3.9/site-packages/airflow/example_dags/example_dataset_alias_with_no_taskflow.py
[2025-02-23T00:12:19.347-0500] {processor.py:914} INFO - Processing file /home/rafaelrb/anaconda3/lib/python3.9/site-packages/airflow/example_dags/example_dataset_alias_with_no_taskflow.py for tasks to queue
[2025-02-23T00:12:19.351-0500] {logging_mixin.py:190} INFO - [2025-02-23T00:12:19.350-0500] {dagbag.py:588} INFO - Filling up the DagBag from /home/rafaelrb/anaconda3/lib/python3.9/site-packages/airflow/example_dags/example_dataset_alias_with_no_taskflow.py
[2025-02-23T00:12:19.401-0500] {processor.py:925} INFO - DAG(s) 'dataset_alias_example_alias_consumer_with_no_taskflow', 'dataset_s3_bucket_producer_with_no_taskflow', 'dataset_alias_example_alias_producer_with_no_taskflow', 'dataset_s3_bucket_consumer_with_no_taskflow' retrieved from /home/rafaelrb/anaconda3/lib/python3.9/site-packages/airflow/example_dags/example_dataset_alias_with_no_taskflow.py
[2025-02-23T00:12:19.438-0500] {logging_mixin.py:190} INFO - [2025-02-23T00:12:19.438-0500] {dag.py:3239} INFO - Sync 4 DAGs
[2025-02-23T00:12:19.467-0500] {logging_mixin.py:190} INFO - [2025-02-23T00:12:19.467-0500] {dag.py:4180} INFO - Setting next_dagrun for dataset_alias_example_alias_consumer_with_no_taskflow to None, run_after=None
[2025-02-23T00:12:19.470-0500] {logging_mixin.py:190} INFO - [2025-02-23T00:12:19.470-0500] {dag.py:4180} INFO - Setting next_dagrun for dataset_alias_example_alias_producer_with_no_taskflow to None, run_after=None
[2025-02-23T00:12:19.471-0500] {logging_mixin.py:190} INFO - [2025-02-23T00:12:19.471-0500] {dag.py:4180} INFO - Setting next_dagrun for dataset_s3_bucket_consumer_with_no_taskflow to None, run_after=None
[2025-02-23T00:12:19.473-0500] {logging_mixin.py:190} INFO - [2025-02-23T00:12:19.472-0500] {dag.py:4180} INFO - Setting next_dagrun for dataset_s3_bucket_producer_with_no_taskflow to None, run_after=None
[2025-02-23T00:12:19.504-0500] {processor.py:208} INFO - Processing /home/rafaelrb/anaconda3/lib/python3.9/site-packages/airflow/example_dags/example_dataset_alias_with_no_taskflow.py took 0.170 seconds
[2025-02-23T00:13:31.507-0500] {processor.py:186} INFO - Started process (PID=34618) to work on /home/rafaelrb/anaconda3/lib/python3.9/site-packages/airflow/example_dags/example_dataset_alias_with_no_taskflow.py
[2025-02-23T00:13:31.513-0500] {processor.py:914} INFO - Processing file /home/rafaelrb/anaconda3/lib/python3.9/site-packages/airflow/example_dags/example_dataset_alias_with_no_taskflow.py for tasks to queue
[2025-02-23T00:13:31.516-0500] {logging_mixin.py:190} INFO - [2025-02-23T00:13:31.516-0500] {dagbag.py:588} INFO - Filling up the DagBag from /home/rafaelrb/anaconda3/lib/python3.9/site-packages/airflow/example_dags/example_dataset_alias_with_no_taskflow.py
[2025-02-23T00:13:31.543-0500] {processor.py:925} INFO - DAG(s) 'dataset_alias_example_alias_consumer_with_no_taskflow', 'dataset_s3_bucket_producer_with_no_taskflow', 'dataset_alias_example_alias_producer_with_no_taskflow', 'dataset_s3_bucket_consumer_with_no_taskflow' retrieved from /home/rafaelrb/anaconda3/lib/python3.9/site-packages/airflow/example_dags/example_dataset_alias_with_no_taskflow.py
[2025-02-23T00:13:31.565-0500] {logging_mixin.py:190} INFO - [2025-02-23T00:13:31.565-0500] {dag.py:3239} INFO - Sync 4 DAGs
[2025-02-23T00:13:31.588-0500] {logging_mixin.py:190} INFO - [2025-02-23T00:13:31.588-0500] {dag.py:4180} INFO - Setting next_dagrun for dataset_alias_example_alias_consumer_with_no_taskflow to None, run_after=None
[2025-02-23T00:13:31.591-0500] {logging_mixin.py:190} INFO - [2025-02-23T00:13:31.591-0500] {dag.py:4180} INFO - Setting next_dagrun for dataset_alias_example_alias_producer_with_no_taskflow to None, run_after=None
[2025-02-23T00:13:31.592-0500] {logging_mixin.py:190} INFO - [2025-02-23T00:13:31.592-0500] {dag.py:4180} INFO - Setting next_dagrun for dataset_s3_bucket_consumer_with_no_taskflow to None, run_after=None
[2025-02-23T00:13:31.593-0500] {logging_mixin.py:190} INFO - [2025-02-23T00:13:31.593-0500] {dag.py:4180} INFO - Setting next_dagrun for dataset_s3_bucket_producer_with_no_taskflow to None, run_after=None
[2025-02-23T00:13:31.628-0500] {processor.py:208} INFO - Processing /home/rafaelrb/anaconda3/lib/python3.9/site-packages/airflow/example_dags/example_dataset_alias_with_no_taskflow.py took 0.130 seconds
[2025-02-23T00:14:29.090-0500] {processor.py:186} INFO - Started process (PID=34695) to work on /home/rafaelrb/anaconda3/lib/python3.9/site-packages/airflow/example_dags/example_dataset_alias_with_no_taskflow.py
[2025-02-23T00:14:29.092-0500] {processor.py:914} INFO - Processing file /home/rafaelrb/anaconda3/lib/python3.9/site-packages/airflow/example_dags/example_dataset_alias_with_no_taskflow.py for tasks to queue
[2025-02-23T00:14:29.096-0500] {logging_mixin.py:190} INFO - [2025-02-23T00:14:29.095-0500] {dagbag.py:588} INFO - Filling up the DagBag from /home/rafaelrb/anaconda3/lib/python3.9/site-packages/airflow/example_dags/example_dataset_alias_with_no_taskflow.py
[2025-02-23T00:14:29.127-0500] {processor.py:925} INFO - DAG(s) 'dataset_alias_example_alias_producer_with_no_taskflow', 'dataset_s3_bucket_producer_with_no_taskflow', 'dataset_alias_example_alias_consumer_with_no_taskflow', 'dataset_s3_bucket_consumer_with_no_taskflow' retrieved from /home/rafaelrb/anaconda3/lib/python3.9/site-packages/airflow/example_dags/example_dataset_alias_with_no_taskflow.py
[2025-02-23T00:14:29.157-0500] {logging_mixin.py:190} INFO - [2025-02-23T00:14:29.157-0500] {dag.py:3239} INFO - Sync 4 DAGs
[2025-02-23T00:14:29.184-0500] {logging_mixin.py:190} INFO - [2025-02-23T00:14:29.184-0500] {dag.py:4180} INFO - Setting next_dagrun for dataset_alias_example_alias_consumer_with_no_taskflow to None, run_after=None
[2025-02-23T00:14:29.187-0500] {logging_mixin.py:190} INFO - [2025-02-23T00:14:29.186-0500] {dag.py:4180} INFO - Setting next_dagrun for dataset_alias_example_alias_producer_with_no_taskflow to None, run_after=None
[2025-02-23T00:14:29.188-0500] {logging_mixin.py:190} INFO - [2025-02-23T00:14:29.188-0500] {dag.py:4180} INFO - Setting next_dagrun for dataset_s3_bucket_consumer_with_no_taskflow to None, run_after=None
[2025-02-23T00:14:29.189-0500] {logging_mixin.py:190} INFO - [2025-02-23T00:14:29.189-0500] {dag.py:4180} INFO - Setting next_dagrun for dataset_s3_bucket_producer_with_no_taskflow to None, run_after=None
[2025-02-23T00:14:29.281-0500] {processor.py:208} INFO - Processing /home/rafaelrb/anaconda3/lib/python3.9/site-packages/airflow/example_dags/example_dataset_alias_with_no_taskflow.py took 0.199 seconds
[2025-02-23T00:15:39.558-0500] {processor.py:186} INFO - Started process (PID=34791) to work on /home/rafaelrb/anaconda3/lib/python3.9/site-packages/airflow/example_dags/example_dataset_alias_with_no_taskflow.py
[2025-02-23T00:15:39.565-0500] {processor.py:914} INFO - Processing file /home/rafaelrb/anaconda3/lib/python3.9/site-packages/airflow/example_dags/example_dataset_alias_with_no_taskflow.py for tasks to queue
[2025-02-23T00:15:39.568-0500] {logging_mixin.py:190} INFO - [2025-02-23T00:15:39.568-0500] {dagbag.py:588} INFO - Filling up the DagBag from /home/rafaelrb/anaconda3/lib/python3.9/site-packages/airflow/example_dags/example_dataset_alias_with_no_taskflow.py
[2025-02-23T00:15:39.596-0500] {processor.py:925} INFO - DAG(s) 'dataset_s3_bucket_producer_with_no_taskflow', 'dataset_alias_example_alias_producer_with_no_taskflow', 'dataset_s3_bucket_consumer_with_no_taskflow', 'dataset_alias_example_alias_consumer_with_no_taskflow' retrieved from /home/rafaelrb/anaconda3/lib/python3.9/site-packages/airflow/example_dags/example_dataset_alias_with_no_taskflow.py
[2025-02-23T00:15:39.628-0500] {logging_mixin.py:190} INFO - [2025-02-23T00:15:39.628-0500] {dag.py:3239} INFO - Sync 4 DAGs
[2025-02-23T00:15:39.655-0500] {logging_mixin.py:190} INFO - [2025-02-23T00:15:39.655-0500] {dag.py:4180} INFO - Setting next_dagrun for dataset_alias_example_alias_consumer_with_no_taskflow to None, run_after=None
[2025-02-23T00:15:39.658-0500] {logging_mixin.py:190} INFO - [2025-02-23T00:15:39.658-0500] {dag.py:4180} INFO - Setting next_dagrun for dataset_alias_example_alias_producer_with_no_taskflow to None, run_after=None
[2025-02-23T00:15:39.659-0500] {logging_mixin.py:190} INFO - [2025-02-23T00:15:39.659-0500] {dag.py:4180} INFO - Setting next_dagrun for dataset_s3_bucket_consumer_with_no_taskflow to None, run_after=None
[2025-02-23T00:15:39.661-0500] {logging_mixin.py:190} INFO - [2025-02-23T00:15:39.660-0500] {dag.py:4180} INFO - Setting next_dagrun for dataset_s3_bucket_producer_with_no_taskflow to None, run_after=None
[2025-02-23T00:15:39.701-0500] {processor.py:208} INFO - Processing /home/rafaelrb/anaconda3/lib/python3.9/site-packages/airflow/example_dags/example_dataset_alias_with_no_taskflow.py took 0.152 seconds
[2025-02-23T00:16:40.654-0500] {processor.py:186} INFO - Started process (PID=34889) to work on /home/rafaelrb/anaconda3/lib/python3.9/site-packages/airflow/example_dags/example_dataset_alias_with_no_taskflow.py
[2025-02-23T00:16:40.663-0500] {processor.py:914} INFO - Processing file /home/rafaelrb/anaconda3/lib/python3.9/site-packages/airflow/example_dags/example_dataset_alias_with_no_taskflow.py for tasks to queue
[2025-02-23T00:16:40.669-0500] {logging_mixin.py:190} INFO - [2025-02-23T00:16:40.668-0500] {dagbag.py:588} INFO - Filling up the DagBag from /home/rafaelrb/anaconda3/lib/python3.9/site-packages/airflow/example_dags/example_dataset_alias_with_no_taskflow.py
[2025-02-23T00:16:40.708-0500] {processor.py:925} INFO - DAG(s) 'dataset_alias_example_alias_consumer_with_no_taskflow', 'dataset_s3_bucket_consumer_with_no_taskflow', 'dataset_alias_example_alias_producer_with_no_taskflow', 'dataset_s3_bucket_producer_with_no_taskflow' retrieved from /home/rafaelrb/anaconda3/lib/python3.9/site-packages/airflow/example_dags/example_dataset_alias_with_no_taskflow.py
[2025-02-23T00:16:40.743-0500] {logging_mixin.py:190} INFO - [2025-02-23T00:16:40.743-0500] {dag.py:3239} INFO - Sync 4 DAGs
[2025-02-23T00:16:40.785-0500] {logging_mixin.py:190} INFO - [2025-02-23T00:16:40.784-0500] {dag.py:4180} INFO - Setting next_dagrun for dataset_alias_example_alias_consumer_with_no_taskflow to None, run_after=None
[2025-02-23T00:16:40.799-0500] {logging_mixin.py:190} INFO - [2025-02-23T00:16:40.799-0500] {dag.py:4180} INFO - Setting next_dagrun for dataset_alias_example_alias_producer_with_no_taskflow to None, run_after=None
[2025-02-23T00:16:40.801-0500] {logging_mixin.py:190} INFO - [2025-02-23T00:16:40.801-0500] {dag.py:4180} INFO - Setting next_dagrun for dataset_s3_bucket_consumer_with_no_taskflow to None, run_after=None
[2025-02-23T00:16:40.814-0500] {logging_mixin.py:190} INFO - [2025-02-23T00:16:40.814-0500] {dag.py:4180} INFO - Setting next_dagrun for dataset_s3_bucket_producer_with_no_taskflow to None, run_after=None
[2025-02-23T00:16:40.871-0500] {processor.py:208} INFO - Processing /home/rafaelrb/anaconda3/lib/python3.9/site-packages/airflow/example_dags/example_dataset_alias_with_no_taskflow.py took 0.230 seconds
[2025-02-23T00:17:43.905-0500] {processor.py:186} INFO - Started process (PID=34970) to work on /home/rafaelrb/anaconda3/lib/python3.9/site-packages/airflow/example_dags/example_dataset_alias_with_no_taskflow.py
[2025-02-23T00:17:43.907-0500] {processor.py:914} INFO - Processing file /home/rafaelrb/anaconda3/lib/python3.9/site-packages/airflow/example_dags/example_dataset_alias_with_no_taskflow.py for tasks to queue
[2025-02-23T00:17:43.909-0500] {logging_mixin.py:190} INFO - [2025-02-23T00:17:43.909-0500] {dagbag.py:588} INFO - Filling up the DagBag from /home/rafaelrb/anaconda3/lib/python3.9/site-packages/airflow/example_dags/example_dataset_alias_with_no_taskflow.py
[2025-02-23T00:17:43.944-0500] {processor.py:925} INFO - DAG(s) 'dataset_alias_example_alias_consumer_with_no_taskflow', 'dataset_s3_bucket_consumer_with_no_taskflow', 'dataset_alias_example_alias_producer_with_no_taskflow', 'dataset_s3_bucket_producer_with_no_taskflow' retrieved from /home/rafaelrb/anaconda3/lib/python3.9/site-packages/airflow/example_dags/example_dataset_alias_with_no_taskflow.py
[2025-02-23T00:17:43.991-0500] {logging_mixin.py:190} INFO - [2025-02-23T00:17:43.991-0500] {dag.py:3239} INFO - Sync 4 DAGs
[2025-02-23T00:17:44.089-0500] {logging_mixin.py:190} INFO - [2025-02-23T00:17:44.087-0500] {dag.py:4180} INFO - Setting next_dagrun for dataset_alias_example_alias_consumer_with_no_taskflow to None, run_after=None
[2025-02-23T00:17:44.096-0500] {logging_mixin.py:190} INFO - [2025-02-23T00:17:44.096-0500] {dag.py:4180} INFO - Setting next_dagrun for dataset_alias_example_alias_producer_with_no_taskflow to None, run_after=None
[2025-02-23T00:17:44.104-0500] {logging_mixin.py:190} INFO - [2025-02-23T00:17:44.103-0500] {dag.py:4180} INFO - Setting next_dagrun for dataset_s3_bucket_consumer_with_no_taskflow to None, run_after=None
[2025-02-23T00:17:44.107-0500] {logging_mixin.py:190} INFO - [2025-02-23T00:17:44.107-0500] {dag.py:4180} INFO - Setting next_dagrun for dataset_s3_bucket_producer_with_no_taskflow to None, run_after=None
[2025-02-23T00:17:44.267-0500] {processor.py:208} INFO - Processing /home/rafaelrb/anaconda3/lib/python3.9/site-packages/airflow/example_dags/example_dataset_alias_with_no_taskflow.py took 0.371 seconds
[2025-02-23T00:18:43.898-0500] {processor.py:186} INFO - Started process (PID=35036) to work on /home/rafaelrb/anaconda3/lib/python3.9/site-packages/airflow/example_dags/example_dataset_alias_with_no_taskflow.py
[2025-02-23T00:18:43.905-0500] {processor.py:914} INFO - Processing file /home/rafaelrb/anaconda3/lib/python3.9/site-packages/airflow/example_dags/example_dataset_alias_with_no_taskflow.py for tasks to queue
[2025-02-23T00:18:43.908-0500] {logging_mixin.py:190} INFO - [2025-02-23T00:18:43.907-0500] {dagbag.py:588} INFO - Filling up the DagBag from /home/rafaelrb/anaconda3/lib/python3.9/site-packages/airflow/example_dags/example_dataset_alias_with_no_taskflow.py
[2025-02-23T00:18:43.935-0500] {processor.py:925} INFO - DAG(s) 'dataset_s3_bucket_producer_with_no_taskflow', 'dataset_alias_example_alias_producer_with_no_taskflow', 'dataset_alias_example_alias_consumer_with_no_taskflow', 'dataset_s3_bucket_consumer_with_no_taskflow' retrieved from /home/rafaelrb/anaconda3/lib/python3.9/site-packages/airflow/example_dags/example_dataset_alias_with_no_taskflow.py
[2025-02-23T00:18:43.960-0500] {logging_mixin.py:190} INFO - [2025-02-23T00:18:43.960-0500] {dag.py:3239} INFO - Sync 4 DAGs
[2025-02-23T00:18:43.986-0500] {logging_mixin.py:190} INFO - [2025-02-23T00:18:43.986-0500] {dag.py:4180} INFO - Setting next_dagrun for dataset_alias_example_alias_consumer_with_no_taskflow to None, run_after=None
[2025-02-23T00:18:43.989-0500] {logging_mixin.py:190} INFO - [2025-02-23T00:18:43.989-0500] {dag.py:4180} INFO - Setting next_dagrun for dataset_alias_example_alias_producer_with_no_taskflow to None, run_after=None
[2025-02-23T00:18:43.991-0500] {logging_mixin.py:190} INFO - [2025-02-23T00:18:43.991-0500] {dag.py:4180} INFO - Setting next_dagrun for dataset_s3_bucket_consumer_with_no_taskflow to None, run_after=None
[2025-02-23T00:18:43.992-0500] {logging_mixin.py:190} INFO - [2025-02-23T00:18:43.992-0500] {dag.py:4180} INFO - Setting next_dagrun for dataset_s3_bucket_producer_with_no_taskflow to None, run_after=None
[2025-02-23T00:18:44.030-0500] {processor.py:208} INFO - Processing /home/rafaelrb/anaconda3/lib/python3.9/site-packages/airflow/example_dags/example_dataset_alias_with_no_taskflow.py took 0.142 seconds
[2025-02-23T00:21:59.506-0500] {processor.py:186} INFO - Started process (PID=35176) to work on /home/rafaelrb/anaconda3/lib/python3.9/site-packages/airflow/example_dags/example_dataset_alias_with_no_taskflow.py
[2025-02-23T00:21:59.508-0500] {processor.py:914} INFO - Processing file /home/rafaelrb/anaconda3/lib/python3.9/site-packages/airflow/example_dags/example_dataset_alias_with_no_taskflow.py for tasks to queue
[2025-02-23T00:21:59.512-0500] {logging_mixin.py:190} INFO - [2025-02-23T00:21:59.511-0500] {dagbag.py:588} INFO - Filling up the DagBag from /home/rafaelrb/anaconda3/lib/python3.9/site-packages/airflow/example_dags/example_dataset_alias_with_no_taskflow.py
[2025-02-23T00:21:59.548-0500] {processor.py:925} INFO - DAG(s) 'dataset_s3_bucket_producer_with_no_taskflow', 'dataset_s3_bucket_consumer_with_no_taskflow', 'dataset_alias_example_alias_producer_with_no_taskflow', 'dataset_alias_example_alias_consumer_with_no_taskflow' retrieved from /home/rafaelrb/anaconda3/lib/python3.9/site-packages/airflow/example_dags/example_dataset_alias_with_no_taskflow.py
[2025-02-23T00:21:59.584-0500] {logging_mixin.py:190} INFO - [2025-02-23T00:21:59.583-0500] {dag.py:3239} INFO - Sync 4 DAGs
[2025-02-23T00:21:59.608-0500] {logging_mixin.py:190} INFO - [2025-02-23T00:21:59.607-0500] {dag.py:4180} INFO - Setting next_dagrun for dataset_alias_example_alias_consumer_with_no_taskflow to None, run_after=None
[2025-02-23T00:21:59.611-0500] {logging_mixin.py:190} INFO - [2025-02-23T00:21:59.610-0500] {dag.py:4180} INFO - Setting next_dagrun for dataset_alias_example_alias_producer_with_no_taskflow to None, run_after=None
[2025-02-23T00:21:59.612-0500] {logging_mixin.py:190} INFO - [2025-02-23T00:21:59.612-0500] {dag.py:4180} INFO - Setting next_dagrun for dataset_s3_bucket_consumer_with_no_taskflow to None, run_after=None
[2025-02-23T00:21:59.613-0500] {logging_mixin.py:190} INFO - [2025-02-23T00:21:59.613-0500] {dag.py:4180} INFO - Setting next_dagrun for dataset_s3_bucket_producer_with_no_taskflow to None, run_after=None
[2025-02-23T00:21:59.644-0500] {processor.py:208} INFO - Processing /home/rafaelrb/anaconda3/lib/python3.9/site-packages/airflow/example_dags/example_dataset_alias_with_no_taskflow.py took 0.150 seconds
[2025-02-23T00:22:59.880-0500] {processor.py:186} INFO - Started process (PID=35241) to work on /home/rafaelrb/anaconda3/lib/python3.9/site-packages/airflow/example_dags/example_dataset_alias_with_no_taskflow.py
[2025-02-23T00:22:59.882-0500] {processor.py:914} INFO - Processing file /home/rafaelrb/anaconda3/lib/python3.9/site-packages/airflow/example_dags/example_dataset_alias_with_no_taskflow.py for tasks to queue
[2025-02-23T00:22:59.884-0500] {logging_mixin.py:190} INFO - [2025-02-23T00:22:59.884-0500] {dagbag.py:588} INFO - Filling up the DagBag from /home/rafaelrb/anaconda3/lib/python3.9/site-packages/airflow/example_dags/example_dataset_alias_with_no_taskflow.py
[2025-02-23T00:22:59.912-0500] {processor.py:925} INFO - DAG(s) 'dataset_s3_bucket_producer_with_no_taskflow', 'dataset_s3_bucket_consumer_with_no_taskflow', 'dataset_alias_example_alias_producer_with_no_taskflow', 'dataset_alias_example_alias_consumer_with_no_taskflow' retrieved from /home/rafaelrb/anaconda3/lib/python3.9/site-packages/airflow/example_dags/example_dataset_alias_with_no_taskflow.py
[2025-02-23T00:22:59.936-0500] {logging_mixin.py:190} INFO - [2025-02-23T00:22:59.936-0500] {dag.py:3239} INFO - Sync 4 DAGs
[2025-02-23T00:22:59.960-0500] {logging_mixin.py:190} INFO - [2025-02-23T00:22:59.960-0500] {dag.py:4180} INFO - Setting next_dagrun for dataset_alias_example_alias_consumer_with_no_taskflow to None, run_after=None
[2025-02-23T00:22:59.964-0500] {logging_mixin.py:190} INFO - [2025-02-23T00:22:59.963-0500] {dag.py:4180} INFO - Setting next_dagrun for dataset_alias_example_alias_producer_with_no_taskflow to None, run_after=None
[2025-02-23T00:22:59.965-0500] {logging_mixin.py:190} INFO - [2025-02-23T00:22:59.965-0500] {dag.py:4180} INFO - Setting next_dagrun for dataset_s3_bucket_consumer_with_no_taskflow to None, run_after=None
[2025-02-23T00:22:59.966-0500] {logging_mixin.py:190} INFO - [2025-02-23T00:22:59.966-0500] {dag.py:4180} INFO - Setting next_dagrun for dataset_s3_bucket_producer_with_no_taskflow to None, run_after=None
[2025-02-23T00:23:00.008-0500] {processor.py:208} INFO - Processing /home/rafaelrb/anaconda3/lib/python3.9/site-packages/airflow/example_dags/example_dataset_alias_with_no_taskflow.py took 0.137 seconds
[2025-02-23T00:24:01.980-0500] {processor.py:186} INFO - Started process (PID=35318) to work on /home/rafaelrb/anaconda3/lib/python3.9/site-packages/airflow/example_dags/example_dataset_alias_with_no_taskflow.py
[2025-02-23T00:24:01.982-0500] {processor.py:914} INFO - Processing file /home/rafaelrb/anaconda3/lib/python3.9/site-packages/airflow/example_dags/example_dataset_alias_with_no_taskflow.py for tasks to queue
[2025-02-23T00:24:01.988-0500] {logging_mixin.py:190} INFO - [2025-02-23T00:24:01.987-0500] {dagbag.py:588} INFO - Filling up the DagBag from /home/rafaelrb/anaconda3/lib/python3.9/site-packages/airflow/example_dags/example_dataset_alias_with_no_taskflow.py
[2025-02-23T00:24:02.051-0500] {processor.py:925} INFO - DAG(s) 'dataset_alias_example_alias_producer_with_no_taskflow', 'dataset_s3_bucket_producer_with_no_taskflow', 'dataset_alias_example_alias_consumer_with_no_taskflow', 'dataset_s3_bucket_consumer_with_no_taskflow' retrieved from /home/rafaelrb/anaconda3/lib/python3.9/site-packages/airflow/example_dags/example_dataset_alias_with_no_taskflow.py
[2025-02-23T00:24:02.112-0500] {logging_mixin.py:190} INFO - [2025-02-23T00:24:02.112-0500] {dag.py:3239} INFO - Sync 4 DAGs
[2025-02-23T00:24:02.173-0500] {logging_mixin.py:190} INFO - [2025-02-23T00:24:02.173-0500] {dag.py:4180} INFO - Setting next_dagrun for dataset_alias_example_alias_consumer_with_no_taskflow to None, run_after=None
[2025-02-23T00:24:02.181-0500] {logging_mixin.py:190} INFO - [2025-02-23T00:24:02.180-0500] {dag.py:4180} INFO - Setting next_dagrun for dataset_alias_example_alias_producer_with_no_taskflow to None, run_after=None
[2025-02-23T00:24:02.184-0500] {logging_mixin.py:190} INFO - [2025-02-23T00:24:02.183-0500] {dag.py:4180} INFO - Setting next_dagrun for dataset_s3_bucket_consumer_with_no_taskflow to None, run_after=None
[2025-02-23T00:24:02.187-0500] {logging_mixin.py:190} INFO - [2025-02-23T00:24:02.187-0500] {dag.py:4180} INFO - Setting next_dagrun for dataset_s3_bucket_producer_with_no_taskflow to None, run_after=None
[2025-02-23T00:24:02.255-0500] {processor.py:208} INFO - Processing /home/rafaelrb/anaconda3/lib/python3.9/site-packages/airflow/example_dags/example_dataset_alias_with_no_taskflow.py took 0.292 seconds
[2025-02-23T00:25:04.217-0500] {processor.py:186} INFO - Started process (PID=35390) to work on /home/rafaelrb/anaconda3/lib/python3.9/site-packages/airflow/example_dags/example_dataset_alias_with_no_taskflow.py
[2025-02-23T00:25:04.219-0500] {processor.py:914} INFO - Processing file /home/rafaelrb/anaconda3/lib/python3.9/site-packages/airflow/example_dags/example_dataset_alias_with_no_taskflow.py for tasks to queue
[2025-02-23T00:25:04.223-0500] {logging_mixin.py:190} INFO - [2025-02-23T00:25:04.222-0500] {dagbag.py:588} INFO - Filling up the DagBag from /home/rafaelrb/anaconda3/lib/python3.9/site-packages/airflow/example_dags/example_dataset_alias_with_no_taskflow.py
[2025-02-23T00:25:04.253-0500] {processor.py:925} INFO - DAG(s) 'dataset_s3_bucket_consumer_with_no_taskflow', 'dataset_s3_bucket_producer_with_no_taskflow', 'dataset_alias_example_alias_producer_with_no_taskflow', 'dataset_alias_example_alias_consumer_with_no_taskflow' retrieved from /home/rafaelrb/anaconda3/lib/python3.9/site-packages/airflow/example_dags/example_dataset_alias_with_no_taskflow.py
[2025-02-23T00:25:04.281-0500] {logging_mixin.py:190} INFO - [2025-02-23T00:25:04.280-0500] {dag.py:3239} INFO - Sync 4 DAGs
[2025-02-23T00:25:04.306-0500] {logging_mixin.py:190} INFO - [2025-02-23T00:25:04.305-0500] {dag.py:4180} INFO - Setting next_dagrun for dataset_alias_example_alias_consumer_with_no_taskflow to None, run_after=None
[2025-02-23T00:25:04.310-0500] {logging_mixin.py:190} INFO - [2025-02-23T00:25:04.309-0500] {dag.py:4180} INFO - Setting next_dagrun for dataset_alias_example_alias_producer_with_no_taskflow to None, run_after=None
[2025-02-23T00:25:04.312-0500] {logging_mixin.py:190} INFO - [2025-02-23T00:25:04.311-0500] {dag.py:4180} INFO - Setting next_dagrun for dataset_s3_bucket_consumer_with_no_taskflow to None, run_after=None
[2025-02-23T00:25:04.314-0500] {logging_mixin.py:190} INFO - [2025-02-23T00:25:04.313-0500] {dag.py:4180} INFO - Setting next_dagrun for dataset_s3_bucket_producer_with_no_taskflow to None, run_after=None
[2025-02-23T00:25:04.352-0500] {processor.py:208} INFO - Processing /home/rafaelrb/anaconda3/lib/python3.9/site-packages/airflow/example_dags/example_dataset_alias_with_no_taskflow.py took 0.144 seconds
[2025-02-23T00:26:04.021-0500] {processor.py:186} INFO - Started process (PID=35459) to work on /home/rafaelrb/anaconda3/lib/python3.9/site-packages/airflow/example_dags/example_dataset_alias_with_no_taskflow.py
[2025-02-23T00:26:04.028-0500] {processor.py:914} INFO - Processing file /home/rafaelrb/anaconda3/lib/python3.9/site-packages/airflow/example_dags/example_dataset_alias_with_no_taskflow.py for tasks to queue
[2025-02-23T00:26:04.033-0500] {logging_mixin.py:190} INFO - [2025-02-23T00:26:04.032-0500] {dagbag.py:588} INFO - Filling up the DagBag from /home/rafaelrb/anaconda3/lib/python3.9/site-packages/airflow/example_dags/example_dataset_alias_with_no_taskflow.py
[2025-02-23T00:26:04.072-0500] {processor.py:925} INFO - DAG(s) 'dataset_s3_bucket_consumer_with_no_taskflow', 'dataset_alias_example_alias_consumer_with_no_taskflow', 'dataset_alias_example_alias_producer_with_no_taskflow', 'dataset_s3_bucket_producer_with_no_taskflow' retrieved from /home/rafaelrb/anaconda3/lib/python3.9/site-packages/airflow/example_dags/example_dataset_alias_with_no_taskflow.py
[2025-02-23T00:26:04.099-0500] {logging_mixin.py:190} INFO - [2025-02-23T00:26:04.099-0500] {dag.py:3239} INFO - Sync 4 DAGs
[2025-02-23T00:26:04.125-0500] {logging_mixin.py:190} INFO - [2025-02-23T00:26:04.124-0500] {dag.py:4180} INFO - Setting next_dagrun for dataset_alias_example_alias_consumer_with_no_taskflow to None, run_after=None
[2025-02-23T00:26:04.128-0500] {logging_mixin.py:190} INFO - [2025-02-23T00:26:04.127-0500] {dag.py:4180} INFO - Setting next_dagrun for dataset_alias_example_alias_producer_with_no_taskflow to None, run_after=None
[2025-02-23T00:26:04.129-0500] {logging_mixin.py:190} INFO - [2025-02-23T00:26:04.129-0500] {dag.py:4180} INFO - Setting next_dagrun for dataset_s3_bucket_consumer_with_no_taskflow to None, run_after=None
[2025-02-23T00:26:04.131-0500] {logging_mixin.py:190} INFO - [2025-02-23T00:26:04.130-0500] {dag.py:4180} INFO - Setting next_dagrun for dataset_s3_bucket_producer_with_no_taskflow to None, run_after=None
[2025-02-23T00:26:04.168-0500] {processor.py:208} INFO - Processing /home/rafaelrb/anaconda3/lib/python3.9/site-packages/airflow/example_dags/example_dataset_alias_with_no_taskflow.py took 0.155 seconds
[2025-02-23T02:32:09.326-0500] {processor.py:186} INFO - Started process (PID=76235) to work on /home/rafaelrb/anaconda3/lib/python3.9/site-packages/airflow/example_dags/example_dataset_alias_with_no_taskflow.py
[2025-02-23T02:32:09.332-0500] {processor.py:914} INFO - Processing file /home/rafaelrb/anaconda3/lib/python3.9/site-packages/airflow/example_dags/example_dataset_alias_with_no_taskflow.py for tasks to queue
[2025-02-23T02:32:09.335-0500] {logging_mixin.py:190} INFO - [2025-02-23T02:32:09.335-0500] {dagbag.py:588} INFO - Filling up the DagBag from /home/rafaelrb/anaconda3/lib/python3.9/site-packages/airflow/example_dags/example_dataset_alias_with_no_taskflow.py
[2025-02-23T02:32:09.364-0500] {processor.py:925} INFO - DAG(s) 'dataset_alias_example_alias_producer_with_no_taskflow', 'dataset_alias_example_alias_consumer_with_no_taskflow', 'dataset_s3_bucket_consumer_with_no_taskflow', 'dataset_s3_bucket_producer_with_no_taskflow' retrieved from /home/rafaelrb/anaconda3/lib/python3.9/site-packages/airflow/example_dags/example_dataset_alias_with_no_taskflow.py
[2025-02-23T02:32:09.391-0500] {logging_mixin.py:190} INFO - [2025-02-23T02:32:09.391-0500] {dag.py:3239} INFO - Sync 4 DAGs
[2025-02-23T02:32:09.420-0500] {logging_mixin.py:190} INFO - [2025-02-23T02:32:09.420-0500] {dag.py:4180} INFO - Setting next_dagrun for dataset_alias_example_alias_consumer_with_no_taskflow to None, run_after=None
[2025-02-23T02:32:09.423-0500] {logging_mixin.py:190} INFO - [2025-02-23T02:32:09.423-0500] {dag.py:4180} INFO - Setting next_dagrun for dataset_alias_example_alias_producer_with_no_taskflow to None, run_after=None
[2025-02-23T02:32:09.425-0500] {logging_mixin.py:190} INFO - [2025-02-23T02:32:09.424-0500] {dag.py:4180} INFO - Setting next_dagrun for dataset_s3_bucket_consumer_with_no_taskflow to None, run_after=None
[2025-02-23T02:32:09.426-0500] {logging_mixin.py:190} INFO - [2025-02-23T02:32:09.426-0500] {dag.py:4180} INFO - Setting next_dagrun for dataset_s3_bucket_producer_with_no_taskflow to None, run_after=None
[2025-02-23T02:32:09.465-0500] {processor.py:208} INFO - Processing /home/rafaelrb/anaconda3/lib/python3.9/site-packages/airflow/example_dags/example_dataset_alias_with_no_taskflow.py took 0.148 seconds
[2025-02-23T02:33:22.927-0500] {processor.py:186} INFO - Started process (PID=76688) to work on /home/rafaelrb/anaconda3/lib/python3.9/site-packages/airflow/example_dags/example_dataset_alias_with_no_taskflow.py
[2025-02-23T02:33:22.929-0500] {processor.py:914} INFO - Processing file /home/rafaelrb/anaconda3/lib/python3.9/site-packages/airflow/example_dags/example_dataset_alias_with_no_taskflow.py for tasks to queue
[2025-02-23T02:33:22.932-0500] {logging_mixin.py:190} INFO - [2025-02-23T02:33:22.932-0500] {dagbag.py:588} INFO - Filling up the DagBag from /home/rafaelrb/anaconda3/lib/python3.9/site-packages/airflow/example_dags/example_dataset_alias_with_no_taskflow.py
[2025-02-23T02:33:22.972-0500] {processor.py:925} INFO - DAG(s) 'dataset_s3_bucket_consumer_with_no_taskflow', 'dataset_s3_bucket_producer_with_no_taskflow', 'dataset_alias_example_alias_consumer_with_no_taskflow', 'dataset_alias_example_alias_producer_with_no_taskflow' retrieved from /home/rafaelrb/anaconda3/lib/python3.9/site-packages/airflow/example_dags/example_dataset_alias_with_no_taskflow.py
[2025-02-23T02:33:23.007-0500] {logging_mixin.py:190} INFO - [2025-02-23T02:33:23.006-0500] {dag.py:3239} INFO - Sync 4 DAGs
[2025-02-23T02:33:23.040-0500] {logging_mixin.py:190} INFO - [2025-02-23T02:33:23.040-0500] {dag.py:4180} INFO - Setting next_dagrun for dataset_alias_example_alias_consumer_with_no_taskflow to None, run_after=None
[2025-02-23T02:33:23.044-0500] {logging_mixin.py:190} INFO - [2025-02-23T02:33:23.044-0500] {dag.py:4180} INFO - Setting next_dagrun for dataset_alias_example_alias_producer_with_no_taskflow to None, run_after=None
[2025-02-23T02:33:23.046-0500] {logging_mixin.py:190} INFO - [2025-02-23T02:33:23.046-0500] {dag.py:4180} INFO - Setting next_dagrun for dataset_s3_bucket_consumer_with_no_taskflow to None, run_after=None
[2025-02-23T02:33:23.048-0500] {logging_mixin.py:190} INFO - [2025-02-23T02:33:23.048-0500] {dag.py:4180} INFO - Setting next_dagrun for dataset_s3_bucket_producer_with_no_taskflow to None, run_after=None
[2025-02-23T02:33:23.095-0500] {processor.py:208} INFO - Processing /home/rafaelrb/anaconda3/lib/python3.9/site-packages/airflow/example_dags/example_dataset_alias_with_no_taskflow.py took 0.179 seconds
[2025-02-23T02:34:44.985-0500] {processor.py:186} INFO - Started process (PID=77022) to work on /home/rafaelrb/anaconda3/lib/python3.9/site-packages/airflow/example_dags/example_dataset_alias_with_no_taskflow.py
[2025-02-23T02:34:44.988-0500] {processor.py:914} INFO - Processing file /home/rafaelrb/anaconda3/lib/python3.9/site-packages/airflow/example_dags/example_dataset_alias_with_no_taskflow.py for tasks to queue
[2025-02-23T02:34:44.996-0500] {logging_mixin.py:190} INFO - [2025-02-23T02:34:44.995-0500] {dagbag.py:588} INFO - Filling up the DagBag from /home/rafaelrb/anaconda3/lib/python3.9/site-packages/airflow/example_dags/example_dataset_alias_with_no_taskflow.py
[2025-02-23T02:34:45.538-0500] {processor.py:925} INFO - DAG(s) 'dataset_alias_example_alias_producer_with_no_taskflow', 'dataset_s3_bucket_producer_with_no_taskflow', 'dataset_alias_example_alias_consumer_with_no_taskflow', 'dataset_s3_bucket_consumer_with_no_taskflow' retrieved from /home/rafaelrb/anaconda3/lib/python3.9/site-packages/airflow/example_dags/example_dataset_alias_with_no_taskflow.py
[2025-02-23T02:34:45.728-0500] {logging_mixin.py:190} INFO - [2025-02-23T02:34:45.727-0500] {dag.py:3239} INFO - Sync 4 DAGs
[2025-02-23T02:34:45.781-0500] {logging_mixin.py:190} INFO - [2025-02-23T02:34:45.781-0500] {dag.py:4180} INFO - Setting next_dagrun for dataset_alias_example_alias_consumer_with_no_taskflow to None, run_after=None
[2025-02-23T02:34:45.784-0500] {logging_mixin.py:190} INFO - [2025-02-23T02:34:45.784-0500] {dag.py:4180} INFO - Setting next_dagrun for dataset_alias_example_alias_producer_with_no_taskflow to None, run_after=None
[2025-02-23T02:34:45.786-0500] {logging_mixin.py:190} INFO - [2025-02-23T02:34:45.786-0500] {dag.py:4180} INFO - Setting next_dagrun for dataset_s3_bucket_consumer_with_no_taskflow to None, run_after=None
[2025-02-23T02:34:45.788-0500] {logging_mixin.py:190} INFO - [2025-02-23T02:34:45.788-0500] {dag.py:4180} INFO - Setting next_dagrun for dataset_s3_bucket_producer_with_no_taskflow to None, run_after=None
[2025-02-23T02:34:45.883-0500] {processor.py:208} INFO - Processing /home/rafaelrb/anaconda3/lib/python3.9/site-packages/airflow/example_dags/example_dataset_alias_with_no_taskflow.py took 0.926 seconds
[2025-02-23T02:43:49.857-0500] {processor.py:186} INFO - Started process (PID=79174) to work on /home/rafaelrb/anaconda3/lib/python3.9/site-packages/airflow/example_dags/example_dataset_alias_with_no_taskflow.py
[2025-02-23T02:43:49.859-0500] {processor.py:914} INFO - Processing file /home/rafaelrb/anaconda3/lib/python3.9/site-packages/airflow/example_dags/example_dataset_alias_with_no_taskflow.py for tasks to queue
[2025-02-23T02:43:49.862-0500] {logging_mixin.py:190} INFO - [2025-02-23T02:43:49.862-0500] {dagbag.py:588} INFO - Filling up the DagBag from /home/rafaelrb/anaconda3/lib/python3.9/site-packages/airflow/example_dags/example_dataset_alias_with_no_taskflow.py
[2025-02-23T02:43:49.895-0500] {processor.py:925} INFO - DAG(s) 'dataset_s3_bucket_consumer_with_no_taskflow', 'dataset_s3_bucket_producer_with_no_taskflow', 'dataset_alias_example_alias_producer_with_no_taskflow', 'dataset_alias_example_alias_consumer_with_no_taskflow' retrieved from /home/rafaelrb/anaconda3/lib/python3.9/site-packages/airflow/example_dags/example_dataset_alias_with_no_taskflow.py
[2025-02-23T02:43:49.923-0500] {logging_mixin.py:190} INFO - [2025-02-23T02:43:49.922-0500] {dag.py:3239} INFO - Sync 4 DAGs
[2025-02-23T02:43:49.955-0500] {logging_mixin.py:190} INFO - [2025-02-23T02:43:49.955-0500] {dag.py:4180} INFO - Setting next_dagrun for dataset_alias_example_alias_consumer_with_no_taskflow to None, run_after=None
[2025-02-23T02:43:49.958-0500] {logging_mixin.py:190} INFO - [2025-02-23T02:43:49.958-0500] {dag.py:4180} INFO - Setting next_dagrun for dataset_alias_example_alias_producer_with_no_taskflow to None, run_after=None
[2025-02-23T02:43:49.960-0500] {logging_mixin.py:190} INFO - [2025-02-23T02:43:49.960-0500] {dag.py:4180} INFO - Setting next_dagrun for dataset_s3_bucket_consumer_with_no_taskflow to None, run_after=None
[2025-02-23T02:43:49.961-0500] {logging_mixin.py:190} INFO - [2025-02-23T02:43:49.961-0500] {dag.py:4180} INFO - Setting next_dagrun for dataset_s3_bucket_producer_with_no_taskflow to None, run_after=None
[2025-02-23T02:43:50.002-0500] {processor.py:208} INFO - Processing /home/rafaelrb/anaconda3/lib/python3.9/site-packages/airflow/example_dags/example_dataset_alias_with_no_taskflow.py took 0.154 seconds
