[2025-02-22T23:43:52.446-0500] {processor.py:186} INFO - Started process (PID=26795) to work on /home/rafaelrb/anaconda3/lib/python3.9/site-packages/airflow/example_dags/example_latest_only.py
[2025-02-22T23:43:52.447-0500] {processor.py:914} INFO - Processing file /home/rafaelrb/anaconda3/lib/python3.9/site-packages/airflow/example_dags/example_latest_only.py for tasks to queue
[2025-02-22T23:43:52.451-0500] {logging_mixin.py:190} INFO - [2025-02-22T23:43:52.450-0500] {dagbag.py:588} INFO - Filling up the DagBag from /home/rafaelrb/anaconda3/lib/python3.9/site-packages/airflow/example_dags/example_latest_only.py
[2025-02-22T23:43:52.466-0500] {processor.py:925} INFO - DAG(s) 'latest_only' retrieved from /home/rafaelrb/anaconda3/lib/python3.9/site-packages/airflow/example_dags/example_latest_only.py
[2025-02-22T23:43:52.670-0500] {logging_mixin.py:190} INFO - [2025-02-22T23:43:52.669-0500] {override.py:1930} INFO - Created Permission View: can read on DAG:latest_only
[2025-02-22T23:43:52.699-0500] {logging_mixin.py:190} INFO - [2025-02-22T23:43:52.698-0500] {override.py:1930} INFO - Created Permission View: can delete on DAG:latest_only
[2025-02-22T23:43:52.719-0500] {logging_mixin.py:190} INFO - [2025-02-22T23:43:52.719-0500] {override.py:1930} INFO - Created Permission View: can edit on DAG:latest_only
[2025-02-22T23:43:52.746-0500] {logging_mixin.py:190} INFO - [2025-02-22T23:43:52.746-0500] {override.py:1930} INFO - Created Permission View: can read on DAG Run:latest_only
[2025-02-22T23:43:52.760-0500] {logging_mixin.py:190} INFO - [2025-02-22T23:43:52.760-0500] {override.py:1930} INFO - Created Permission View: can create on DAG Run:latest_only
[2025-02-22T23:43:52.774-0500] {logging_mixin.py:190} INFO - [2025-02-22T23:43:52.773-0500] {override.py:1930} INFO - Created Permission View: menu access on DAG Run:latest_only
[2025-02-22T23:43:52.796-0500] {logging_mixin.py:190} INFO - [2025-02-22T23:43:52.795-0500] {override.py:1930} INFO - Created Permission View: can delete on DAG Run:latest_only
[2025-02-22T23:43:52.796-0500] {logging_mixin.py:190} INFO - [2025-02-22T23:43:52.796-0500] {dag.py:3239} INFO - Sync 1 DAGs
[2025-02-22T23:43:52.819-0500] {logging_mixin.py:190} INFO - [2025-02-22T23:43:52.817-0500] {dag.py:3262} INFO - Creating ORM DAG for latest_only
[2025-02-22T23:43:52.832-0500] {logging_mixin.py:190} INFO - [2025-02-22T23:43:52.832-0500] {dag.py:4180} INFO - Setting next_dagrun for latest_only to 2025-02-23 00:00:00+00:00, run_after=2025-02-23 04:00:00+00:00
[2025-02-22T23:43:52.864-0500] {processor.py:208} INFO - Processing /home/rafaelrb/anaconda3/lib/python3.9/site-packages/airflow/example_dags/example_latest_only.py took 0.429 seconds
[2025-02-22T23:48:30.680-0500] {processor.py:186} INFO - Started process (PID=27417) to work on /home/rafaelrb/anaconda3/lib/python3.9/site-packages/airflow/example_dags/example_latest_only.py
[2025-02-22T23:48:30.682-0500] {processor.py:914} INFO - Processing file /home/rafaelrb/anaconda3/lib/python3.9/site-packages/airflow/example_dags/example_latest_only.py for tasks to queue
[2025-02-22T23:48:30.685-0500] {logging_mixin.py:190} INFO - [2025-02-22T23:48:30.685-0500] {dagbag.py:588} INFO - Filling up the DagBag from /home/rafaelrb/anaconda3/lib/python3.9/site-packages/airflow/example_dags/example_latest_only.py
[2025-02-22T23:48:30.698-0500] {processor.py:925} INFO - DAG(s) 'latest_only' retrieved from /home/rafaelrb/anaconda3/lib/python3.9/site-packages/airflow/example_dags/example_latest_only.py
[2025-02-22T23:48:30.721-0500] {logging_mixin.py:190} INFO - [2025-02-22T23:48:30.720-0500] {dag.py:3239} INFO - Sync 1 DAGs
[2025-02-22T23:48:30.772-0500] {logging_mixin.py:190} INFO - [2025-02-22T23:48:30.772-0500] {dag.py:4180} INFO - Setting next_dagrun for latest_only to 2025-02-23 00:00:00+00:00, run_after=2025-02-23 04:00:00+00:00
[2025-02-22T23:48:30.828-0500] {processor.py:208} INFO - Processing /home/rafaelrb/anaconda3/lib/python3.9/site-packages/airflow/example_dags/example_latest_only.py took 0.157 seconds
[2025-02-22T23:49:38.851-0500] {processor.py:186} INFO - Started process (PID=27918) to work on /home/rafaelrb/anaconda3/lib/python3.9/site-packages/airflow/example_dags/example_latest_only.py
[2025-02-22T23:49:38.853-0500] {processor.py:914} INFO - Processing file /home/rafaelrb/anaconda3/lib/python3.9/site-packages/airflow/example_dags/example_latest_only.py for tasks to queue
[2025-02-22T23:49:38.857-0500] {logging_mixin.py:190} INFO - [2025-02-22T23:49:38.856-0500] {dagbag.py:588} INFO - Filling up the DagBag from /home/rafaelrb/anaconda3/lib/python3.9/site-packages/airflow/example_dags/example_latest_only.py
[2025-02-22T23:49:38.867-0500] {processor.py:925} INFO - DAG(s) 'latest_only' retrieved from /home/rafaelrb/anaconda3/lib/python3.9/site-packages/airflow/example_dags/example_latest_only.py
[2025-02-22T23:49:38.894-0500] {logging_mixin.py:190} INFO - [2025-02-22T23:49:38.893-0500] {dag.py:3239} INFO - Sync 1 DAGs
[2025-02-22T23:49:38.957-0500] {logging_mixin.py:190} INFO - [2025-02-22T23:49:38.956-0500] {dag.py:4180} INFO - Setting next_dagrun for latest_only to 2025-02-23 00:00:00+00:00, run_after=2025-02-23 04:00:00+00:00
[2025-02-22T23:49:39.013-0500] {processor.py:208} INFO - Processing /home/rafaelrb/anaconda3/lib/python3.9/site-packages/airflow/example_dags/example_latest_only.py took 0.174 seconds
[2025-02-22T23:50:37.099-0500] {processor.py:186} INFO - Started process (PID=28341) to work on /home/rafaelrb/anaconda3/lib/python3.9/site-packages/airflow/example_dags/example_latest_only.py
[2025-02-22T23:50:37.101-0500] {processor.py:914} INFO - Processing file /home/rafaelrb/anaconda3/lib/python3.9/site-packages/airflow/example_dags/example_latest_only.py for tasks to queue
[2025-02-22T23:50:37.105-0500] {logging_mixin.py:190} INFO - [2025-02-22T23:50:37.104-0500] {dagbag.py:588} INFO - Filling up the DagBag from /home/rafaelrb/anaconda3/lib/python3.9/site-packages/airflow/example_dags/example_latest_only.py
[2025-02-22T23:50:37.119-0500] {processor.py:925} INFO - DAG(s) 'latest_only' retrieved from /home/rafaelrb/anaconda3/lib/python3.9/site-packages/airflow/example_dags/example_latest_only.py
[2025-02-22T23:50:37.142-0500] {logging_mixin.py:190} INFO - [2025-02-22T23:50:37.142-0500] {dag.py:3239} INFO - Sync 1 DAGs
[2025-02-22T23:50:37.183-0500] {logging_mixin.py:190} INFO - [2025-02-22T23:50:37.182-0500] {dag.py:4180} INFO - Setting next_dagrun for latest_only to 2025-02-23 00:00:00+00:00, run_after=2025-02-23 04:00:00+00:00
[2025-02-22T23:50:37.222-0500] {processor.py:208} INFO - Processing /home/rafaelrb/anaconda3/lib/python3.9/site-packages/airflow/example_dags/example_latest_only.py took 0.136 seconds
[2025-02-22T23:51:35.420-0500] {processor.py:186} INFO - Started process (PID=28715) to work on /home/rafaelrb/anaconda3/lib/python3.9/site-packages/airflow/example_dags/example_latest_only.py
[2025-02-22T23:51:35.422-0500] {processor.py:914} INFO - Processing file /home/rafaelrb/anaconda3/lib/python3.9/site-packages/airflow/example_dags/example_latest_only.py for tasks to queue
[2025-02-22T23:51:35.424-0500] {logging_mixin.py:190} INFO - [2025-02-22T23:51:35.424-0500] {dagbag.py:588} INFO - Filling up the DagBag from /home/rafaelrb/anaconda3/lib/python3.9/site-packages/airflow/example_dags/example_latest_only.py
[2025-02-22T23:51:35.434-0500] {processor.py:925} INFO - DAG(s) 'latest_only' retrieved from /home/rafaelrb/anaconda3/lib/python3.9/site-packages/airflow/example_dags/example_latest_only.py
[2025-02-22T23:51:35.452-0500] {logging_mixin.py:190} INFO - [2025-02-22T23:51:35.452-0500] {dag.py:3239} INFO - Sync 1 DAGs
[2025-02-22T23:51:35.477-0500] {logging_mixin.py:190} INFO - [2025-02-22T23:51:35.476-0500] {dag.py:4180} INFO - Setting next_dagrun for latest_only to 2025-02-23 00:00:00+00:00, run_after=2025-02-23 04:00:00+00:00
[2025-02-22T23:51:35.510-0500] {processor.py:208} INFO - Processing /home/rafaelrb/anaconda3/lib/python3.9/site-packages/airflow/example_dags/example_latest_only.py took 0.098 seconds
[2025-02-22T23:52:35.114-0500] {processor.py:186} INFO - Started process (PID=29176) to work on /home/rafaelrb/anaconda3/lib/python3.9/site-packages/airflow/example_dags/example_latest_only.py
[2025-02-22T23:52:35.116-0500] {processor.py:914} INFO - Processing file /home/rafaelrb/anaconda3/lib/python3.9/site-packages/airflow/example_dags/example_latest_only.py for tasks to queue
[2025-02-22T23:52:35.121-0500] {logging_mixin.py:190} INFO - [2025-02-22T23:52:35.120-0500] {dagbag.py:588} INFO - Filling up the DagBag from /home/rafaelrb/anaconda3/lib/python3.9/site-packages/airflow/example_dags/example_latest_only.py
[2025-02-22T23:52:35.132-0500] {processor.py:925} INFO - DAG(s) 'latest_only' retrieved from /home/rafaelrb/anaconda3/lib/python3.9/site-packages/airflow/example_dags/example_latest_only.py
[2025-02-22T23:52:35.151-0500] {logging_mixin.py:190} INFO - [2025-02-22T23:52:35.151-0500] {dag.py:3239} INFO - Sync 1 DAGs
[2025-02-22T23:52:35.183-0500] {logging_mixin.py:190} INFO - [2025-02-22T23:52:35.183-0500] {dag.py:4180} INFO - Setting next_dagrun for latest_only to 2025-02-23 00:00:00+00:00, run_after=2025-02-23 04:00:00+00:00
[2025-02-22T23:52:35.214-0500] {processor.py:208} INFO - Processing /home/rafaelrb/anaconda3/lib/python3.9/site-packages/airflow/example_dags/example_latest_only.py took 0.112 seconds
[2025-02-22T23:54:08.733-0500] {processor.py:186} INFO - Started process (PID=29834) to work on /home/rafaelrb/anaconda3/lib/python3.9/site-packages/airflow/example_dags/example_latest_only.py
[2025-02-22T23:54:08.736-0500] {processor.py:914} INFO - Processing file /home/rafaelrb/anaconda3/lib/python3.9/site-packages/airflow/example_dags/example_latest_only.py for tasks to queue
[2025-02-22T23:54:08.739-0500] {logging_mixin.py:190} INFO - [2025-02-22T23:54:08.738-0500] {dagbag.py:588} INFO - Filling up the DagBag from /home/rafaelrb/anaconda3/lib/python3.9/site-packages/airflow/example_dags/example_latest_only.py
[2025-02-22T23:54:08.756-0500] {processor.py:925} INFO - DAG(s) 'latest_only' retrieved from /home/rafaelrb/anaconda3/lib/python3.9/site-packages/airflow/example_dags/example_latest_only.py
[2025-02-22T23:54:08.797-0500] {logging_mixin.py:190} INFO - [2025-02-22T23:54:08.797-0500] {dag.py:3239} INFO - Sync 1 DAGs
[2025-02-22T23:54:08.828-0500] {logging_mixin.py:190} INFO - [2025-02-22T23:54:08.827-0500] {dag.py:4180} INFO - Setting next_dagrun for latest_only to 2025-02-23 00:00:00+00:00, run_after=2025-02-23 04:00:00+00:00
[2025-02-22T23:54:08.884-0500] {processor.py:208} INFO - Processing /home/rafaelrb/anaconda3/lib/python3.9/site-packages/airflow/example_dags/example_latest_only.py took 0.164 seconds
[2025-02-22T23:55:11.336-0500] {processor.py:186} INFO - Started process (PID=30272) to work on /home/rafaelrb/anaconda3/lib/python3.9/site-packages/airflow/example_dags/example_latest_only.py
[2025-02-22T23:55:11.346-0500] {processor.py:914} INFO - Processing file /home/rafaelrb/anaconda3/lib/python3.9/site-packages/airflow/example_dags/example_latest_only.py for tasks to queue
[2025-02-22T23:55:11.352-0500] {logging_mixin.py:190} INFO - [2025-02-22T23:55:11.351-0500] {dagbag.py:588} INFO - Filling up the DagBag from /home/rafaelrb/anaconda3/lib/python3.9/site-packages/airflow/example_dags/example_latest_only.py
[2025-02-22T23:55:11.378-0500] {processor.py:925} INFO - DAG(s) 'latest_only' retrieved from /home/rafaelrb/anaconda3/lib/python3.9/site-packages/airflow/example_dags/example_latest_only.py
[2025-02-22T23:55:11.424-0500] {logging_mixin.py:190} INFO - [2025-02-22T23:55:11.423-0500] {dag.py:3239} INFO - Sync 1 DAGs
[2025-02-22T23:55:11.483-0500] {logging_mixin.py:190} INFO - [2025-02-22T23:55:11.482-0500] {dag.py:4180} INFO - Setting next_dagrun for latest_only to 2025-02-23 00:00:00+00:00, run_after=2025-02-23 04:00:00+00:00
[2025-02-22T23:55:11.548-0500] {processor.py:208} INFO - Processing /home/rafaelrb/anaconda3/lib/python3.9/site-packages/airflow/example_dags/example_latest_only.py took 0.234 seconds
[2025-02-22T23:58:23.844-0500] {processor.py:186} INFO - Started process (PID=30747) to work on /home/rafaelrb/anaconda3/lib/python3.9/site-packages/airflow/example_dags/example_latest_only.py
[2025-02-22T23:58:23.846-0500] {processor.py:914} INFO - Processing file /home/rafaelrb/anaconda3/lib/python3.9/site-packages/airflow/example_dags/example_latest_only.py for tasks to queue
[2025-02-22T23:58:23.849-0500] {logging_mixin.py:190} INFO - [2025-02-22T23:58:23.849-0500] {dagbag.py:588} INFO - Filling up the DagBag from /home/rafaelrb/anaconda3/lib/python3.9/site-packages/airflow/example_dags/example_latest_only.py
[2025-02-22T23:58:23.859-0500] {processor.py:925} INFO - DAG(s) 'latest_only' retrieved from /home/rafaelrb/anaconda3/lib/python3.9/site-packages/airflow/example_dags/example_latest_only.py
[2025-02-22T23:58:23.886-0500] {logging_mixin.py:190} INFO - [2025-02-22T23:58:23.885-0500] {dag.py:3239} INFO - Sync 1 DAGs
[2025-02-22T23:58:23.918-0500] {logging_mixin.py:190} INFO - [2025-02-22T23:58:23.918-0500] {dag.py:4180} INFO - Setting next_dagrun for latest_only to 2025-02-23 00:00:00+00:00, run_after=2025-02-23 04:00:00+00:00
[2025-02-22T23:58:23.953-0500] {processor.py:208} INFO - Processing /home/rafaelrb/anaconda3/lib/python3.9/site-packages/airflow/example_dags/example_latest_only.py took 0.117 seconds
[2025-02-22T23:59:28.562-0500] {processor.py:186} INFO - Started process (PID=31229) to work on /home/rafaelrb/anaconda3/lib/python3.9/site-packages/airflow/example_dags/example_latest_only.py
[2025-02-22T23:59:28.564-0500] {processor.py:914} INFO - Processing file /home/rafaelrb/anaconda3/lib/python3.9/site-packages/airflow/example_dags/example_latest_only.py for tasks to queue
[2025-02-22T23:59:28.569-0500] {logging_mixin.py:190} INFO - [2025-02-22T23:59:28.568-0500] {dagbag.py:588} INFO - Filling up the DagBag from /home/rafaelrb/anaconda3/lib/python3.9/site-packages/airflow/example_dags/example_latest_only.py
[2025-02-22T23:59:28.583-0500] {processor.py:925} INFO - DAG(s) 'latest_only' retrieved from /home/rafaelrb/anaconda3/lib/python3.9/site-packages/airflow/example_dags/example_latest_only.py
[2025-02-22T23:59:28.611-0500] {logging_mixin.py:190} INFO - [2025-02-22T23:59:28.610-0500] {dag.py:3239} INFO - Sync 1 DAGs
[2025-02-22T23:59:28.660-0500] {logging_mixin.py:190} INFO - [2025-02-22T23:59:28.659-0500] {dag.py:4180} INFO - Setting next_dagrun for latest_only to 2025-02-23 00:00:00+00:00, run_after=2025-02-23 04:00:00+00:00
[2025-02-22T23:59:28.700-0500] {processor.py:208} INFO - Processing /home/rafaelrb/anaconda3/lib/python3.9/site-packages/airflow/example_dags/example_latest_only.py took 0.151 seconds
[2025-02-23T00:00:51.633-0500] {processor.py:186} INFO - Started process (PID=31752) to work on /home/rafaelrb/anaconda3/lib/python3.9/site-packages/airflow/example_dags/example_latest_only.py
[2025-02-23T00:00:51.635-0500] {processor.py:914} INFO - Processing file /home/rafaelrb/anaconda3/lib/python3.9/site-packages/airflow/example_dags/example_latest_only.py for tasks to queue
[2025-02-23T00:00:51.638-0500] {logging_mixin.py:190} INFO - [2025-02-23T00:00:51.638-0500] {dagbag.py:588} INFO - Filling up the DagBag from /home/rafaelrb/anaconda3/lib/python3.9/site-packages/airflow/example_dags/example_latest_only.py
[2025-02-23T00:00:51.648-0500] {processor.py:925} INFO - DAG(s) 'latest_only' retrieved from /home/rafaelrb/anaconda3/lib/python3.9/site-packages/airflow/example_dags/example_latest_only.py
[2025-02-23T00:00:51.669-0500] {logging_mixin.py:190} INFO - [2025-02-23T00:00:51.668-0500] {dag.py:3239} INFO - Sync 1 DAGs
[2025-02-23T00:00:51.703-0500] {logging_mixin.py:190} INFO - [2025-02-23T00:00:51.703-0500] {dag.py:4180} INFO - Setting next_dagrun for latest_only to 2025-02-23 00:00:00+00:00, run_after=2025-02-23 04:00:00+00:00
[2025-02-23T00:00:51.738-0500] {processor.py:208} INFO - Processing /home/rafaelrb/anaconda3/lib/python3.9/site-packages/airflow/example_dags/example_latest_only.py took 0.113 seconds
[2025-02-23T00:01:53.213-0500] {processor.py:186} INFO - Started process (PID=32181) to work on /home/rafaelrb/anaconda3/lib/python3.9/site-packages/airflow/example_dags/example_latest_only.py
[2025-02-23T00:01:53.216-0500] {processor.py:914} INFO - Processing file /home/rafaelrb/anaconda3/lib/python3.9/site-packages/airflow/example_dags/example_latest_only.py for tasks to queue
[2025-02-23T00:01:53.222-0500] {logging_mixin.py:190} INFO - [2025-02-23T00:01:53.221-0500] {dagbag.py:588} INFO - Filling up the DagBag from /home/rafaelrb/anaconda3/lib/python3.9/site-packages/airflow/example_dags/example_latest_only.py
[2025-02-23T00:01:53.239-0500] {processor.py:925} INFO - DAG(s) 'latest_only' retrieved from /home/rafaelrb/anaconda3/lib/python3.9/site-packages/airflow/example_dags/example_latest_only.py
[2025-02-23T00:01:53.266-0500] {logging_mixin.py:190} INFO - [2025-02-23T00:01:53.265-0500] {dag.py:3239} INFO - Sync 1 DAGs
[2025-02-23T00:01:53.299-0500] {logging_mixin.py:190} INFO - [2025-02-23T00:01:53.299-0500] {dag.py:4180} INFO - Setting next_dagrun for latest_only to 2025-02-23 00:00:00+00:00, run_after=2025-02-23 04:00:00+00:00
[2025-02-23T00:01:53.337-0500] {processor.py:208} INFO - Processing /home/rafaelrb/anaconda3/lib/python3.9/site-packages/airflow/example_dags/example_latest_only.py took 0.134 seconds
[2025-02-23T00:11:31.905-0500] {processor.py:186} INFO - Started process (PID=34450) to work on /home/rafaelrb/anaconda3/lib/python3.9/site-packages/airflow/example_dags/example_latest_only.py
[2025-02-23T00:11:31.907-0500] {processor.py:914} INFO - Processing file /home/rafaelrb/anaconda3/lib/python3.9/site-packages/airflow/example_dags/example_latest_only.py for tasks to queue
[2025-02-23T00:11:31.910-0500] {logging_mixin.py:190} INFO - [2025-02-23T00:11:31.909-0500] {dagbag.py:588} INFO - Filling up the DagBag from /home/rafaelrb/anaconda3/lib/python3.9/site-packages/airflow/example_dags/example_latest_only.py
[2025-02-23T00:11:31.921-0500] {processor.py:925} INFO - DAG(s) 'latest_only' retrieved from /home/rafaelrb/anaconda3/lib/python3.9/site-packages/airflow/example_dags/example_latest_only.py
[2025-02-23T00:11:31.948-0500] {logging_mixin.py:190} INFO - [2025-02-23T00:11:31.947-0500] {dag.py:3239} INFO - Sync 1 DAGs
[2025-02-23T00:11:31.975-0500] {logging_mixin.py:190} INFO - [2025-02-23T00:11:31.974-0500] {dag.py:4180} INFO - Setting next_dagrun for latest_only to 2025-02-23 00:00:00+00:00, run_after=2025-02-23 04:00:00+00:00
[2025-02-23T00:11:32.005-0500] {processor.py:208} INFO - Processing /home/rafaelrb/anaconda3/lib/python3.9/site-packages/airflow/example_dags/example_latest_only.py took 0.110 seconds
[2025-02-23T00:12:46.273-0500] {processor.py:186} INFO - Started process (PID=34564) to work on /home/rafaelrb/anaconda3/lib/python3.9/site-packages/airflow/example_dags/example_latest_only.py
[2025-02-23T00:12:46.279-0500] {processor.py:914} INFO - Processing file /home/rafaelrb/anaconda3/lib/python3.9/site-packages/airflow/example_dags/example_latest_only.py for tasks to queue
[2025-02-23T00:12:46.282-0500] {logging_mixin.py:190} INFO - [2025-02-23T00:12:46.282-0500] {dagbag.py:588} INFO - Filling up the DagBag from /home/rafaelrb/anaconda3/lib/python3.9/site-packages/airflow/example_dags/example_latest_only.py
[2025-02-23T00:12:46.291-0500] {processor.py:925} INFO - DAG(s) 'latest_only' retrieved from /home/rafaelrb/anaconda3/lib/python3.9/site-packages/airflow/example_dags/example_latest_only.py
[2025-02-23T00:12:46.309-0500] {logging_mixin.py:190} INFO - [2025-02-23T00:12:46.309-0500] {dag.py:3239} INFO - Sync 1 DAGs
[2025-02-23T00:12:46.334-0500] {logging_mixin.py:190} INFO - [2025-02-23T00:12:46.334-0500] {dag.py:4180} INFO - Setting next_dagrun for latest_only to 2025-02-23 00:00:00+00:00, run_after=2025-02-23 04:00:00+00:00
[2025-02-23T00:12:46.366-0500] {processor.py:208} INFO - Processing /home/rafaelrb/anaconda3/lib/python3.9/site-packages/airflow/example_dags/example_latest_only.py took 0.101 seconds
[2025-02-23T00:13:45.835-0500] {processor.py:186} INFO - Started process (PID=34633) to work on /home/rafaelrb/anaconda3/lib/python3.9/site-packages/airflow/example_dags/example_latest_only.py
[2025-02-23T00:13:45.837-0500] {processor.py:914} INFO - Processing file /home/rafaelrb/anaconda3/lib/python3.9/site-packages/airflow/example_dags/example_latest_only.py for tasks to queue
[2025-02-23T00:13:45.840-0500] {logging_mixin.py:190} INFO - [2025-02-23T00:13:45.839-0500] {dagbag.py:588} INFO - Filling up the DagBag from /home/rafaelrb/anaconda3/lib/python3.9/site-packages/airflow/example_dags/example_latest_only.py
[2025-02-23T00:13:45.849-0500] {processor.py:925} INFO - DAG(s) 'latest_only' retrieved from /home/rafaelrb/anaconda3/lib/python3.9/site-packages/airflow/example_dags/example_latest_only.py
[2025-02-23T00:13:45.867-0500] {logging_mixin.py:190} INFO - [2025-02-23T00:13:45.867-0500] {dag.py:3239} INFO - Sync 1 DAGs
[2025-02-23T00:13:45.893-0500] {logging_mixin.py:190} INFO - [2025-02-23T00:13:45.892-0500] {dag.py:4180} INFO - Setting next_dagrun for latest_only to 2025-02-23 00:00:00+00:00, run_after=2025-02-23 04:00:00+00:00
[2025-02-23T00:13:45.927-0500] {processor.py:208} INFO - Processing /home/rafaelrb/anaconda3/lib/python3.9/site-packages/airflow/example_dags/example_latest_only.py took 0.101 seconds
[2025-02-23T00:14:43.609-0500] {processor.py:186} INFO - Started process (PID=34708) to work on /home/rafaelrb/anaconda3/lib/python3.9/site-packages/airflow/example_dags/example_latest_only.py
[2025-02-23T00:14:43.613-0500] {processor.py:914} INFO - Processing file /home/rafaelrb/anaconda3/lib/python3.9/site-packages/airflow/example_dags/example_latest_only.py for tasks to queue
[2025-02-23T00:14:43.617-0500] {logging_mixin.py:190} INFO - [2025-02-23T00:14:43.616-0500] {dagbag.py:588} INFO - Filling up the DagBag from /home/rafaelrb/anaconda3/lib/python3.9/site-packages/airflow/example_dags/example_latest_only.py
[2025-02-23T00:14:43.625-0500] {processor.py:925} INFO - DAG(s) 'latest_only' retrieved from /home/rafaelrb/anaconda3/lib/python3.9/site-packages/airflow/example_dags/example_latest_only.py
[2025-02-23T00:14:43.679-0500] {logging_mixin.py:190} INFO - [2025-02-23T00:14:43.678-0500] {dag.py:3239} INFO - Sync 1 DAGs
[2025-02-23T00:14:43.748-0500] {logging_mixin.py:190} INFO - [2025-02-23T00:14:43.747-0500] {dag.py:4180} INFO - Setting next_dagrun for latest_only to 2025-02-23 00:00:00+00:00, run_after=2025-02-23 04:00:00+00:00
[2025-02-23T00:14:43.801-0500] {processor.py:208} INFO - Processing /home/rafaelrb/anaconda3/lib/python3.9/site-packages/airflow/example_dags/example_latest_only.py took 0.202 seconds
[2025-02-23T00:15:53.750-0500] {processor.py:186} INFO - Started process (PID=34833) to work on /home/rafaelrb/anaconda3/lib/python3.9/site-packages/airflow/example_dags/example_latest_only.py
[2025-02-23T00:15:53.757-0500] {processor.py:914} INFO - Processing file /home/rafaelrb/anaconda3/lib/python3.9/site-packages/airflow/example_dags/example_latest_only.py for tasks to queue
[2025-02-23T00:15:53.760-0500] {logging_mixin.py:190} INFO - [2025-02-23T00:15:53.760-0500] {dagbag.py:588} INFO - Filling up the DagBag from /home/rafaelrb/anaconda3/lib/python3.9/site-packages/airflow/example_dags/example_latest_only.py
[2025-02-23T00:15:53.773-0500] {processor.py:925} INFO - DAG(s) 'latest_only' retrieved from /home/rafaelrb/anaconda3/lib/python3.9/site-packages/airflow/example_dags/example_latest_only.py
[2025-02-23T00:15:53.800-0500] {logging_mixin.py:190} INFO - [2025-02-23T00:15:53.799-0500] {dag.py:3239} INFO - Sync 1 DAGs
[2025-02-23T00:15:53.824-0500] {logging_mixin.py:190} INFO - [2025-02-23T00:15:53.824-0500] {dag.py:4180} INFO - Setting next_dagrun for latest_only to 2025-02-23 00:00:00+00:00, run_after=2025-02-23 04:00:00+00:00
[2025-02-23T00:15:53.856-0500] {processor.py:208} INFO - Processing /home/rafaelrb/anaconda3/lib/python3.9/site-packages/airflow/example_dags/example_latest_only.py took 0.114 seconds
[2025-02-23T00:16:58.067-0500] {processor.py:186} INFO - Started process (PID=34905) to work on /home/rafaelrb/anaconda3/lib/python3.9/site-packages/airflow/example_dags/example_latest_only.py
[2025-02-23T00:16:58.069-0500] {processor.py:914} INFO - Processing file /home/rafaelrb/anaconda3/lib/python3.9/site-packages/airflow/example_dags/example_latest_only.py for tasks to queue
[2025-02-23T00:16:58.072-0500] {logging_mixin.py:190} INFO - [2025-02-23T00:16:58.071-0500] {dagbag.py:588} INFO - Filling up the DagBag from /home/rafaelrb/anaconda3/lib/python3.9/site-packages/airflow/example_dags/example_latest_only.py
[2025-02-23T00:16:58.081-0500] {processor.py:925} INFO - DAG(s) 'latest_only' retrieved from /home/rafaelrb/anaconda3/lib/python3.9/site-packages/airflow/example_dags/example_latest_only.py
[2025-02-23T00:16:58.099-0500] {logging_mixin.py:190} INFO - [2025-02-23T00:16:58.099-0500] {dag.py:3239} INFO - Sync 1 DAGs
[2025-02-23T00:16:58.125-0500] {logging_mixin.py:190} INFO - [2025-02-23T00:16:58.124-0500] {dag.py:4180} INFO - Setting next_dagrun for latest_only to 2025-02-23 00:00:00+00:00, run_after=2025-02-23 04:00:00+00:00
[2025-02-23T00:16:58.160-0500] {processor.py:208} INFO - Processing /home/rafaelrb/anaconda3/lib/python3.9/site-packages/airflow/example_dags/example_latest_only.py took 0.103 seconds
[2025-02-23T00:17:58.182-0500] {processor.py:186} INFO - Started process (PID=34983) to work on /home/rafaelrb/anaconda3/lib/python3.9/site-packages/airflow/example_dags/example_latest_only.py
[2025-02-23T00:17:58.189-0500] {processor.py:914} INFO - Processing file /home/rafaelrb/anaconda3/lib/python3.9/site-packages/airflow/example_dags/example_latest_only.py for tasks to queue
[2025-02-23T00:17:58.193-0500] {logging_mixin.py:190} INFO - [2025-02-23T00:17:58.192-0500] {dagbag.py:588} INFO - Filling up the DagBag from /home/rafaelrb/anaconda3/lib/python3.9/site-packages/airflow/example_dags/example_latest_only.py
[2025-02-23T00:17:58.203-0500] {processor.py:925} INFO - DAG(s) 'latest_only' retrieved from /home/rafaelrb/anaconda3/lib/python3.9/site-packages/airflow/example_dags/example_latest_only.py
[2025-02-23T00:17:58.223-0500] {logging_mixin.py:190} INFO - [2025-02-23T00:17:58.222-0500] {dag.py:3239} INFO - Sync 1 DAGs
[2025-02-23T00:17:58.246-0500] {logging_mixin.py:190} INFO - [2025-02-23T00:17:58.246-0500] {dag.py:4180} INFO - Setting next_dagrun for latest_only to 2025-02-23 00:00:00+00:00, run_after=2025-02-23 04:00:00+00:00
[2025-02-23T00:17:58.280-0500] {processor.py:208} INFO - Processing /home/rafaelrb/anaconda3/lib/python3.9/site-packages/airflow/example_dags/example_latest_only.py took 0.107 seconds
[2025-02-23T00:22:12.375-0500] {processor.py:186} INFO - Started process (PID=35197) to work on /home/rafaelrb/anaconda3/lib/python3.9/site-packages/airflow/example_dags/example_latest_only.py
[2025-02-23T00:22:12.377-0500] {processor.py:914} INFO - Processing file /home/rafaelrb/anaconda3/lib/python3.9/site-packages/airflow/example_dags/example_latest_only.py for tasks to queue
[2025-02-23T00:22:12.380-0500] {logging_mixin.py:190} INFO - [2025-02-23T00:22:12.379-0500] {dagbag.py:588} INFO - Filling up the DagBag from /home/rafaelrb/anaconda3/lib/python3.9/site-packages/airflow/example_dags/example_latest_only.py
[2025-02-23T00:22:12.390-0500] {processor.py:925} INFO - DAG(s) 'latest_only' retrieved from /home/rafaelrb/anaconda3/lib/python3.9/site-packages/airflow/example_dags/example_latest_only.py
[2025-02-23T00:22:12.421-0500] {logging_mixin.py:190} INFO - [2025-02-23T00:22:12.421-0500] {dag.py:3239} INFO - Sync 1 DAGs
[2025-02-23T00:22:12.450-0500] {logging_mixin.py:190} INFO - [2025-02-23T00:22:12.450-0500] {dag.py:4180} INFO - Setting next_dagrun for latest_only to 2025-02-23 00:00:00+00:00, run_after=2025-02-23 04:00:00+00:00
[2025-02-23T00:22:12.484-0500] {processor.py:208} INFO - Processing /home/rafaelrb/anaconda3/lib/python3.9/site-packages/airflow/example_dags/example_latest_only.py took 0.118 seconds
[2025-02-23T00:23:16.873-0500] {processor.py:186} INFO - Started process (PID=35264) to work on /home/rafaelrb/anaconda3/lib/python3.9/site-packages/airflow/example_dags/example_latest_only.py
[2025-02-23T00:23:16.874-0500] {processor.py:914} INFO - Processing file /home/rafaelrb/anaconda3/lib/python3.9/site-packages/airflow/example_dags/example_latest_only.py for tasks to queue
[2025-02-23T00:23:16.877-0500] {logging_mixin.py:190} INFO - [2025-02-23T00:23:16.876-0500] {dagbag.py:588} INFO - Filling up the DagBag from /home/rafaelrb/anaconda3/lib/python3.9/site-packages/airflow/example_dags/example_latest_only.py
[2025-02-23T00:23:16.886-0500] {processor.py:925} INFO - DAG(s) 'latest_only' retrieved from /home/rafaelrb/anaconda3/lib/python3.9/site-packages/airflow/example_dags/example_latest_only.py
[2025-02-23T00:23:16.904-0500] {logging_mixin.py:190} INFO - [2025-02-23T00:23:16.904-0500] {dag.py:3239} INFO - Sync 1 DAGs
[2025-02-23T00:23:16.928-0500] {logging_mixin.py:190} INFO - [2025-02-23T00:23:16.928-0500] {dag.py:4180} INFO - Setting next_dagrun for latest_only to 2025-02-23 00:00:00+00:00, run_after=2025-02-23 04:00:00+00:00
[2025-02-23T00:23:16.961-0500] {processor.py:208} INFO - Processing /home/rafaelrb/anaconda3/lib/python3.9/site-packages/airflow/example_dags/example_latest_only.py took 0.097 seconds
[2025-02-23T00:24:20.286-0500] {processor.py:186} INFO - Started process (PID=35342) to work on /home/rafaelrb/anaconda3/lib/python3.9/site-packages/airflow/example_dags/example_latest_only.py
[2025-02-23T00:24:20.293-0500] {processor.py:914} INFO - Processing file /home/rafaelrb/anaconda3/lib/python3.9/site-packages/airflow/example_dags/example_latest_only.py for tasks to queue
[2025-02-23T00:24:20.296-0500] {logging_mixin.py:190} INFO - [2025-02-23T00:24:20.296-0500] {dagbag.py:588} INFO - Filling up the DagBag from /home/rafaelrb/anaconda3/lib/python3.9/site-packages/airflow/example_dags/example_latest_only.py
[2025-02-23T00:24:20.306-0500] {processor.py:925} INFO - DAG(s) 'latest_only' retrieved from /home/rafaelrb/anaconda3/lib/python3.9/site-packages/airflow/example_dags/example_latest_only.py
[2025-02-23T00:24:20.325-0500] {logging_mixin.py:190} INFO - [2025-02-23T00:24:20.325-0500] {dag.py:3239} INFO - Sync 1 DAGs
[2025-02-23T00:24:20.352-0500] {logging_mixin.py:190} INFO - [2025-02-23T00:24:20.352-0500] {dag.py:4180} INFO - Setting next_dagrun for latest_only to 2025-02-23 00:00:00+00:00, run_after=2025-02-23 04:00:00+00:00
[2025-02-23T00:24:20.386-0500] {processor.py:208} INFO - Processing /home/rafaelrb/anaconda3/lib/python3.9/site-packages/airflow/example_dags/example_latest_only.py took 0.108 seconds
[2025-02-23T00:25:19.280-0500] {processor.py:186} INFO - Started process (PID=35408) to work on /home/rafaelrb/anaconda3/lib/python3.9/site-packages/airflow/example_dags/example_latest_only.py
[2025-02-23T00:25:19.290-0500] {processor.py:914} INFO - Processing file /home/rafaelrb/anaconda3/lib/python3.9/site-packages/airflow/example_dags/example_latest_only.py for tasks to queue
[2025-02-23T00:25:19.293-0500] {logging_mixin.py:190} INFO - [2025-02-23T00:25:19.292-0500] {dagbag.py:588} INFO - Filling up the DagBag from /home/rafaelrb/anaconda3/lib/python3.9/site-packages/airflow/example_dags/example_latest_only.py
[2025-02-23T00:25:19.302-0500] {processor.py:925} INFO - DAG(s) 'latest_only' retrieved from /home/rafaelrb/anaconda3/lib/python3.9/site-packages/airflow/example_dags/example_latest_only.py
[2025-02-23T00:25:19.320-0500] {logging_mixin.py:190} INFO - [2025-02-23T00:25:19.320-0500] {dag.py:3239} INFO - Sync 1 DAGs
[2025-02-23T00:25:19.345-0500] {logging_mixin.py:190} INFO - [2025-02-23T00:25:19.345-0500] {dag.py:4180} INFO - Setting next_dagrun for latest_only to 2025-02-23 00:00:00+00:00, run_after=2025-02-23 04:00:00+00:00
[2025-02-23T00:25:19.377-0500] {processor.py:208} INFO - Processing /home/rafaelrb/anaconda3/lib/python3.9/site-packages/airflow/example_dags/example_latest_only.py took 0.106 seconds
[2025-02-23T00:26:19.092-0500] {processor.py:186} INFO - Started process (PID=35484) to work on /home/rafaelrb/anaconda3/lib/python3.9/site-packages/airflow/example_dags/example_latest_only.py
[2025-02-23T00:26:19.098-0500] {processor.py:914} INFO - Processing file /home/rafaelrb/anaconda3/lib/python3.9/site-packages/airflow/example_dags/example_latest_only.py for tasks to queue
[2025-02-23T00:26:19.101-0500] {logging_mixin.py:190} INFO - [2025-02-23T00:26:19.101-0500] {dagbag.py:588} INFO - Filling up the DagBag from /home/rafaelrb/anaconda3/lib/python3.9/site-packages/airflow/example_dags/example_latest_only.py
[2025-02-23T00:26:19.110-0500] {processor.py:925} INFO - DAG(s) 'latest_only' retrieved from /home/rafaelrb/anaconda3/lib/python3.9/site-packages/airflow/example_dags/example_latest_only.py
[2025-02-23T00:26:19.129-0500] {logging_mixin.py:190} INFO - [2025-02-23T00:26:19.128-0500] {dag.py:3239} INFO - Sync 1 DAGs
[2025-02-23T00:26:19.153-0500] {logging_mixin.py:190} INFO - [2025-02-23T00:26:19.153-0500] {dag.py:4180} INFO - Setting next_dagrun for latest_only to 2025-02-23 00:00:00+00:00, run_after=2025-02-23 04:00:00+00:00
[2025-02-23T00:26:19.184-0500] {processor.py:208} INFO - Processing /home/rafaelrb/anaconda3/lib/python3.9/site-packages/airflow/example_dags/example_latest_only.py took 0.102 seconds
[2025-02-23T02:31:47.286-0500] {processor.py:186} INFO - Started process (PID=76037) to work on /home/rafaelrb/anaconda3/lib/python3.9/site-packages/airflow/example_dags/example_latest_only.py
[2025-02-23T02:31:47.290-0500] {processor.py:914} INFO - Processing file /home/rafaelrb/anaconda3/lib/python3.9/site-packages/airflow/example_dags/example_latest_only.py for tasks to queue
[2025-02-23T02:31:47.293-0500] {logging_mixin.py:190} INFO - [2025-02-23T02:31:47.293-0500] {dagbag.py:588} INFO - Filling up the DagBag from /home/rafaelrb/anaconda3/lib/python3.9/site-packages/airflow/example_dags/example_latest_only.py
[2025-02-23T02:31:47.310-0500] {processor.py:925} INFO - DAG(s) 'latest_only' retrieved from /home/rafaelrb/anaconda3/lib/python3.9/site-packages/airflow/example_dags/example_latest_only.py
[2025-02-23T02:31:47.359-0500] {logging_mixin.py:190} INFO - [2025-02-23T02:31:47.359-0500] {dag.py:3239} INFO - Sync 1 DAGs
[2025-02-23T02:31:47.414-0500] {logging_mixin.py:190} INFO - [2025-02-23T02:31:47.414-0500] {dag.py:4180} INFO - Setting next_dagrun for latest_only to 2025-02-23 00:00:00+00:00, run_after=2025-02-23 04:00:00+00:00
[2025-02-23T02:31:47.492-0500] {processor.py:208} INFO - Processing /home/rafaelrb/anaconda3/lib/python3.9/site-packages/airflow/example_dags/example_latest_only.py took 0.222 seconds
[2025-02-23T02:32:49.803-0500] {processor.py:186} INFO - Started process (PID=76451) to work on /home/rafaelrb/anaconda3/lib/python3.9/site-packages/airflow/example_dags/example_latest_only.py
[2025-02-23T02:32:49.805-0500] {processor.py:914} INFO - Processing file /home/rafaelrb/anaconda3/lib/python3.9/site-packages/airflow/example_dags/example_latest_only.py for tasks to queue
[2025-02-23T02:32:49.815-0500] {logging_mixin.py:190} INFO - [2025-02-23T02:32:49.814-0500] {dagbag.py:588} INFO - Filling up the DagBag from /home/rafaelrb/anaconda3/lib/python3.9/site-packages/airflow/example_dags/example_latest_only.py
[2025-02-23T02:32:49.851-0500] {processor.py:925} INFO - DAG(s) 'latest_only' retrieved from /home/rafaelrb/anaconda3/lib/python3.9/site-packages/airflow/example_dags/example_latest_only.py
[2025-02-23T02:32:49.903-0500] {logging_mixin.py:190} INFO - [2025-02-23T02:32:49.903-0500] {dag.py:3239} INFO - Sync 1 DAGs
[2025-02-23T02:32:49.956-0500] {logging_mixin.py:190} INFO - [2025-02-23T02:32:49.955-0500] {dag.py:4180} INFO - Setting next_dagrun for latest_only to 2025-02-23 00:00:00+00:00, run_after=2025-02-23 04:00:00+00:00
[2025-02-23T02:32:50.018-0500] {processor.py:208} INFO - Processing /home/rafaelrb/anaconda3/lib/python3.9/site-packages/airflow/example_dags/example_latest_only.py took 0.240 seconds
[2025-02-23T02:34:05.022-0500] {processor.py:186} INFO - Started process (PID=76860) to work on /home/rafaelrb/anaconda3/lib/python3.9/site-packages/airflow/example_dags/example_latest_only.py
[2025-02-23T02:34:05.023-0500] {processor.py:914} INFO - Processing file /home/rafaelrb/anaconda3/lib/python3.9/site-packages/airflow/example_dags/example_latest_only.py for tasks to queue
[2025-02-23T02:34:05.027-0500] {logging_mixin.py:190} INFO - [2025-02-23T02:34:05.026-0500] {dagbag.py:588} INFO - Filling up the DagBag from /home/rafaelrb/anaconda3/lib/python3.9/site-packages/airflow/example_dags/example_latest_only.py
[2025-02-23T02:34:05.036-0500] {processor.py:925} INFO - DAG(s) 'latest_only' retrieved from /home/rafaelrb/anaconda3/lib/python3.9/site-packages/airflow/example_dags/example_latest_only.py
[2025-02-23T02:34:05.055-0500] {logging_mixin.py:190} INFO - [2025-02-23T02:34:05.054-0500] {dag.py:3239} INFO - Sync 1 DAGs
[2025-02-23T02:34:05.080-0500] {logging_mixin.py:190} INFO - [2025-02-23T02:34:05.080-0500] {dag.py:4180} INFO - Setting next_dagrun for latest_only to 2025-02-23 00:00:00+00:00, run_after=2025-02-23 04:00:00+00:00
[2025-02-23T02:34:05.115-0500] {processor.py:208} INFO - Processing /home/rafaelrb/anaconda3/lib/python3.9/site-packages/airflow/example_dags/example_latest_only.py took 0.102 seconds
[2025-02-23T02:35:32.566-0500] {processor.py:186} INFO - Started process (PID=77202) to work on /home/rafaelrb/anaconda3/lib/python3.9/site-packages/airflow/example_dags/example_latest_only.py
[2025-02-23T02:35:32.568-0500] {processor.py:914} INFO - Processing file /home/rafaelrb/anaconda3/lib/python3.9/site-packages/airflow/example_dags/example_latest_only.py for tasks to queue
[2025-02-23T02:35:32.573-0500] {logging_mixin.py:190} INFO - [2025-02-23T02:35:32.572-0500] {dagbag.py:588} INFO - Filling up the DagBag from /home/rafaelrb/anaconda3/lib/python3.9/site-packages/airflow/example_dags/example_latest_only.py
[2025-02-23T02:35:32.582-0500] {processor.py:925} INFO - DAG(s) 'latest_only' retrieved from /home/rafaelrb/anaconda3/lib/python3.9/site-packages/airflow/example_dags/example_latest_only.py
[2025-02-23T02:35:32.604-0500] {logging_mixin.py:190} INFO - [2025-02-23T02:35:32.603-0500] {dag.py:3239} INFO - Sync 1 DAGs
[2025-02-23T02:35:32.632-0500] {logging_mixin.py:190} INFO - [2025-02-23T02:35:32.632-0500] {dag.py:4180} INFO - Setting next_dagrun for latest_only to 2025-02-23 00:00:00+00:00, run_after=2025-02-23 04:00:00+00:00
[2025-02-23T02:35:32.665-0500] {processor.py:208} INFO - Processing /home/rafaelrb/anaconda3/lib/python3.9/site-packages/airflow/example_dags/example_latest_only.py took 0.107 seconds
[2025-02-23T02:43:16.303-0500] {processor.py:186} INFO - Started process (PID=79058) to work on /home/rafaelrb/anaconda3/lib/python3.9/site-packages/airflow/example_dags/example_latest_only.py
[2025-02-23T02:43:16.304-0500] {processor.py:914} INFO - Processing file /home/rafaelrb/anaconda3/lib/python3.9/site-packages/airflow/example_dags/example_latest_only.py for tasks to queue
[2025-02-23T02:43:16.307-0500] {logging_mixin.py:190} INFO - [2025-02-23T02:43:16.307-0500] {dagbag.py:588} INFO - Filling up the DagBag from /home/rafaelrb/anaconda3/lib/python3.9/site-packages/airflow/example_dags/example_latest_only.py
[2025-02-23T02:43:16.316-0500] {processor.py:925} INFO - DAG(s) 'latest_only' retrieved from /home/rafaelrb/anaconda3/lib/python3.9/site-packages/airflow/example_dags/example_latest_only.py
[2025-02-23T02:43:16.334-0500] {logging_mixin.py:190} INFO - [2025-02-23T02:43:16.333-0500] {dag.py:3239} INFO - Sync 1 DAGs
[2025-02-23T02:43:16.357-0500] {logging_mixin.py:190} INFO - [2025-02-23T02:43:16.357-0500] {dag.py:4180} INFO - Setting next_dagrun for latest_only to 2025-02-23 00:00:00+00:00, run_after=2025-02-23 04:00:00+00:00
[2025-02-23T02:43:16.393-0500] {processor.py:208} INFO - Processing /home/rafaelrb/anaconda3/lib/python3.9/site-packages/airflow/example_dags/example_latest_only.py took 0.099 seconds
[2025-02-23T02:44:15.178-0500] {processor.py:186} INFO - Started process (PID=79260) to work on /home/rafaelrb/anaconda3/lib/python3.9/site-packages/airflow/example_dags/example_latest_only.py
[2025-02-23T02:44:15.179-0500] {processor.py:914} INFO - Processing file /home/rafaelrb/anaconda3/lib/python3.9/site-packages/airflow/example_dags/example_latest_only.py for tasks to queue
[2025-02-23T02:44:15.183-0500] {logging_mixin.py:190} INFO - [2025-02-23T02:44:15.183-0500] {dagbag.py:588} INFO - Filling up the DagBag from /home/rafaelrb/anaconda3/lib/python3.9/site-packages/airflow/example_dags/example_latest_only.py
[2025-02-23T02:44:15.192-0500] {processor.py:925} INFO - DAG(s) 'latest_only' retrieved from /home/rafaelrb/anaconda3/lib/python3.9/site-packages/airflow/example_dags/example_latest_only.py
[2025-02-23T02:44:15.215-0500] {logging_mixin.py:190} INFO - [2025-02-23T02:44:15.214-0500] {dag.py:3239} INFO - Sync 1 DAGs
[2025-02-23T02:44:15.245-0500] {logging_mixin.py:190} INFO - [2025-02-23T02:44:15.245-0500] {dag.py:4180} INFO - Setting next_dagrun for latest_only to 2025-02-23 00:00:00+00:00, run_after=2025-02-23 04:00:00+00:00
[2025-02-23T02:44:15.287-0500] {processor.py:208} INFO - Processing /home/rafaelrb/anaconda3/lib/python3.9/site-packages/airflow/example_dags/example_latest_only.py took 0.118 seconds
[2025-02-23T02:45:19.457-0500] {processor.py:186} INFO - Started process (PID=79460) to work on /home/rafaelrb/anaconda3/lib/python3.9/site-packages/airflow/example_dags/example_latest_only.py
[2025-02-23T02:45:19.466-0500] {processor.py:914} INFO - Processing file /home/rafaelrb/anaconda3/lib/python3.9/site-packages/airflow/example_dags/example_latest_only.py for tasks to queue
[2025-02-23T02:45:19.471-0500] {logging_mixin.py:190} INFO - [2025-02-23T02:45:19.470-0500] {dagbag.py:588} INFO - Filling up the DagBag from /home/rafaelrb/anaconda3/lib/python3.9/site-packages/airflow/example_dags/example_latest_only.py
[2025-02-23T02:45:19.486-0500] {processor.py:925} INFO - DAG(s) 'latest_only' retrieved from /home/rafaelrb/anaconda3/lib/python3.9/site-packages/airflow/example_dags/example_latest_only.py
[2025-02-23T02:45:19.518-0500] {logging_mixin.py:190} INFO - [2025-02-23T02:45:19.518-0500] {dag.py:3239} INFO - Sync 1 DAGs
[2025-02-23T02:45:19.556-0500] {logging_mixin.py:190} INFO - [2025-02-23T02:45:19.556-0500] {dag.py:4180} INFO - Setting next_dagrun for latest_only to 2025-02-23 00:00:00+00:00, run_after=2025-02-23 04:00:00+00:00
[2025-02-23T02:45:19.595-0500] {processor.py:208} INFO - Processing /home/rafaelrb/anaconda3/lib/python3.9/site-packages/airflow/example_dags/example_latest_only.py took 0.154 seconds
[2025-02-23T02:46:19.721-0500] {processor.py:186} INFO - Started process (PID=79674) to work on /home/rafaelrb/anaconda3/lib/python3.9/site-packages/airflow/example_dags/example_latest_only.py
[2025-02-23T02:46:19.723-0500] {processor.py:914} INFO - Processing file /home/rafaelrb/anaconda3/lib/python3.9/site-packages/airflow/example_dags/example_latest_only.py for tasks to queue
[2025-02-23T02:46:19.726-0500] {logging_mixin.py:190} INFO - [2025-02-23T02:46:19.725-0500] {dagbag.py:588} INFO - Filling up the DagBag from /home/rafaelrb/anaconda3/lib/python3.9/site-packages/airflow/example_dags/example_latest_only.py
[2025-02-23T02:46:19.738-0500] {processor.py:925} INFO - DAG(s) 'latest_only' retrieved from /home/rafaelrb/anaconda3/lib/python3.9/site-packages/airflow/example_dags/example_latest_only.py
[2025-02-23T02:46:19.762-0500] {logging_mixin.py:190} INFO - [2025-02-23T02:46:19.761-0500] {dag.py:3239} INFO - Sync 1 DAGs
[2025-02-23T02:46:19.802-0500] {logging_mixin.py:190} INFO - [2025-02-23T02:46:19.802-0500] {dag.py:4180} INFO - Setting next_dagrun for latest_only to 2025-02-23 00:00:00+00:00, run_after=2025-02-23 04:00:00+00:00
[2025-02-23T02:46:19.848-0500] {processor.py:208} INFO - Processing /home/rafaelrb/anaconda3/lib/python3.9/site-packages/airflow/example_dags/example_latest_only.py took 0.135 seconds
[2025-02-23T02:47:30.530-0500] {processor.py:186} INFO - Started process (PID=79897) to work on /home/rafaelrb/anaconda3/lib/python3.9/site-packages/airflow/example_dags/example_latest_only.py
[2025-02-23T02:47:30.533-0500] {processor.py:914} INFO - Processing file /home/rafaelrb/anaconda3/lib/python3.9/site-packages/airflow/example_dags/example_latest_only.py for tasks to queue
[2025-02-23T02:47:30.540-0500] {logging_mixin.py:190} INFO - [2025-02-23T02:47:30.537-0500] {dagbag.py:588} INFO - Filling up the DagBag from /home/rafaelrb/anaconda3/lib/python3.9/site-packages/airflow/example_dags/example_latest_only.py
[2025-02-23T02:47:30.566-0500] {processor.py:925} INFO - DAG(s) 'latest_only' retrieved from /home/rafaelrb/anaconda3/lib/python3.9/site-packages/airflow/example_dags/example_latest_only.py
[2025-02-23T02:47:30.615-0500] {logging_mixin.py:190} INFO - [2025-02-23T02:47:30.614-0500] {dag.py:3239} INFO - Sync 1 DAGs
[2025-02-23T02:47:30.666-0500] {logging_mixin.py:190} INFO - [2025-02-23T02:47:30.666-0500] {dag.py:4180} INFO - Setting next_dagrun for latest_only to 2025-02-23 00:00:00+00:00, run_after=2025-02-23 04:00:00+00:00
[2025-02-23T02:47:30.716-0500] {processor.py:208} INFO - Processing /home/rafaelrb/anaconda3/lib/python3.9/site-packages/airflow/example_dags/example_latest_only.py took 0.215 seconds
[2025-02-23T02:48:32.570-0500] {processor.py:186} INFO - Started process (PID=80088) to work on /home/rafaelrb/anaconda3/lib/python3.9/site-packages/airflow/example_dags/example_latest_only.py
[2025-02-23T02:48:32.579-0500] {processor.py:914} INFO - Processing file /home/rafaelrb/anaconda3/lib/python3.9/site-packages/airflow/example_dags/example_latest_only.py for tasks to queue
[2025-02-23T02:48:32.583-0500] {logging_mixin.py:190} INFO - [2025-02-23T02:48:32.582-0500] {dagbag.py:588} INFO - Filling up the DagBag from /home/rafaelrb/anaconda3/lib/python3.9/site-packages/airflow/example_dags/example_latest_only.py
[2025-02-23T02:48:32.592-0500] {processor.py:925} INFO - DAG(s) 'latest_only' retrieved from /home/rafaelrb/anaconda3/lib/python3.9/site-packages/airflow/example_dags/example_latest_only.py
[2025-02-23T02:48:32.612-0500] {logging_mixin.py:190} INFO - [2025-02-23T02:48:32.611-0500] {dag.py:3239} INFO - Sync 1 DAGs
[2025-02-23T02:48:32.637-0500] {logging_mixin.py:190} INFO - [2025-02-23T02:48:32.636-0500] {dag.py:4180} INFO - Setting next_dagrun for latest_only to 2025-02-23 00:00:00+00:00, run_after=2025-02-23 04:00:00+00:00
[2025-02-23T02:48:32.668-0500] {processor.py:208} INFO - Processing /home/rafaelrb/anaconda3/lib/python3.9/site-packages/airflow/example_dags/example_latest_only.py took 0.119 seconds
[2025-02-23T02:49:34.910-0500] {processor.py:186} INFO - Started process (PID=80280) to work on /home/rafaelrb/anaconda3/lib/python3.9/site-packages/airflow/example_dags/example_latest_only.py
[2025-02-23T02:49:34.917-0500] {processor.py:914} INFO - Processing file /home/rafaelrb/anaconda3/lib/python3.9/site-packages/airflow/example_dags/example_latest_only.py for tasks to queue
[2025-02-23T02:49:34.922-0500] {logging_mixin.py:190} INFO - [2025-02-23T02:49:34.921-0500] {dagbag.py:588} INFO - Filling up the DagBag from /home/rafaelrb/anaconda3/lib/python3.9/site-packages/airflow/example_dags/example_latest_only.py
[2025-02-23T02:49:34.933-0500] {processor.py:925} INFO - DAG(s) 'latest_only' retrieved from /home/rafaelrb/anaconda3/lib/python3.9/site-packages/airflow/example_dags/example_latest_only.py
[2025-02-23T02:49:34.954-0500] {logging_mixin.py:190} INFO - [2025-02-23T02:49:34.954-0500] {dag.py:3239} INFO - Sync 1 DAGs
[2025-02-23T02:49:34.988-0500] {logging_mixin.py:190} INFO - [2025-02-23T02:49:34.987-0500] {dag.py:4180} INFO - Setting next_dagrun for latest_only to 2025-02-23 00:00:00+00:00, run_after=2025-02-23 04:00:00+00:00
[2025-02-23T02:49:35.030-0500] {processor.py:208} INFO - Processing /home/rafaelrb/anaconda3/lib/python3.9/site-packages/airflow/example_dags/example_latest_only.py took 0.128 seconds
[2025-02-23T02:51:10.369-0500] {processor.py:186} INFO - Started process (PID=80552) to work on /home/rafaelrb/anaconda3/lib/python3.9/site-packages/airflow/example_dags/example_latest_only.py
[2025-02-23T02:51:10.375-0500] {processor.py:914} INFO - Processing file /home/rafaelrb/anaconda3/lib/python3.9/site-packages/airflow/example_dags/example_latest_only.py for tasks to queue
[2025-02-23T02:51:10.382-0500] {logging_mixin.py:190} INFO - [2025-02-23T02:51:10.382-0500] {dagbag.py:588} INFO - Filling up the DagBag from /home/rafaelrb/anaconda3/lib/python3.9/site-packages/airflow/example_dags/example_latest_only.py
[2025-02-23T02:51:10.394-0500] {processor.py:925} INFO - DAG(s) 'latest_only' retrieved from /home/rafaelrb/anaconda3/lib/python3.9/site-packages/airflow/example_dags/example_latest_only.py
[2025-02-23T02:51:10.427-0500] {logging_mixin.py:190} INFO - [2025-02-23T02:51:10.426-0500] {dag.py:3239} INFO - Sync 1 DAGs
[2025-02-23T02:51:10.477-0500] {logging_mixin.py:190} INFO - [2025-02-23T02:51:10.477-0500] {dag.py:4180} INFO - Setting next_dagrun for latest_only to 2025-02-23 00:00:00+00:00, run_after=2025-02-23 04:00:00+00:00
[2025-02-23T02:51:10.507-0500] {processor.py:208} INFO - Processing /home/rafaelrb/anaconda3/lib/python3.9/site-packages/airflow/example_dags/example_latest_only.py took 0.156 seconds
[2025-02-23T02:52:27.272-0500] {processor.py:186} INFO - Started process (PID=80802) to work on /home/rafaelrb/anaconda3/lib/python3.9/site-packages/airflow/example_dags/example_latest_only.py
[2025-02-23T02:52:27.279-0500] {processor.py:914} INFO - Processing file /home/rafaelrb/anaconda3/lib/python3.9/site-packages/airflow/example_dags/example_latest_only.py for tasks to queue
[2025-02-23T02:52:27.282-0500] {logging_mixin.py:190} INFO - [2025-02-23T02:52:27.282-0500] {dagbag.py:588} INFO - Filling up the DagBag from /home/rafaelrb/anaconda3/lib/python3.9/site-packages/airflow/example_dags/example_latest_only.py
[2025-02-23T02:52:27.292-0500] {processor.py:925} INFO - DAG(s) 'latest_only' retrieved from /home/rafaelrb/anaconda3/lib/python3.9/site-packages/airflow/example_dags/example_latest_only.py
[2025-02-23T02:52:27.314-0500] {logging_mixin.py:190} INFO - [2025-02-23T02:52:27.314-0500] {dag.py:3239} INFO - Sync 1 DAGs
[2025-02-23T02:52:27.343-0500] {logging_mixin.py:190} INFO - [2025-02-23T02:52:27.342-0500] {dag.py:4180} INFO - Setting next_dagrun for latest_only to 2025-02-23 00:00:00+00:00, run_after=2025-02-23 04:00:00+00:00
[2025-02-23T02:52:27.393-0500] {processor.py:208} INFO - Processing /home/rafaelrb/anaconda3/lib/python3.9/site-packages/airflow/example_dags/example_latest_only.py took 0.131 seconds
[2025-02-23T02:53:30.502-0500] {processor.py:186} INFO - Started process (PID=80994) to work on /home/rafaelrb/anaconda3/lib/python3.9/site-packages/airflow/example_dags/example_latest_only.py
[2025-02-23T02:53:30.504-0500] {processor.py:914} INFO - Processing file /home/rafaelrb/anaconda3/lib/python3.9/site-packages/airflow/example_dags/example_latest_only.py for tasks to queue
[2025-02-23T02:53:30.507-0500] {logging_mixin.py:190} INFO - [2025-02-23T02:53:30.506-0500] {dagbag.py:588} INFO - Filling up the DagBag from /home/rafaelrb/anaconda3/lib/python3.9/site-packages/airflow/example_dags/example_latest_only.py
[2025-02-23T02:53:30.516-0500] {processor.py:925} INFO - DAG(s) 'latest_only' retrieved from /home/rafaelrb/anaconda3/lib/python3.9/site-packages/airflow/example_dags/example_latest_only.py
[2025-02-23T02:53:30.535-0500] {logging_mixin.py:190} INFO - [2025-02-23T02:53:30.534-0500] {dag.py:3239} INFO - Sync 1 DAGs
[2025-02-23T02:53:30.559-0500] {logging_mixin.py:190} INFO - [2025-02-23T02:53:30.559-0500] {dag.py:4180} INFO - Setting next_dagrun for latest_only to 2025-02-23 00:00:00+00:00, run_after=2025-02-23 04:00:00+00:00
[2025-02-23T02:53:30.596-0500] {processor.py:208} INFO - Processing /home/rafaelrb/anaconda3/lib/python3.9/site-packages/airflow/example_dags/example_latest_only.py took 0.102 seconds
[2025-02-23T02:54:32.373-0500] {processor.py:186} INFO - Started process (PID=81182) to work on /home/rafaelrb/anaconda3/lib/python3.9/site-packages/airflow/example_dags/example_latest_only.py
[2025-02-23T02:54:32.380-0500] {processor.py:914} INFO - Processing file /home/rafaelrb/anaconda3/lib/python3.9/site-packages/airflow/example_dags/example_latest_only.py for tasks to queue
[2025-02-23T02:54:32.384-0500] {logging_mixin.py:190} INFO - [2025-02-23T02:54:32.383-0500] {dagbag.py:588} INFO - Filling up the DagBag from /home/rafaelrb/anaconda3/lib/python3.9/site-packages/airflow/example_dags/example_latest_only.py
[2025-02-23T02:54:32.395-0500] {processor.py:925} INFO - DAG(s) 'latest_only' retrieved from /home/rafaelrb/anaconda3/lib/python3.9/site-packages/airflow/example_dags/example_latest_only.py
[2025-02-23T02:54:32.413-0500] {logging_mixin.py:190} INFO - [2025-02-23T02:54:32.413-0500] {dag.py:3239} INFO - Sync 1 DAGs
[2025-02-23T02:54:32.438-0500] {logging_mixin.py:190} INFO - [2025-02-23T02:54:32.438-0500] {dag.py:4180} INFO - Setting next_dagrun for latest_only to 2025-02-23 00:00:00+00:00, run_after=2025-02-23 04:00:00+00:00
[2025-02-23T02:54:32.472-0500] {processor.py:208} INFO - Processing /home/rafaelrb/anaconda3/lib/python3.9/site-packages/airflow/example_dags/example_latest_only.py took 0.107 seconds
[2025-02-23T02:55:33.524-0500] {processor.py:186} INFO - Started process (PID=81372) to work on /home/rafaelrb/anaconda3/lib/python3.9/site-packages/airflow/example_dags/example_latest_only.py
[2025-02-23T02:55:33.527-0500] {processor.py:914} INFO - Processing file /home/rafaelrb/anaconda3/lib/python3.9/site-packages/airflow/example_dags/example_latest_only.py for tasks to queue
[2025-02-23T02:55:33.530-0500] {logging_mixin.py:190} INFO - [2025-02-23T02:55:33.530-0500] {dagbag.py:588} INFO - Filling up the DagBag from /home/rafaelrb/anaconda3/lib/python3.9/site-packages/airflow/example_dags/example_latest_only.py
[2025-02-23T02:55:33.547-0500] {processor.py:925} INFO - DAG(s) 'latest_only' retrieved from /home/rafaelrb/anaconda3/lib/python3.9/site-packages/airflow/example_dags/example_latest_only.py
[2025-02-23T02:55:33.574-0500] {logging_mixin.py:190} INFO - [2025-02-23T02:55:33.573-0500] {dag.py:3239} INFO - Sync 1 DAGs
[2025-02-23T02:55:33.603-0500] {logging_mixin.py:190} INFO - [2025-02-23T02:55:33.603-0500] {dag.py:4180} INFO - Setting next_dagrun for latest_only to 2025-02-23 00:00:00+00:00, run_after=2025-02-23 04:00:00+00:00
[2025-02-23T02:55:33.655-0500] {processor.py:208} INFO - Processing /home/rafaelrb/anaconda3/lib/python3.9/site-packages/airflow/example_dags/example_latest_only.py took 0.145 seconds
[2025-02-23T02:56:37.267-0500] {processor.py:186} INFO - Started process (PID=81592) to work on /home/rafaelrb/anaconda3/lib/python3.9/site-packages/airflow/example_dags/example_latest_only.py
[2025-02-23T02:56:37.273-0500] {processor.py:914} INFO - Processing file /home/rafaelrb/anaconda3/lib/python3.9/site-packages/airflow/example_dags/example_latest_only.py for tasks to queue
[2025-02-23T02:56:37.277-0500] {logging_mixin.py:190} INFO - [2025-02-23T02:56:37.276-0500] {dagbag.py:588} INFO - Filling up the DagBag from /home/rafaelrb/anaconda3/lib/python3.9/site-packages/airflow/example_dags/example_latest_only.py
[2025-02-23T02:56:37.291-0500] {processor.py:925} INFO - DAG(s) 'latest_only' retrieved from /home/rafaelrb/anaconda3/lib/python3.9/site-packages/airflow/example_dags/example_latest_only.py
[2025-02-23T02:56:37.312-0500] {logging_mixin.py:190} INFO - [2025-02-23T02:56:37.312-0500] {dag.py:3239} INFO - Sync 1 DAGs
[2025-02-23T02:56:37.343-0500] {logging_mixin.py:190} INFO - [2025-02-23T02:56:37.343-0500] {dag.py:4180} INFO - Setting next_dagrun for latest_only to 2025-02-23 00:00:00+00:00, run_after=2025-02-23 04:00:00+00:00
[2025-02-23T02:56:37.385-0500] {processor.py:208} INFO - Processing /home/rafaelrb/anaconda3/lib/python3.9/site-packages/airflow/example_dags/example_latest_only.py took 0.130 seconds
[2025-02-23T02:57:40.628-0500] {processor.py:186} INFO - Started process (PID=81812) to work on /home/rafaelrb/anaconda3/lib/python3.9/site-packages/airflow/example_dags/example_latest_only.py
[2025-02-23T02:57:40.630-0500] {processor.py:914} INFO - Processing file /home/rafaelrb/anaconda3/lib/python3.9/site-packages/airflow/example_dags/example_latest_only.py for tasks to queue
[2025-02-23T02:57:40.634-0500] {logging_mixin.py:190} INFO - [2025-02-23T02:57:40.634-0500] {dagbag.py:588} INFO - Filling up the DagBag from /home/rafaelrb/anaconda3/lib/python3.9/site-packages/airflow/example_dags/example_latest_only.py
[2025-02-23T02:57:40.646-0500] {processor.py:925} INFO - DAG(s) 'latest_only' retrieved from /home/rafaelrb/anaconda3/lib/python3.9/site-packages/airflow/example_dags/example_latest_only.py
[2025-02-23T02:57:40.670-0500] {logging_mixin.py:190} INFO - [2025-02-23T02:57:40.669-0500] {dag.py:3239} INFO - Sync 1 DAGs
[2025-02-23T02:57:40.705-0500] {logging_mixin.py:190} INFO - [2025-02-23T02:57:40.705-0500] {dag.py:4180} INFO - Setting next_dagrun for latest_only to 2025-02-23 00:00:00+00:00, run_after=2025-02-23 04:00:00+00:00
[2025-02-23T02:57:40.743-0500] {processor.py:208} INFO - Processing /home/rafaelrb/anaconda3/lib/python3.9/site-packages/airflow/example_dags/example_latest_only.py took 0.127 seconds
[2025-02-23T02:58:45.692-0500] {processor.py:186} INFO - Started process (PID=82008) to work on /home/rafaelrb/anaconda3/lib/python3.9/site-packages/airflow/example_dags/example_latest_only.py
[2025-02-23T02:58:45.694-0500] {processor.py:914} INFO - Processing file /home/rafaelrb/anaconda3/lib/python3.9/site-packages/airflow/example_dags/example_latest_only.py for tasks to queue
[2025-02-23T02:58:45.697-0500] {logging_mixin.py:190} INFO - [2025-02-23T02:58:45.697-0500] {dagbag.py:588} INFO - Filling up the DagBag from /home/rafaelrb/anaconda3/lib/python3.9/site-packages/airflow/example_dags/example_latest_only.py
[2025-02-23T02:58:45.707-0500] {processor.py:925} INFO - DAG(s) 'latest_only' retrieved from /home/rafaelrb/anaconda3/lib/python3.9/site-packages/airflow/example_dags/example_latest_only.py
[2025-02-23T02:58:45.726-0500] {logging_mixin.py:190} INFO - [2025-02-23T02:58:45.725-0500] {dag.py:3239} INFO - Sync 1 DAGs
[2025-02-23T02:58:45.755-0500] {logging_mixin.py:190} INFO - [2025-02-23T02:58:45.755-0500] {dag.py:4180} INFO - Setting next_dagrun for latest_only to 2025-02-23 00:00:00+00:00, run_after=2025-02-23 04:00:00+00:00
[2025-02-23T02:58:45.817-0500] {processor.py:208} INFO - Processing /home/rafaelrb/anaconda3/lib/python3.9/site-packages/airflow/example_dags/example_latest_only.py took 0.135 seconds
[2025-02-23T02:59:47.048-0500] {processor.py:186} INFO - Started process (PID=82200) to work on /home/rafaelrb/anaconda3/lib/python3.9/site-packages/airflow/example_dags/example_latest_only.py
[2025-02-23T02:59:47.059-0500] {processor.py:914} INFO - Processing file /home/rafaelrb/anaconda3/lib/python3.9/site-packages/airflow/example_dags/example_latest_only.py for tasks to queue
[2025-02-23T02:59:47.063-0500] {logging_mixin.py:190} INFO - [2025-02-23T02:59:47.062-0500] {dagbag.py:588} INFO - Filling up the DagBag from /home/rafaelrb/anaconda3/lib/python3.9/site-packages/airflow/example_dags/example_latest_only.py
[2025-02-23T02:59:47.073-0500] {processor.py:925} INFO - DAG(s) 'latest_only' retrieved from /home/rafaelrb/anaconda3/lib/python3.9/site-packages/airflow/example_dags/example_latest_only.py
[2025-02-23T02:59:47.096-0500] {logging_mixin.py:190} INFO - [2025-02-23T02:59:47.096-0500] {dag.py:3239} INFO - Sync 1 DAGs
[2025-02-23T02:59:47.152-0500] {logging_mixin.py:190} INFO - [2025-02-23T02:59:47.151-0500] {dag.py:4180} INFO - Setting next_dagrun for latest_only to 2025-02-23 00:00:00+00:00, run_after=2025-02-23 04:00:00+00:00
[2025-02-23T02:59:47.191-0500] {processor.py:208} INFO - Processing /home/rafaelrb/anaconda3/lib/python3.9/site-packages/airflow/example_dags/example_latest_only.py took 0.151 seconds
[2025-02-23T03:00:53.715-0500] {processor.py:186} INFO - Started process (PID=82400) to work on /home/rafaelrb/anaconda3/lib/python3.9/site-packages/airflow/example_dags/example_latest_only.py
[2025-02-23T03:00:53.722-0500] {processor.py:914} INFO - Processing file /home/rafaelrb/anaconda3/lib/python3.9/site-packages/airflow/example_dags/example_latest_only.py for tasks to queue
[2025-02-23T03:00:53.725-0500] {logging_mixin.py:190} INFO - [2025-02-23T03:00:53.724-0500] {dagbag.py:588} INFO - Filling up the DagBag from /home/rafaelrb/anaconda3/lib/python3.9/site-packages/airflow/example_dags/example_latest_only.py
[2025-02-23T03:00:53.737-0500] {processor.py:925} INFO - DAG(s) 'latest_only' retrieved from /home/rafaelrb/anaconda3/lib/python3.9/site-packages/airflow/example_dags/example_latest_only.py
[2025-02-23T03:00:53.763-0500] {logging_mixin.py:190} INFO - [2025-02-23T03:00:53.762-0500] {dag.py:3239} INFO - Sync 1 DAGs
[2025-02-23T03:00:53.797-0500] {logging_mixin.py:190} INFO - [2025-02-23T03:00:53.797-0500] {dag.py:4180} INFO - Setting next_dagrun for latest_only to 2025-02-23 04:00:00+00:00, run_after=2025-02-23 08:00:00+00:00
[2025-02-23T03:00:53.839-0500] {processor.py:208} INFO - Processing /home/rafaelrb/anaconda3/lib/python3.9/site-packages/airflow/example_dags/example_latest_only.py took 0.135 seconds
[2025-02-23T03:02:03.150-0500] {processor.py:186} INFO - Started process (PID=82664) to work on /home/rafaelrb/anaconda3/lib/python3.9/site-packages/airflow/example_dags/example_latest_only.py
[2025-02-23T03:02:03.153-0500] {processor.py:914} INFO - Processing file /home/rafaelrb/anaconda3/lib/python3.9/site-packages/airflow/example_dags/example_latest_only.py for tasks to queue
[2025-02-23T03:02:03.160-0500] {logging_mixin.py:190} INFO - [2025-02-23T03:02:03.159-0500] {dagbag.py:588} INFO - Filling up the DagBag from /home/rafaelrb/anaconda3/lib/python3.9/site-packages/airflow/example_dags/example_latest_only.py
[2025-02-23T03:02:03.181-0500] {processor.py:925} INFO - DAG(s) 'latest_only' retrieved from /home/rafaelrb/anaconda3/lib/python3.9/site-packages/airflow/example_dags/example_latest_only.py
[2025-02-23T03:02:03.215-0500] {logging_mixin.py:190} INFO - [2025-02-23T03:02:03.215-0500] {dag.py:3239} INFO - Sync 1 DAGs
[2025-02-23T03:02:03.255-0500] {logging_mixin.py:190} INFO - [2025-02-23T03:02:03.255-0500] {dag.py:4180} INFO - Setting next_dagrun for latest_only to 2025-02-23 04:00:00+00:00, run_after=2025-02-23 08:00:00+00:00
[2025-02-23T03:02:03.297-0500] {processor.py:208} INFO - Processing /home/rafaelrb/anaconda3/lib/python3.9/site-packages/airflow/example_dags/example_latest_only.py took 0.163 seconds
[2025-02-23T03:03:23.698-0500] {processor.py:186} INFO - Started process (PID=83508) to work on /home/rafaelrb/anaconda3/lib/python3.9/site-packages/airflow/example_dags/example_latest_only.py
[2025-02-23T03:03:23.776-0500] {processor.py:914} INFO - Processing file /home/rafaelrb/anaconda3/lib/python3.9/site-packages/airflow/example_dags/example_latest_only.py for tasks to queue
[2025-02-23T03:03:23.781-0500] {logging_mixin.py:190} INFO - [2025-02-23T03:03:23.779-0500] {dagbag.py:588} INFO - Filling up the DagBag from /home/rafaelrb/anaconda3/lib/python3.9/site-packages/airflow/example_dags/example_latest_only.py
[2025-02-23T03:03:23.804-0500] {processor.py:925} INFO - DAG(s) 'latest_only' retrieved from /home/rafaelrb/anaconda3/lib/python3.9/site-packages/airflow/example_dags/example_latest_only.py
[2025-02-23T03:03:23.850-0500] {logging_mixin.py:190} INFO - [2025-02-23T03:03:23.849-0500] {dag.py:3239} INFO - Sync 1 DAGs
[2025-02-23T03:03:23.929-0500] {logging_mixin.py:190} INFO - [2025-02-23T03:03:23.928-0500] {dag.py:4180} INFO - Setting next_dagrun for latest_only to 2025-02-23 04:00:00+00:00, run_after=2025-02-23 08:00:00+00:00
[2025-02-23T03:03:23.975-0500] {processor.py:208} INFO - Processing /home/rafaelrb/anaconda3/lib/python3.9/site-packages/airflow/example_dags/example_latest_only.py took 0.295 seconds
[2025-02-23T03:04:33.140-0500] {processor.py:186} INFO - Started process (PID=83728) to work on /home/rafaelrb/anaconda3/lib/python3.9/site-packages/airflow/example_dags/example_latest_only.py
[2025-02-23T03:04:33.142-0500] {processor.py:914} INFO - Processing file /home/rafaelrb/anaconda3/lib/python3.9/site-packages/airflow/example_dags/example_latest_only.py for tasks to queue
[2025-02-23T03:04:33.145-0500] {logging_mixin.py:190} INFO - [2025-02-23T03:04:33.144-0500] {dagbag.py:588} INFO - Filling up the DagBag from /home/rafaelrb/anaconda3/lib/python3.9/site-packages/airflow/example_dags/example_latest_only.py
[2025-02-23T03:04:33.155-0500] {processor.py:925} INFO - DAG(s) 'latest_only' retrieved from /home/rafaelrb/anaconda3/lib/python3.9/site-packages/airflow/example_dags/example_latest_only.py
[2025-02-23T03:04:33.174-0500] {logging_mixin.py:190} INFO - [2025-02-23T03:04:33.174-0500] {dag.py:3239} INFO - Sync 1 DAGs
[2025-02-23T03:04:33.199-0500] {logging_mixin.py:190} INFO - [2025-02-23T03:04:33.199-0500] {dag.py:4180} INFO - Setting next_dagrun for latest_only to 2025-02-23 04:00:00+00:00, run_after=2025-02-23 08:00:00+00:00
[2025-02-23T03:04:33.235-0500] {processor.py:208} INFO - Processing /home/rafaelrb/anaconda3/lib/python3.9/site-packages/airflow/example_dags/example_latest_only.py took 0.103 seconds
[2025-02-23T03:05:36.739-0500] {processor.py:186} INFO - Started process (PID=83923) to work on /home/rafaelrb/anaconda3/lib/python3.9/site-packages/airflow/example_dags/example_latest_only.py
[2025-02-23T03:05:36.748-0500] {processor.py:914} INFO - Processing file /home/rafaelrb/anaconda3/lib/python3.9/site-packages/airflow/example_dags/example_latest_only.py for tasks to queue
[2025-02-23T03:05:36.751-0500] {logging_mixin.py:190} INFO - [2025-02-23T03:05:36.750-0500] {dagbag.py:588} INFO - Filling up the DagBag from /home/rafaelrb/anaconda3/lib/python3.9/site-packages/airflow/example_dags/example_latest_only.py
[2025-02-23T03:05:36.766-0500] {processor.py:925} INFO - DAG(s) 'latest_only' retrieved from /home/rafaelrb/anaconda3/lib/python3.9/site-packages/airflow/example_dags/example_latest_only.py
[2025-02-23T03:05:36.786-0500] {logging_mixin.py:190} INFO - [2025-02-23T03:05:36.786-0500] {dag.py:3239} INFO - Sync 1 DAGs
[2025-02-23T03:05:36.816-0500] {logging_mixin.py:190} INFO - [2025-02-23T03:05:36.816-0500] {dag.py:4180} INFO - Setting next_dagrun for latest_only to 2025-02-23 04:00:00+00:00, run_after=2025-02-23 08:00:00+00:00
[2025-02-23T03:05:36.865-0500] {processor.py:208} INFO - Processing /home/rafaelrb/anaconda3/lib/python3.9/site-packages/airflow/example_dags/example_latest_only.py took 0.138 seconds
[2025-02-23T03:06:38.553-0500] {processor.py:186} INFO - Started process (PID=84140) to work on /home/rafaelrb/anaconda3/lib/python3.9/site-packages/airflow/example_dags/example_latest_only.py
[2025-02-23T03:06:38.555-0500] {processor.py:914} INFO - Processing file /home/rafaelrb/anaconda3/lib/python3.9/site-packages/airflow/example_dags/example_latest_only.py for tasks to queue
[2025-02-23T03:06:38.559-0500] {logging_mixin.py:190} INFO - [2025-02-23T03:06:38.558-0500] {dagbag.py:588} INFO - Filling up the DagBag from /home/rafaelrb/anaconda3/lib/python3.9/site-packages/airflow/example_dags/example_latest_only.py
[2025-02-23T03:06:38.568-0500] {processor.py:925} INFO - DAG(s) 'latest_only' retrieved from /home/rafaelrb/anaconda3/lib/python3.9/site-packages/airflow/example_dags/example_latest_only.py
[2025-02-23T03:06:38.588-0500] {logging_mixin.py:190} INFO - [2025-02-23T03:06:38.587-0500] {dag.py:3239} INFO - Sync 1 DAGs
[2025-02-23T03:06:38.613-0500] {logging_mixin.py:190} INFO - [2025-02-23T03:06:38.613-0500] {dag.py:4180} INFO - Setting next_dagrun for latest_only to 2025-02-23 04:00:00+00:00, run_after=2025-02-23 08:00:00+00:00
[2025-02-23T03:06:38.650-0500] {processor.py:208} INFO - Processing /home/rafaelrb/anaconda3/lib/python3.9/site-packages/airflow/example_dags/example_latest_only.py took 0.105 seconds
[2025-02-23T03:07:37.905-0500] {processor.py:186} INFO - Started process (PID=84325) to work on /home/rafaelrb/anaconda3/lib/python3.9/site-packages/airflow/example_dags/example_latest_only.py
[2025-02-23T03:07:37.907-0500] {processor.py:914} INFO - Processing file /home/rafaelrb/anaconda3/lib/python3.9/site-packages/airflow/example_dags/example_latest_only.py for tasks to queue
[2025-02-23T03:07:37.910-0500] {logging_mixin.py:190} INFO - [2025-02-23T03:07:37.910-0500] {dagbag.py:588} INFO - Filling up the DagBag from /home/rafaelrb/anaconda3/lib/python3.9/site-packages/airflow/example_dags/example_latest_only.py
[2025-02-23T03:07:37.921-0500] {processor.py:925} INFO - DAG(s) 'latest_only' retrieved from /home/rafaelrb/anaconda3/lib/python3.9/site-packages/airflow/example_dags/example_latest_only.py
[2025-02-23T03:07:37.941-0500] {logging_mixin.py:190} INFO - [2025-02-23T03:07:37.940-0500] {dag.py:3239} INFO - Sync 1 DAGs
[2025-02-23T03:07:37.968-0500] {logging_mixin.py:190} INFO - [2025-02-23T03:07:37.968-0500] {dag.py:4180} INFO - Setting next_dagrun for latest_only to 2025-02-23 04:00:00+00:00, run_after=2025-02-23 08:00:00+00:00
[2025-02-23T03:07:38.005-0500] {processor.py:208} INFO - Processing /home/rafaelrb/anaconda3/lib/python3.9/site-packages/airflow/example_dags/example_latest_only.py took 0.110 seconds
[2025-02-23T03:08:43.392-0500] {processor.py:186} INFO - Started process (PID=84521) to work on /home/rafaelrb/anaconda3/lib/python3.9/site-packages/airflow/example_dags/example_latest_only.py
[2025-02-23T03:08:43.399-0500] {processor.py:914} INFO - Processing file /home/rafaelrb/anaconda3/lib/python3.9/site-packages/airflow/example_dags/example_latest_only.py for tasks to queue
[2025-02-23T03:08:43.402-0500] {logging_mixin.py:190} INFO - [2025-02-23T03:08:43.401-0500] {dagbag.py:588} INFO - Filling up the DagBag from /home/rafaelrb/anaconda3/lib/python3.9/site-packages/airflow/example_dags/example_latest_only.py
[2025-02-23T03:08:43.413-0500] {processor.py:925} INFO - DAG(s) 'latest_only' retrieved from /home/rafaelrb/anaconda3/lib/python3.9/site-packages/airflow/example_dags/example_latest_only.py
[2025-02-23T03:08:43.436-0500] {logging_mixin.py:190} INFO - [2025-02-23T03:08:43.435-0500] {dag.py:3239} INFO - Sync 1 DAGs
[2025-02-23T03:08:43.463-0500] {logging_mixin.py:190} INFO - [2025-02-23T03:08:43.462-0500] {dag.py:4180} INFO - Setting next_dagrun for latest_only to 2025-02-23 04:00:00+00:00, run_after=2025-02-23 08:00:00+00:00
[2025-02-23T03:08:43.499-0500] {processor.py:208} INFO - Processing /home/rafaelrb/anaconda3/lib/python3.9/site-packages/airflow/example_dags/example_latest_only.py took 0.116 seconds
[2025-02-23T03:09:46.109-0500] {processor.py:186} INFO - Started process (PID=84743) to work on /home/rafaelrb/anaconda3/lib/python3.9/site-packages/airflow/example_dags/example_latest_only.py
[2025-02-23T03:09:46.116-0500] {processor.py:914} INFO - Processing file /home/rafaelrb/anaconda3/lib/python3.9/site-packages/airflow/example_dags/example_latest_only.py for tasks to queue
[2025-02-23T03:09:46.118-0500] {logging_mixin.py:190} INFO - [2025-02-23T03:09:46.118-0500] {dagbag.py:588} INFO - Filling up the DagBag from /home/rafaelrb/anaconda3/lib/python3.9/site-packages/airflow/example_dags/example_latest_only.py
[2025-02-23T03:09:46.130-0500] {processor.py:925} INFO - DAG(s) 'latest_only' retrieved from /home/rafaelrb/anaconda3/lib/python3.9/site-packages/airflow/example_dags/example_latest_only.py
[2025-02-23T03:09:46.149-0500] {logging_mixin.py:190} INFO - [2025-02-23T03:09:46.149-0500] {dag.py:3239} INFO - Sync 1 DAGs
[2025-02-23T03:09:46.176-0500] {logging_mixin.py:190} INFO - [2025-02-23T03:09:46.176-0500] {dag.py:4180} INFO - Setting next_dagrun for latest_only to 2025-02-23 04:00:00+00:00, run_after=2025-02-23 08:00:00+00:00
[2025-02-23T03:09:46.210-0500] {processor.py:208} INFO - Processing /home/rafaelrb/anaconda3/lib/python3.9/site-packages/airflow/example_dags/example_latest_only.py took 0.113 seconds
[2025-02-23T03:10:51.623-0500] {processor.py:186} INFO - Started process (PID=84941) to work on /home/rafaelrb/anaconda3/lib/python3.9/site-packages/airflow/example_dags/example_latest_only.py
[2025-02-23T03:10:51.631-0500] {processor.py:914} INFO - Processing file /home/rafaelrb/anaconda3/lib/python3.9/site-packages/airflow/example_dags/example_latest_only.py for tasks to queue
[2025-02-23T03:10:51.634-0500] {logging_mixin.py:190} INFO - [2025-02-23T03:10:51.633-0500] {dagbag.py:588} INFO - Filling up the DagBag from /home/rafaelrb/anaconda3/lib/python3.9/site-packages/airflow/example_dags/example_latest_only.py
[2025-02-23T03:10:51.644-0500] {processor.py:925} INFO - DAG(s) 'latest_only' retrieved from /home/rafaelrb/anaconda3/lib/python3.9/site-packages/airflow/example_dags/example_latest_only.py
[2025-02-23T03:10:51.663-0500] {logging_mixin.py:190} INFO - [2025-02-23T03:10:51.663-0500] {dag.py:3239} INFO - Sync 1 DAGs
[2025-02-23T03:10:51.690-0500] {logging_mixin.py:190} INFO - [2025-02-23T03:10:51.690-0500] {dag.py:4180} INFO - Setting next_dagrun for latest_only to 2025-02-23 04:00:00+00:00, run_after=2025-02-23 08:00:00+00:00
[2025-02-23T03:10:51.724-0500] {processor.py:208} INFO - Processing /home/rafaelrb/anaconda3/lib/python3.9/site-packages/airflow/example_dags/example_latest_only.py took 0.109 seconds
[2025-02-23T03:11:55.305-0500] {processor.py:186} INFO - Started process (PID=85164) to work on /home/rafaelrb/anaconda3/lib/python3.9/site-packages/airflow/example_dags/example_latest_only.py
[2025-02-23T03:11:55.307-0500] {processor.py:914} INFO - Processing file /home/rafaelrb/anaconda3/lib/python3.9/site-packages/airflow/example_dags/example_latest_only.py for tasks to queue
[2025-02-23T03:11:55.309-0500] {logging_mixin.py:190} INFO - [2025-02-23T03:11:55.309-0500] {dagbag.py:588} INFO - Filling up the DagBag from /home/rafaelrb/anaconda3/lib/python3.9/site-packages/airflow/example_dags/example_latest_only.py
[2025-02-23T03:11:55.319-0500] {processor.py:925} INFO - DAG(s) 'latest_only' retrieved from /home/rafaelrb/anaconda3/lib/python3.9/site-packages/airflow/example_dags/example_latest_only.py
[2025-02-23T03:11:55.338-0500] {logging_mixin.py:190} INFO - [2025-02-23T03:11:55.338-0500] {dag.py:3239} INFO - Sync 1 DAGs
[2025-02-23T03:11:55.364-0500] {logging_mixin.py:190} INFO - [2025-02-23T03:11:55.363-0500] {dag.py:4180} INFO - Setting next_dagrun for latest_only to 2025-02-23 04:00:00+00:00, run_after=2025-02-23 08:00:00+00:00
[2025-02-23T03:11:55.398-0500] {processor.py:208} INFO - Processing /home/rafaelrb/anaconda3/lib/python3.9/site-packages/airflow/example_dags/example_latest_only.py took 0.102 seconds
[2025-02-23T03:12:57.399-0500] {processor.py:186} INFO - Started process (PID=85358) to work on /home/rafaelrb/anaconda3/lib/python3.9/site-packages/airflow/example_dags/example_latest_only.py
[2025-02-23T03:12:57.403-0500] {processor.py:914} INFO - Processing file /home/rafaelrb/anaconda3/lib/python3.9/site-packages/airflow/example_dags/example_latest_only.py for tasks to queue
[2025-02-23T03:12:57.407-0500] {logging_mixin.py:190} INFO - [2025-02-23T03:12:57.407-0500] {dagbag.py:588} INFO - Filling up the DagBag from /home/rafaelrb/anaconda3/lib/python3.9/site-packages/airflow/example_dags/example_latest_only.py
[2025-02-23T03:12:57.419-0500] {processor.py:925} INFO - DAG(s) 'latest_only' retrieved from /home/rafaelrb/anaconda3/lib/python3.9/site-packages/airflow/example_dags/example_latest_only.py
[2025-02-23T03:12:57.440-0500] {logging_mixin.py:190} INFO - [2025-02-23T03:12:57.440-0500] {dag.py:3239} INFO - Sync 1 DAGs
[2025-02-23T03:12:57.472-0500] {logging_mixin.py:190} INFO - [2025-02-23T03:12:57.472-0500] {dag.py:4180} INFO - Setting next_dagrun for latest_only to 2025-02-23 04:00:00+00:00, run_after=2025-02-23 08:00:00+00:00
[2025-02-23T03:12:57.507-0500] {processor.py:208} INFO - Processing /home/rafaelrb/anaconda3/lib/python3.9/site-packages/airflow/example_dags/example_latest_only.py took 0.117 seconds
[2025-02-23T03:14:08.015-0500] {processor.py:186} INFO - Started process (PID=85573) to work on /home/rafaelrb/anaconda3/lib/python3.9/site-packages/airflow/example_dags/example_latest_only.py
[2025-02-23T03:14:08.017-0500] {processor.py:914} INFO - Processing file /home/rafaelrb/anaconda3/lib/python3.9/site-packages/airflow/example_dags/example_latest_only.py for tasks to queue
[2025-02-23T03:14:08.022-0500] {logging_mixin.py:190} INFO - [2025-02-23T03:14:08.020-0500] {dagbag.py:588} INFO - Filling up the DagBag from /home/rafaelrb/anaconda3/lib/python3.9/site-packages/airflow/example_dags/example_latest_only.py
[2025-02-23T03:14:08.033-0500] {processor.py:925} INFO - DAG(s) 'latest_only' retrieved from /home/rafaelrb/anaconda3/lib/python3.9/site-packages/airflow/example_dags/example_latest_only.py
[2025-02-23T03:14:08.054-0500] {logging_mixin.py:190} INFO - [2025-02-23T03:14:08.054-0500] {dag.py:3239} INFO - Sync 1 DAGs
[2025-02-23T03:14:08.093-0500] {logging_mixin.py:190} INFO - [2025-02-23T03:14:08.092-0500] {dag.py:4180} INFO - Setting next_dagrun for latest_only to 2025-02-23 04:00:00+00:00, run_after=2025-02-23 08:00:00+00:00
[2025-02-23T03:14:08.133-0500] {processor.py:208} INFO - Processing /home/rafaelrb/anaconda3/lib/python3.9/site-packages/airflow/example_dags/example_latest_only.py took 0.128 seconds
[2025-02-23T03:15:13.389-0500] {processor.py:186} INFO - Started process (PID=85835) to work on /home/rafaelrb/anaconda3/lib/python3.9/site-packages/airflow/example_dags/example_latest_only.py
[2025-02-23T03:15:13.390-0500] {processor.py:914} INFO - Processing file /home/rafaelrb/anaconda3/lib/python3.9/site-packages/airflow/example_dags/example_latest_only.py for tasks to queue
[2025-02-23T03:15:13.395-0500] {logging_mixin.py:190} INFO - [2025-02-23T03:15:13.394-0500] {dagbag.py:588} INFO - Filling up the DagBag from /home/rafaelrb/anaconda3/lib/python3.9/site-packages/airflow/example_dags/example_latest_only.py
[2025-02-23T03:15:13.406-0500] {processor.py:925} INFO - DAG(s) 'latest_only' retrieved from /home/rafaelrb/anaconda3/lib/python3.9/site-packages/airflow/example_dags/example_latest_only.py
[2025-02-23T03:15:13.429-0500] {logging_mixin.py:190} INFO - [2025-02-23T03:15:13.429-0500] {dag.py:3239} INFO - Sync 1 DAGs
[2025-02-23T03:15:13.462-0500] {logging_mixin.py:190} INFO - [2025-02-23T03:15:13.462-0500] {dag.py:4180} INFO - Setting next_dagrun for latest_only to 2025-02-23 04:00:00+00:00, run_after=2025-02-23 08:00:00+00:00
[2025-02-23T03:15:13.503-0500] {processor.py:208} INFO - Processing /home/rafaelrb/anaconda3/lib/python3.9/site-packages/airflow/example_dags/example_latest_only.py took 0.125 seconds
[2025-02-23T03:16:16.458-0500] {processor.py:186} INFO - Started process (PID=86040) to work on /home/rafaelrb/anaconda3/lib/python3.9/site-packages/airflow/example_dags/example_latest_only.py
[2025-02-23T03:16:16.460-0500] {processor.py:914} INFO - Processing file /home/rafaelrb/anaconda3/lib/python3.9/site-packages/airflow/example_dags/example_latest_only.py for tasks to queue
[2025-02-23T03:16:16.463-0500] {logging_mixin.py:190} INFO - [2025-02-23T03:16:16.463-0500] {dagbag.py:588} INFO - Filling up the DagBag from /home/rafaelrb/anaconda3/lib/python3.9/site-packages/airflow/example_dags/example_latest_only.py
[2025-02-23T03:16:16.474-0500] {processor.py:925} INFO - DAG(s) 'latest_only' retrieved from /home/rafaelrb/anaconda3/lib/python3.9/site-packages/airflow/example_dags/example_latest_only.py
[2025-02-23T03:16:16.492-0500] {logging_mixin.py:190} INFO - [2025-02-23T03:16:16.492-0500] {dag.py:3239} INFO - Sync 1 DAGs
[2025-02-23T03:16:16.520-0500] {logging_mixin.py:190} INFO - [2025-02-23T03:16:16.520-0500] {dag.py:4180} INFO - Setting next_dagrun for latest_only to 2025-02-23 04:00:00+00:00, run_after=2025-02-23 08:00:00+00:00
[2025-02-23T03:16:16.553-0500] {processor.py:208} INFO - Processing /home/rafaelrb/anaconda3/lib/python3.9/site-packages/airflow/example_dags/example_latest_only.py took 0.104 seconds
[2025-02-23T03:17:15.840-0500] {processor.py:186} INFO - Started process (PID=86256) to work on /home/rafaelrb/anaconda3/lib/python3.9/site-packages/airflow/example_dags/example_latest_only.py
[2025-02-23T03:17:15.844-0500] {processor.py:914} INFO - Processing file /home/rafaelrb/anaconda3/lib/python3.9/site-packages/airflow/example_dags/example_latest_only.py for tasks to queue
[2025-02-23T03:17:15.848-0500] {logging_mixin.py:190} INFO - [2025-02-23T03:17:15.847-0500] {dagbag.py:588} INFO - Filling up the DagBag from /home/rafaelrb/anaconda3/lib/python3.9/site-packages/airflow/example_dags/example_latest_only.py
[2025-02-23T03:17:15.862-0500] {processor.py:925} INFO - DAG(s) 'latest_only' retrieved from /home/rafaelrb/anaconda3/lib/python3.9/site-packages/airflow/example_dags/example_latest_only.py
[2025-02-23T03:17:15.888-0500] {logging_mixin.py:190} INFO - [2025-02-23T03:17:15.888-0500] {dag.py:3239} INFO - Sync 1 DAGs
[2025-02-23T03:17:15.934-0500] {logging_mixin.py:190} INFO - [2025-02-23T03:17:15.934-0500] {dag.py:4180} INFO - Setting next_dagrun for latest_only to 2025-02-23 04:00:00+00:00, run_after=2025-02-23 08:00:00+00:00
[2025-02-23T03:17:15.983-0500] {processor.py:208} INFO - Processing /home/rafaelrb/anaconda3/lib/python3.9/site-packages/airflow/example_dags/example_latest_only.py took 0.154 seconds
[2025-02-23T03:18:20.210-0500] {processor.py:186} INFO - Started process (PID=86499) to work on /home/rafaelrb/anaconda3/lib/python3.9/site-packages/airflow/example_dags/example_latest_only.py
[2025-02-23T03:18:20.212-0500] {processor.py:914} INFO - Processing file /home/rafaelrb/anaconda3/lib/python3.9/site-packages/airflow/example_dags/example_latest_only.py for tasks to queue
[2025-02-23T03:18:20.216-0500] {logging_mixin.py:190} INFO - [2025-02-23T03:18:20.215-0500] {dagbag.py:588} INFO - Filling up the DagBag from /home/rafaelrb/anaconda3/lib/python3.9/site-packages/airflow/example_dags/example_latest_only.py
[2025-02-23T03:18:20.230-0500] {processor.py:925} INFO - DAG(s) 'latest_only' retrieved from /home/rafaelrb/anaconda3/lib/python3.9/site-packages/airflow/example_dags/example_latest_only.py
[2025-02-23T03:18:20.253-0500] {logging_mixin.py:190} INFO - [2025-02-23T03:18:20.253-0500] {dag.py:3239} INFO - Sync 1 DAGs
[2025-02-23T03:18:20.292-0500] {logging_mixin.py:190} INFO - [2025-02-23T03:18:20.291-0500] {dag.py:4180} INFO - Setting next_dagrun for latest_only to 2025-02-23 04:00:00+00:00, run_after=2025-02-23 08:00:00+00:00
[2025-02-23T03:18:20.338-0500] {processor.py:208} INFO - Processing /home/rafaelrb/anaconda3/lib/python3.9/site-packages/airflow/example_dags/example_latest_only.py took 0.141 seconds
[2025-02-23T03:19:22.908-0500] {processor.py:186} INFO - Started process (PID=86772) to work on /home/rafaelrb/anaconda3/lib/python3.9/site-packages/airflow/example_dags/example_latest_only.py
[2025-02-23T03:19:22.911-0500] {processor.py:914} INFO - Processing file /home/rafaelrb/anaconda3/lib/python3.9/site-packages/airflow/example_dags/example_latest_only.py for tasks to queue
[2025-02-23T03:19:22.915-0500] {logging_mixin.py:190} INFO - [2025-02-23T03:19:22.914-0500] {dagbag.py:588} INFO - Filling up the DagBag from /home/rafaelrb/anaconda3/lib/python3.9/site-packages/airflow/example_dags/example_latest_only.py
[2025-02-23T03:19:22.943-0500] {processor.py:925} INFO - DAG(s) 'latest_only' retrieved from /home/rafaelrb/anaconda3/lib/python3.9/site-packages/airflow/example_dags/example_latest_only.py
[2025-02-23T03:19:22.977-0500] {logging_mixin.py:190} INFO - [2025-02-23T03:19:22.977-0500] {dag.py:3239} INFO - Sync 1 DAGs
[2025-02-23T03:19:23.027-0500] {logging_mixin.py:190} INFO - [2025-02-23T03:19:23.027-0500] {dag.py:4180} INFO - Setting next_dagrun for latest_only to 2025-02-23 04:00:00+00:00, run_after=2025-02-23 08:00:00+00:00
[2025-02-23T03:19:23.077-0500] {processor.py:208} INFO - Processing /home/rafaelrb/anaconda3/lib/python3.9/site-packages/airflow/example_dags/example_latest_only.py took 0.182 seconds
