[2025-02-22T23:44:09.721-0500] {processor.py:186} INFO - Started process (PID=26874) to work on /home/rafaelrb/anaconda3/lib/python3.9/site-packages/airflow/example_dags/example_external_task_marker_dag.py
[2025-02-22T23:44:09.722-0500] {processor.py:914} INFO - Processing file /home/rafaelrb/anaconda3/lib/python3.9/site-packages/airflow/example_dags/example_external_task_marker_dag.py for tasks to queue
[2025-02-22T23:44:09.725-0500] {logging_mixin.py:190} INFO - [2025-02-22T23:44:09.725-0500] {dagbag.py:588} INFO - Filling up the DagBag from /home/rafaelrb/anaconda3/lib/python3.9/site-packages/airflow/example_dags/example_external_task_marker_dag.py
[2025-02-22T23:44:09.737-0500] {processor.py:925} INFO - DAG(s) 'example_external_task_marker_child', 'example_external_task_marker_parent' retrieved from /home/rafaelrb/anaconda3/lib/python3.9/site-packages/airflow/example_dags/example_external_task_marker_dag.py
[2025-02-22T23:44:10.029-0500] {logging_mixin.py:190} INFO - [2025-02-22T23:44:10.028-0500] {override.py:1930} INFO - Created Permission View: can read on DAG:example_external_task_marker_child
[2025-02-22T23:44:10.050-0500] {logging_mixin.py:190} INFO - [2025-02-22T23:44:10.049-0500] {override.py:1930} INFO - Created Permission View: can delete on DAG:example_external_task_marker_child
[2025-02-22T23:44:10.069-0500] {logging_mixin.py:190} INFO - [2025-02-22T23:44:10.068-0500] {override.py:1930} INFO - Created Permission View: can edit on DAG:example_external_task_marker_child
[2025-02-22T23:44:10.095-0500] {logging_mixin.py:190} INFO - [2025-02-22T23:44:10.094-0500] {override.py:1930} INFO - Created Permission View: can read on DAG Run:example_external_task_marker_child
[2025-02-22T23:44:10.109-0500] {logging_mixin.py:190} INFO - [2025-02-22T23:44:10.108-0500] {override.py:1930} INFO - Created Permission View: can create on DAG Run:example_external_task_marker_child
[2025-02-22T23:44:10.126-0500] {logging_mixin.py:190} INFO - [2025-02-22T23:44:10.126-0500] {override.py:1930} INFO - Created Permission View: menu access on DAG Run:example_external_task_marker_child
[2025-02-22T23:44:10.143-0500] {logging_mixin.py:190} INFO - [2025-02-22T23:44:10.142-0500] {override.py:1930} INFO - Created Permission View: can delete on DAG Run:example_external_task_marker_child
[2025-02-22T23:44:10.175-0500] {logging_mixin.py:190} INFO - [2025-02-22T23:44:10.174-0500] {override.py:1930} INFO - Created Permission View: can read on DAG:example_external_task_marker_parent
[2025-02-22T23:44:10.192-0500] {logging_mixin.py:190} INFO - [2025-02-22T23:44:10.191-0500] {override.py:1930} INFO - Created Permission View: can delete on DAG:example_external_task_marker_parent
[2025-02-22T23:44:10.210-0500] {logging_mixin.py:190} INFO - [2025-02-22T23:44:10.210-0500] {override.py:1930} INFO - Created Permission View: can edit on DAG:example_external_task_marker_parent
[2025-02-22T23:44:10.257-0500] {logging_mixin.py:190} INFO - [2025-02-22T23:44:10.256-0500] {override.py:1930} INFO - Created Permission View: can read on DAG Run:example_external_task_marker_parent
[2025-02-22T23:44:10.279-0500] {logging_mixin.py:190} INFO - [2025-02-22T23:44:10.278-0500] {override.py:1930} INFO - Created Permission View: can create on DAG Run:example_external_task_marker_parent
[2025-02-22T23:44:10.299-0500] {logging_mixin.py:190} INFO - [2025-02-22T23:44:10.298-0500] {override.py:1930} INFO - Created Permission View: menu access on DAG Run:example_external_task_marker_parent
[2025-02-22T23:44:10.314-0500] {logging_mixin.py:190} INFO - [2025-02-22T23:44:10.313-0500] {override.py:1930} INFO - Created Permission View: can delete on DAG Run:example_external_task_marker_parent
[2025-02-22T23:44:10.315-0500] {logging_mixin.py:190} INFO - [2025-02-22T23:44:10.315-0500] {dag.py:3239} INFO - Sync 2 DAGs
[2025-02-22T23:44:10.334-0500] {logging_mixin.py:190} INFO - [2025-02-22T23:44:10.334-0500] {dag.py:3262} INFO - Creating ORM DAG for example_external_task_marker_parent
[2025-02-22T23:44:10.335-0500] {logging_mixin.py:190} INFO - [2025-02-22T23:44:10.335-0500] {dag.py:3262} INFO - Creating ORM DAG for example_external_task_marker_child
[2025-02-22T23:44:10.335-0500] {logging_mixin.py:190} INFO - [2025-02-22T23:44:10.335-0500] {dag.py:4180} INFO - Setting next_dagrun for example_external_task_marker_child to None, run_after=None
[2025-02-22T23:44:10.336-0500] {logging_mixin.py:190} INFO - [2025-02-22T23:44:10.336-0500] {dag.py:4180} INFO - Setting next_dagrun for example_external_task_marker_parent to None, run_after=None
[2025-02-22T23:44:10.374-0500] {processor.py:208} INFO - Processing /home/rafaelrb/anaconda3/lib/python3.9/site-packages/airflow/example_dags/example_external_task_marker_dag.py took 0.662 seconds
[2025-02-22T23:48:47.652-0500] {processor.py:186} INFO - Started process (PID=27512) to work on /home/rafaelrb/anaconda3/lib/python3.9/site-packages/airflow/example_dags/example_external_task_marker_dag.py
[2025-02-22T23:48:47.654-0500] {processor.py:914} INFO - Processing file /home/rafaelrb/anaconda3/lib/python3.9/site-packages/airflow/example_dags/example_external_task_marker_dag.py for tasks to queue
[2025-02-22T23:48:47.657-0500] {logging_mixin.py:190} INFO - [2025-02-22T23:48:47.657-0500] {dagbag.py:588} INFO - Filling up the DagBag from /home/rafaelrb/anaconda3/lib/python3.9/site-packages/airflow/example_dags/example_external_task_marker_dag.py
[2025-02-22T23:48:47.676-0500] {processor.py:925} INFO - DAG(s) 'example_external_task_marker_child', 'example_external_task_marker_parent' retrieved from /home/rafaelrb/anaconda3/lib/python3.9/site-packages/airflow/example_dags/example_external_task_marker_dag.py
[2025-02-22T23:48:47.709-0500] {logging_mixin.py:190} INFO - [2025-02-22T23:48:47.708-0500] {dag.py:3239} INFO - Sync 2 DAGs
[2025-02-22T23:48:47.728-0500] {logging_mixin.py:190} INFO - [2025-02-22T23:48:47.727-0500] {dag.py:4180} INFO - Setting next_dagrun for example_external_task_marker_child to None, run_after=None
[2025-02-22T23:48:47.734-0500] {logging_mixin.py:190} INFO - [2025-02-22T23:48:47.734-0500] {dag.py:4180} INFO - Setting next_dagrun for example_external_task_marker_parent to None, run_after=None
[2025-02-22T23:48:47.772-0500] {processor.py:208} INFO - Processing /home/rafaelrb/anaconda3/lib/python3.9/site-packages/airflow/example_dags/example_external_task_marker_dag.py took 0.129 seconds
[2025-02-22T23:49:54.599-0500] {processor.py:186} INFO - Started process (PID=27994) to work on /home/rafaelrb/anaconda3/lib/python3.9/site-packages/airflow/example_dags/example_external_task_marker_dag.py
[2025-02-22T23:49:54.601-0500] {processor.py:914} INFO - Processing file /home/rafaelrb/anaconda3/lib/python3.9/site-packages/airflow/example_dags/example_external_task_marker_dag.py for tasks to queue
[2025-02-22T23:49:54.606-0500] {logging_mixin.py:190} INFO - [2025-02-22T23:49:54.605-0500] {dagbag.py:588} INFO - Filling up the DagBag from /home/rafaelrb/anaconda3/lib/python3.9/site-packages/airflow/example_dags/example_external_task_marker_dag.py
[2025-02-22T23:49:54.630-0500] {processor.py:925} INFO - DAG(s) 'example_external_task_marker_child', 'example_external_task_marker_parent' retrieved from /home/rafaelrb/anaconda3/lib/python3.9/site-packages/airflow/example_dags/example_external_task_marker_dag.py
[2025-02-22T23:49:54.663-0500] {logging_mixin.py:190} INFO - [2025-02-22T23:49:54.662-0500] {dag.py:3239} INFO - Sync 2 DAGs
[2025-02-22T23:49:54.687-0500] {logging_mixin.py:190} INFO - [2025-02-22T23:49:54.687-0500] {dag.py:4180} INFO - Setting next_dagrun for example_external_task_marker_child to None, run_after=None
[2025-02-22T23:49:54.695-0500] {logging_mixin.py:190} INFO - [2025-02-22T23:49:54.694-0500] {dag.py:4180} INFO - Setting next_dagrun for example_external_task_marker_parent to None, run_after=None
[2025-02-22T23:49:54.735-0500] {processor.py:208} INFO - Processing /home/rafaelrb/anaconda3/lib/python3.9/site-packages/airflow/example_dags/example_external_task_marker_dag.py took 0.148 seconds
[2025-02-22T23:50:52.053-0500] {processor.py:186} INFO - Started process (PID=28417) to work on /home/rafaelrb/anaconda3/lib/python3.9/site-packages/airflow/example_dags/example_external_task_marker_dag.py
[2025-02-22T23:50:52.055-0500] {processor.py:914} INFO - Processing file /home/rafaelrb/anaconda3/lib/python3.9/site-packages/airflow/example_dags/example_external_task_marker_dag.py for tasks to queue
[2025-02-22T23:50:52.059-0500] {logging_mixin.py:190} INFO - [2025-02-22T23:50:52.058-0500] {dagbag.py:588} INFO - Filling up the DagBag from /home/rafaelrb/anaconda3/lib/python3.9/site-packages/airflow/example_dags/example_external_task_marker_dag.py
[2025-02-22T23:50:52.087-0500] {processor.py:925} INFO - DAG(s) 'example_external_task_marker_child', 'example_external_task_marker_parent' retrieved from /home/rafaelrb/anaconda3/lib/python3.9/site-packages/airflow/example_dags/example_external_task_marker_dag.py
[2025-02-22T23:50:52.110-0500] {logging_mixin.py:190} INFO - [2025-02-22T23:50:52.110-0500] {dag.py:3239} INFO - Sync 2 DAGs
[2025-02-22T23:50:52.127-0500] {logging_mixin.py:190} INFO - [2025-02-22T23:50:52.126-0500] {dag.py:4180} INFO - Setting next_dagrun for example_external_task_marker_child to None, run_after=None
[2025-02-22T23:50:52.131-0500] {logging_mixin.py:190} INFO - [2025-02-22T23:50:52.130-0500] {dag.py:4180} INFO - Setting next_dagrun for example_external_task_marker_parent to None, run_after=None
[2025-02-22T23:50:52.158-0500] {processor.py:208} INFO - Processing /home/rafaelrb/anaconda3/lib/python3.9/site-packages/airflow/example_dags/example_external_task_marker_dag.py took 0.117 seconds
[2025-02-22T23:51:49.913-0500] {processor.py:186} INFO - Started process (PID=28861) to work on /home/rafaelrb/anaconda3/lib/python3.9/site-packages/airflow/example_dags/example_external_task_marker_dag.py
[2025-02-22T23:51:49.915-0500] {processor.py:914} INFO - Processing file /home/rafaelrb/anaconda3/lib/python3.9/site-packages/airflow/example_dags/example_external_task_marker_dag.py for tasks to queue
[2025-02-22T23:51:49.920-0500] {logging_mixin.py:190} INFO - [2025-02-22T23:51:49.919-0500] {dagbag.py:588} INFO - Filling up the DagBag from /home/rafaelrb/anaconda3/lib/python3.9/site-packages/airflow/example_dags/example_external_task_marker_dag.py
[2025-02-22T23:51:49.933-0500] {processor.py:925} INFO - DAG(s) 'example_external_task_marker_parent', 'example_external_task_marker_child' retrieved from /home/rafaelrb/anaconda3/lib/python3.9/site-packages/airflow/example_dags/example_external_task_marker_dag.py
[2025-02-22T23:51:49.965-0500] {logging_mixin.py:190} INFO - [2025-02-22T23:51:49.965-0500] {dag.py:3239} INFO - Sync 2 DAGs
[2025-02-22T23:51:49.986-0500] {logging_mixin.py:190} INFO - [2025-02-22T23:51:49.986-0500] {dag.py:4180} INFO - Setting next_dagrun for example_external_task_marker_child to None, run_after=None
[2025-02-22T23:51:49.991-0500] {logging_mixin.py:190} INFO - [2025-02-22T23:51:49.990-0500] {dag.py:4180} INFO - Setting next_dagrun for example_external_task_marker_parent to None, run_after=None
[2025-02-22T23:51:50.029-0500] {processor.py:208} INFO - Processing /home/rafaelrb/anaconda3/lib/python3.9/site-packages/airflow/example_dags/example_external_task_marker_dag.py took 0.129 seconds
[2025-02-22T23:52:51.303-0500] {processor.py:186} INFO - Started process (PID=29271) to work on /home/rafaelrb/anaconda3/lib/python3.9/site-packages/airflow/example_dags/example_external_task_marker_dag.py
[2025-02-22T23:52:51.306-0500] {processor.py:914} INFO - Processing file /home/rafaelrb/anaconda3/lib/python3.9/site-packages/airflow/example_dags/example_external_task_marker_dag.py for tasks to queue
[2025-02-22T23:52:51.310-0500] {logging_mixin.py:190} INFO - [2025-02-22T23:52:51.309-0500] {dagbag.py:588} INFO - Filling up the DagBag from /home/rafaelrb/anaconda3/lib/python3.9/site-packages/airflow/example_dags/example_external_task_marker_dag.py
[2025-02-22T23:52:51.330-0500] {processor.py:925} INFO - DAG(s) 'example_external_task_marker_child', 'example_external_task_marker_parent' retrieved from /home/rafaelrb/anaconda3/lib/python3.9/site-packages/airflow/example_dags/example_external_task_marker_dag.py
[2025-02-22T23:52:51.357-0500] {logging_mixin.py:190} INFO - [2025-02-22T23:52:51.356-0500] {dag.py:3239} INFO - Sync 2 DAGs
[2025-02-22T23:52:51.373-0500] {logging_mixin.py:190} INFO - [2025-02-22T23:52:51.373-0500] {dag.py:4180} INFO - Setting next_dagrun for example_external_task_marker_child to None, run_after=None
[2025-02-22T23:52:51.377-0500] {logging_mixin.py:190} INFO - [2025-02-22T23:52:51.377-0500] {dag.py:4180} INFO - Setting next_dagrun for example_external_task_marker_parent to None, run_after=None
[2025-02-22T23:52:51.413-0500] {processor.py:208} INFO - Processing /home/rafaelrb/anaconda3/lib/python3.9/site-packages/airflow/example_dags/example_external_task_marker_dag.py took 0.123 seconds
[2025-02-22T23:54:24.022-0500] {processor.py:186} INFO - Started process (PID=29900) to work on /home/rafaelrb/anaconda3/lib/python3.9/site-packages/airflow/example_dags/example_external_task_marker_dag.py
[2025-02-22T23:54:24.025-0500] {processor.py:914} INFO - Processing file /home/rafaelrb/anaconda3/lib/python3.9/site-packages/airflow/example_dags/example_external_task_marker_dag.py for tasks to queue
[2025-02-22T23:54:24.032-0500] {logging_mixin.py:190} INFO - [2025-02-22T23:54:24.031-0500] {dagbag.py:588} INFO - Filling up the DagBag from /home/rafaelrb/anaconda3/lib/python3.9/site-packages/airflow/example_dags/example_external_task_marker_dag.py
[2025-02-22T23:54:24.045-0500] {processor.py:925} INFO - DAG(s) 'example_external_task_marker_parent', 'example_external_task_marker_child' retrieved from /home/rafaelrb/anaconda3/lib/python3.9/site-packages/airflow/example_dags/example_external_task_marker_dag.py
[2025-02-22T23:54:24.077-0500] {logging_mixin.py:190} INFO - [2025-02-22T23:54:24.076-0500] {dag.py:3239} INFO - Sync 2 DAGs
[2025-02-22T23:54:24.101-0500] {logging_mixin.py:190} INFO - [2025-02-22T23:54:24.100-0500] {dag.py:4180} INFO - Setting next_dagrun for example_external_task_marker_child to None, run_after=None
[2025-02-22T23:54:24.107-0500] {logging_mixin.py:190} INFO - [2025-02-22T23:54:24.106-0500] {dag.py:4180} INFO - Setting next_dagrun for example_external_task_marker_parent to None, run_after=None
[2025-02-22T23:54:24.153-0500] {processor.py:208} INFO - Processing /home/rafaelrb/anaconda3/lib/python3.9/site-packages/airflow/example_dags/example_external_task_marker_dag.py took 0.150 seconds
[2025-02-22T23:57:35.693-0500] {processor.py:186} INFO - Started process (PID=30453) to work on /home/rafaelrb/anaconda3/lib/python3.9/site-packages/airflow/example_dags/example_external_task_marker_dag.py
[2025-02-22T23:57:35.695-0500] {processor.py:914} INFO - Processing file /home/rafaelrb/anaconda3/lib/python3.9/site-packages/airflow/example_dags/example_external_task_marker_dag.py for tasks to queue
[2025-02-22T23:57:35.698-0500] {logging_mixin.py:190} INFO - [2025-02-22T23:57:35.697-0500] {dagbag.py:588} INFO - Filling up the DagBag from /home/rafaelrb/anaconda3/lib/python3.9/site-packages/airflow/example_dags/example_external_task_marker_dag.py
[2025-02-22T23:57:35.712-0500] {processor.py:925} INFO - DAG(s) 'example_external_task_marker_parent', 'example_external_task_marker_child' retrieved from /home/rafaelrb/anaconda3/lib/python3.9/site-packages/airflow/example_dags/example_external_task_marker_dag.py
[2025-02-22T23:57:35.750-0500] {logging_mixin.py:190} INFO - [2025-02-22T23:57:35.749-0500] {dag.py:3239} INFO - Sync 2 DAGs
[2025-02-22T23:57:35.777-0500] {logging_mixin.py:190} INFO - [2025-02-22T23:57:35.777-0500] {dag.py:4180} INFO - Setting next_dagrun for example_external_task_marker_child to None, run_after=None
[2025-02-22T23:57:35.784-0500] {logging_mixin.py:190} INFO - [2025-02-22T23:57:35.783-0500] {dag.py:4180} INFO - Setting next_dagrun for example_external_task_marker_parent to None, run_after=None
[2025-02-22T23:57:35.821-0500] {processor.py:208} INFO - Processing /home/rafaelrb/anaconda3/lib/python3.9/site-packages/airflow/example_dags/example_external_task_marker_dag.py took 0.139 seconds
[2025-02-22T23:58:55.015-0500] {processor.py:186} INFO - Started process (PID=30961) to work on /home/rafaelrb/anaconda3/lib/python3.9/site-packages/airflow/example_dags/example_external_task_marker_dag.py
[2025-02-22T23:58:55.017-0500] {processor.py:914} INFO - Processing file /home/rafaelrb/anaconda3/lib/python3.9/site-packages/airflow/example_dags/example_external_task_marker_dag.py for tasks to queue
[2025-02-22T23:58:55.021-0500] {logging_mixin.py:190} INFO - [2025-02-22T23:58:55.020-0500] {dagbag.py:588} INFO - Filling up the DagBag from /home/rafaelrb/anaconda3/lib/python3.9/site-packages/airflow/example_dags/example_external_task_marker_dag.py
[2025-02-22T23:58:55.039-0500] {processor.py:925} INFO - DAG(s) 'example_external_task_marker_child', 'example_external_task_marker_parent' retrieved from /home/rafaelrb/anaconda3/lib/python3.9/site-packages/airflow/example_dags/example_external_task_marker_dag.py
[2025-02-22T23:58:55.066-0500] {logging_mixin.py:190} INFO - [2025-02-22T23:58:55.066-0500] {dag.py:3239} INFO - Sync 2 DAGs
[2025-02-22T23:58:55.084-0500] {logging_mixin.py:190} INFO - [2025-02-22T23:58:55.084-0500] {dag.py:4180} INFO - Setting next_dagrun for example_external_task_marker_child to None, run_after=None
[2025-02-22T23:58:55.089-0500] {logging_mixin.py:190} INFO - [2025-02-22T23:58:55.089-0500] {dag.py:4180} INFO - Setting next_dagrun for example_external_task_marker_parent to None, run_after=None
[2025-02-22T23:58:55.125-0500] {processor.py:208} INFO - Processing /home/rafaelrb/anaconda3/lib/python3.9/site-packages/airflow/example_dags/example_external_task_marker_dag.py took 0.121 seconds
[2025-02-23T00:00:10.173-0500] {processor.py:186} INFO - Started process (PID=31500) to work on /home/rafaelrb/anaconda3/lib/python3.9/site-packages/airflow/example_dags/example_external_task_marker_dag.py
[2025-02-23T00:00:10.175-0500] {processor.py:914} INFO - Processing file /home/rafaelrb/anaconda3/lib/python3.9/site-packages/airflow/example_dags/example_external_task_marker_dag.py for tasks to queue
[2025-02-23T00:00:10.178-0500] {logging_mixin.py:190} INFO - [2025-02-23T00:00:10.177-0500] {dagbag.py:588} INFO - Filling up the DagBag from /home/rafaelrb/anaconda3/lib/python3.9/site-packages/airflow/example_dags/example_external_task_marker_dag.py
[2025-02-23T00:00:10.190-0500] {processor.py:925} INFO - DAG(s) 'example_external_task_marker_parent', 'example_external_task_marker_child' retrieved from /home/rafaelrb/anaconda3/lib/python3.9/site-packages/airflow/example_dags/example_external_task_marker_dag.py
[2025-02-23T00:00:10.215-0500] {logging_mixin.py:190} INFO - [2025-02-23T00:00:10.215-0500] {dag.py:3239} INFO - Sync 2 DAGs
[2025-02-23T00:00:10.231-0500] {logging_mixin.py:190} INFO - [2025-02-23T00:00:10.230-0500] {dag.py:4180} INFO - Setting next_dagrun for example_external_task_marker_child to None, run_after=None
[2025-02-23T00:00:10.235-0500] {logging_mixin.py:190} INFO - [2025-02-23T00:00:10.235-0500] {dag.py:4180} INFO - Setting next_dagrun for example_external_task_marker_parent to None, run_after=None
[2025-02-23T00:00:10.267-0500] {processor.py:208} INFO - Processing /home/rafaelrb/anaconda3/lib/python3.9/site-packages/airflow/example_dags/example_external_task_marker_dag.py took 0.103 seconds
[2025-02-23T00:01:23.221-0500] {processor.py:186} INFO - Started process (PID=31973) to work on /home/rafaelrb/anaconda3/lib/python3.9/site-packages/airflow/example_dags/example_external_task_marker_dag.py
[2025-02-23T00:01:23.223-0500] {processor.py:914} INFO - Processing file /home/rafaelrb/anaconda3/lib/python3.9/site-packages/airflow/example_dags/example_external_task_marker_dag.py for tasks to queue
[2025-02-23T00:01:23.226-0500] {logging_mixin.py:190} INFO - [2025-02-23T00:01:23.225-0500] {dagbag.py:588} INFO - Filling up the DagBag from /home/rafaelrb/anaconda3/lib/python3.9/site-packages/airflow/example_dags/example_external_task_marker_dag.py
[2025-02-23T00:01:23.239-0500] {processor.py:925} INFO - DAG(s) 'example_external_task_marker_child', 'example_external_task_marker_parent' retrieved from /home/rafaelrb/anaconda3/lib/python3.9/site-packages/airflow/example_dags/example_external_task_marker_dag.py
[2025-02-23T00:01:23.308-0500] {logging_mixin.py:190} INFO - [2025-02-23T00:01:23.306-0500] {dag.py:3239} INFO - Sync 2 DAGs
[2025-02-23T00:01:23.336-0500] {logging_mixin.py:190} INFO - [2025-02-23T00:01:23.335-0500] {dag.py:4180} INFO - Setting next_dagrun for example_external_task_marker_child to None, run_after=None
[2025-02-23T00:01:23.342-0500] {logging_mixin.py:190} INFO - [2025-02-23T00:01:23.342-0500] {dag.py:4180} INFO - Setting next_dagrun for example_external_task_marker_parent to None, run_after=None
[2025-02-23T00:01:23.383-0500] {processor.py:208} INFO - Processing /home/rafaelrb/anaconda3/lib/python3.9/site-packages/airflow/example_dags/example_external_task_marker_dag.py took 0.174 seconds
[2025-02-23T00:11:47.883-0500] {processor.py:186} INFO - Started process (PID=34469) to work on /home/rafaelrb/anaconda3/lib/python3.9/site-packages/airflow/example_dags/example_external_task_marker_dag.py
[2025-02-23T00:11:47.892-0500] {processor.py:914} INFO - Processing file /home/rafaelrb/anaconda3/lib/python3.9/site-packages/airflow/example_dags/example_external_task_marker_dag.py for tasks to queue
[2025-02-23T00:11:47.896-0500] {logging_mixin.py:190} INFO - [2025-02-23T00:11:47.895-0500] {dagbag.py:588} INFO - Filling up the DagBag from /home/rafaelrb/anaconda3/lib/python3.9/site-packages/airflow/example_dags/example_external_task_marker_dag.py
[2025-02-23T00:11:47.909-0500] {processor.py:925} INFO - DAG(s) 'example_external_task_marker_parent', 'example_external_task_marker_child' retrieved from /home/rafaelrb/anaconda3/lib/python3.9/site-packages/airflow/example_dags/example_external_task_marker_dag.py
[2025-02-23T00:11:47.938-0500] {logging_mixin.py:190} INFO - [2025-02-23T00:11:47.938-0500] {dag.py:3239} INFO - Sync 2 DAGs
[2025-02-23T00:11:47.957-0500] {logging_mixin.py:190} INFO - [2025-02-23T00:11:47.957-0500] {dag.py:4180} INFO - Setting next_dagrun for example_external_task_marker_child to None, run_after=None
[2025-02-23T00:11:47.962-0500] {logging_mixin.py:190} INFO - [2025-02-23T00:11:47.962-0500] {dag.py:4180} INFO - Setting next_dagrun for example_external_task_marker_parent to None, run_after=None
[2025-02-23T00:11:47.995-0500] {processor.py:208} INFO - Processing /home/rafaelrb/anaconda3/lib/python3.9/site-packages/airflow/example_dags/example_external_task_marker_dag.py took 0.123 seconds
[2025-02-23T00:13:02.736-0500] {processor.py:186} INFO - Started process (PID=34589) to work on /home/rafaelrb/anaconda3/lib/python3.9/site-packages/airflow/example_dags/example_external_task_marker_dag.py
[2025-02-23T00:13:02.743-0500] {processor.py:914} INFO - Processing file /home/rafaelrb/anaconda3/lib/python3.9/site-packages/airflow/example_dags/example_external_task_marker_dag.py for tasks to queue
[2025-02-23T00:13:02.746-0500] {logging_mixin.py:190} INFO - [2025-02-23T00:13:02.745-0500] {dagbag.py:588} INFO - Filling up the DagBag from /home/rafaelrb/anaconda3/lib/python3.9/site-packages/airflow/example_dags/example_external_task_marker_dag.py
[2025-02-23T00:13:02.757-0500] {processor.py:925} INFO - DAG(s) 'example_external_task_marker_parent', 'example_external_task_marker_child' retrieved from /home/rafaelrb/anaconda3/lib/python3.9/site-packages/airflow/example_dags/example_external_task_marker_dag.py
[2025-02-23T00:13:02.781-0500] {logging_mixin.py:190} INFO - [2025-02-23T00:13:02.781-0500] {dag.py:3239} INFO - Sync 2 DAGs
[2025-02-23T00:13:02.798-0500] {logging_mixin.py:190} INFO - [2025-02-23T00:13:02.798-0500] {dag.py:4180} INFO - Setting next_dagrun for example_external_task_marker_child to None, run_after=None
[2025-02-23T00:13:02.802-0500] {logging_mixin.py:190} INFO - [2025-02-23T00:13:02.802-0500] {dag.py:4180} INFO - Setting next_dagrun for example_external_task_marker_parent to None, run_after=None
[2025-02-23T00:13:02.833-0500] {processor.py:208} INFO - Processing /home/rafaelrb/anaconda3/lib/python3.9/site-packages/airflow/example_dags/example_external_task_marker_dag.py took 0.105 seconds
[2025-02-23T00:14:00.336-0500] {processor.py:186} INFO - Started process (PID=34652) to work on /home/rafaelrb/anaconda3/lib/python3.9/site-packages/airflow/example_dags/example_external_task_marker_dag.py
[2025-02-23T00:14:00.338-0500] {processor.py:914} INFO - Processing file /home/rafaelrb/anaconda3/lib/python3.9/site-packages/airflow/example_dags/example_external_task_marker_dag.py for tasks to queue
[2025-02-23T00:14:00.341-0500] {logging_mixin.py:190} INFO - [2025-02-23T00:14:00.340-0500] {dagbag.py:588} INFO - Filling up the DagBag from /home/rafaelrb/anaconda3/lib/python3.9/site-packages/airflow/example_dags/example_external_task_marker_dag.py
[2025-02-23T00:14:00.352-0500] {processor.py:925} INFO - DAG(s) 'example_external_task_marker_parent', 'example_external_task_marker_child' retrieved from /home/rafaelrb/anaconda3/lib/python3.9/site-packages/airflow/example_dags/example_external_task_marker_dag.py
[2025-02-23T00:14:00.378-0500] {logging_mixin.py:190} INFO - [2025-02-23T00:14:00.378-0500] {dag.py:3239} INFO - Sync 2 DAGs
[2025-02-23T00:14:00.397-0500] {logging_mixin.py:190} INFO - [2025-02-23T00:14:00.397-0500] {dag.py:4180} INFO - Setting next_dagrun for example_external_task_marker_child to None, run_after=None
[2025-02-23T00:14:00.402-0500] {logging_mixin.py:190} INFO - [2025-02-23T00:14:00.402-0500] {dag.py:4180} INFO - Setting next_dagrun for example_external_task_marker_parent to None, run_after=None
[2025-02-23T00:14:00.435-0500] {processor.py:208} INFO - Processing /home/rafaelrb/anaconda3/lib/python3.9/site-packages/airflow/example_dags/example_external_task_marker_dag.py took 0.108 seconds
[2025-02-23T00:14:58.927-0500] {processor.py:186} INFO - Started process (PID=34725) to work on /home/rafaelrb/anaconda3/lib/python3.9/site-packages/airflow/example_dags/example_external_task_marker_dag.py
[2025-02-23T00:14:58.935-0500] {processor.py:914} INFO - Processing file /home/rafaelrb/anaconda3/lib/python3.9/site-packages/airflow/example_dags/example_external_task_marker_dag.py for tasks to queue
[2025-02-23T00:14:58.939-0500] {logging_mixin.py:190} INFO - [2025-02-23T00:14:58.938-0500] {dagbag.py:588} INFO - Filling up the DagBag from /home/rafaelrb/anaconda3/lib/python3.9/site-packages/airflow/example_dags/example_external_task_marker_dag.py
[2025-02-23T00:14:58.964-0500] {processor.py:925} INFO - DAG(s) 'example_external_task_marker_child', 'example_external_task_marker_parent' retrieved from /home/rafaelrb/anaconda3/lib/python3.9/site-packages/airflow/example_dags/example_external_task_marker_dag.py
[2025-02-23T00:14:58.994-0500] {logging_mixin.py:190} INFO - [2025-02-23T00:14:58.993-0500] {dag.py:3239} INFO - Sync 2 DAGs
[2025-02-23T00:14:59.013-0500] {logging_mixin.py:190} INFO - [2025-02-23T00:14:59.013-0500] {dag.py:4180} INFO - Setting next_dagrun for example_external_task_marker_child to None, run_after=None
[2025-02-23T00:14:59.018-0500] {logging_mixin.py:190} INFO - [2025-02-23T00:14:59.018-0500] {dag.py:4180} INFO - Setting next_dagrun for example_external_task_marker_parent to None, run_after=None
[2025-02-23T00:14:59.053-0500] {processor.py:208} INFO - Processing /home/rafaelrb/anaconda3/lib/python3.9/site-packages/airflow/example_dags/example_external_task_marker_dag.py took 0.140 seconds
[2025-02-23T00:16:09.265-0500] {processor.py:186} INFO - Started process (PID=34854) to work on /home/rafaelrb/anaconda3/lib/python3.9/site-packages/airflow/example_dags/example_external_task_marker_dag.py
[2025-02-23T00:16:09.272-0500] {processor.py:914} INFO - Processing file /home/rafaelrb/anaconda3/lib/python3.9/site-packages/airflow/example_dags/example_external_task_marker_dag.py for tasks to queue
[2025-02-23T00:16:09.275-0500] {logging_mixin.py:190} INFO - [2025-02-23T00:16:09.274-0500] {dagbag.py:588} INFO - Filling up the DagBag from /home/rafaelrb/anaconda3/lib/python3.9/site-packages/airflow/example_dags/example_external_task_marker_dag.py
[2025-02-23T00:16:09.285-0500] {processor.py:925} INFO - DAG(s) 'example_external_task_marker_parent', 'example_external_task_marker_child' retrieved from /home/rafaelrb/anaconda3/lib/python3.9/site-packages/airflow/example_dags/example_external_task_marker_dag.py
[2025-02-23T00:16:09.308-0500] {logging_mixin.py:190} INFO - [2025-02-23T00:16:09.308-0500] {dag.py:3239} INFO - Sync 2 DAGs
[2025-02-23T00:16:09.323-0500] {logging_mixin.py:190} INFO - [2025-02-23T00:16:09.323-0500] {dag.py:4180} INFO - Setting next_dagrun for example_external_task_marker_child to None, run_after=None
[2025-02-23T00:16:09.327-0500] {logging_mixin.py:190} INFO - [2025-02-23T00:16:09.327-0500] {dag.py:4180} INFO - Setting next_dagrun for example_external_task_marker_parent to None, run_after=None
[2025-02-23T00:16:09.353-0500] {processor.py:208} INFO - Processing /home/rafaelrb/anaconda3/lib/python3.9/site-packages/airflow/example_dags/example_external_task_marker_dag.py took 0.097 seconds
[2025-02-23T00:17:13.819-0500] {processor.py:186} INFO - Started process (PID=34929) to work on /home/rafaelrb/anaconda3/lib/python3.9/site-packages/airflow/example_dags/example_external_task_marker_dag.py
[2025-02-23T00:17:13.822-0500] {processor.py:914} INFO - Processing file /home/rafaelrb/anaconda3/lib/python3.9/site-packages/airflow/example_dags/example_external_task_marker_dag.py for tasks to queue
[2025-02-23T00:17:13.826-0500] {logging_mixin.py:190} INFO - [2025-02-23T00:17:13.825-0500] {dagbag.py:588} INFO - Filling up the DagBag from /home/rafaelrb/anaconda3/lib/python3.9/site-packages/airflow/example_dags/example_external_task_marker_dag.py
[2025-02-23T00:17:13.838-0500] {processor.py:925} INFO - DAG(s) 'example_external_task_marker_child', 'example_external_task_marker_parent' retrieved from /home/rafaelrb/anaconda3/lib/python3.9/site-packages/airflow/example_dags/example_external_task_marker_dag.py
[2025-02-23T00:17:13.870-0500] {logging_mixin.py:190} INFO - [2025-02-23T00:17:13.870-0500] {dag.py:3239} INFO - Sync 2 DAGs
[2025-02-23T00:17:13.891-0500] {logging_mixin.py:190} INFO - [2025-02-23T00:17:13.891-0500] {dag.py:4180} INFO - Setting next_dagrun for example_external_task_marker_child to None, run_after=None
[2025-02-23T00:17:13.896-0500] {logging_mixin.py:190} INFO - [2025-02-23T00:17:13.896-0500] {dag.py:4180} INFO - Setting next_dagrun for example_external_task_marker_parent to None, run_after=None
[2025-02-23T00:17:13.928-0500] {processor.py:208} INFO - Processing /home/rafaelrb/anaconda3/lib/python3.9/site-packages/airflow/example_dags/example_external_task_marker_dag.py took 0.118 seconds
[2025-02-23T00:18:13.808-0500] {processor.py:186} INFO - Started process (PID=35005) to work on /home/rafaelrb/anaconda3/lib/python3.9/site-packages/airflow/example_dags/example_external_task_marker_dag.py
[2025-02-23T00:18:13.810-0500] {processor.py:914} INFO - Processing file /home/rafaelrb/anaconda3/lib/python3.9/site-packages/airflow/example_dags/example_external_task_marker_dag.py for tasks to queue
[2025-02-23T00:18:13.821-0500] {logging_mixin.py:190} INFO - [2025-02-23T00:18:13.821-0500] {dagbag.py:588} INFO - Filling up the DagBag from /home/rafaelrb/anaconda3/lib/python3.9/site-packages/airflow/example_dags/example_external_task_marker_dag.py
[2025-02-23T00:18:13.842-0500] {processor.py:925} INFO - DAG(s) 'example_external_task_marker_parent', 'example_external_task_marker_child' retrieved from /home/rafaelrb/anaconda3/lib/python3.9/site-packages/airflow/example_dags/example_external_task_marker_dag.py
[2025-02-23T00:18:13.917-0500] {logging_mixin.py:190} INFO - [2025-02-23T00:18:13.917-0500] {dag.py:3239} INFO - Sync 2 DAGs
[2025-02-23T00:18:13.978-0500] {logging_mixin.py:190} INFO - [2025-02-23T00:18:13.977-0500] {dag.py:4180} INFO - Setting next_dagrun for example_external_task_marker_child to None, run_after=None
[2025-02-23T00:18:13.995-0500] {logging_mixin.py:190} INFO - [2025-02-23T00:18:13.994-0500] {dag.py:4180} INFO - Setting next_dagrun for example_external_task_marker_parent to None, run_after=None
[2025-02-23T00:18:14.039-0500] {processor.py:208} INFO - Processing /home/rafaelrb/anaconda3/lib/python3.9/site-packages/airflow/example_dags/example_external_task_marker_dag.py took 0.248 seconds
[2025-02-23T00:22:29.861-0500] {processor.py:186} INFO - Started process (PID=35212) to work on /home/rafaelrb/anaconda3/lib/python3.9/site-packages/airflow/example_dags/example_external_task_marker_dag.py
[2025-02-23T00:22:29.863-0500] {processor.py:914} INFO - Processing file /home/rafaelrb/anaconda3/lib/python3.9/site-packages/airflow/example_dags/example_external_task_marker_dag.py for tasks to queue
[2025-02-23T00:22:29.866-0500] {logging_mixin.py:190} INFO - [2025-02-23T00:22:29.866-0500] {dagbag.py:588} INFO - Filling up the DagBag from /home/rafaelrb/anaconda3/lib/python3.9/site-packages/airflow/example_dags/example_external_task_marker_dag.py
[2025-02-23T00:22:29.878-0500] {processor.py:925} INFO - DAG(s) 'example_external_task_marker_parent', 'example_external_task_marker_child' retrieved from /home/rafaelrb/anaconda3/lib/python3.9/site-packages/airflow/example_dags/example_external_task_marker_dag.py
[2025-02-23T00:22:29.901-0500] {logging_mixin.py:190} INFO - [2025-02-23T00:22:29.900-0500] {dag.py:3239} INFO - Sync 2 DAGs
[2025-02-23T00:22:29.917-0500] {logging_mixin.py:190} INFO - [2025-02-23T00:22:29.916-0500] {dag.py:4180} INFO - Setting next_dagrun for example_external_task_marker_child to None, run_after=None
[2025-02-23T00:22:29.920-0500] {logging_mixin.py:190} INFO - [2025-02-23T00:22:29.920-0500] {dag.py:4180} INFO - Setting next_dagrun for example_external_task_marker_parent to None, run_after=None
[2025-02-23T00:22:29.953-0500] {processor.py:208} INFO - Processing /home/rafaelrb/anaconda3/lib/python3.9/site-packages/airflow/example_dags/example_external_task_marker_dag.py took 0.102 seconds
[2025-02-23T00:23:33.150-0500] {processor.py:186} INFO - Started process (PID=35279) to work on /home/rafaelrb/anaconda3/lib/python3.9/site-packages/airflow/example_dags/example_external_task_marker_dag.py
[2025-02-23T00:23:33.152-0500] {processor.py:914} INFO - Processing file /home/rafaelrb/anaconda3/lib/python3.9/site-packages/airflow/example_dags/example_external_task_marker_dag.py for tasks to queue
[2025-02-23T00:23:33.155-0500] {logging_mixin.py:190} INFO - [2025-02-23T00:23:33.154-0500] {dagbag.py:588} INFO - Filling up the DagBag from /home/rafaelrb/anaconda3/lib/python3.9/site-packages/airflow/example_dags/example_external_task_marker_dag.py
[2025-02-23T00:23:33.167-0500] {processor.py:925} INFO - DAG(s) 'example_external_task_marker_child', 'example_external_task_marker_parent' retrieved from /home/rafaelrb/anaconda3/lib/python3.9/site-packages/airflow/example_dags/example_external_task_marker_dag.py
[2025-02-23T00:23:33.192-0500] {logging_mixin.py:190} INFO - [2025-02-23T00:23:33.192-0500] {dag.py:3239} INFO - Sync 2 DAGs
[2025-02-23T00:23:33.211-0500] {logging_mixin.py:190} INFO - [2025-02-23T00:23:33.210-0500] {dag.py:4180} INFO - Setting next_dagrun for example_external_task_marker_child to None, run_after=None
[2025-02-23T00:23:33.215-0500] {logging_mixin.py:190} INFO - [2025-02-23T00:23:33.215-0500] {dag.py:4180} INFO - Setting next_dagrun for example_external_task_marker_parent to None, run_after=None
[2025-02-23T00:23:33.258-0500] {processor.py:208} INFO - Processing /home/rafaelrb/anaconda3/lib/python3.9/site-packages/airflow/example_dags/example_external_task_marker_dag.py took 0.116 seconds
[2025-02-23T00:24:35.931-0500] {processor.py:186} INFO - Started process (PID=35357) to work on /home/rafaelrb/anaconda3/lib/python3.9/site-packages/airflow/example_dags/example_external_task_marker_dag.py
[2025-02-23T00:24:35.933-0500] {processor.py:914} INFO - Processing file /home/rafaelrb/anaconda3/lib/python3.9/site-packages/airflow/example_dags/example_external_task_marker_dag.py for tasks to queue
[2025-02-23T00:24:35.937-0500] {logging_mixin.py:190} INFO - [2025-02-23T00:24:35.936-0500] {dagbag.py:588} INFO - Filling up the DagBag from /home/rafaelrb/anaconda3/lib/python3.9/site-packages/airflow/example_dags/example_external_task_marker_dag.py
[2025-02-23T00:24:35.948-0500] {processor.py:925} INFO - DAG(s) 'example_external_task_marker_parent', 'example_external_task_marker_child' retrieved from /home/rafaelrb/anaconda3/lib/python3.9/site-packages/airflow/example_dags/example_external_task_marker_dag.py
[2025-02-23T00:24:35.974-0500] {logging_mixin.py:190} INFO - [2025-02-23T00:24:35.974-0500] {dag.py:3239} INFO - Sync 2 DAGs
[2025-02-23T00:24:35.993-0500] {logging_mixin.py:190} INFO - [2025-02-23T00:24:35.993-0500] {dag.py:4180} INFO - Setting next_dagrun for example_external_task_marker_child to None, run_after=None
[2025-02-23T00:24:35.998-0500] {logging_mixin.py:190} INFO - [2025-02-23T00:24:35.998-0500] {dag.py:4180} INFO - Setting next_dagrun for example_external_task_marker_parent to None, run_after=None
[2025-02-23T00:24:36.031-0500] {processor.py:208} INFO - Processing /home/rafaelrb/anaconda3/lib/python3.9/site-packages/airflow/example_dags/example_external_task_marker_dag.py took 0.108 seconds
[2025-02-23T00:25:34.496-0500] {processor.py:186} INFO - Started process (PID=35424) to work on /home/rafaelrb/anaconda3/lib/python3.9/site-packages/airflow/example_dags/example_external_task_marker_dag.py
[2025-02-23T00:25:34.503-0500] {processor.py:914} INFO - Processing file /home/rafaelrb/anaconda3/lib/python3.9/site-packages/airflow/example_dags/example_external_task_marker_dag.py for tasks to queue
[2025-02-23T00:25:34.505-0500] {logging_mixin.py:190} INFO - [2025-02-23T00:25:34.505-0500] {dagbag.py:588} INFO - Filling up the DagBag from /home/rafaelrb/anaconda3/lib/python3.9/site-packages/airflow/example_dags/example_external_task_marker_dag.py
[2025-02-23T00:25:34.517-0500] {processor.py:925} INFO - DAG(s) 'example_external_task_marker_parent', 'example_external_task_marker_child' retrieved from /home/rafaelrb/anaconda3/lib/python3.9/site-packages/airflow/example_dags/example_external_task_marker_dag.py
[2025-02-23T00:25:34.539-0500] {logging_mixin.py:190} INFO - [2025-02-23T00:25:34.539-0500] {dag.py:3239} INFO - Sync 2 DAGs
[2025-02-23T00:25:34.554-0500] {logging_mixin.py:190} INFO - [2025-02-23T00:25:34.554-0500] {dag.py:4180} INFO - Setting next_dagrun for example_external_task_marker_child to None, run_after=None
[2025-02-23T00:25:34.558-0500] {logging_mixin.py:190} INFO - [2025-02-23T00:25:34.558-0500] {dag.py:4180} INFO - Setting next_dagrun for example_external_task_marker_parent to None, run_after=None
[2025-02-23T00:25:34.590-0500] {processor.py:208} INFO - Processing /home/rafaelrb/anaconda3/lib/python3.9/site-packages/airflow/example_dags/example_external_task_marker_dag.py took 0.102 seconds
[2025-02-23T02:32:01.619-0500] {processor.py:186} INFO - Started process (PID=76171) to work on /home/rafaelrb/anaconda3/lib/python3.9/site-packages/airflow/example_dags/example_external_task_marker_dag.py
[2025-02-23T02:32:01.621-0500] {processor.py:914} INFO - Processing file /home/rafaelrb/anaconda3/lib/python3.9/site-packages/airflow/example_dags/example_external_task_marker_dag.py for tasks to queue
[2025-02-23T02:32:01.624-0500] {logging_mixin.py:190} INFO - [2025-02-23T02:32:01.624-0500] {dagbag.py:588} INFO - Filling up the DagBag from /home/rafaelrb/anaconda3/lib/python3.9/site-packages/airflow/example_dags/example_external_task_marker_dag.py
[2025-02-23T02:32:01.635-0500] {processor.py:925} INFO - DAG(s) 'example_external_task_marker_parent', 'example_external_task_marker_child' retrieved from /home/rafaelrb/anaconda3/lib/python3.9/site-packages/airflow/example_dags/example_external_task_marker_dag.py
[2025-02-23T02:32:01.657-0500] {logging_mixin.py:190} INFO - [2025-02-23T02:32:01.657-0500] {dag.py:3239} INFO - Sync 2 DAGs
[2025-02-23T02:32:01.674-0500] {logging_mixin.py:190} INFO - [2025-02-23T02:32:01.674-0500] {dag.py:4180} INFO - Setting next_dagrun for example_external_task_marker_child to None, run_after=None
[2025-02-23T02:32:01.678-0500] {logging_mixin.py:190} INFO - [2025-02-23T02:32:01.678-0500] {dag.py:4180} INFO - Setting next_dagrun for example_external_task_marker_parent to None, run_after=None
[2025-02-23T02:32:01.715-0500] {processor.py:208} INFO - Processing /home/rafaelrb/anaconda3/lib/python3.9/site-packages/airflow/example_dags/example_external_task_marker_dag.py took 0.105 seconds
[2025-02-23T02:33:15.311-0500] {processor.py:186} INFO - Started process (PID=76636) to work on /home/rafaelrb/anaconda3/lib/python3.9/site-packages/airflow/example_dags/example_external_task_marker_dag.py
[2025-02-23T02:33:15.313-0500] {processor.py:914} INFO - Processing file /home/rafaelrb/anaconda3/lib/python3.9/site-packages/airflow/example_dags/example_external_task_marker_dag.py for tasks to queue
[2025-02-23T02:33:15.315-0500] {logging_mixin.py:190} INFO - [2025-02-23T02:33:15.315-0500] {dagbag.py:588} INFO - Filling up the DagBag from /home/rafaelrb/anaconda3/lib/python3.9/site-packages/airflow/example_dags/example_external_task_marker_dag.py
[2025-02-23T02:33:15.334-0500] {processor.py:925} INFO - DAG(s) 'example_external_task_marker_parent', 'example_external_task_marker_child' retrieved from /home/rafaelrb/anaconda3/lib/python3.9/site-packages/airflow/example_dags/example_external_task_marker_dag.py
[2025-02-23T02:33:15.388-0500] {logging_mixin.py:190} INFO - [2025-02-23T02:33:15.387-0500] {dag.py:3239} INFO - Sync 2 DAGs
[2025-02-23T02:33:15.418-0500] {logging_mixin.py:190} INFO - [2025-02-23T02:33:15.417-0500] {dag.py:4180} INFO - Setting next_dagrun for example_external_task_marker_child to None, run_after=None
[2025-02-23T02:33:15.428-0500] {logging_mixin.py:190} INFO - [2025-02-23T02:33:15.428-0500] {dag.py:4180} INFO - Setting next_dagrun for example_external_task_marker_parent to None, run_after=None
[2025-02-23T02:33:15.466-0500] {processor.py:208} INFO - Processing /home/rafaelrb/anaconda3/lib/python3.9/site-packages/airflow/example_dags/example_external_task_marker_dag.py took 0.168 seconds
[2025-02-23T02:34:34.010-0500] {processor.py:186} INFO - Started process (PID=76991) to work on /home/rafaelrb/anaconda3/lib/python3.9/site-packages/airflow/example_dags/example_external_task_marker_dag.py
[2025-02-23T02:34:34.016-0500] {processor.py:914} INFO - Processing file /home/rafaelrb/anaconda3/lib/python3.9/site-packages/airflow/example_dags/example_external_task_marker_dag.py for tasks to queue
[2025-02-23T02:34:34.020-0500] {logging_mixin.py:190} INFO - [2025-02-23T02:34:34.019-0500] {dagbag.py:588} INFO - Filling up the DagBag from /home/rafaelrb/anaconda3/lib/python3.9/site-packages/airflow/example_dags/example_external_task_marker_dag.py
[2025-02-23T02:34:34.121-0500] {processor.py:925} INFO - DAG(s) 'example_external_task_marker_child', 'example_external_task_marker_parent' retrieved from /home/rafaelrb/anaconda3/lib/python3.9/site-packages/airflow/example_dags/example_external_task_marker_dag.py
[2025-02-23T02:34:34.160-0500] {logging_mixin.py:190} INFO - [2025-02-23T02:34:34.159-0500] {dag.py:3239} INFO - Sync 2 DAGs
[2025-02-23T02:34:34.347-0500] {logging_mixin.py:190} INFO - [2025-02-23T02:34:34.347-0500] {dag.py:4180} INFO - Setting next_dagrun for example_external_task_marker_child to None, run_after=None
[2025-02-23T02:34:34.371-0500] {logging_mixin.py:190} INFO - [2025-02-23T02:34:34.371-0500] {dag.py:4180} INFO - Setting next_dagrun for example_external_task_marker_parent to None, run_after=None
[2025-02-23T02:34:34.538-0500] {processor.py:208} INFO - Processing /home/rafaelrb/anaconda3/lib/python3.9/site-packages/airflow/example_dags/example_external_task_marker_dag.py took 0.545 seconds
[2025-02-23T02:43:42.175-0500] {processor.py:186} INFO - Started process (PID=79138) to work on /home/rafaelrb/anaconda3/lib/python3.9/site-packages/airflow/example_dags/example_external_task_marker_dag.py
[2025-02-23T02:43:42.182-0500] {processor.py:914} INFO - Processing file /home/rafaelrb/anaconda3/lib/python3.9/site-packages/airflow/example_dags/example_external_task_marker_dag.py for tasks to queue
[2025-02-23T02:43:42.184-0500] {logging_mixin.py:190} INFO - [2025-02-23T02:43:42.184-0500] {dagbag.py:588} INFO - Filling up the DagBag from /home/rafaelrb/anaconda3/lib/python3.9/site-packages/airflow/example_dags/example_external_task_marker_dag.py
[2025-02-23T02:43:42.194-0500] {processor.py:925} INFO - DAG(s) 'example_external_task_marker_child', 'example_external_task_marker_parent' retrieved from /home/rafaelrb/anaconda3/lib/python3.9/site-packages/airflow/example_dags/example_external_task_marker_dag.py
[2025-02-23T02:43:42.216-0500] {logging_mixin.py:190} INFO - [2025-02-23T02:43:42.216-0500] {dag.py:3239} INFO - Sync 2 DAGs
[2025-02-23T02:43:42.232-0500] {logging_mixin.py:190} INFO - [2025-02-23T02:43:42.232-0500] {dag.py:4180} INFO - Setting next_dagrun for example_external_task_marker_child to None, run_after=None
[2025-02-23T02:43:42.236-0500] {logging_mixin.py:190} INFO - [2025-02-23T02:43:42.236-0500] {dag.py:4180} INFO - Setting next_dagrun for example_external_task_marker_parent to None, run_after=None
[2025-02-23T02:43:42.273-0500] {processor.py:208} INFO - Processing /home/rafaelrb/anaconda3/lib/python3.9/site-packages/airflow/example_dags/example_external_task_marker_dag.py took 0.106 seconds
[2025-02-23T02:44:44.024-0500] {processor.py:186} INFO - Started process (PID=79347) to work on /home/rafaelrb/anaconda3/lib/python3.9/site-packages/airflow/example_dags/example_external_task_marker_dag.py
[2025-02-23T02:44:44.026-0500] {processor.py:914} INFO - Processing file /home/rafaelrb/anaconda3/lib/python3.9/site-packages/airflow/example_dags/example_external_task_marker_dag.py for tasks to queue
[2025-02-23T02:44:44.029-0500] {logging_mixin.py:190} INFO - [2025-02-23T02:44:44.029-0500] {dagbag.py:588} INFO - Filling up the DagBag from /home/rafaelrb/anaconda3/lib/python3.9/site-packages/airflow/example_dags/example_external_task_marker_dag.py
[2025-02-23T02:44:44.043-0500] {processor.py:925} INFO - DAG(s) 'example_external_task_marker_child', 'example_external_task_marker_parent' retrieved from /home/rafaelrb/anaconda3/lib/python3.9/site-packages/airflow/example_dags/example_external_task_marker_dag.py
[2025-02-23T02:44:44.071-0500] {logging_mixin.py:190} INFO - [2025-02-23T02:44:44.071-0500] {dag.py:3239} INFO - Sync 2 DAGs
[2025-02-23T02:44:44.091-0500] {logging_mixin.py:190} INFO - [2025-02-23T02:44:44.091-0500] {dag.py:4180} INFO - Setting next_dagrun for example_external_task_marker_child to None, run_after=None
[2025-02-23T02:44:44.096-0500] {logging_mixin.py:190} INFO - [2025-02-23T02:44:44.096-0500] {dag.py:4180} INFO - Setting next_dagrun for example_external_task_marker_parent to None, run_after=None
[2025-02-23T02:44:44.144-0500] {processor.py:208} INFO - Processing /home/rafaelrb/anaconda3/lib/python3.9/site-packages/airflow/example_dags/example_external_task_marker_dag.py took 0.131 seconds
