[2025-02-22T23:44:08.017-0500] {processor.py:186} INFO - Started process (PID=26873) to work on /home/rafaelrb/anaconda3/lib/python3.9/site-packages/airflow/example_dags/example_subdag_operator.py
[2025-02-22T23:44:08.018-0500] {processor.py:914} INFO - Processing file /home/rafaelrb/anaconda3/lib/python3.9/site-packages/airflow/example_dags/example_subdag_operator.py for tasks to queue
[2025-02-22T23:44:08.021-0500] {logging_mixin.py:190} INFO - [2025-02-22T23:44:08.020-0500] {dagbag.py:588} INFO - Filling up the DagBag from /home/rafaelrb/anaconda3/lib/python3.9/site-packages/airflow/example_dags/example_subdag_operator.py
[2025-02-22T23:44:08.059-0500] {processor.py:925} INFO - DAG(s) 'example_subdag_operator.section-1', 'example_subdag_operator.section-2', 'example_subdag_operator' retrieved from /home/rafaelrb/anaconda3/lib/python3.9/site-packages/airflow/example_dags/example_subdag_operator.py
[2025-02-22T23:44:08.214-0500] {logging_mixin.py:190} INFO - [2025-02-22T23:44:08.214-0500] {override.py:1930} INFO - Created Permission View: can read on DAG:example_subdag_operator
[2025-02-22T23:44:08.241-0500] {logging_mixin.py:190} INFO - [2025-02-22T23:44:08.239-0500] {override.py:1930} INFO - Created Permission View: can delete on DAG:example_subdag_operator
[2025-02-22T23:44:08.268-0500] {logging_mixin.py:190} INFO - [2025-02-22T23:44:08.266-0500] {override.py:1930} INFO - Created Permission View: can edit on DAG:example_subdag_operator
[2025-02-22T23:44:08.346-0500] {logging_mixin.py:190} INFO - [2025-02-22T23:44:08.345-0500] {override.py:1930} INFO - Created Permission View: can read on DAG Run:example_subdag_operator
[2025-02-22T23:44:08.399-0500] {logging_mixin.py:190} INFO - [2025-02-22T23:44:08.398-0500] {override.py:1930} INFO - Created Permission View: can create on DAG Run:example_subdag_operator
[2025-02-22T23:44:08.435-0500] {logging_mixin.py:190} INFO - [2025-02-22T23:44:08.435-0500] {override.py:1930} INFO - Created Permission View: menu access on DAG Run:example_subdag_operator
[2025-02-22T23:44:08.454-0500] {logging_mixin.py:190} INFO - [2025-02-22T23:44:08.453-0500] {override.py:1930} INFO - Created Permission View: can delete on DAG Run:example_subdag_operator
[2025-02-22T23:44:08.454-0500] {logging_mixin.py:190} INFO - [2025-02-22T23:44:08.454-0500] {dag.py:3239} INFO - Sync 3 DAGs
[2025-02-22T23:44:08.473-0500] {logging_mixin.py:190} INFO - [2025-02-22T23:44:08.472-0500] {dag.py:3262} INFO - Creating ORM DAG for example_subdag_operator.section-1
[2025-02-22T23:44:08.473-0500] {logging_mixin.py:190} INFO - [2025-02-22T23:44:08.473-0500] {dag.py:3262} INFO - Creating ORM DAG for example_subdag_operator
[2025-02-22T23:44:08.474-0500] {logging_mixin.py:190} INFO - [2025-02-22T23:44:08.474-0500] {dag.py:3262} INFO - Creating ORM DAG for example_subdag_operator.section-2
[2025-02-22T23:44:08.486-0500] {logging_mixin.py:190} INFO - [2025-02-22T23:44:08.486-0500] {dag.py:4180} INFO - Setting next_dagrun for example_subdag_operator to 2022-01-01 00:00:00+00:00, run_after=2022-01-01 00:00:00+00:00
[2025-02-22T23:44:08.487-0500] {logging_mixin.py:190} INFO - [2025-02-22T23:44:08.487-0500] {dag.py:4180} INFO - Setting next_dagrun for example_subdag_operator.section-1 to None, run_after=None
[2025-02-22T23:44:08.487-0500] {logging_mixin.py:190} INFO - [2025-02-22T23:44:08.487-0500] {dag.py:4180} INFO - Setting next_dagrun for example_subdag_operator.section-2 to None, run_after=None
[2025-02-22T23:44:08.495-0500] {logging_mixin.py:190} INFO - [2025-02-22T23:44:08.495-0500] {dag.py:3239} INFO - Sync 2 DAGs
[2025-02-22T23:44:08.503-0500] {logging_mixin.py:190} INFO - [2025-02-22T23:44:08.503-0500] {dag.py:4180} INFO - Setting next_dagrun for example_subdag_operator.section-1 to None, run_after=None
[2025-02-22T23:44:08.506-0500] {logging_mixin.py:190} INFO - [2025-02-22T23:44:08.506-0500] {dag.py:4180} INFO - Setting next_dagrun for example_subdag_operator.section-2 to None, run_after=None
[2025-02-22T23:44:08.528-0500] {processor.py:208} INFO - Processing /home/rafaelrb/anaconda3/lib/python3.9/site-packages/airflow/example_dags/example_subdag_operator.py took 0.525 seconds
[2025-02-22T23:48:46.373-0500] {processor.py:186} INFO - Started process (PID=27511) to work on /home/rafaelrb/anaconda3/lib/python3.9/site-packages/airflow/example_dags/example_subdag_operator.py
[2025-02-22T23:48:46.375-0500] {processor.py:914} INFO - Processing file /home/rafaelrb/anaconda3/lib/python3.9/site-packages/airflow/example_dags/example_subdag_operator.py for tasks to queue
[2025-02-22T23:48:46.379-0500] {logging_mixin.py:190} INFO - [2025-02-22T23:48:46.378-0500] {dagbag.py:588} INFO - Filling up the DagBag from /home/rafaelrb/anaconda3/lib/python3.9/site-packages/airflow/example_dags/example_subdag_operator.py
[2025-02-22T23:48:46.416-0500] {processor.py:925} INFO - DAG(s) 'example_subdag_operator.section-1', 'example_subdag_operator.section-2', 'example_subdag_operator' retrieved from /home/rafaelrb/anaconda3/lib/python3.9/site-packages/airflow/example_dags/example_subdag_operator.py
[2025-02-22T23:48:46.442-0500] {logging_mixin.py:190} INFO - [2025-02-22T23:48:46.442-0500] {dag.py:3239} INFO - Sync 3 DAGs
[2025-02-22T23:48:46.476-0500] {logging_mixin.py:190} INFO - [2025-02-22T23:48:46.476-0500] {dag.py:4180} INFO - Setting next_dagrun for example_subdag_operator to 2022-01-01 00:00:00+00:00, run_after=2022-01-01 00:00:00+00:00
[2025-02-22T23:48:46.480-0500] {logging_mixin.py:190} INFO - [2025-02-22T23:48:46.480-0500] {dag.py:4180} INFO - Setting next_dagrun for example_subdag_operator.section-1 to None, run_after=None
[2025-02-22T23:48:46.482-0500] {logging_mixin.py:190} INFO - [2025-02-22T23:48:46.482-0500] {dag.py:4180} INFO - Setting next_dagrun for example_subdag_operator.section-2 to None, run_after=None
[2025-02-22T23:48:46.491-0500] {logging_mixin.py:190} INFO - [2025-02-22T23:48:46.490-0500] {dag.py:3239} INFO - Sync 2 DAGs
[2025-02-22T23:48:46.498-0500] {logging_mixin.py:190} INFO - [2025-02-22T23:48:46.498-0500] {dag.py:4180} INFO - Setting next_dagrun for example_subdag_operator.section-1 to None, run_after=None
[2025-02-22T23:48:46.499-0500] {logging_mixin.py:190} INFO - [2025-02-22T23:48:46.499-0500] {dag.py:4180} INFO - Setting next_dagrun for example_subdag_operator.section-2 to None, run_after=None
[2025-02-22T23:48:46.525-0500] {processor.py:208} INFO - Processing /home/rafaelrb/anaconda3/lib/python3.9/site-packages/airflow/example_dags/example_subdag_operator.py took 0.163 seconds
[2025-02-22T23:49:53.321-0500] {processor.py:186} INFO - Started process (PID=27992) to work on /home/rafaelrb/anaconda3/lib/python3.9/site-packages/airflow/example_dags/example_subdag_operator.py
[2025-02-22T23:49:53.323-0500] {processor.py:914} INFO - Processing file /home/rafaelrb/anaconda3/lib/python3.9/site-packages/airflow/example_dags/example_subdag_operator.py for tasks to queue
[2025-02-22T23:49:53.327-0500] {logging_mixin.py:190} INFO - [2025-02-22T23:49:53.326-0500] {dagbag.py:588} INFO - Filling up the DagBag from /home/rafaelrb/anaconda3/lib/python3.9/site-packages/airflow/example_dags/example_subdag_operator.py
[2025-02-22T23:49:53.368-0500] {processor.py:925} INFO - DAG(s) 'example_subdag_operator.section-1', 'example_subdag_operator.section-2', 'example_subdag_operator' retrieved from /home/rafaelrb/anaconda3/lib/python3.9/site-packages/airflow/example_dags/example_subdag_operator.py
[2025-02-22T23:49:53.392-0500] {logging_mixin.py:190} INFO - [2025-02-22T23:49:53.392-0500] {dag.py:3239} INFO - Sync 3 DAGs
[2025-02-22T23:49:53.431-0500] {logging_mixin.py:190} INFO - [2025-02-22T23:49:53.431-0500] {dag.py:4180} INFO - Setting next_dagrun for example_subdag_operator to 2022-01-01 00:00:00+00:00, run_after=2022-01-01 00:00:00+00:00
[2025-02-22T23:49:53.442-0500] {logging_mixin.py:190} INFO - [2025-02-22T23:49:53.441-0500] {dag.py:4180} INFO - Setting next_dagrun for example_subdag_operator.section-1 to None, run_after=None
[2025-02-22T23:49:53.444-0500] {logging_mixin.py:190} INFO - [2025-02-22T23:49:53.444-0500] {dag.py:4180} INFO - Setting next_dagrun for example_subdag_operator.section-2 to None, run_after=None
[2025-02-22T23:49:53.453-0500] {logging_mixin.py:190} INFO - [2025-02-22T23:49:53.453-0500] {dag.py:3239} INFO - Sync 2 DAGs
[2025-02-22T23:49:53.459-0500] {logging_mixin.py:190} INFO - [2025-02-22T23:49:53.459-0500] {dag.py:4180} INFO - Setting next_dagrun for example_subdag_operator.section-1 to None, run_after=None
[2025-02-22T23:49:53.459-0500] {logging_mixin.py:190} INFO - [2025-02-22T23:49:53.459-0500] {dag.py:4180} INFO - Setting next_dagrun for example_subdag_operator.section-2 to None, run_after=None
[2025-02-22T23:49:53.485-0500] {processor.py:208} INFO - Processing /home/rafaelrb/anaconda3/lib/python3.9/site-packages/airflow/example_dags/example_subdag_operator.py took 0.175 seconds
[2025-02-22T23:50:50.778-0500] {processor.py:186} INFO - Started process (PID=28416) to work on /home/rafaelrb/anaconda3/lib/python3.9/site-packages/airflow/example_dags/example_subdag_operator.py
[2025-02-22T23:50:50.780-0500] {processor.py:914} INFO - Processing file /home/rafaelrb/anaconda3/lib/python3.9/site-packages/airflow/example_dags/example_subdag_operator.py for tasks to queue
[2025-02-22T23:50:50.782-0500] {logging_mixin.py:190} INFO - [2025-02-22T23:50:50.782-0500] {dagbag.py:588} INFO - Filling up the DagBag from /home/rafaelrb/anaconda3/lib/python3.9/site-packages/airflow/example_dags/example_subdag_operator.py
[2025-02-22T23:50:50.814-0500] {processor.py:925} INFO - DAG(s) 'example_subdag_operator.section-1', 'example_subdag_operator.section-2', 'example_subdag_operator' retrieved from /home/rafaelrb/anaconda3/lib/python3.9/site-packages/airflow/example_dags/example_subdag_operator.py
[2025-02-22T23:50:50.832-0500] {logging_mixin.py:190} INFO - [2025-02-22T23:50:50.832-0500] {dag.py:3239} INFO - Sync 3 DAGs
[2025-02-22T23:50:50.856-0500] {logging_mixin.py:190} INFO - [2025-02-22T23:50:50.855-0500] {dag.py:4180} INFO - Setting next_dagrun for example_subdag_operator to 2022-01-01 00:00:00+00:00, run_after=2022-01-01 00:00:00+00:00
[2025-02-22T23:50:50.860-0500] {logging_mixin.py:190} INFO - [2025-02-22T23:50:50.859-0500] {dag.py:4180} INFO - Setting next_dagrun for example_subdag_operator.section-1 to None, run_after=None
[2025-02-22T23:50:50.861-0500] {logging_mixin.py:190} INFO - [2025-02-22T23:50:50.861-0500] {dag.py:4180} INFO - Setting next_dagrun for example_subdag_operator.section-2 to None, run_after=None
[2025-02-22T23:50:50.869-0500] {logging_mixin.py:190} INFO - [2025-02-22T23:50:50.868-0500] {dag.py:3239} INFO - Sync 2 DAGs
[2025-02-22T23:50:50.873-0500] {logging_mixin.py:190} INFO - [2025-02-22T23:50:50.873-0500] {dag.py:4180} INFO - Setting next_dagrun for example_subdag_operator.section-1 to None, run_after=None
[2025-02-22T23:50:50.874-0500] {logging_mixin.py:190} INFO - [2025-02-22T23:50:50.874-0500] {dag.py:4180} INFO - Setting next_dagrun for example_subdag_operator.section-2 to None, run_after=None
[2025-02-22T23:50:50.894-0500] {processor.py:208} INFO - Processing /home/rafaelrb/anaconda3/lib/python3.9/site-packages/airflow/example_dags/example_subdag_operator.py took 0.124 seconds
[2025-02-22T23:51:48.638-0500] {processor.py:186} INFO - Started process (PID=28824) to work on /home/rafaelrb/anaconda3/lib/python3.9/site-packages/airflow/example_dags/example_subdag_operator.py
[2025-02-22T23:51:48.640-0500] {processor.py:914} INFO - Processing file /home/rafaelrb/anaconda3/lib/python3.9/site-packages/airflow/example_dags/example_subdag_operator.py for tasks to queue
[2025-02-22T23:51:48.643-0500] {logging_mixin.py:190} INFO - [2025-02-22T23:51:48.643-0500] {dagbag.py:588} INFO - Filling up the DagBag from /home/rafaelrb/anaconda3/lib/python3.9/site-packages/airflow/example_dags/example_subdag_operator.py
[2025-02-22T23:51:48.681-0500] {processor.py:925} INFO - DAG(s) 'example_subdag_operator.section-1', 'example_subdag_operator.section-2', 'example_subdag_operator' retrieved from /home/rafaelrb/anaconda3/lib/python3.9/site-packages/airflow/example_dags/example_subdag_operator.py
[2025-02-22T23:51:48.706-0500] {logging_mixin.py:190} INFO - [2025-02-22T23:51:48.706-0500] {dag.py:3239} INFO - Sync 3 DAGs
[2025-02-22T23:51:48.741-0500] {logging_mixin.py:190} INFO - [2025-02-22T23:51:48.741-0500] {dag.py:4180} INFO - Setting next_dagrun for example_subdag_operator to 2022-01-01 00:00:00+00:00, run_after=2022-01-01 00:00:00+00:00
[2025-02-22T23:51:48.746-0500] {logging_mixin.py:190} INFO - [2025-02-22T23:51:48.745-0500] {dag.py:4180} INFO - Setting next_dagrun for example_subdag_operator.section-1 to None, run_after=None
[2025-02-22T23:51:48.748-0500] {logging_mixin.py:190} INFO - [2025-02-22T23:51:48.748-0500] {dag.py:4180} INFO - Setting next_dagrun for example_subdag_operator.section-2 to None, run_after=None
[2025-02-22T23:51:48.756-0500] {logging_mixin.py:190} INFO - [2025-02-22T23:51:48.756-0500] {dag.py:3239} INFO - Sync 2 DAGs
[2025-02-22T23:51:48.763-0500] {logging_mixin.py:190} INFO - [2025-02-22T23:51:48.762-0500] {dag.py:4180} INFO - Setting next_dagrun for example_subdag_operator.section-1 to None, run_after=None
[2025-02-22T23:51:48.763-0500] {logging_mixin.py:190} INFO - [2025-02-22T23:51:48.763-0500] {dag.py:4180} INFO - Setting next_dagrun for example_subdag_operator.section-2 to None, run_after=None
[2025-02-22T23:51:48.806-0500] {processor.py:208} INFO - Processing /home/rafaelrb/anaconda3/lib/python3.9/site-packages/airflow/example_dags/example_subdag_operator.py took 0.178 seconds
[2025-02-22T23:52:50.717-0500] {processor.py:186} INFO - Started process (PID=29270) to work on /home/rafaelrb/anaconda3/lib/python3.9/site-packages/airflow/example_dags/example_subdag_operator.py
[2025-02-22T23:52:50.719-0500] {processor.py:914} INFO - Processing file /home/rafaelrb/anaconda3/lib/python3.9/site-packages/airflow/example_dags/example_subdag_operator.py for tasks to queue
[2025-02-22T23:52:50.722-0500] {logging_mixin.py:190} INFO - [2025-02-22T23:52:50.722-0500] {dagbag.py:588} INFO - Filling up the DagBag from /home/rafaelrb/anaconda3/lib/python3.9/site-packages/airflow/example_dags/example_subdag_operator.py
[2025-02-22T23:52:50.757-0500] {processor.py:925} INFO - DAG(s) 'example_subdag_operator.section-1', 'example_subdag_operator.section-2', 'example_subdag_operator' retrieved from /home/rafaelrb/anaconda3/lib/python3.9/site-packages/airflow/example_dags/example_subdag_operator.py
[2025-02-22T23:52:50.778-0500] {logging_mixin.py:190} INFO - [2025-02-22T23:52:50.777-0500] {dag.py:3239} INFO - Sync 3 DAGs
[2025-02-22T23:52:50.809-0500] {logging_mixin.py:190} INFO - [2025-02-22T23:52:50.808-0500] {dag.py:4180} INFO - Setting next_dagrun for example_subdag_operator to 2022-01-01 00:00:00+00:00, run_after=2022-01-01 00:00:00+00:00
[2025-02-22T23:52:50.813-0500] {logging_mixin.py:190} INFO - [2025-02-22T23:52:50.813-0500] {dag.py:4180} INFO - Setting next_dagrun for example_subdag_operator.section-1 to None, run_after=None
[2025-02-22T23:52:50.816-0500] {logging_mixin.py:190} INFO - [2025-02-22T23:52:50.816-0500] {dag.py:4180} INFO - Setting next_dagrun for example_subdag_operator.section-2 to None, run_after=None
[2025-02-22T23:52:50.825-0500] {logging_mixin.py:190} INFO - [2025-02-22T23:52:50.824-0500] {dag.py:3239} INFO - Sync 2 DAGs
[2025-02-22T23:52:50.830-0500] {logging_mixin.py:190} INFO - [2025-02-22T23:52:50.830-0500] {dag.py:4180} INFO - Setting next_dagrun for example_subdag_operator.section-1 to None, run_after=None
[2025-02-22T23:52:50.830-0500] {logging_mixin.py:190} INFO - [2025-02-22T23:52:50.830-0500] {dag.py:4180} INFO - Setting next_dagrun for example_subdag_operator.section-2 to None, run_after=None
[2025-02-22T23:52:50.859-0500] {processor.py:208} INFO - Processing /home/rafaelrb/anaconda3/lib/python3.9/site-packages/airflow/example_dags/example_subdag_operator.py took 0.151 seconds
[2025-02-22T23:54:22.908-0500] {processor.py:186} INFO - Started process (PID=29898) to work on /home/rafaelrb/anaconda3/lib/python3.9/site-packages/airflow/example_dags/example_subdag_operator.py
[2025-02-22T23:54:22.909-0500] {processor.py:914} INFO - Processing file /home/rafaelrb/anaconda3/lib/python3.9/site-packages/airflow/example_dags/example_subdag_operator.py for tasks to queue
[2025-02-22T23:54:22.912-0500] {logging_mixin.py:190} INFO - [2025-02-22T23:54:22.912-0500] {dagbag.py:588} INFO - Filling up the DagBag from /home/rafaelrb/anaconda3/lib/python3.9/site-packages/airflow/example_dags/example_subdag_operator.py
[2025-02-22T23:54:22.944-0500] {processor.py:925} INFO - DAG(s) 'example_subdag_operator.section-1', 'example_subdag_operator.section-2', 'example_subdag_operator' retrieved from /home/rafaelrb/anaconda3/lib/python3.9/site-packages/airflow/example_dags/example_subdag_operator.py
[2025-02-22T23:54:22.970-0500] {logging_mixin.py:190} INFO - [2025-02-22T23:54:22.969-0500] {dag.py:3239} INFO - Sync 3 DAGs
[2025-02-22T23:54:23.000-0500] {logging_mixin.py:190} INFO - [2025-02-22T23:54:23.000-0500] {dag.py:4180} INFO - Setting next_dagrun for example_subdag_operator to 2022-01-01 00:00:00+00:00, run_after=2022-01-01 00:00:00+00:00
[2025-02-22T23:54:23.006-0500] {logging_mixin.py:190} INFO - [2025-02-22T23:54:23.005-0500] {dag.py:4180} INFO - Setting next_dagrun for example_subdag_operator.section-1 to None, run_after=None
[2025-02-22T23:54:23.008-0500] {logging_mixin.py:190} INFO - [2025-02-22T23:54:23.007-0500] {dag.py:4180} INFO - Setting next_dagrun for example_subdag_operator.section-2 to None, run_after=None
[2025-02-22T23:54:23.016-0500] {logging_mixin.py:190} INFO - [2025-02-22T23:54:23.015-0500] {dag.py:3239} INFO - Sync 2 DAGs
[2025-02-22T23:54:23.021-0500] {logging_mixin.py:190} INFO - [2025-02-22T23:54:23.021-0500] {dag.py:4180} INFO - Setting next_dagrun for example_subdag_operator.section-1 to None, run_after=None
[2025-02-22T23:54:23.021-0500] {logging_mixin.py:190} INFO - [2025-02-22T23:54:23.021-0500] {dag.py:4180} INFO - Setting next_dagrun for example_subdag_operator.section-2 to None, run_after=None
[2025-02-22T23:54:23.042-0500] {processor.py:208} INFO - Processing /home/rafaelrb/anaconda3/lib/python3.9/site-packages/airflow/example_dags/example_subdag_operator.py took 0.143 seconds
[2025-02-22T23:57:34.320-0500] {processor.py:186} INFO - Started process (PID=30445) to work on /home/rafaelrb/anaconda3/lib/python3.9/site-packages/airflow/example_dags/example_subdag_operator.py
[2025-02-22T23:57:34.323-0500] {processor.py:914} INFO - Processing file /home/rafaelrb/anaconda3/lib/python3.9/site-packages/airflow/example_dags/example_subdag_operator.py for tasks to queue
[2025-02-22T23:57:34.328-0500] {logging_mixin.py:190} INFO - [2025-02-22T23:57:34.326-0500] {dagbag.py:588} INFO - Filling up the DagBag from /home/rafaelrb/anaconda3/lib/python3.9/site-packages/airflow/example_dags/example_subdag_operator.py
[2025-02-22T23:57:34.397-0500] {processor.py:925} INFO - DAG(s) 'example_subdag_operator.section-1', 'example_subdag_operator.section-2', 'example_subdag_operator' retrieved from /home/rafaelrb/anaconda3/lib/python3.9/site-packages/airflow/example_dags/example_subdag_operator.py
[2025-02-22T23:57:34.435-0500] {logging_mixin.py:190} INFO - [2025-02-22T23:57:34.434-0500] {dag.py:3239} INFO - Sync 3 DAGs
[2025-02-22T23:57:34.467-0500] {logging_mixin.py:190} INFO - [2025-02-22T23:57:34.467-0500] {dag.py:4180} INFO - Setting next_dagrun for example_subdag_operator to 2022-01-01 00:00:00+00:00, run_after=2022-01-01 00:00:00+00:00
[2025-02-22T23:57:34.473-0500] {logging_mixin.py:190} INFO - [2025-02-22T23:57:34.473-0500] {dag.py:4180} INFO - Setting next_dagrun for example_subdag_operator.section-1 to None, run_after=None
[2025-02-22T23:57:34.477-0500] {logging_mixin.py:190} INFO - [2025-02-22T23:57:34.476-0500] {dag.py:4180} INFO - Setting next_dagrun for example_subdag_operator.section-2 to None, run_after=None
[2025-02-22T23:57:34.488-0500] {logging_mixin.py:190} INFO - [2025-02-22T23:57:34.488-0500] {dag.py:3239} INFO - Sync 2 DAGs
[2025-02-22T23:57:34.495-0500] {logging_mixin.py:190} INFO - [2025-02-22T23:57:34.495-0500] {dag.py:4180} INFO - Setting next_dagrun for example_subdag_operator.section-1 to None, run_after=None
[2025-02-22T23:57:34.496-0500] {logging_mixin.py:190} INFO - [2025-02-22T23:57:34.496-0500] {dag.py:4180} INFO - Setting next_dagrun for example_subdag_operator.section-2 to None, run_after=None
[2025-02-22T23:57:34.520-0500] {processor.py:208} INFO - Processing /home/rafaelrb/anaconda3/lib/python3.9/site-packages/airflow/example_dags/example_subdag_operator.py took 0.219 seconds
[2025-02-22T23:58:54.390-0500] {processor.py:186} INFO - Started process (PID=30960) to work on /home/rafaelrb/anaconda3/lib/python3.9/site-packages/airflow/example_dags/example_subdag_operator.py
[2025-02-22T23:58:54.392-0500] {processor.py:914} INFO - Processing file /home/rafaelrb/anaconda3/lib/python3.9/site-packages/airflow/example_dags/example_subdag_operator.py for tasks to queue
[2025-02-22T23:58:54.394-0500] {logging_mixin.py:190} INFO - [2025-02-22T23:58:54.394-0500] {dagbag.py:588} INFO - Filling up the DagBag from /home/rafaelrb/anaconda3/lib/python3.9/site-packages/airflow/example_dags/example_subdag_operator.py
[2025-02-22T23:58:54.431-0500] {processor.py:925} INFO - DAG(s) 'example_subdag_operator.section-1', 'example_subdag_operator.section-2', 'example_subdag_operator' retrieved from /home/rafaelrb/anaconda3/lib/python3.9/site-packages/airflow/example_dags/example_subdag_operator.py
[2025-02-22T23:58:54.450-0500] {logging_mixin.py:190} INFO - [2025-02-22T23:58:54.450-0500] {dag.py:3239} INFO - Sync 3 DAGs
[2025-02-22T23:58:54.474-0500] {logging_mixin.py:190} INFO - [2025-02-22T23:58:54.474-0500] {dag.py:4180} INFO - Setting next_dagrun for example_subdag_operator to 2022-01-01 00:00:00+00:00, run_after=2022-01-01 00:00:00+00:00
[2025-02-22T23:58:54.478-0500] {logging_mixin.py:190} INFO - [2025-02-22T23:58:54.478-0500] {dag.py:4180} INFO - Setting next_dagrun for example_subdag_operator.section-1 to None, run_after=None
[2025-02-22T23:58:54.479-0500] {logging_mixin.py:190} INFO - [2025-02-22T23:58:54.479-0500] {dag.py:4180} INFO - Setting next_dagrun for example_subdag_operator.section-2 to None, run_after=None
[2025-02-22T23:58:54.486-0500] {logging_mixin.py:190} INFO - [2025-02-22T23:58:54.486-0500] {dag.py:3239} INFO - Sync 2 DAGs
[2025-02-22T23:58:54.493-0500] {logging_mixin.py:190} INFO - [2025-02-22T23:58:54.493-0500] {dag.py:4180} INFO - Setting next_dagrun for example_subdag_operator.section-1 to None, run_after=None
[2025-02-22T23:58:54.493-0500] {logging_mixin.py:190} INFO - [2025-02-22T23:58:54.493-0500] {dag.py:4180} INFO - Setting next_dagrun for example_subdag_operator.section-2 to None, run_after=None
[2025-02-22T23:58:54.519-0500] {processor.py:208} INFO - Processing /home/rafaelrb/anaconda3/lib/python3.9/site-packages/airflow/example_dags/example_subdag_operator.py took 0.139 seconds
[2025-02-23T00:00:08.307-0500] {processor.py:186} INFO - Started process (PID=31482) to work on /home/rafaelrb/anaconda3/lib/python3.9/site-packages/airflow/example_dags/example_subdag_operator.py
[2025-02-23T00:00:08.309-0500] {processor.py:914} INFO - Processing file /home/rafaelrb/anaconda3/lib/python3.9/site-packages/airflow/example_dags/example_subdag_operator.py for tasks to queue
[2025-02-23T00:00:08.313-0500] {logging_mixin.py:190} INFO - [2025-02-23T00:00:08.312-0500] {dagbag.py:588} INFO - Filling up the DagBag from /home/rafaelrb/anaconda3/lib/python3.9/site-packages/airflow/example_dags/example_subdag_operator.py
[2025-02-23T00:00:08.383-0500] {processor.py:925} INFO - DAG(s) 'example_subdag_operator.section-1', 'example_subdag_operator.section-2', 'example_subdag_operator' retrieved from /home/rafaelrb/anaconda3/lib/python3.9/site-packages/airflow/example_dags/example_subdag_operator.py
[2025-02-23T00:00:08.418-0500] {logging_mixin.py:190} INFO - [2025-02-23T00:00:08.417-0500] {dag.py:3239} INFO - Sync 3 DAGs
[2025-02-23T00:00:08.450-0500] {logging_mixin.py:190} INFO - [2025-02-23T00:00:08.449-0500] {dag.py:4180} INFO - Setting next_dagrun for example_subdag_operator to 2022-01-01 00:00:00+00:00, run_after=2022-01-01 00:00:00+00:00
[2025-02-23T00:00:08.469-0500] {logging_mixin.py:190} INFO - [2025-02-23T00:00:08.469-0500] {dag.py:4180} INFO - Setting next_dagrun for example_subdag_operator.section-1 to None, run_after=None
[2025-02-23T00:00:08.471-0500] {logging_mixin.py:190} INFO - [2025-02-23T00:00:08.471-0500] {dag.py:4180} INFO - Setting next_dagrun for example_subdag_operator.section-2 to None, run_after=None
[2025-02-23T00:00:08.499-0500] {logging_mixin.py:190} INFO - [2025-02-23T00:00:08.498-0500] {dag.py:3239} INFO - Sync 2 DAGs
[2025-02-23T00:00:08.519-0500] {logging_mixin.py:190} INFO - [2025-02-23T00:00:08.518-0500] {dag.py:4180} INFO - Setting next_dagrun for example_subdag_operator.section-1 to None, run_after=None
[2025-02-23T00:00:08.520-0500] {logging_mixin.py:190} INFO - [2025-02-23T00:00:08.519-0500] {dag.py:4180} INFO - Setting next_dagrun for example_subdag_operator.section-2 to None, run_after=None
[2025-02-23T00:00:08.600-0500] {processor.py:208} INFO - Processing /home/rafaelrb/anaconda3/lib/python3.9/site-packages/airflow/example_dags/example_subdag_operator.py took 0.305 seconds
[2025-02-23T00:01:22.799-0500] {processor.py:186} INFO - Started process (PID=31972) to work on /home/rafaelrb/anaconda3/lib/python3.9/site-packages/airflow/example_dags/example_subdag_operator.py
[2025-02-23T00:01:22.802-0500] {processor.py:914} INFO - Processing file /home/rafaelrb/anaconda3/lib/python3.9/site-packages/airflow/example_dags/example_subdag_operator.py for tasks to queue
[2025-02-23T00:01:22.808-0500] {logging_mixin.py:190} INFO - [2025-02-23T00:01:22.807-0500] {dagbag.py:588} INFO - Filling up the DagBag from /home/rafaelrb/anaconda3/lib/python3.9/site-packages/airflow/example_dags/example_subdag_operator.py
[2025-02-23T00:01:22.865-0500] {processor.py:925} INFO - DAG(s) 'example_subdag_operator.section-1', 'example_subdag_operator.section-2', 'example_subdag_operator' retrieved from /home/rafaelrb/anaconda3/lib/python3.9/site-packages/airflow/example_dags/example_subdag_operator.py
[2025-02-23T00:01:22.906-0500] {logging_mixin.py:190} INFO - [2025-02-23T00:01:22.906-0500] {dag.py:3239} INFO - Sync 3 DAGs
[2025-02-23T00:01:22.946-0500] {logging_mixin.py:190} INFO - [2025-02-23T00:01:22.945-0500] {dag.py:4180} INFO - Setting next_dagrun for example_subdag_operator to 2022-01-01 00:00:00+00:00, run_after=2022-01-01 00:00:00+00:00
[2025-02-23T00:01:22.952-0500] {logging_mixin.py:190} INFO - [2025-02-23T00:01:22.951-0500] {dag.py:4180} INFO - Setting next_dagrun for example_subdag_operator.section-1 to None, run_after=None
[2025-02-23T00:01:22.954-0500] {logging_mixin.py:190} INFO - [2025-02-23T00:01:22.953-0500] {dag.py:4180} INFO - Setting next_dagrun for example_subdag_operator.section-2 to None, run_after=None
[2025-02-23T00:01:22.966-0500] {logging_mixin.py:190} INFO - [2025-02-23T00:01:22.966-0500] {dag.py:3239} INFO - Sync 2 DAGs
[2025-02-23T00:01:22.974-0500] {logging_mixin.py:190} INFO - [2025-02-23T00:01:22.973-0500] {dag.py:4180} INFO - Setting next_dagrun for example_subdag_operator.section-1 to None, run_after=None
[2025-02-23T00:01:22.975-0500] {logging_mixin.py:190} INFO - [2025-02-23T00:01:22.974-0500] {dag.py:4180} INFO - Setting next_dagrun for example_subdag_operator.section-2 to None, run_after=None
[2025-02-23T00:01:23.008-0500] {processor.py:208} INFO - Processing /home/rafaelrb/anaconda3/lib/python3.9/site-packages/airflow/example_dags/example_subdag_operator.py took 0.223 seconds
[2025-02-23T00:11:46.608-0500] {processor.py:186} INFO - Started process (PID=34468) to work on /home/rafaelrb/anaconda3/lib/python3.9/site-packages/airflow/example_dags/example_subdag_operator.py
[2025-02-23T00:11:46.615-0500] {processor.py:914} INFO - Processing file /home/rafaelrb/anaconda3/lib/python3.9/site-packages/airflow/example_dags/example_subdag_operator.py for tasks to queue
[2025-02-23T00:11:46.618-0500] {logging_mixin.py:190} INFO - [2025-02-23T00:11:46.617-0500] {dagbag.py:588} INFO - Filling up the DagBag from /home/rafaelrb/anaconda3/lib/python3.9/site-packages/airflow/example_dags/example_subdag_operator.py
[2025-02-23T00:11:46.644-0500] {processor.py:925} INFO - DAG(s) 'example_subdag_operator.section-1', 'example_subdag_operator.section-2', 'example_subdag_operator' retrieved from /home/rafaelrb/anaconda3/lib/python3.9/site-packages/airflow/example_dags/example_subdag_operator.py
[2025-02-23T00:11:46.665-0500] {logging_mixin.py:190} INFO - [2025-02-23T00:11:46.665-0500] {dag.py:3239} INFO - Sync 3 DAGs
[2025-02-23T00:11:46.690-0500] {logging_mixin.py:190} INFO - [2025-02-23T00:11:46.689-0500] {dag.py:4180} INFO - Setting next_dagrun for example_subdag_operator to 2022-01-01 00:00:00+00:00, run_after=2022-01-01 00:00:00+00:00
[2025-02-23T00:11:46.694-0500] {logging_mixin.py:190} INFO - [2025-02-23T00:11:46.693-0500] {dag.py:4180} INFO - Setting next_dagrun for example_subdag_operator.section-1 to None, run_after=None
[2025-02-23T00:11:46.695-0500] {logging_mixin.py:190} INFO - [2025-02-23T00:11:46.695-0500] {dag.py:4180} INFO - Setting next_dagrun for example_subdag_operator.section-2 to None, run_after=None
[2025-02-23T00:11:46.702-0500] {logging_mixin.py:190} INFO - [2025-02-23T00:11:46.701-0500] {dag.py:3239} INFO - Sync 2 DAGs
[2025-02-23T00:11:46.707-0500] {logging_mixin.py:190} INFO - [2025-02-23T00:11:46.707-0500] {dag.py:4180} INFO - Setting next_dagrun for example_subdag_operator.section-1 to None, run_after=None
[2025-02-23T00:11:46.708-0500] {logging_mixin.py:190} INFO - [2025-02-23T00:11:46.707-0500] {dag.py:4180} INFO - Setting next_dagrun for example_subdag_operator.section-2 to None, run_after=None
[2025-02-23T00:11:46.732-0500] {processor.py:208} INFO - Processing /home/rafaelrb/anaconda3/lib/python3.9/site-packages/airflow/example_dags/example_subdag_operator.py took 0.132 seconds
[2025-02-23T00:13:01.490-0500] {processor.py:186} INFO - Started process (PID=34588) to work on /home/rafaelrb/anaconda3/lib/python3.9/site-packages/airflow/example_dags/example_subdag_operator.py
[2025-02-23T00:13:01.497-0500] {processor.py:914} INFO - Processing file /home/rafaelrb/anaconda3/lib/python3.9/site-packages/airflow/example_dags/example_subdag_operator.py for tasks to queue
[2025-02-23T00:13:01.499-0500] {logging_mixin.py:190} INFO - [2025-02-23T00:13:01.499-0500] {dagbag.py:588} INFO - Filling up the DagBag from /home/rafaelrb/anaconda3/lib/python3.9/site-packages/airflow/example_dags/example_subdag_operator.py
[2025-02-23T00:13:01.528-0500] {processor.py:925} INFO - DAG(s) 'example_subdag_operator.section-1', 'example_subdag_operator.section-2', 'example_subdag_operator' retrieved from /home/rafaelrb/anaconda3/lib/python3.9/site-packages/airflow/example_dags/example_subdag_operator.py
[2025-02-23T00:13:01.546-0500] {logging_mixin.py:190} INFO - [2025-02-23T00:13:01.546-0500] {dag.py:3239} INFO - Sync 3 DAGs
[2025-02-23T00:13:01.571-0500] {logging_mixin.py:190} INFO - [2025-02-23T00:13:01.571-0500] {dag.py:4180} INFO - Setting next_dagrun for example_subdag_operator to 2022-01-01 00:00:00+00:00, run_after=2022-01-01 00:00:00+00:00
[2025-02-23T00:13:01.576-0500] {logging_mixin.py:190} INFO - [2025-02-23T00:13:01.575-0500] {dag.py:4180} INFO - Setting next_dagrun for example_subdag_operator.section-1 to None, run_after=None
[2025-02-23T00:13:01.577-0500] {logging_mixin.py:190} INFO - [2025-02-23T00:13:01.577-0500] {dag.py:4180} INFO - Setting next_dagrun for example_subdag_operator.section-2 to None, run_after=None
[2025-02-23T00:13:01.584-0500] {logging_mixin.py:190} INFO - [2025-02-23T00:13:01.584-0500] {dag.py:3239} INFO - Sync 2 DAGs
[2025-02-23T00:13:01.589-0500] {logging_mixin.py:190} INFO - [2025-02-23T00:13:01.589-0500] {dag.py:4180} INFO - Setting next_dagrun for example_subdag_operator.section-1 to None, run_after=None
[2025-02-23T00:13:01.590-0500] {logging_mixin.py:190} INFO - [2025-02-23T00:13:01.589-0500] {dag.py:4180} INFO - Setting next_dagrun for example_subdag_operator.section-2 to None, run_after=None
[2025-02-23T00:13:01.618-0500] {processor.py:208} INFO - Processing /home/rafaelrb/anaconda3/lib/python3.9/site-packages/airflow/example_dags/example_subdag_operator.py took 0.137 seconds
[2025-02-23T00:13:59.089-0500] {processor.py:186} INFO - Started process (PID=34651) to work on /home/rafaelrb/anaconda3/lib/python3.9/site-packages/airflow/example_dags/example_subdag_operator.py
[2025-02-23T00:13:59.090-0500] {processor.py:914} INFO - Processing file /home/rafaelrb/anaconda3/lib/python3.9/site-packages/airflow/example_dags/example_subdag_operator.py for tasks to queue
[2025-02-23T00:13:59.093-0500] {logging_mixin.py:190} INFO - [2025-02-23T00:13:59.093-0500] {dagbag.py:588} INFO - Filling up the DagBag from /home/rafaelrb/anaconda3/lib/python3.9/site-packages/airflow/example_dags/example_subdag_operator.py
[2025-02-23T00:13:59.124-0500] {processor.py:925} INFO - DAG(s) 'example_subdag_operator.section-1', 'example_subdag_operator.section-2', 'example_subdag_operator' retrieved from /home/rafaelrb/anaconda3/lib/python3.9/site-packages/airflow/example_dags/example_subdag_operator.py
[2025-02-23T00:13:59.144-0500] {logging_mixin.py:190} INFO - [2025-02-23T00:13:59.144-0500] {dag.py:3239} INFO - Sync 3 DAGs
[2025-02-23T00:13:59.173-0500] {logging_mixin.py:190} INFO - [2025-02-23T00:13:59.173-0500] {dag.py:4180} INFO - Setting next_dagrun for example_subdag_operator to 2022-01-01 00:00:00+00:00, run_after=2022-01-01 00:00:00+00:00
[2025-02-23T00:13:59.178-0500] {logging_mixin.py:190} INFO - [2025-02-23T00:13:59.177-0500] {dag.py:4180} INFO - Setting next_dagrun for example_subdag_operator.section-1 to None, run_after=None
[2025-02-23T00:13:59.179-0500] {logging_mixin.py:190} INFO - [2025-02-23T00:13:59.179-0500] {dag.py:4180} INFO - Setting next_dagrun for example_subdag_operator.section-2 to None, run_after=None
[2025-02-23T00:13:59.187-0500] {logging_mixin.py:190} INFO - [2025-02-23T00:13:59.187-0500] {dag.py:3239} INFO - Sync 2 DAGs
[2025-02-23T00:13:59.193-0500] {logging_mixin.py:190} INFO - [2025-02-23T00:13:59.193-0500] {dag.py:4180} INFO - Setting next_dagrun for example_subdag_operator.section-1 to None, run_after=None
[2025-02-23T00:13:59.194-0500] {logging_mixin.py:190} INFO - [2025-02-23T00:13:59.194-0500] {dag.py:4180} INFO - Setting next_dagrun for example_subdag_operator.section-2 to None, run_after=None
[2025-02-23T00:13:59.223-0500] {processor.py:208} INFO - Processing /home/rafaelrb/anaconda3/lib/python3.9/site-packages/airflow/example_dags/example_subdag_operator.py took 0.144 seconds
[2025-02-23T00:14:57.227-0500] {processor.py:186} INFO - Started process (PID=34724) to work on /home/rafaelrb/anaconda3/lib/python3.9/site-packages/airflow/example_dags/example_subdag_operator.py
[2025-02-23T00:14:57.247-0500] {processor.py:914} INFO - Processing file /home/rafaelrb/anaconda3/lib/python3.9/site-packages/airflow/example_dags/example_subdag_operator.py for tasks to queue
[2025-02-23T00:14:57.253-0500] {logging_mixin.py:190} INFO - [2025-02-23T00:14:57.252-0500] {dagbag.py:588} INFO - Filling up the DagBag from /home/rafaelrb/anaconda3/lib/python3.9/site-packages/airflow/example_dags/example_subdag_operator.py
[2025-02-23T00:14:57.384-0500] {processor.py:925} INFO - DAG(s) 'example_subdag_operator.section-1', 'example_subdag_operator.section-2', 'example_subdag_operator' retrieved from /home/rafaelrb/anaconda3/lib/python3.9/site-packages/airflow/example_dags/example_subdag_operator.py
[2025-02-23T00:14:57.500-0500] {logging_mixin.py:190} INFO - [2025-02-23T00:14:57.489-0500] {dag.py:3239} INFO - Sync 3 DAGs
[2025-02-23T00:14:57.576-0500] {logging_mixin.py:190} INFO - [2025-02-23T00:14:57.576-0500] {dag.py:4180} INFO - Setting next_dagrun for example_subdag_operator to 2022-01-01 00:00:00+00:00, run_after=2022-01-01 00:00:00+00:00
[2025-02-23T00:14:57.587-0500] {logging_mixin.py:190} INFO - [2025-02-23T00:14:57.586-0500] {dag.py:4180} INFO - Setting next_dagrun for example_subdag_operator.section-1 to None, run_after=None
[2025-02-23T00:14:57.591-0500] {logging_mixin.py:190} INFO - [2025-02-23T00:14:57.590-0500] {dag.py:4180} INFO - Setting next_dagrun for example_subdag_operator.section-2 to None, run_after=None
[2025-02-23T00:14:57.611-0500] {logging_mixin.py:190} INFO - [2025-02-23T00:14:57.610-0500] {dag.py:3239} INFO - Sync 2 DAGs
[2025-02-23T00:14:57.626-0500] {logging_mixin.py:190} INFO - [2025-02-23T00:14:57.625-0500] {dag.py:4180} INFO - Setting next_dagrun for example_subdag_operator.section-1 to None, run_after=None
[2025-02-23T00:14:57.627-0500] {logging_mixin.py:190} INFO - [2025-02-23T00:14:57.626-0500] {dag.py:4180} INFO - Setting next_dagrun for example_subdag_operator.section-2 to None, run_after=None
[2025-02-23T00:14:57.716-0500] {processor.py:208} INFO - Processing /home/rafaelrb/anaconda3/lib/python3.9/site-packages/airflow/example_dags/example_subdag_operator.py took 0.549 seconds
[2025-02-23T00:16:07.996-0500] {processor.py:186} INFO - Started process (PID=34853) to work on /home/rafaelrb/anaconda3/lib/python3.9/site-packages/airflow/example_dags/example_subdag_operator.py
[2025-02-23T00:16:07.998-0500] {processor.py:914} INFO - Processing file /home/rafaelrb/anaconda3/lib/python3.9/site-packages/airflow/example_dags/example_subdag_operator.py for tasks to queue
[2025-02-23T00:16:08.000-0500] {logging_mixin.py:190} INFO - [2025-02-23T00:16:08.000-0500] {dagbag.py:588} INFO - Filling up the DagBag from /home/rafaelrb/anaconda3/lib/python3.9/site-packages/airflow/example_dags/example_subdag_operator.py
[2025-02-23T00:16:08.031-0500] {processor.py:925} INFO - DAG(s) 'example_subdag_operator.section-1', 'example_subdag_operator.section-2', 'example_subdag_operator' retrieved from /home/rafaelrb/anaconda3/lib/python3.9/site-packages/airflow/example_dags/example_subdag_operator.py
[2025-02-23T00:16:08.052-0500] {logging_mixin.py:190} INFO - [2025-02-23T00:16:08.052-0500] {dag.py:3239} INFO - Sync 3 DAGs
[2025-02-23T00:16:08.077-0500] {logging_mixin.py:190} INFO - [2025-02-23T00:16:08.077-0500] {dag.py:4180} INFO - Setting next_dagrun for example_subdag_operator to 2022-01-01 00:00:00+00:00, run_after=2022-01-01 00:00:00+00:00
[2025-02-23T00:16:08.081-0500] {logging_mixin.py:190} INFO - [2025-02-23T00:16:08.081-0500] {dag.py:4180} INFO - Setting next_dagrun for example_subdag_operator.section-1 to None, run_after=None
[2025-02-23T00:16:08.082-0500] {logging_mixin.py:190} INFO - [2025-02-23T00:16:08.082-0500] {dag.py:4180} INFO - Setting next_dagrun for example_subdag_operator.section-2 to None, run_after=None
[2025-02-23T00:16:08.089-0500] {logging_mixin.py:190} INFO - [2025-02-23T00:16:08.089-0500] {dag.py:3239} INFO - Sync 2 DAGs
[2025-02-23T00:16:08.095-0500] {logging_mixin.py:190} INFO - [2025-02-23T00:16:08.095-0500] {dag.py:4180} INFO - Setting next_dagrun for example_subdag_operator.section-1 to None, run_after=None
[2025-02-23T00:16:08.095-0500] {logging_mixin.py:190} INFO - [2025-02-23T00:16:08.095-0500] {dag.py:4180} INFO - Setting next_dagrun for example_subdag_operator.section-2 to None, run_after=None
[2025-02-23T00:16:08.118-0500] {processor.py:208} INFO - Processing /home/rafaelrb/anaconda3/lib/python3.9/site-packages/airflow/example_dags/example_subdag_operator.py took 0.130 seconds
[2025-02-23T00:17:13.441-0500] {processor.py:186} INFO - Started process (PID=34928) to work on /home/rafaelrb/anaconda3/lib/python3.9/site-packages/airflow/example_dags/example_subdag_operator.py
[2025-02-23T00:17:13.449-0500] {processor.py:914} INFO - Processing file /home/rafaelrb/anaconda3/lib/python3.9/site-packages/airflow/example_dags/example_subdag_operator.py for tasks to queue
[2025-02-23T00:17:13.452-0500] {logging_mixin.py:190} INFO - [2025-02-23T00:17:13.451-0500] {dagbag.py:588} INFO - Filling up the DagBag from /home/rafaelrb/anaconda3/lib/python3.9/site-packages/airflow/example_dags/example_subdag_operator.py
[2025-02-23T00:17:13.485-0500] {processor.py:925} INFO - DAG(s) 'example_subdag_operator.section-1', 'example_subdag_operator.section-2', 'example_subdag_operator' retrieved from /home/rafaelrb/anaconda3/lib/python3.9/site-packages/airflow/example_dags/example_subdag_operator.py
[2025-02-23T00:17:13.508-0500] {logging_mixin.py:190} INFO - [2025-02-23T00:17:13.508-0500] {dag.py:3239} INFO - Sync 3 DAGs
[2025-02-23T00:17:13.541-0500] {logging_mixin.py:190} INFO - [2025-02-23T00:17:13.541-0500] {dag.py:4180} INFO - Setting next_dagrun for example_subdag_operator to 2022-01-01 00:00:00+00:00, run_after=2022-01-01 00:00:00+00:00
[2025-02-23T00:17:13.549-0500] {logging_mixin.py:190} INFO - [2025-02-23T00:17:13.549-0500] {dag.py:4180} INFO - Setting next_dagrun for example_subdag_operator.section-1 to None, run_after=None
[2025-02-23T00:17:13.552-0500] {logging_mixin.py:190} INFO - [2025-02-23T00:17:13.552-0500] {dag.py:4180} INFO - Setting next_dagrun for example_subdag_operator.section-2 to None, run_after=None
[2025-02-23T00:17:13.561-0500] {logging_mixin.py:190} INFO - [2025-02-23T00:17:13.561-0500] {dag.py:3239} INFO - Sync 2 DAGs
[2025-02-23T00:17:13.570-0500] {logging_mixin.py:190} INFO - [2025-02-23T00:17:13.569-0500] {dag.py:4180} INFO - Setting next_dagrun for example_subdag_operator.section-1 to None, run_after=None
[2025-02-23T00:17:13.570-0500] {logging_mixin.py:190} INFO - [2025-02-23T00:17:13.570-0500] {dag.py:4180} INFO - Setting next_dagrun for example_subdag_operator.section-2 to None, run_after=None
[2025-02-23T00:17:13.606-0500] {processor.py:208} INFO - Processing /home/rafaelrb/anaconda3/lib/python3.9/site-packages/airflow/example_dags/example_subdag_operator.py took 0.174 seconds
[2025-02-23T00:18:12.533-0500] {processor.py:186} INFO - Started process (PID=35004) to work on /home/rafaelrb/anaconda3/lib/python3.9/site-packages/airflow/example_dags/example_subdag_operator.py
[2025-02-23T00:18:12.535-0500] {processor.py:914} INFO - Processing file /home/rafaelrb/anaconda3/lib/python3.9/site-packages/airflow/example_dags/example_subdag_operator.py for tasks to queue
[2025-02-23T00:18:12.538-0500] {logging_mixin.py:190} INFO - [2025-02-23T00:18:12.537-0500] {dagbag.py:588} INFO - Filling up the DagBag from /home/rafaelrb/anaconda3/lib/python3.9/site-packages/airflow/example_dags/example_subdag_operator.py
[2025-02-23T00:18:12.566-0500] {processor.py:925} INFO - DAG(s) 'example_subdag_operator.section-1', 'example_subdag_operator.section-2', 'example_subdag_operator' retrieved from /home/rafaelrb/anaconda3/lib/python3.9/site-packages/airflow/example_dags/example_subdag_operator.py
[2025-02-23T00:18:12.584-0500] {logging_mixin.py:190} INFO - [2025-02-23T00:18:12.583-0500] {dag.py:3239} INFO - Sync 3 DAGs
[2025-02-23T00:18:12.609-0500] {logging_mixin.py:190} INFO - [2025-02-23T00:18:12.609-0500] {dag.py:4180} INFO - Setting next_dagrun for example_subdag_operator to 2022-01-01 00:00:00+00:00, run_after=2022-01-01 00:00:00+00:00
[2025-02-23T00:18:12.613-0500] {logging_mixin.py:190} INFO - [2025-02-23T00:18:12.613-0500] {dag.py:4180} INFO - Setting next_dagrun for example_subdag_operator.section-1 to None, run_after=None
[2025-02-23T00:18:12.614-0500] {logging_mixin.py:190} INFO - [2025-02-23T00:18:12.614-0500] {dag.py:4180} INFO - Setting next_dagrun for example_subdag_operator.section-2 to None, run_after=None
[2025-02-23T00:18:12.622-0500] {logging_mixin.py:190} INFO - [2025-02-23T00:18:12.622-0500] {dag.py:3239} INFO - Sync 2 DAGs
[2025-02-23T00:18:12.627-0500] {logging_mixin.py:190} INFO - [2025-02-23T00:18:12.627-0500] {dag.py:4180} INFO - Setting next_dagrun for example_subdag_operator.section-1 to None, run_after=None
[2025-02-23T00:18:12.628-0500] {logging_mixin.py:190} INFO - [2025-02-23T00:18:12.628-0500] {dag.py:4180} INFO - Setting next_dagrun for example_subdag_operator.section-2 to None, run_after=None
[2025-02-23T00:18:12.650-0500] {processor.py:208} INFO - Processing /home/rafaelrb/anaconda3/lib/python3.9/site-packages/airflow/example_dags/example_subdag_operator.py took 0.125 seconds
[2025-02-23T00:22:28.475-0500] {processor.py:186} INFO - Started process (PID=35211) to work on /home/rafaelrb/anaconda3/lib/python3.9/site-packages/airflow/example_dags/example_subdag_operator.py
[2025-02-23T00:22:28.477-0500] {processor.py:914} INFO - Processing file /home/rafaelrb/anaconda3/lib/python3.9/site-packages/airflow/example_dags/example_subdag_operator.py for tasks to queue
[2025-02-23T00:22:28.481-0500] {logging_mixin.py:190} INFO - [2025-02-23T00:22:28.480-0500] {dagbag.py:588} INFO - Filling up the DagBag from /home/rafaelrb/anaconda3/lib/python3.9/site-packages/airflow/example_dags/example_subdag_operator.py
[2025-02-23T00:22:28.513-0500] {processor.py:925} INFO - DAG(s) 'example_subdag_operator.section-1', 'example_subdag_operator.section-2', 'example_subdag_operator' retrieved from /home/rafaelrb/anaconda3/lib/python3.9/site-packages/airflow/example_dags/example_subdag_operator.py
[2025-02-23T00:22:28.537-0500] {logging_mixin.py:190} INFO - [2025-02-23T00:22:28.536-0500] {dag.py:3239} INFO - Sync 3 DAGs
[2025-02-23T00:22:28.586-0500] {logging_mixin.py:190} INFO - [2025-02-23T00:22:28.585-0500] {dag.py:4180} INFO - Setting next_dagrun for example_subdag_operator to 2022-01-01 00:00:00+00:00, run_after=2022-01-01 00:00:00+00:00
[2025-02-23T00:22:28.600-0500] {logging_mixin.py:190} INFO - [2025-02-23T00:22:28.600-0500] {dag.py:4180} INFO - Setting next_dagrun for example_subdag_operator.section-1 to None, run_after=None
[2025-02-23T00:22:28.602-0500] {logging_mixin.py:190} INFO - [2025-02-23T00:22:28.602-0500] {dag.py:4180} INFO - Setting next_dagrun for example_subdag_operator.section-2 to None, run_after=None
[2025-02-23T00:22:28.613-0500] {logging_mixin.py:190} INFO - [2025-02-23T00:22:28.613-0500] {dag.py:3239} INFO - Sync 2 DAGs
[2025-02-23T00:22:28.631-0500] {logging_mixin.py:190} INFO - [2025-02-23T00:22:28.631-0500] {dag.py:4180} INFO - Setting next_dagrun for example_subdag_operator.section-1 to None, run_after=None
[2025-02-23T00:22:28.632-0500] {logging_mixin.py:190} INFO - [2025-02-23T00:22:28.632-0500] {dag.py:4180} INFO - Setting next_dagrun for example_subdag_operator.section-2 to None, run_after=None
[2025-02-23T00:22:28.665-0500] {processor.py:208} INFO - Processing /home/rafaelrb/anaconda3/lib/python3.9/site-packages/airflow/example_dags/example_subdag_operator.py took 0.201 seconds
[2025-02-23T00:23:31.899-0500] {processor.py:186} INFO - Started process (PID=35278) to work on /home/rafaelrb/anaconda3/lib/python3.9/site-packages/airflow/example_dags/example_subdag_operator.py
[2025-02-23T00:23:31.906-0500] {processor.py:914} INFO - Processing file /home/rafaelrb/anaconda3/lib/python3.9/site-packages/airflow/example_dags/example_subdag_operator.py for tasks to queue
[2025-02-23T00:23:31.909-0500] {logging_mixin.py:190} INFO - [2025-02-23T00:23:31.908-0500] {dagbag.py:588} INFO - Filling up the DagBag from /home/rafaelrb/anaconda3/lib/python3.9/site-packages/airflow/example_dags/example_subdag_operator.py
[2025-02-23T00:23:31.935-0500] {processor.py:925} INFO - DAG(s) 'example_subdag_operator.section-1', 'example_subdag_operator.section-2', 'example_subdag_operator' retrieved from /home/rafaelrb/anaconda3/lib/python3.9/site-packages/airflow/example_dags/example_subdag_operator.py
[2025-02-23T00:23:31.955-0500] {logging_mixin.py:190} INFO - [2025-02-23T00:23:31.955-0500] {dag.py:3239} INFO - Sync 3 DAGs
[2025-02-23T00:23:31.979-0500] {logging_mixin.py:190} INFO - [2025-02-23T00:23:31.979-0500] {dag.py:4180} INFO - Setting next_dagrun for example_subdag_operator to 2022-01-01 00:00:00+00:00, run_after=2022-01-01 00:00:00+00:00
[2025-02-23T00:23:31.983-0500] {logging_mixin.py:190} INFO - [2025-02-23T00:23:31.983-0500] {dag.py:4180} INFO - Setting next_dagrun for example_subdag_operator.section-1 to None, run_after=None
[2025-02-23T00:23:31.986-0500] {logging_mixin.py:190} INFO - [2025-02-23T00:23:31.985-0500] {dag.py:4180} INFO - Setting next_dagrun for example_subdag_operator.section-2 to None, run_after=None
[2025-02-23T00:23:31.994-0500] {logging_mixin.py:190} INFO - [2025-02-23T00:23:31.993-0500] {dag.py:3239} INFO - Sync 2 DAGs
[2025-02-23T00:23:31.999-0500] {logging_mixin.py:190} INFO - [2025-02-23T00:23:31.998-0500] {dag.py:4180} INFO - Setting next_dagrun for example_subdag_operator.section-1 to None, run_after=None
[2025-02-23T00:23:31.999-0500] {logging_mixin.py:190} INFO - [2025-02-23T00:23:31.999-0500] {dag.py:4180} INFO - Setting next_dagrun for example_subdag_operator.section-2 to None, run_after=None
[2025-02-23T00:23:32.025-0500] {processor.py:208} INFO - Processing /home/rafaelrb/anaconda3/lib/python3.9/site-packages/airflow/example_dags/example_subdag_operator.py took 0.134 seconds
[2025-02-23T00:24:35.496-0500] {processor.py:186} INFO - Started process (PID=35356) to work on /home/rafaelrb/anaconda3/lib/python3.9/site-packages/airflow/example_dags/example_subdag_operator.py
[2025-02-23T00:24:35.502-0500] {processor.py:914} INFO - Processing file /home/rafaelrb/anaconda3/lib/python3.9/site-packages/airflow/example_dags/example_subdag_operator.py for tasks to queue
[2025-02-23T00:24:35.506-0500] {logging_mixin.py:190} INFO - [2025-02-23T00:24:35.505-0500] {dagbag.py:588} INFO - Filling up the DagBag from /home/rafaelrb/anaconda3/lib/python3.9/site-packages/airflow/example_dags/example_subdag_operator.py
[2025-02-23T00:24:35.541-0500] {processor.py:925} INFO - DAG(s) 'example_subdag_operator.section-1', 'example_subdag_operator.section-2', 'example_subdag_operator' retrieved from /home/rafaelrb/anaconda3/lib/python3.9/site-packages/airflow/example_dags/example_subdag_operator.py
[2025-02-23T00:24:35.561-0500] {logging_mixin.py:190} INFO - [2025-02-23T00:24:35.561-0500] {dag.py:3239} INFO - Sync 3 DAGs
[2025-02-23T00:24:35.591-0500] {logging_mixin.py:190} INFO - [2025-02-23T00:24:35.590-0500] {dag.py:4180} INFO - Setting next_dagrun for example_subdag_operator to 2022-01-01 00:00:00+00:00, run_after=2022-01-01 00:00:00+00:00
[2025-02-23T00:24:35.595-0500] {logging_mixin.py:190} INFO - [2025-02-23T00:24:35.595-0500] {dag.py:4180} INFO - Setting next_dagrun for example_subdag_operator.section-1 to None, run_after=None
[2025-02-23T00:24:35.597-0500] {logging_mixin.py:190} INFO - [2025-02-23T00:24:35.596-0500] {dag.py:4180} INFO - Setting next_dagrun for example_subdag_operator.section-2 to None, run_after=None
[2025-02-23T00:24:35.605-0500] {logging_mixin.py:190} INFO - [2025-02-23T00:24:35.605-0500] {dag.py:3239} INFO - Sync 2 DAGs
[2025-02-23T00:24:35.611-0500] {logging_mixin.py:190} INFO - [2025-02-23T00:24:35.610-0500] {dag.py:4180} INFO - Setting next_dagrun for example_subdag_operator.section-1 to None, run_after=None
[2025-02-23T00:24:35.611-0500] {logging_mixin.py:190} INFO - [2025-02-23T00:24:35.611-0500] {dag.py:4180} INFO - Setting next_dagrun for example_subdag_operator.section-2 to None, run_after=None
[2025-02-23T00:24:35.635-0500] {processor.py:208} INFO - Processing /home/rafaelrb/anaconda3/lib/python3.9/site-packages/airflow/example_dags/example_subdag_operator.py took 0.148 seconds
[2025-02-23T00:25:33.750-0500] {processor.py:186} INFO - Started process (PID=35423) to work on /home/rafaelrb/anaconda3/lib/python3.9/site-packages/airflow/example_dags/example_subdag_operator.py
[2025-02-23T00:25:33.757-0500] {processor.py:914} INFO - Processing file /home/rafaelrb/anaconda3/lib/python3.9/site-packages/airflow/example_dags/example_subdag_operator.py for tasks to queue
[2025-02-23T00:25:33.760-0500] {logging_mixin.py:190} INFO - [2025-02-23T00:25:33.759-0500] {dagbag.py:588} INFO - Filling up the DagBag from /home/rafaelrb/anaconda3/lib/python3.9/site-packages/airflow/example_dags/example_subdag_operator.py
[2025-02-23T00:25:33.788-0500] {processor.py:925} INFO - DAG(s) 'example_subdag_operator.section-1', 'example_subdag_operator.section-2', 'example_subdag_operator' retrieved from /home/rafaelrb/anaconda3/lib/python3.9/site-packages/airflow/example_dags/example_subdag_operator.py
[2025-02-23T00:25:33.806-0500] {logging_mixin.py:190} INFO - [2025-02-23T00:25:33.805-0500] {dag.py:3239} INFO - Sync 3 DAGs
[2025-02-23T00:25:33.831-0500] {logging_mixin.py:190} INFO - [2025-02-23T00:25:33.831-0500] {dag.py:4180} INFO - Setting next_dagrun for example_subdag_operator to 2022-01-01 00:00:00+00:00, run_after=2022-01-01 00:00:00+00:00
[2025-02-23T00:25:33.835-0500] {logging_mixin.py:190} INFO - [2025-02-23T00:25:33.835-0500] {dag.py:4180} INFO - Setting next_dagrun for example_subdag_operator.section-1 to None, run_after=None
[2025-02-23T00:25:33.836-0500] {logging_mixin.py:190} INFO - [2025-02-23T00:25:33.836-0500] {dag.py:4180} INFO - Setting next_dagrun for example_subdag_operator.section-2 to None, run_after=None
[2025-02-23T00:25:33.843-0500] {logging_mixin.py:190} INFO - [2025-02-23T00:25:33.843-0500] {dag.py:3239} INFO - Sync 2 DAGs
[2025-02-23T00:25:33.848-0500] {logging_mixin.py:190} INFO - [2025-02-23T00:25:33.848-0500] {dag.py:4180} INFO - Setting next_dagrun for example_subdag_operator.section-1 to None, run_after=None
[2025-02-23T00:25:33.849-0500] {logging_mixin.py:190} INFO - [2025-02-23T00:25:33.849-0500] {dag.py:4180} INFO - Setting next_dagrun for example_subdag_operator.section-2 to None, run_after=None
[2025-02-23T00:25:33.872-0500] {processor.py:208} INFO - Processing /home/rafaelrb/anaconda3/lib/python3.9/site-packages/airflow/example_dags/example_subdag_operator.py took 0.130 seconds
[2025-02-23T02:32:00.345-0500] {processor.py:186} INFO - Started process (PID=76155) to work on /home/rafaelrb/anaconda3/lib/python3.9/site-packages/airflow/example_dags/example_subdag_operator.py
[2025-02-23T02:32:00.347-0500] {processor.py:914} INFO - Processing file /home/rafaelrb/anaconda3/lib/python3.9/site-packages/airflow/example_dags/example_subdag_operator.py for tasks to queue
[2025-02-23T02:32:00.350-0500] {logging_mixin.py:190} INFO - [2025-02-23T02:32:00.350-0500] {dagbag.py:588} INFO - Filling up the DagBag from /home/rafaelrb/anaconda3/lib/python3.9/site-packages/airflow/example_dags/example_subdag_operator.py
[2025-02-23T02:32:00.379-0500] {processor.py:925} INFO - DAG(s) 'example_subdag_operator.section-1', 'example_subdag_operator.section-2', 'example_subdag_operator' retrieved from /home/rafaelrb/anaconda3/lib/python3.9/site-packages/airflow/example_dags/example_subdag_operator.py
[2025-02-23T02:32:00.400-0500] {logging_mixin.py:190} INFO - [2025-02-23T02:32:00.400-0500] {dag.py:3239} INFO - Sync 3 DAGs
[2025-02-23T02:32:00.427-0500] {logging_mixin.py:190} INFO - [2025-02-23T02:32:00.426-0500] {dag.py:4180} INFO - Setting next_dagrun for example_subdag_operator to 2022-01-01 00:00:00+00:00, run_after=2022-01-01 00:00:00+00:00
[2025-02-23T02:32:00.431-0500] {logging_mixin.py:190} INFO - [2025-02-23T02:32:00.430-0500] {dag.py:4180} INFO - Setting next_dagrun for example_subdag_operator.section-1 to None, run_after=None
[2025-02-23T02:32:00.432-0500] {logging_mixin.py:190} INFO - [2025-02-23T02:32:00.432-0500] {dag.py:4180} INFO - Setting next_dagrun for example_subdag_operator.section-2 to None, run_after=None
[2025-02-23T02:32:00.442-0500] {logging_mixin.py:190} INFO - [2025-02-23T02:32:00.441-0500] {dag.py:3239} INFO - Sync 2 DAGs
[2025-02-23T02:32:00.447-0500] {logging_mixin.py:190} INFO - [2025-02-23T02:32:00.447-0500] {dag.py:4180} INFO - Setting next_dagrun for example_subdag_operator.section-1 to None, run_after=None
[2025-02-23T02:32:00.448-0500] {logging_mixin.py:190} INFO - [2025-02-23T02:32:00.448-0500] {dag.py:4180} INFO - Setting next_dagrun for example_subdag_operator.section-2 to None, run_after=None
[2025-02-23T02:32:00.473-0500] {processor.py:208} INFO - Processing /home/rafaelrb/anaconda3/lib/python3.9/site-packages/airflow/example_dags/example_subdag_operator.py took 0.136 seconds
[2025-02-23T02:33:09.308-0500] {processor.py:186} INFO - Started process (PID=76569) to work on /home/rafaelrb/anaconda3/lib/python3.9/site-packages/airflow/example_dags/example_subdag_operator.py
[2025-02-23T02:33:09.310-0500] {processor.py:914} INFO - Processing file /home/rafaelrb/anaconda3/lib/python3.9/site-packages/airflow/example_dags/example_subdag_operator.py for tasks to queue
[2025-02-23T02:33:09.318-0500] {logging_mixin.py:190} INFO - [2025-02-23T02:33:09.315-0500] {dagbag.py:588} INFO - Filling up the DagBag from /home/rafaelrb/anaconda3/lib/python3.9/site-packages/airflow/example_dags/example_subdag_operator.py
[2025-02-23T02:33:09.360-0500] {processor.py:925} INFO - DAG(s) 'example_subdag_operator.section-1', 'example_subdag_operator.section-2', 'example_subdag_operator' retrieved from /home/rafaelrb/anaconda3/lib/python3.9/site-packages/airflow/example_dags/example_subdag_operator.py
[2025-02-23T02:33:09.391-0500] {logging_mixin.py:190} INFO - [2025-02-23T02:33:09.391-0500] {dag.py:3239} INFO - Sync 3 DAGs
[2025-02-23T02:33:09.438-0500] {logging_mixin.py:190} INFO - [2025-02-23T02:33:09.438-0500] {dag.py:4180} INFO - Setting next_dagrun for example_subdag_operator to 2022-01-01 00:00:00+00:00, run_after=2022-01-01 00:00:00+00:00
[2025-02-23T02:33:09.442-0500] {logging_mixin.py:190} INFO - [2025-02-23T02:33:09.442-0500] {dag.py:4180} INFO - Setting next_dagrun for example_subdag_operator.section-1 to None, run_after=None
[2025-02-23T02:33:09.444-0500] {logging_mixin.py:190} INFO - [2025-02-23T02:33:09.444-0500] {dag.py:4180} INFO - Setting next_dagrun for example_subdag_operator.section-2 to None, run_after=None
[2025-02-23T02:33:09.458-0500] {logging_mixin.py:190} INFO - [2025-02-23T02:33:09.457-0500] {dag.py:3239} INFO - Sync 2 DAGs
[2025-02-23T02:33:09.470-0500] {logging_mixin.py:190} INFO - [2025-02-23T02:33:09.469-0500] {dag.py:4180} INFO - Setting next_dagrun for example_subdag_operator.section-1 to None, run_after=None
[2025-02-23T02:33:09.470-0500] {logging_mixin.py:190} INFO - [2025-02-23T02:33:09.470-0500] {dag.py:4180} INFO - Setting next_dagrun for example_subdag_operator.section-2 to None, run_after=None
[2025-02-23T02:33:09.522-0500] {processor.py:208} INFO - Processing /home/rafaelrb/anaconda3/lib/python3.9/site-packages/airflow/example_dags/example_subdag_operator.py took 0.230 seconds
[2025-02-23T02:34:32.197-0500] {processor.py:186} INFO - Started process (PID=76990) to work on /home/rafaelrb/anaconda3/lib/python3.9/site-packages/airflow/example_dags/example_subdag_operator.py
[2025-02-23T02:34:32.202-0500] {processor.py:914} INFO - Processing file /home/rafaelrb/anaconda3/lib/python3.9/site-packages/airflow/example_dags/example_subdag_operator.py for tasks to queue
[2025-02-23T02:34:32.256-0500] {logging_mixin.py:190} INFO - [2025-02-23T02:34:32.241-0500] {dagbag.py:588} INFO - Filling up the DagBag from /home/rafaelrb/anaconda3/lib/python3.9/site-packages/airflow/example_dags/example_subdag_operator.py
[2025-02-23T02:34:32.904-0500] {processor.py:925} INFO - DAG(s) 'example_subdag_operator.section-1', 'example_subdag_operator.section-2', 'example_subdag_operator' retrieved from /home/rafaelrb/anaconda3/lib/python3.9/site-packages/airflow/example_dags/example_subdag_operator.py
[2025-02-23T02:34:33.058-0500] {logging_mixin.py:190} INFO - [2025-02-23T02:34:33.057-0500] {dag.py:3239} INFO - Sync 3 DAGs
[2025-02-23T02:34:33.124-0500] {logging_mixin.py:190} INFO - [2025-02-23T02:34:33.124-0500] {dag.py:4180} INFO - Setting next_dagrun for example_subdag_operator to 2022-01-01 00:00:00+00:00, run_after=2022-01-01 00:00:00+00:00
[2025-02-23T02:34:33.130-0500] {logging_mixin.py:190} INFO - [2025-02-23T02:34:33.129-0500] {dag.py:4180} INFO - Setting next_dagrun for example_subdag_operator.section-1 to None, run_after=None
[2025-02-23T02:34:33.132-0500] {logging_mixin.py:190} INFO - [2025-02-23T02:34:33.131-0500] {dag.py:4180} INFO - Setting next_dagrun for example_subdag_operator.section-2 to None, run_after=None
[2025-02-23T02:34:33.143-0500] {logging_mixin.py:190} INFO - [2025-02-23T02:34:33.142-0500] {dag.py:3239} INFO - Sync 2 DAGs
[2025-02-23T02:34:33.155-0500] {logging_mixin.py:190} INFO - [2025-02-23T02:34:33.155-0500] {dag.py:4180} INFO - Setting next_dagrun for example_subdag_operator.section-1 to None, run_after=None
[2025-02-23T02:34:33.156-0500] {logging_mixin.py:190} INFO - [2025-02-23T02:34:33.155-0500] {dag.py:4180} INFO - Setting next_dagrun for example_subdag_operator.section-2 to None, run_after=None
[2025-02-23T02:34:33.230-0500] {processor.py:208} INFO - Processing /home/rafaelrb/anaconda3/lib/python3.9/site-packages/airflow/example_dags/example_subdag_operator.py took 1.043 seconds
[2025-02-23T02:43:40.893-0500] {processor.py:186} INFO - Started process (PID=79137) to work on /home/rafaelrb/anaconda3/lib/python3.9/site-packages/airflow/example_dags/example_subdag_operator.py
[2025-02-23T02:43:40.896-0500] {processor.py:914} INFO - Processing file /home/rafaelrb/anaconda3/lib/python3.9/site-packages/airflow/example_dags/example_subdag_operator.py for tasks to queue
[2025-02-23T02:43:40.898-0500] {logging_mixin.py:190} INFO - [2025-02-23T02:43:40.898-0500] {dagbag.py:588} INFO - Filling up the DagBag from /home/rafaelrb/anaconda3/lib/python3.9/site-packages/airflow/example_dags/example_subdag_operator.py
[2025-02-23T02:43:40.925-0500] {processor.py:925} INFO - DAG(s) 'example_subdag_operator.section-1', 'example_subdag_operator.section-2', 'example_subdag_operator' retrieved from /home/rafaelrb/anaconda3/lib/python3.9/site-packages/airflow/example_dags/example_subdag_operator.py
[2025-02-23T02:43:40.945-0500] {logging_mixin.py:190} INFO - [2025-02-23T02:43:40.945-0500] {dag.py:3239} INFO - Sync 3 DAGs
[2025-02-23T02:43:40.979-0500] {logging_mixin.py:190} INFO - [2025-02-23T02:43:40.979-0500] {dag.py:4180} INFO - Setting next_dagrun for example_subdag_operator to 2022-01-01 00:00:00+00:00, run_after=2022-01-01 00:00:00+00:00
[2025-02-23T02:43:40.984-0500] {logging_mixin.py:190} INFO - [2025-02-23T02:43:40.984-0500] {dag.py:4180} INFO - Setting next_dagrun for example_subdag_operator.section-1 to None, run_after=None
[2025-02-23T02:43:40.986-0500] {logging_mixin.py:190} INFO - [2025-02-23T02:43:40.985-0500] {dag.py:4180} INFO - Setting next_dagrun for example_subdag_operator.section-2 to None, run_after=None
[2025-02-23T02:43:40.995-0500] {logging_mixin.py:190} INFO - [2025-02-23T02:43:40.995-0500] {dag.py:3239} INFO - Sync 2 DAGs
[2025-02-23T02:43:41.000-0500] {logging_mixin.py:190} INFO - [2025-02-23T02:43:41.000-0500] {dag.py:4180} INFO - Setting next_dagrun for example_subdag_operator.section-1 to None, run_after=None
[2025-02-23T02:43:41.001-0500] {logging_mixin.py:190} INFO - [2025-02-23T02:43:41.000-0500] {dag.py:4180} INFO - Setting next_dagrun for example_subdag_operator.section-2 to None, run_after=None
[2025-02-23T02:43:41.028-0500] {processor.py:208} INFO - Processing /home/rafaelrb/anaconda3/lib/python3.9/site-packages/airflow/example_dags/example_subdag_operator.py took 0.142 seconds
[2025-02-23T02:44:42.919-0500] {processor.py:186} INFO - Started process (PID=79340) to work on /home/rafaelrb/anaconda3/lib/python3.9/site-packages/airflow/example_dags/example_subdag_operator.py
[2025-02-23T02:44:42.925-0500] {processor.py:914} INFO - Processing file /home/rafaelrb/anaconda3/lib/python3.9/site-packages/airflow/example_dags/example_subdag_operator.py for tasks to queue
[2025-02-23T02:44:42.929-0500] {logging_mixin.py:190} INFO - [2025-02-23T02:44:42.928-0500] {dagbag.py:588} INFO - Filling up the DagBag from /home/rafaelrb/anaconda3/lib/python3.9/site-packages/airflow/example_dags/example_subdag_operator.py
[2025-02-23T02:44:42.967-0500] {processor.py:925} INFO - DAG(s) 'example_subdag_operator.section-1', 'example_subdag_operator.section-2', 'example_subdag_operator' retrieved from /home/rafaelrb/anaconda3/lib/python3.9/site-packages/airflow/example_dags/example_subdag_operator.py
[2025-02-23T02:44:42.993-0500] {logging_mixin.py:190} INFO - [2025-02-23T02:44:42.993-0500] {dag.py:3239} INFO - Sync 3 DAGs
[2025-02-23T02:44:43.025-0500] {logging_mixin.py:190} INFO - [2025-02-23T02:44:43.024-0500] {dag.py:4180} INFO - Setting next_dagrun for example_subdag_operator to 2022-01-01 00:00:00+00:00, run_after=2022-01-01 00:00:00+00:00
[2025-02-23T02:44:43.031-0500] {logging_mixin.py:190} INFO - [2025-02-23T02:44:43.030-0500] {dag.py:4180} INFO - Setting next_dagrun for example_subdag_operator.section-1 to None, run_after=None
[2025-02-23T02:44:43.034-0500] {logging_mixin.py:190} INFO - [2025-02-23T02:44:43.034-0500] {dag.py:4180} INFO - Setting next_dagrun for example_subdag_operator.section-2 to None, run_after=None
[2025-02-23T02:44:43.054-0500] {logging_mixin.py:190} INFO - [2025-02-23T02:44:43.053-0500] {dag.py:3239} INFO - Sync 2 DAGs
[2025-02-23T02:44:43.063-0500] {logging_mixin.py:190} INFO - [2025-02-23T02:44:43.063-0500] {dag.py:4180} INFO - Setting next_dagrun for example_subdag_operator.section-1 to None, run_after=None
[2025-02-23T02:44:43.063-0500] {logging_mixin.py:190} INFO - [2025-02-23T02:44:43.063-0500] {dag.py:4180} INFO - Setting next_dagrun for example_subdag_operator.section-2 to None, run_after=None
[2025-02-23T02:44:43.092-0500] {processor.py:208} INFO - Processing /home/rafaelrb/anaconda3/lib/python3.9/site-packages/airflow/example_dags/example_subdag_operator.py took 0.184 seconds
