[2025-02-22T23:43:50.184-0500] {processor.py:186} INFO - Started process (PID=26756) to work on /home/rafaelrb/anaconda3/lib/python3.9/site-packages/airflow/example_dags/example_short_circuit_decorator.py
[2025-02-22T23:43:50.185-0500] {processor.py:914} INFO - Processing file /home/rafaelrb/anaconda3/lib/python3.9/site-packages/airflow/example_dags/example_short_circuit_decorator.py for tasks to queue
[2025-02-22T23:43:50.189-0500] {logging_mixin.py:190} INFO - [2025-02-22T23:43:50.188-0500] {dagbag.py:588} INFO - Filling up the DagBag from /home/rafaelrb/anaconda3/lib/python3.9/site-packages/airflow/example_dags/example_short_circuit_decorator.py
[2025-02-22T23:43:50.199-0500] {logging_mixin.py:190} INFO - [2025-02-22T23:43:50.198-0500] {dagbag.py:387} ERROR - Failed to import: /home/rafaelrb/anaconda3/lib/python3.9/site-packages/airflow/example_dags/example_short_circuit_decorator.py
Traceback (most recent call last):
  File "/home/rafaelrb/anaconda3/lib/python3.9/site-packages/airflow/models/dagbag.py", line 383, in parse
    loader.exec_module(new_module)
  File "<frozen importlib._bootstrap_external>", line 850, in exec_module
  File "<frozen importlib._bootstrap>", line 228, in _call_with_frames_removed
  File "/home/rafaelrb/anaconda3/lib/python3.9/site-packages/airflow/example_dags/example_short_circuit_decorator.py", line 61, in <module>
    example_dag = example_short_circuit_decorator()
  File "/home/rafaelrb/anaconda3/lib/python3.9/site-packages/airflow/models/dag.py", line 4307, in factory
    f(**f_kwargs)
  File "/home/rafaelrb/anaconda3/lib/python3.9/site-packages/airflow/example_dags/example_short_circuit_decorator.py", line 33, in example_short_circuit_decorator
    def check_condition(condition):
  File "/home/rafaelrb/anaconda3/lib/python3.9/site-packages/airflow/decorators/base.py", line 691, in decorator_factory
    return _TaskDecorator(
TypeError: _TaskDecorator() takes no arguments
[2025-02-22T23:43:50.200-0500] {processor.py:927} WARNING - No viable dags retrieved from /home/rafaelrb/anaconda3/lib/python3.9/site-packages/airflow/example_dags/example_short_circuit_decorator.py
[2025-02-22T23:43:50.248-0500] {processor.py:208} INFO - Processing /home/rafaelrb/anaconda3/lib/python3.9/site-packages/airflow/example_dags/example_short_circuit_decorator.py took 0.079 seconds
[2025-02-22T23:48:26.845-0500] {processor.py:186} INFO - Started process (PID=27415) to work on /home/rafaelrb/anaconda3/lib/python3.9/site-packages/airflow/example_dags/example_short_circuit_decorator.py
[2025-02-22T23:48:26.931-0500] {processor.py:914} INFO - Processing file /home/rafaelrb/anaconda3/lib/python3.9/site-packages/airflow/example_dags/example_short_circuit_decorator.py for tasks to queue
[2025-02-22T23:48:27.030-0500] {logging_mixin.py:190} INFO - [2025-02-22T23:48:26.993-0500] {dagbag.py:588} INFO - Filling up the DagBag from /home/rafaelrb/anaconda3/lib/python3.9/site-packages/airflow/example_dags/example_short_circuit_decorator.py
[2025-02-22T23:48:27.511-0500] {logging_mixin.py:190} INFO - [2025-02-22T23:48:27.190-0500] {dagbag.py:387} ERROR - Failed to import: /home/rafaelrb/anaconda3/lib/python3.9/site-packages/airflow/example_dags/example_short_circuit_decorator.py
Traceback (most recent call last):
  File "/home/rafaelrb/anaconda3/lib/python3.9/site-packages/airflow/models/dagbag.py", line 383, in parse
    loader.exec_module(new_module)
  File "<frozen importlib._bootstrap_external>", line 850, in exec_module
  File "<frozen importlib._bootstrap>", line 228, in _call_with_frames_removed
  File "/home/rafaelrb/anaconda3/lib/python3.9/site-packages/airflow/example_dags/example_short_circuit_decorator.py", line 61, in <module>
    example_dag = example_short_circuit_decorator()
  File "/home/rafaelrb/anaconda3/lib/python3.9/site-packages/airflow/models/dag.py", line 4307, in factory
    f(**f_kwargs)
  File "/home/rafaelrb/anaconda3/lib/python3.9/site-packages/airflow/example_dags/example_short_circuit_decorator.py", line 33, in example_short_circuit_decorator
    def check_condition(condition):
  File "/home/rafaelrb/anaconda3/lib/python3.9/site-packages/airflow/decorators/base.py", line 691, in decorator_factory
    return _TaskDecorator(
TypeError: _TaskDecorator() takes no arguments
[2025-02-22T23:48:27.650-0500] {processor.py:927} WARNING - No viable dags retrieved from /home/rafaelrb/anaconda3/lib/python3.9/site-packages/airflow/example_dags/example_short_circuit_decorator.py
[2025-02-22T23:48:28.038-0500] {processor.py:208} INFO - Processing /home/rafaelrb/anaconda3/lib/python3.9/site-packages/airflow/example_dags/example_short_circuit_decorator.py took 1.340 seconds
[2025-02-22T23:49:37.154-0500] {processor.py:186} INFO - Started process (PID=27916) to work on /home/rafaelrb/anaconda3/lib/python3.9/site-packages/airflow/example_dags/example_short_circuit_decorator.py
[2025-02-22T23:49:37.155-0500] {processor.py:914} INFO - Processing file /home/rafaelrb/anaconda3/lib/python3.9/site-packages/airflow/example_dags/example_short_circuit_decorator.py for tasks to queue
[2025-02-22T23:49:37.158-0500] {logging_mixin.py:190} INFO - [2025-02-22T23:49:37.158-0500] {dagbag.py:588} INFO - Filling up the DagBag from /home/rafaelrb/anaconda3/lib/python3.9/site-packages/airflow/example_dags/example_short_circuit_decorator.py
[2025-02-22T23:49:37.168-0500] {logging_mixin.py:190} INFO - [2025-02-22T23:49:37.164-0500] {dagbag.py:387} ERROR - Failed to import: /home/rafaelrb/anaconda3/lib/python3.9/site-packages/airflow/example_dags/example_short_circuit_decorator.py
Traceback (most recent call last):
  File "/home/rafaelrb/anaconda3/lib/python3.9/site-packages/airflow/models/dagbag.py", line 383, in parse
    loader.exec_module(new_module)
  File "<frozen importlib._bootstrap_external>", line 850, in exec_module
  File "<frozen importlib._bootstrap>", line 228, in _call_with_frames_removed
  File "/home/rafaelrb/anaconda3/lib/python3.9/site-packages/airflow/example_dags/example_short_circuit_decorator.py", line 61, in <module>
    example_dag = example_short_circuit_decorator()
  File "/home/rafaelrb/anaconda3/lib/python3.9/site-packages/airflow/models/dag.py", line 4307, in factory
    f(**f_kwargs)
  File "/home/rafaelrb/anaconda3/lib/python3.9/site-packages/airflow/example_dags/example_short_circuit_decorator.py", line 33, in example_short_circuit_decorator
    def check_condition(condition):
  File "/home/rafaelrb/anaconda3/lib/python3.9/site-packages/airflow/decorators/base.py", line 691, in decorator_factory
    return _TaskDecorator(
TypeError: _TaskDecorator() takes no arguments
[2025-02-22T23:49:37.168-0500] {processor.py:927} WARNING - No viable dags retrieved from /home/rafaelrb/anaconda3/lib/python3.9/site-packages/airflow/example_dags/example_short_circuit_decorator.py
[2025-02-22T23:49:37.199-0500] {processor.py:208} INFO - Processing /home/rafaelrb/anaconda3/lib/python3.9/site-packages/airflow/example_dags/example_short_circuit_decorator.py took 0.054 seconds
[2025-02-22T23:50:35.159-0500] {processor.py:186} INFO - Started process (PID=28301) to work on /home/rafaelrb/anaconda3/lib/python3.9/site-packages/airflow/example_dags/example_short_circuit_decorator.py
[2025-02-22T23:50:35.162-0500] {processor.py:914} INFO - Processing file /home/rafaelrb/anaconda3/lib/python3.9/site-packages/airflow/example_dags/example_short_circuit_decorator.py for tasks to queue
[2025-02-22T23:50:35.165-0500] {logging_mixin.py:190} INFO - [2025-02-22T23:50:35.165-0500] {dagbag.py:588} INFO - Filling up the DagBag from /home/rafaelrb/anaconda3/lib/python3.9/site-packages/airflow/example_dags/example_short_circuit_decorator.py
[2025-02-22T23:50:35.181-0500] {logging_mixin.py:190} INFO - [2025-02-22T23:50:35.173-0500] {dagbag.py:387} ERROR - Failed to import: /home/rafaelrb/anaconda3/lib/python3.9/site-packages/airflow/example_dags/example_short_circuit_decorator.py
Traceback (most recent call last):
  File "/home/rafaelrb/anaconda3/lib/python3.9/site-packages/airflow/models/dagbag.py", line 383, in parse
    loader.exec_module(new_module)
  File "<frozen importlib._bootstrap_external>", line 850, in exec_module
  File "<frozen importlib._bootstrap>", line 228, in _call_with_frames_removed
  File "/home/rafaelrb/anaconda3/lib/python3.9/site-packages/airflow/example_dags/example_short_circuit_decorator.py", line 61, in <module>
    example_dag = example_short_circuit_decorator()
  File "/home/rafaelrb/anaconda3/lib/python3.9/site-packages/airflow/models/dag.py", line 4307, in factory
    f(**f_kwargs)
  File "/home/rafaelrb/anaconda3/lib/python3.9/site-packages/airflow/example_dags/example_short_circuit_decorator.py", line 33, in example_short_circuit_decorator
    def check_condition(condition):
  File "/home/rafaelrb/anaconda3/lib/python3.9/site-packages/airflow/decorators/base.py", line 691, in decorator_factory
    return _TaskDecorator(
TypeError: _TaskDecorator() takes no arguments
[2025-02-22T23:50:35.182-0500] {processor.py:927} WARNING - No viable dags retrieved from /home/rafaelrb/anaconda3/lib/python3.9/site-packages/airflow/example_dags/example_short_circuit_decorator.py
[2025-02-22T23:50:35.218-0500] {processor.py:208} INFO - Processing /home/rafaelrb/anaconda3/lib/python3.9/site-packages/airflow/example_dags/example_short_circuit_decorator.py took 0.068 seconds
[2025-02-22T23:51:32.983-0500] {processor.py:186} INFO - Started process (PID=28712) to work on /home/rafaelrb/anaconda3/lib/python3.9/site-packages/airflow/example_dags/example_short_circuit_decorator.py
[2025-02-22T23:51:32.985-0500] {processor.py:914} INFO - Processing file /home/rafaelrb/anaconda3/lib/python3.9/site-packages/airflow/example_dags/example_short_circuit_decorator.py for tasks to queue
[2025-02-22T23:51:32.988-0500] {logging_mixin.py:190} INFO - [2025-02-22T23:51:32.987-0500] {dagbag.py:588} INFO - Filling up the DagBag from /home/rafaelrb/anaconda3/lib/python3.9/site-packages/airflow/example_dags/example_short_circuit_decorator.py
[2025-02-22T23:51:32.995-0500] {logging_mixin.py:190} INFO - [2025-02-22T23:51:32.993-0500] {dagbag.py:387} ERROR - Failed to import: /home/rafaelrb/anaconda3/lib/python3.9/site-packages/airflow/example_dags/example_short_circuit_decorator.py
Traceback (most recent call last):
  File "/home/rafaelrb/anaconda3/lib/python3.9/site-packages/airflow/models/dagbag.py", line 383, in parse
    loader.exec_module(new_module)
  File "<frozen importlib._bootstrap_external>", line 850, in exec_module
  File "<frozen importlib._bootstrap>", line 228, in _call_with_frames_removed
  File "/home/rafaelrb/anaconda3/lib/python3.9/site-packages/airflow/example_dags/example_short_circuit_decorator.py", line 61, in <module>
    example_dag = example_short_circuit_decorator()
  File "/home/rafaelrb/anaconda3/lib/python3.9/site-packages/airflow/models/dag.py", line 4307, in factory
    f(**f_kwargs)
  File "/home/rafaelrb/anaconda3/lib/python3.9/site-packages/airflow/example_dags/example_short_circuit_decorator.py", line 33, in example_short_circuit_decorator
    def check_condition(condition):
  File "/home/rafaelrb/anaconda3/lib/python3.9/site-packages/airflow/decorators/base.py", line 691, in decorator_factory
    return _TaskDecorator(
TypeError: _TaskDecorator() takes no arguments
[2025-02-22T23:51:32.995-0500] {processor.py:927} WARNING - No viable dags retrieved from /home/rafaelrb/anaconda3/lib/python3.9/site-packages/airflow/example_dags/example_short_circuit_decorator.py
[2025-02-22T23:51:33.025-0500] {processor.py:208} INFO - Processing /home/rafaelrb/anaconda3/lib/python3.9/site-packages/airflow/example_dags/example_short_circuit_decorator.py took 0.050 seconds
[2025-02-22T23:52:33.618-0500] {processor.py:186} INFO - Started process (PID=29173) to work on /home/rafaelrb/anaconda3/lib/python3.9/site-packages/airflow/example_dags/example_short_circuit_decorator.py
[2025-02-22T23:52:33.620-0500] {processor.py:914} INFO - Processing file /home/rafaelrb/anaconda3/lib/python3.9/site-packages/airflow/example_dags/example_short_circuit_decorator.py for tasks to queue
[2025-02-22T23:52:33.623-0500] {logging_mixin.py:190} INFO - [2025-02-22T23:52:33.623-0500] {dagbag.py:588} INFO - Filling up the DagBag from /home/rafaelrb/anaconda3/lib/python3.9/site-packages/airflow/example_dags/example_short_circuit_decorator.py
[2025-02-22T23:52:33.639-0500] {logging_mixin.py:190} INFO - [2025-02-22T23:52:33.630-0500] {dagbag.py:387} ERROR - Failed to import: /home/rafaelrb/anaconda3/lib/python3.9/site-packages/airflow/example_dags/example_short_circuit_decorator.py
Traceback (most recent call last):
  File "/home/rafaelrb/anaconda3/lib/python3.9/site-packages/airflow/models/dagbag.py", line 383, in parse
    loader.exec_module(new_module)
  File "<frozen importlib._bootstrap_external>", line 850, in exec_module
  File "<frozen importlib._bootstrap>", line 228, in _call_with_frames_removed
  File "/home/rafaelrb/anaconda3/lib/python3.9/site-packages/airflow/example_dags/example_short_circuit_decorator.py", line 61, in <module>
    example_dag = example_short_circuit_decorator()
  File "/home/rafaelrb/anaconda3/lib/python3.9/site-packages/airflow/models/dag.py", line 4307, in factory
    f(**f_kwargs)
  File "/home/rafaelrb/anaconda3/lib/python3.9/site-packages/airflow/example_dags/example_short_circuit_decorator.py", line 33, in example_short_circuit_decorator
    def check_condition(condition):
  File "/home/rafaelrb/anaconda3/lib/python3.9/site-packages/airflow/decorators/base.py", line 691, in decorator_factory
    return _TaskDecorator(
TypeError: _TaskDecorator() takes no arguments
[2025-02-22T23:52:33.639-0500] {processor.py:927} WARNING - No viable dags retrieved from /home/rafaelrb/anaconda3/lib/python3.9/site-packages/airflow/example_dags/example_short_circuit_decorator.py
[2025-02-22T23:52:33.678-0500] {processor.py:208} INFO - Processing /home/rafaelrb/anaconda3/lib/python3.9/site-packages/airflow/example_dags/example_short_circuit_decorator.py took 0.068 seconds
[2025-02-22T23:54:06.550-0500] {processor.py:186} INFO - Started process (PID=29822) to work on /home/rafaelrb/anaconda3/lib/python3.9/site-packages/airflow/example_dags/example_short_circuit_decorator.py
[2025-02-22T23:54:06.553-0500] {processor.py:914} INFO - Processing file /home/rafaelrb/anaconda3/lib/python3.9/site-packages/airflow/example_dags/example_short_circuit_decorator.py for tasks to queue
[2025-02-22T23:54:06.556-0500] {logging_mixin.py:190} INFO - [2025-02-22T23:54:06.555-0500] {dagbag.py:588} INFO - Filling up the DagBag from /home/rafaelrb/anaconda3/lib/python3.9/site-packages/airflow/example_dags/example_short_circuit_decorator.py
[2025-02-22T23:54:06.564-0500] {logging_mixin.py:190} INFO - [2025-02-22T23:54:06.563-0500] {dagbag.py:387} ERROR - Failed to import: /home/rafaelrb/anaconda3/lib/python3.9/site-packages/airflow/example_dags/example_short_circuit_decorator.py
Traceback (most recent call last):
  File "/home/rafaelrb/anaconda3/lib/python3.9/site-packages/airflow/models/dagbag.py", line 383, in parse
    loader.exec_module(new_module)
  File "<frozen importlib._bootstrap_external>", line 850, in exec_module
  File "<frozen importlib._bootstrap>", line 228, in _call_with_frames_removed
  File "/home/rafaelrb/anaconda3/lib/python3.9/site-packages/airflow/example_dags/example_short_circuit_decorator.py", line 61, in <module>
    example_dag = example_short_circuit_decorator()
  File "/home/rafaelrb/anaconda3/lib/python3.9/site-packages/airflow/models/dag.py", line 4307, in factory
    f(**f_kwargs)
  File "/home/rafaelrb/anaconda3/lib/python3.9/site-packages/airflow/example_dags/example_short_circuit_decorator.py", line 33, in example_short_circuit_decorator
    def check_condition(condition):
  File "/home/rafaelrb/anaconda3/lib/python3.9/site-packages/airflow/decorators/base.py", line 691, in decorator_factory
    return _TaskDecorator(
TypeError: _TaskDecorator() takes no arguments
[2025-02-22T23:54:06.565-0500] {processor.py:927} WARNING - No viable dags retrieved from /home/rafaelrb/anaconda3/lib/python3.9/site-packages/airflow/example_dags/example_short_circuit_decorator.py
[2025-02-22T23:54:06.602-0500] {processor.py:208} INFO - Processing /home/rafaelrb/anaconda3/lib/python3.9/site-packages/airflow/example_dags/example_short_circuit_decorator.py took 0.064 seconds
[2025-02-22T23:55:08.752-0500] {processor.py:186} INFO - Started process (PID=30250) to work on /home/rafaelrb/anaconda3/lib/python3.9/site-packages/airflow/example_dags/example_short_circuit_decorator.py
[2025-02-22T23:55:08.757-0500] {processor.py:914} INFO - Processing file /home/rafaelrb/anaconda3/lib/python3.9/site-packages/airflow/example_dags/example_short_circuit_decorator.py for tasks to queue
[2025-02-22T23:55:08.761-0500] {logging_mixin.py:190} INFO - [2025-02-22T23:55:08.761-0500] {dagbag.py:588} INFO - Filling up the DagBag from /home/rafaelrb/anaconda3/lib/python3.9/site-packages/airflow/example_dags/example_short_circuit_decorator.py
[2025-02-22T23:55:08.772-0500] {logging_mixin.py:190} INFO - [2025-02-22T23:55:08.769-0500] {dagbag.py:387} ERROR - Failed to import: /home/rafaelrb/anaconda3/lib/python3.9/site-packages/airflow/example_dags/example_short_circuit_decorator.py
Traceback (most recent call last):
  File "/home/rafaelrb/anaconda3/lib/python3.9/site-packages/airflow/models/dagbag.py", line 383, in parse
    loader.exec_module(new_module)
  File "<frozen importlib._bootstrap_external>", line 850, in exec_module
  File "<frozen importlib._bootstrap>", line 228, in _call_with_frames_removed
  File "/home/rafaelrb/anaconda3/lib/python3.9/site-packages/airflow/example_dags/example_short_circuit_decorator.py", line 61, in <module>
    example_dag = example_short_circuit_decorator()
  File "/home/rafaelrb/anaconda3/lib/python3.9/site-packages/airflow/models/dag.py", line 4307, in factory
    f(**f_kwargs)
  File "/home/rafaelrb/anaconda3/lib/python3.9/site-packages/airflow/example_dags/example_short_circuit_decorator.py", line 33, in example_short_circuit_decorator
    def check_condition(condition):
  File "/home/rafaelrb/anaconda3/lib/python3.9/site-packages/airflow/decorators/base.py", line 691, in decorator_factory
    return _TaskDecorator(
TypeError: _TaskDecorator() takes no arguments
[2025-02-22T23:55:08.773-0500] {processor.py:927} WARNING - No viable dags retrieved from /home/rafaelrb/anaconda3/lib/python3.9/site-packages/airflow/example_dags/example_short_circuit_decorator.py
[2025-02-22T23:55:08.809-0500] {processor.py:208} INFO - Processing /home/rafaelrb/anaconda3/lib/python3.9/site-packages/airflow/example_dags/example_short_circuit_decorator.py took 0.074 seconds
[2025-02-22T23:58:21.973-0500] {processor.py:186} INFO - Started process (PID=30745) to work on /home/rafaelrb/anaconda3/lib/python3.9/site-packages/airflow/example_dags/example_short_circuit_decorator.py
[2025-02-22T23:58:21.976-0500] {processor.py:914} INFO - Processing file /home/rafaelrb/anaconda3/lib/python3.9/site-packages/airflow/example_dags/example_short_circuit_decorator.py for tasks to queue
[2025-02-22T23:58:21.980-0500] {logging_mixin.py:190} INFO - [2025-02-22T23:58:21.979-0500] {dagbag.py:588} INFO - Filling up the DagBag from /home/rafaelrb/anaconda3/lib/python3.9/site-packages/airflow/example_dags/example_short_circuit_decorator.py
[2025-02-22T23:58:21.988-0500] {logging_mixin.py:190} INFO - [2025-02-22T23:58:21.986-0500] {dagbag.py:387} ERROR - Failed to import: /home/rafaelrb/anaconda3/lib/python3.9/site-packages/airflow/example_dags/example_short_circuit_decorator.py
Traceback (most recent call last):
  File "/home/rafaelrb/anaconda3/lib/python3.9/site-packages/airflow/models/dagbag.py", line 383, in parse
    loader.exec_module(new_module)
  File "<frozen importlib._bootstrap_external>", line 850, in exec_module
  File "<frozen importlib._bootstrap>", line 228, in _call_with_frames_removed
  File "/home/rafaelrb/anaconda3/lib/python3.9/site-packages/airflow/example_dags/example_short_circuit_decorator.py", line 61, in <module>
    example_dag = example_short_circuit_decorator()
  File "/home/rafaelrb/anaconda3/lib/python3.9/site-packages/airflow/models/dag.py", line 4307, in factory
    f(**f_kwargs)
  File "/home/rafaelrb/anaconda3/lib/python3.9/site-packages/airflow/example_dags/example_short_circuit_decorator.py", line 33, in example_short_circuit_decorator
    def check_condition(condition):
  File "/home/rafaelrb/anaconda3/lib/python3.9/site-packages/airflow/decorators/base.py", line 691, in decorator_factory
    return _TaskDecorator(
TypeError: _TaskDecorator() takes no arguments
[2025-02-22T23:58:21.988-0500] {processor.py:927} WARNING - No viable dags retrieved from /home/rafaelrb/anaconda3/lib/python3.9/site-packages/airflow/example_dags/example_short_circuit_decorator.py
[2025-02-22T23:58:22.024-0500] {processor.py:208} INFO - Processing /home/rafaelrb/anaconda3/lib/python3.9/site-packages/airflow/example_dags/example_short_circuit_decorator.py took 0.064 seconds
[2025-02-22T23:59:26.704-0500] {processor.py:186} INFO - Started process (PID=31179) to work on /home/rafaelrb/anaconda3/lib/python3.9/site-packages/airflow/example_dags/example_short_circuit_decorator.py
[2025-02-22T23:59:26.706-0500] {processor.py:914} INFO - Processing file /home/rafaelrb/anaconda3/lib/python3.9/site-packages/airflow/example_dags/example_short_circuit_decorator.py for tasks to queue
[2025-02-22T23:59:26.711-0500] {logging_mixin.py:190} INFO - [2025-02-22T23:59:26.710-0500] {dagbag.py:588} INFO - Filling up the DagBag from /home/rafaelrb/anaconda3/lib/python3.9/site-packages/airflow/example_dags/example_short_circuit_decorator.py
[2025-02-22T23:59:26.738-0500] {logging_mixin.py:190} INFO - [2025-02-22T23:59:26.723-0500] {dagbag.py:387} ERROR - Failed to import: /home/rafaelrb/anaconda3/lib/python3.9/site-packages/airflow/example_dags/example_short_circuit_decorator.py
Traceback (most recent call last):
  File "/home/rafaelrb/anaconda3/lib/python3.9/site-packages/airflow/models/dagbag.py", line 383, in parse
    loader.exec_module(new_module)
  File "<frozen importlib._bootstrap_external>", line 850, in exec_module
  File "<frozen importlib._bootstrap>", line 228, in _call_with_frames_removed
  File "/home/rafaelrb/anaconda3/lib/python3.9/site-packages/airflow/example_dags/example_short_circuit_decorator.py", line 61, in <module>
    example_dag = example_short_circuit_decorator()
  File "/home/rafaelrb/anaconda3/lib/python3.9/site-packages/airflow/models/dag.py", line 4307, in factory
    f(**f_kwargs)
  File "/home/rafaelrb/anaconda3/lib/python3.9/site-packages/airflow/example_dags/example_short_circuit_decorator.py", line 33, in example_short_circuit_decorator
    def check_condition(condition):
  File "/home/rafaelrb/anaconda3/lib/python3.9/site-packages/airflow/decorators/base.py", line 691, in decorator_factory
    return _TaskDecorator(
TypeError: _TaskDecorator() takes no arguments
[2025-02-22T23:59:26.738-0500] {processor.py:927} WARNING - No viable dags retrieved from /home/rafaelrb/anaconda3/lib/python3.9/site-packages/airflow/example_dags/example_short_circuit_decorator.py
[2025-02-22T23:59:26.780-0500] {processor.py:208} INFO - Processing /home/rafaelrb/anaconda3/lib/python3.9/site-packages/airflow/example_dags/example_short_circuit_decorator.py took 0.090 seconds
[2025-02-23T00:00:50.090-0500] {processor.py:186} INFO - Started process (PID=31740) to work on /home/rafaelrb/anaconda3/lib/python3.9/site-packages/airflow/example_dags/example_short_circuit_decorator.py
[2025-02-23T00:00:50.092-0500] {processor.py:914} INFO - Processing file /home/rafaelrb/anaconda3/lib/python3.9/site-packages/airflow/example_dags/example_short_circuit_decorator.py for tasks to queue
[2025-02-23T00:00:50.097-0500] {logging_mixin.py:190} INFO - [2025-02-23T00:00:50.097-0500] {dagbag.py:588} INFO - Filling up the DagBag from /home/rafaelrb/anaconda3/lib/python3.9/site-packages/airflow/example_dags/example_short_circuit_decorator.py
[2025-02-23T00:00:50.120-0500] {logging_mixin.py:190} INFO - [2025-02-23T00:00:50.108-0500] {dagbag.py:387} ERROR - Failed to import: /home/rafaelrb/anaconda3/lib/python3.9/site-packages/airflow/example_dags/example_short_circuit_decorator.py
Traceback (most recent call last):
  File "/home/rafaelrb/anaconda3/lib/python3.9/site-packages/airflow/models/dagbag.py", line 383, in parse
    loader.exec_module(new_module)
  File "<frozen importlib._bootstrap_external>", line 850, in exec_module
  File "<frozen importlib._bootstrap>", line 228, in _call_with_frames_removed
  File "/home/rafaelrb/anaconda3/lib/python3.9/site-packages/airflow/example_dags/example_short_circuit_decorator.py", line 61, in <module>
    example_dag = example_short_circuit_decorator()
  File "/home/rafaelrb/anaconda3/lib/python3.9/site-packages/airflow/models/dag.py", line 4307, in factory
    f(**f_kwargs)
  File "/home/rafaelrb/anaconda3/lib/python3.9/site-packages/airflow/example_dags/example_short_circuit_decorator.py", line 33, in example_short_circuit_decorator
    def check_condition(condition):
  File "/home/rafaelrb/anaconda3/lib/python3.9/site-packages/airflow/decorators/base.py", line 691, in decorator_factory
    return _TaskDecorator(
TypeError: _TaskDecorator() takes no arguments
[2025-02-23T00:00:50.121-0500] {processor.py:927} WARNING - No viable dags retrieved from /home/rafaelrb/anaconda3/lib/python3.9/site-packages/airflow/example_dags/example_short_circuit_decorator.py
[2025-02-23T00:00:50.174-0500] {processor.py:208} INFO - Processing /home/rafaelrb/anaconda3/lib/python3.9/site-packages/airflow/example_dags/example_short_circuit_decorator.py took 0.105 seconds
[2025-02-23T00:01:50.754-0500] {processor.py:186} INFO - Started process (PID=32161) to work on /home/rafaelrb/anaconda3/lib/python3.9/site-packages/airflow/example_dags/example_short_circuit_decorator.py
[2025-02-23T00:01:50.756-0500] {processor.py:914} INFO - Processing file /home/rafaelrb/anaconda3/lib/python3.9/site-packages/airflow/example_dags/example_short_circuit_decorator.py for tasks to queue
[2025-02-23T00:01:50.759-0500] {logging_mixin.py:190} INFO - [2025-02-23T00:01:50.758-0500] {dagbag.py:588} INFO - Filling up the DagBag from /home/rafaelrb/anaconda3/lib/python3.9/site-packages/airflow/example_dags/example_short_circuit_decorator.py
[2025-02-23T00:01:50.766-0500] {logging_mixin.py:190} INFO - [2025-02-23T00:01:50.765-0500] {dagbag.py:387} ERROR - Failed to import: /home/rafaelrb/anaconda3/lib/python3.9/site-packages/airflow/example_dags/example_short_circuit_decorator.py
Traceback (most recent call last):
  File "/home/rafaelrb/anaconda3/lib/python3.9/site-packages/airflow/models/dagbag.py", line 383, in parse
    loader.exec_module(new_module)
  File "<frozen importlib._bootstrap_external>", line 850, in exec_module
  File "<frozen importlib._bootstrap>", line 228, in _call_with_frames_removed
  File "/home/rafaelrb/anaconda3/lib/python3.9/site-packages/airflow/example_dags/example_short_circuit_decorator.py", line 61, in <module>
    example_dag = example_short_circuit_decorator()
  File "/home/rafaelrb/anaconda3/lib/python3.9/site-packages/airflow/models/dag.py", line 4307, in factory
    f(**f_kwargs)
  File "/home/rafaelrb/anaconda3/lib/python3.9/site-packages/airflow/example_dags/example_short_circuit_decorator.py", line 33, in example_short_circuit_decorator
    def check_condition(condition):
  File "/home/rafaelrb/anaconda3/lib/python3.9/site-packages/airflow/decorators/base.py", line 691, in decorator_factory
    return _TaskDecorator(
TypeError: _TaskDecorator() takes no arguments
[2025-02-23T00:01:50.767-0500] {processor.py:927} WARNING - No viable dags retrieved from /home/rafaelrb/anaconda3/lib/python3.9/site-packages/airflow/example_dags/example_short_circuit_decorator.py
[2025-02-23T00:01:50.795-0500] {processor.py:208} INFO - Processing /home/rafaelrb/anaconda3/lib/python3.9/site-packages/airflow/example_dags/example_short_circuit_decorator.py took 0.050 seconds
[2025-02-23T00:11:30.421-0500] {processor.py:186} INFO - Started process (PID=34448) to work on /home/rafaelrb/anaconda3/lib/python3.9/site-packages/airflow/example_dags/example_short_circuit_decorator.py
[2025-02-23T00:11:30.428-0500] {processor.py:914} INFO - Processing file /home/rafaelrb/anaconda3/lib/python3.9/site-packages/airflow/example_dags/example_short_circuit_decorator.py for tasks to queue
[2025-02-23T00:11:30.432-0500] {logging_mixin.py:190} INFO - [2025-02-23T00:11:30.431-0500] {dagbag.py:588} INFO - Filling up the DagBag from /home/rafaelrb/anaconda3/lib/python3.9/site-packages/airflow/example_dags/example_short_circuit_decorator.py
[2025-02-23T00:11:30.440-0500] {logging_mixin.py:190} INFO - [2025-02-23T00:11:30.438-0500] {dagbag.py:387} ERROR - Failed to import: /home/rafaelrb/anaconda3/lib/python3.9/site-packages/airflow/example_dags/example_short_circuit_decorator.py
Traceback (most recent call last):
  File "/home/rafaelrb/anaconda3/lib/python3.9/site-packages/airflow/models/dagbag.py", line 383, in parse
    loader.exec_module(new_module)
  File "<frozen importlib._bootstrap_external>", line 850, in exec_module
  File "<frozen importlib._bootstrap>", line 228, in _call_with_frames_removed
  File "/home/rafaelrb/anaconda3/lib/python3.9/site-packages/airflow/example_dags/example_short_circuit_decorator.py", line 61, in <module>
    example_dag = example_short_circuit_decorator()
  File "/home/rafaelrb/anaconda3/lib/python3.9/site-packages/airflow/models/dag.py", line 4307, in factory
    f(**f_kwargs)
  File "/home/rafaelrb/anaconda3/lib/python3.9/site-packages/airflow/example_dags/example_short_circuit_decorator.py", line 33, in example_short_circuit_decorator
    def check_condition(condition):
  File "/home/rafaelrb/anaconda3/lib/python3.9/site-packages/airflow/decorators/base.py", line 691, in decorator_factory
    return _TaskDecorator(
TypeError: _TaskDecorator() takes no arguments
[2025-02-23T00:11:30.440-0500] {processor.py:927} WARNING - No viable dags retrieved from /home/rafaelrb/anaconda3/lib/python3.9/site-packages/airflow/example_dags/example_short_circuit_decorator.py
[2025-02-23T00:11:30.474-0500] {processor.py:208} INFO - Processing /home/rafaelrb/anaconda3/lib/python3.9/site-packages/airflow/example_dags/example_short_circuit_decorator.py took 0.063 seconds
[2025-02-23T00:12:43.824-0500] {processor.py:186} INFO - Started process (PID=34562) to work on /home/rafaelrb/anaconda3/lib/python3.9/site-packages/airflow/example_dags/example_short_circuit_decorator.py
[2025-02-23T00:12:43.826-0500] {processor.py:914} INFO - Processing file /home/rafaelrb/anaconda3/lib/python3.9/site-packages/airflow/example_dags/example_short_circuit_decorator.py for tasks to queue
[2025-02-23T00:12:43.830-0500] {logging_mixin.py:190} INFO - [2025-02-23T00:12:43.829-0500] {dagbag.py:588} INFO - Filling up the DagBag from /home/rafaelrb/anaconda3/lib/python3.9/site-packages/airflow/example_dags/example_short_circuit_decorator.py
[2025-02-23T00:12:43.837-0500] {logging_mixin.py:190} INFO - [2025-02-23T00:12:43.835-0500] {dagbag.py:387} ERROR - Failed to import: /home/rafaelrb/anaconda3/lib/python3.9/site-packages/airflow/example_dags/example_short_circuit_decorator.py
Traceback (most recent call last):
  File "/home/rafaelrb/anaconda3/lib/python3.9/site-packages/airflow/models/dagbag.py", line 383, in parse
    loader.exec_module(new_module)
  File "<frozen importlib._bootstrap_external>", line 850, in exec_module
  File "<frozen importlib._bootstrap>", line 228, in _call_with_frames_removed
  File "/home/rafaelrb/anaconda3/lib/python3.9/site-packages/airflow/example_dags/example_short_circuit_decorator.py", line 61, in <module>
    example_dag = example_short_circuit_decorator()
  File "/home/rafaelrb/anaconda3/lib/python3.9/site-packages/airflow/models/dag.py", line 4307, in factory
    f(**f_kwargs)
  File "/home/rafaelrb/anaconda3/lib/python3.9/site-packages/airflow/example_dags/example_short_circuit_decorator.py", line 33, in example_short_circuit_decorator
    def check_condition(condition):
  File "/home/rafaelrb/anaconda3/lib/python3.9/site-packages/airflow/decorators/base.py", line 691, in decorator_factory
    return _TaskDecorator(
TypeError: _TaskDecorator() takes no arguments
[2025-02-23T00:12:43.837-0500] {processor.py:927} WARNING - No viable dags retrieved from /home/rafaelrb/anaconda3/lib/python3.9/site-packages/airflow/example_dags/example_short_circuit_decorator.py
[2025-02-23T00:12:43.869-0500] {processor.py:208} INFO - Processing /home/rafaelrb/anaconda3/lib/python3.9/site-packages/airflow/example_dags/example_short_circuit_decorator.py took 0.054 seconds
[2025-02-23T00:13:43.431-0500] {processor.py:186} INFO - Started process (PID=34631) to work on /home/rafaelrb/anaconda3/lib/python3.9/site-packages/airflow/example_dags/example_short_circuit_decorator.py
[2025-02-23T00:13:43.437-0500] {processor.py:914} INFO - Processing file /home/rafaelrb/anaconda3/lib/python3.9/site-packages/airflow/example_dags/example_short_circuit_decorator.py for tasks to queue
[2025-02-23T00:13:43.440-0500] {logging_mixin.py:190} INFO - [2025-02-23T00:13:43.440-0500] {dagbag.py:588} INFO - Filling up the DagBag from /home/rafaelrb/anaconda3/lib/python3.9/site-packages/airflow/example_dags/example_short_circuit_decorator.py
[2025-02-23T00:13:43.447-0500] {logging_mixin.py:190} INFO - [2025-02-23T00:13:43.445-0500] {dagbag.py:387} ERROR - Failed to import: /home/rafaelrb/anaconda3/lib/python3.9/site-packages/airflow/example_dags/example_short_circuit_decorator.py
Traceback (most recent call last):
  File "/home/rafaelrb/anaconda3/lib/python3.9/site-packages/airflow/models/dagbag.py", line 383, in parse
    loader.exec_module(new_module)
  File "<frozen importlib._bootstrap_external>", line 850, in exec_module
  File "<frozen importlib._bootstrap>", line 228, in _call_with_frames_removed
  File "/home/rafaelrb/anaconda3/lib/python3.9/site-packages/airflow/example_dags/example_short_circuit_decorator.py", line 61, in <module>
    example_dag = example_short_circuit_decorator()
  File "/home/rafaelrb/anaconda3/lib/python3.9/site-packages/airflow/models/dag.py", line 4307, in factory
    f(**f_kwargs)
  File "/home/rafaelrb/anaconda3/lib/python3.9/site-packages/airflow/example_dags/example_short_circuit_decorator.py", line 33, in example_short_circuit_decorator
    def check_condition(condition):
  File "/home/rafaelrb/anaconda3/lib/python3.9/site-packages/airflow/decorators/base.py", line 691, in decorator_factory
    return _TaskDecorator(
TypeError: _TaskDecorator() takes no arguments
[2025-02-23T00:13:43.447-0500] {processor.py:927} WARNING - No viable dags retrieved from /home/rafaelrb/anaconda3/lib/python3.9/site-packages/airflow/example_dags/example_short_circuit_decorator.py
[2025-02-23T00:13:43.478-0500] {processor.py:208} INFO - Processing /home/rafaelrb/anaconda3/lib/python3.9/site-packages/airflow/example_dags/example_short_circuit_decorator.py took 0.055 seconds
[2025-02-23T00:14:41.379-0500] {processor.py:186} INFO - Started process (PID=34706) to work on /home/rafaelrb/anaconda3/lib/python3.9/site-packages/airflow/example_dags/example_short_circuit_decorator.py
[2025-02-23T00:14:41.383-0500] {processor.py:914} INFO - Processing file /home/rafaelrb/anaconda3/lib/python3.9/site-packages/airflow/example_dags/example_short_circuit_decorator.py for tasks to queue
[2025-02-23T00:14:41.386-0500] {logging_mixin.py:190} INFO - [2025-02-23T00:14:41.386-0500] {dagbag.py:588} INFO - Filling up the DagBag from /home/rafaelrb/anaconda3/lib/python3.9/site-packages/airflow/example_dags/example_short_circuit_decorator.py
[2025-02-23T00:14:41.396-0500] {logging_mixin.py:190} INFO - [2025-02-23T00:14:41.394-0500] {dagbag.py:387} ERROR - Failed to import: /home/rafaelrb/anaconda3/lib/python3.9/site-packages/airflow/example_dags/example_short_circuit_decorator.py
Traceback (most recent call last):
  File "/home/rafaelrb/anaconda3/lib/python3.9/site-packages/airflow/models/dagbag.py", line 383, in parse
    loader.exec_module(new_module)
  File "<frozen importlib._bootstrap_external>", line 850, in exec_module
  File "<frozen importlib._bootstrap>", line 228, in _call_with_frames_removed
  File "/home/rafaelrb/anaconda3/lib/python3.9/site-packages/airflow/example_dags/example_short_circuit_decorator.py", line 61, in <module>
    example_dag = example_short_circuit_decorator()
  File "/home/rafaelrb/anaconda3/lib/python3.9/site-packages/airflow/models/dag.py", line 4307, in factory
    f(**f_kwargs)
  File "/home/rafaelrb/anaconda3/lib/python3.9/site-packages/airflow/example_dags/example_short_circuit_decorator.py", line 33, in example_short_circuit_decorator
    def check_condition(condition):
  File "/home/rafaelrb/anaconda3/lib/python3.9/site-packages/airflow/decorators/base.py", line 691, in decorator_factory
    return _TaskDecorator(
TypeError: _TaskDecorator() takes no arguments
[2025-02-23T00:14:41.398-0500] {processor.py:927} WARNING - No viable dags retrieved from /home/rafaelrb/anaconda3/lib/python3.9/site-packages/airflow/example_dags/example_short_circuit_decorator.py
[2025-02-23T00:14:41.433-0500] {processor.py:208} INFO - Processing /home/rafaelrb/anaconda3/lib/python3.9/site-packages/airflow/example_dags/example_short_circuit_decorator.py took 0.064 seconds
[2025-02-23T00:15:51.335-0500] {processor.py:186} INFO - Started process (PID=34831) to work on /home/rafaelrb/anaconda3/lib/python3.9/site-packages/airflow/example_dags/example_short_circuit_decorator.py
[2025-02-23T00:15:51.342-0500] {processor.py:914} INFO - Processing file /home/rafaelrb/anaconda3/lib/python3.9/site-packages/airflow/example_dags/example_short_circuit_decorator.py for tasks to queue
[2025-02-23T00:15:51.346-0500] {logging_mixin.py:190} INFO - [2025-02-23T00:15:51.345-0500] {dagbag.py:588} INFO - Filling up the DagBag from /home/rafaelrb/anaconda3/lib/python3.9/site-packages/airflow/example_dags/example_short_circuit_decorator.py
[2025-02-23T00:15:51.352-0500] {logging_mixin.py:190} INFO - [2025-02-23T00:15:51.350-0500] {dagbag.py:387} ERROR - Failed to import: /home/rafaelrb/anaconda3/lib/python3.9/site-packages/airflow/example_dags/example_short_circuit_decorator.py
Traceback (most recent call last):
  File "/home/rafaelrb/anaconda3/lib/python3.9/site-packages/airflow/models/dagbag.py", line 383, in parse
    loader.exec_module(new_module)
  File "<frozen importlib._bootstrap_external>", line 850, in exec_module
  File "<frozen importlib._bootstrap>", line 228, in _call_with_frames_removed
  File "/home/rafaelrb/anaconda3/lib/python3.9/site-packages/airflow/example_dags/example_short_circuit_decorator.py", line 61, in <module>
    example_dag = example_short_circuit_decorator()
  File "/home/rafaelrb/anaconda3/lib/python3.9/site-packages/airflow/models/dag.py", line 4307, in factory
    f(**f_kwargs)
  File "/home/rafaelrb/anaconda3/lib/python3.9/site-packages/airflow/example_dags/example_short_circuit_decorator.py", line 33, in example_short_circuit_decorator
    def check_condition(condition):
  File "/home/rafaelrb/anaconda3/lib/python3.9/site-packages/airflow/decorators/base.py", line 691, in decorator_factory
    return _TaskDecorator(
TypeError: _TaskDecorator() takes no arguments
[2025-02-23T00:15:51.353-0500] {processor.py:927} WARNING - No viable dags retrieved from /home/rafaelrb/anaconda3/lib/python3.9/site-packages/airflow/example_dags/example_short_circuit_decorator.py
[2025-02-23T00:15:51.385-0500] {processor.py:208} INFO - Processing /home/rafaelrb/anaconda3/lib/python3.9/site-packages/airflow/example_dags/example_short_circuit_decorator.py took 0.057 seconds
[2025-02-23T00:16:55.893-0500] {processor.py:186} INFO - Started process (PID=34903) to work on /home/rafaelrb/anaconda3/lib/python3.9/site-packages/airflow/example_dags/example_short_circuit_decorator.py
[2025-02-23T00:16:55.900-0500] {processor.py:914} INFO - Processing file /home/rafaelrb/anaconda3/lib/python3.9/site-packages/airflow/example_dags/example_short_circuit_decorator.py for tasks to queue
[2025-02-23T00:16:55.904-0500] {logging_mixin.py:190} INFO - [2025-02-23T00:16:55.904-0500] {dagbag.py:588} INFO - Filling up the DagBag from /home/rafaelrb/anaconda3/lib/python3.9/site-packages/airflow/example_dags/example_short_circuit_decorator.py
[2025-02-23T00:16:55.913-0500] {logging_mixin.py:190} INFO - [2025-02-23T00:16:55.911-0500] {dagbag.py:387} ERROR - Failed to import: /home/rafaelrb/anaconda3/lib/python3.9/site-packages/airflow/example_dags/example_short_circuit_decorator.py
Traceback (most recent call last):
  File "/home/rafaelrb/anaconda3/lib/python3.9/site-packages/airflow/models/dagbag.py", line 383, in parse
    loader.exec_module(new_module)
  File "<frozen importlib._bootstrap_external>", line 850, in exec_module
  File "<frozen importlib._bootstrap>", line 228, in _call_with_frames_removed
  File "/home/rafaelrb/anaconda3/lib/python3.9/site-packages/airflow/example_dags/example_short_circuit_decorator.py", line 61, in <module>
    example_dag = example_short_circuit_decorator()
  File "/home/rafaelrb/anaconda3/lib/python3.9/site-packages/airflow/models/dag.py", line 4307, in factory
    f(**f_kwargs)
  File "/home/rafaelrb/anaconda3/lib/python3.9/site-packages/airflow/example_dags/example_short_circuit_decorator.py", line 33, in example_short_circuit_decorator
    def check_condition(condition):
  File "/home/rafaelrb/anaconda3/lib/python3.9/site-packages/airflow/decorators/base.py", line 691, in decorator_factory
    return _TaskDecorator(
TypeError: _TaskDecorator() takes no arguments
[2025-02-23T00:16:55.914-0500] {processor.py:927} WARNING - No viable dags retrieved from /home/rafaelrb/anaconda3/lib/python3.9/site-packages/airflow/example_dags/example_short_circuit_decorator.py
[2025-02-23T00:16:55.946-0500] {processor.py:208} INFO - Processing /home/rafaelrb/anaconda3/lib/python3.9/site-packages/airflow/example_dags/example_short_circuit_decorator.py took 0.062 seconds
[2025-02-23T00:17:55.733-0500] {processor.py:186} INFO - Started process (PID=34981) to work on /home/rafaelrb/anaconda3/lib/python3.9/site-packages/airflow/example_dags/example_short_circuit_decorator.py
[2025-02-23T00:17:55.735-0500] {processor.py:914} INFO - Processing file /home/rafaelrb/anaconda3/lib/python3.9/site-packages/airflow/example_dags/example_short_circuit_decorator.py for tasks to queue
[2025-02-23T00:17:55.739-0500] {logging_mixin.py:190} INFO - [2025-02-23T00:17:55.738-0500] {dagbag.py:588} INFO - Filling up the DagBag from /home/rafaelrb/anaconda3/lib/python3.9/site-packages/airflow/example_dags/example_short_circuit_decorator.py
[2025-02-23T00:17:55.746-0500] {logging_mixin.py:190} INFO - [2025-02-23T00:17:55.744-0500] {dagbag.py:387} ERROR - Failed to import: /home/rafaelrb/anaconda3/lib/python3.9/site-packages/airflow/example_dags/example_short_circuit_decorator.py
Traceback (most recent call last):
  File "/home/rafaelrb/anaconda3/lib/python3.9/site-packages/airflow/models/dagbag.py", line 383, in parse
    loader.exec_module(new_module)
  File "<frozen importlib._bootstrap_external>", line 850, in exec_module
  File "<frozen importlib._bootstrap>", line 228, in _call_with_frames_removed
  File "/home/rafaelrb/anaconda3/lib/python3.9/site-packages/airflow/example_dags/example_short_circuit_decorator.py", line 61, in <module>
    example_dag = example_short_circuit_decorator()
  File "/home/rafaelrb/anaconda3/lib/python3.9/site-packages/airflow/models/dag.py", line 4307, in factory
    f(**f_kwargs)
  File "/home/rafaelrb/anaconda3/lib/python3.9/site-packages/airflow/example_dags/example_short_circuit_decorator.py", line 33, in example_short_circuit_decorator
    def check_condition(condition):
  File "/home/rafaelrb/anaconda3/lib/python3.9/site-packages/airflow/decorators/base.py", line 691, in decorator_factory
    return _TaskDecorator(
TypeError: _TaskDecorator() takes no arguments
[2025-02-23T00:17:55.746-0500] {processor.py:927} WARNING - No viable dags retrieved from /home/rafaelrb/anaconda3/lib/python3.9/site-packages/airflow/example_dags/example_short_circuit_decorator.py
[2025-02-23T00:17:55.776-0500] {processor.py:208} INFO - Processing /home/rafaelrb/anaconda3/lib/python3.9/site-packages/airflow/example_dags/example_short_circuit_decorator.py took 0.051 seconds
[2025-02-23T00:22:09.947-0500] {processor.py:186} INFO - Started process (PID=35195) to work on /home/rafaelrb/anaconda3/lib/python3.9/site-packages/airflow/example_dags/example_short_circuit_decorator.py
[2025-02-23T00:22:09.949-0500] {processor.py:914} INFO - Processing file /home/rafaelrb/anaconda3/lib/python3.9/site-packages/airflow/example_dags/example_short_circuit_decorator.py for tasks to queue
[2025-02-23T00:22:09.953-0500] {logging_mixin.py:190} INFO - [2025-02-23T00:22:09.953-0500] {dagbag.py:588} INFO - Filling up the DagBag from /home/rafaelrb/anaconda3/lib/python3.9/site-packages/airflow/example_dags/example_short_circuit_decorator.py
[2025-02-23T00:22:09.960-0500] {logging_mixin.py:190} INFO - [2025-02-23T00:22:09.959-0500] {dagbag.py:387} ERROR - Failed to import: /home/rafaelrb/anaconda3/lib/python3.9/site-packages/airflow/example_dags/example_short_circuit_decorator.py
Traceback (most recent call last):
  File "/home/rafaelrb/anaconda3/lib/python3.9/site-packages/airflow/models/dagbag.py", line 383, in parse
    loader.exec_module(new_module)
  File "<frozen importlib._bootstrap_external>", line 850, in exec_module
  File "<frozen importlib._bootstrap>", line 228, in _call_with_frames_removed
  File "/home/rafaelrb/anaconda3/lib/python3.9/site-packages/airflow/example_dags/example_short_circuit_decorator.py", line 61, in <module>
    example_dag = example_short_circuit_decorator()
  File "/home/rafaelrb/anaconda3/lib/python3.9/site-packages/airflow/models/dag.py", line 4307, in factory
    f(**f_kwargs)
  File "/home/rafaelrb/anaconda3/lib/python3.9/site-packages/airflow/example_dags/example_short_circuit_decorator.py", line 33, in example_short_circuit_decorator
    def check_condition(condition):
  File "/home/rafaelrb/anaconda3/lib/python3.9/site-packages/airflow/decorators/base.py", line 691, in decorator_factory
    return _TaskDecorator(
TypeError: _TaskDecorator() takes no arguments
[2025-02-23T00:22:09.961-0500] {processor.py:927} WARNING - No viable dags retrieved from /home/rafaelrb/anaconda3/lib/python3.9/site-packages/airflow/example_dags/example_short_circuit_decorator.py
[2025-02-23T00:22:09.993-0500] {processor.py:208} INFO - Processing /home/rafaelrb/anaconda3/lib/python3.9/site-packages/airflow/example_dags/example_short_circuit_decorator.py took 0.055 seconds
[2025-02-23T00:23:15.175-0500] {processor.py:186} INFO - Started process (PID=35262) to work on /home/rafaelrb/anaconda3/lib/python3.9/site-packages/airflow/example_dags/example_short_circuit_decorator.py
[2025-02-23T00:23:15.177-0500] {processor.py:914} INFO - Processing file /home/rafaelrb/anaconda3/lib/python3.9/site-packages/airflow/example_dags/example_short_circuit_decorator.py for tasks to queue
[2025-02-23T00:23:15.180-0500] {logging_mixin.py:190} INFO - [2025-02-23T00:23:15.179-0500] {dagbag.py:588} INFO - Filling up the DagBag from /home/rafaelrb/anaconda3/lib/python3.9/site-packages/airflow/example_dags/example_short_circuit_decorator.py
[2025-02-23T00:23:15.186-0500] {logging_mixin.py:190} INFO - [2025-02-23T00:23:15.185-0500] {dagbag.py:387} ERROR - Failed to import: /home/rafaelrb/anaconda3/lib/python3.9/site-packages/airflow/example_dags/example_short_circuit_decorator.py
Traceback (most recent call last):
  File "/home/rafaelrb/anaconda3/lib/python3.9/site-packages/airflow/models/dagbag.py", line 383, in parse
    loader.exec_module(new_module)
  File "<frozen importlib._bootstrap_external>", line 850, in exec_module
  File "<frozen importlib._bootstrap>", line 228, in _call_with_frames_removed
  File "/home/rafaelrb/anaconda3/lib/python3.9/site-packages/airflow/example_dags/example_short_circuit_decorator.py", line 61, in <module>
    example_dag = example_short_circuit_decorator()
  File "/home/rafaelrb/anaconda3/lib/python3.9/site-packages/airflow/models/dag.py", line 4307, in factory
    f(**f_kwargs)
  File "/home/rafaelrb/anaconda3/lib/python3.9/site-packages/airflow/example_dags/example_short_circuit_decorator.py", line 33, in example_short_circuit_decorator
    def check_condition(condition):
  File "/home/rafaelrb/anaconda3/lib/python3.9/site-packages/airflow/decorators/base.py", line 691, in decorator_factory
    return _TaskDecorator(
TypeError: _TaskDecorator() takes no arguments
[2025-02-23T00:23:15.187-0500] {processor.py:927} WARNING - No viable dags retrieved from /home/rafaelrb/anaconda3/lib/python3.9/site-packages/airflow/example_dags/example_short_circuit_decorator.py
[2025-02-23T00:23:15.218-0500] {processor.py:208} INFO - Processing /home/rafaelrb/anaconda3/lib/python3.9/site-packages/airflow/example_dags/example_short_circuit_decorator.py took 0.051 seconds
[2025-02-23T00:24:18.188-0500] {processor.py:186} INFO - Started process (PID=35340) to work on /home/rafaelrb/anaconda3/lib/python3.9/site-packages/airflow/example_dags/example_short_circuit_decorator.py
[2025-02-23T00:24:18.190-0500] {processor.py:914} INFO - Processing file /home/rafaelrb/anaconda3/lib/python3.9/site-packages/airflow/example_dags/example_short_circuit_decorator.py for tasks to queue
[2025-02-23T00:24:18.192-0500] {logging_mixin.py:190} INFO - [2025-02-23T00:24:18.192-0500] {dagbag.py:588} INFO - Filling up the DagBag from /home/rafaelrb/anaconda3/lib/python3.9/site-packages/airflow/example_dags/example_short_circuit_decorator.py
[2025-02-23T00:24:18.199-0500] {logging_mixin.py:190} INFO - [2025-02-23T00:24:18.198-0500] {dagbag.py:387} ERROR - Failed to import: /home/rafaelrb/anaconda3/lib/python3.9/site-packages/airflow/example_dags/example_short_circuit_decorator.py
Traceback (most recent call last):
  File "/home/rafaelrb/anaconda3/lib/python3.9/site-packages/airflow/models/dagbag.py", line 383, in parse
    loader.exec_module(new_module)
  File "<frozen importlib._bootstrap_external>", line 850, in exec_module
  File "<frozen importlib._bootstrap>", line 228, in _call_with_frames_removed
  File "/home/rafaelrb/anaconda3/lib/python3.9/site-packages/airflow/example_dags/example_short_circuit_decorator.py", line 61, in <module>
    example_dag = example_short_circuit_decorator()
  File "/home/rafaelrb/anaconda3/lib/python3.9/site-packages/airflow/models/dag.py", line 4307, in factory
    f(**f_kwargs)
  File "/home/rafaelrb/anaconda3/lib/python3.9/site-packages/airflow/example_dags/example_short_circuit_decorator.py", line 33, in example_short_circuit_decorator
    def check_condition(condition):
  File "/home/rafaelrb/anaconda3/lib/python3.9/site-packages/airflow/decorators/base.py", line 691, in decorator_factory
    return _TaskDecorator(
TypeError: _TaskDecorator() takes no arguments
[2025-02-23T00:24:18.200-0500] {processor.py:927} WARNING - No viable dags retrieved from /home/rafaelrb/anaconda3/lib/python3.9/site-packages/airflow/example_dags/example_short_circuit_decorator.py
[2025-02-23T00:24:18.250-0500] {processor.py:208} INFO - Processing /home/rafaelrb/anaconda3/lib/python3.9/site-packages/airflow/example_dags/example_short_circuit_decorator.py took 0.071 seconds
[2025-02-23T00:25:17.417-0500] {processor.py:186} INFO - Started process (PID=35406) to work on /home/rafaelrb/anaconda3/lib/python3.9/site-packages/airflow/example_dags/example_short_circuit_decorator.py
[2025-02-23T00:25:17.419-0500] {processor.py:914} INFO - Processing file /home/rafaelrb/anaconda3/lib/python3.9/site-packages/airflow/example_dags/example_short_circuit_decorator.py for tasks to queue
[2025-02-23T00:25:17.422-0500] {logging_mixin.py:190} INFO - [2025-02-23T00:25:17.422-0500] {dagbag.py:588} INFO - Filling up the DagBag from /home/rafaelrb/anaconda3/lib/python3.9/site-packages/airflow/example_dags/example_short_circuit_decorator.py
[2025-02-23T00:25:17.428-0500] {logging_mixin.py:190} INFO - [2025-02-23T00:25:17.427-0500] {dagbag.py:387} ERROR - Failed to import: /home/rafaelrb/anaconda3/lib/python3.9/site-packages/airflow/example_dags/example_short_circuit_decorator.py
Traceback (most recent call last):
  File "/home/rafaelrb/anaconda3/lib/python3.9/site-packages/airflow/models/dagbag.py", line 383, in parse
    loader.exec_module(new_module)
  File "<frozen importlib._bootstrap_external>", line 850, in exec_module
  File "<frozen importlib._bootstrap>", line 228, in _call_with_frames_removed
  File "/home/rafaelrb/anaconda3/lib/python3.9/site-packages/airflow/example_dags/example_short_circuit_decorator.py", line 61, in <module>
    example_dag = example_short_circuit_decorator()
  File "/home/rafaelrb/anaconda3/lib/python3.9/site-packages/airflow/models/dag.py", line 4307, in factory
    f(**f_kwargs)
  File "/home/rafaelrb/anaconda3/lib/python3.9/site-packages/airflow/example_dags/example_short_circuit_decorator.py", line 33, in example_short_circuit_decorator
    def check_condition(condition):
  File "/home/rafaelrb/anaconda3/lib/python3.9/site-packages/airflow/decorators/base.py", line 691, in decorator_factory
    return _TaskDecorator(
TypeError: _TaskDecorator() takes no arguments
[2025-02-23T00:25:17.429-0500] {processor.py:927} WARNING - No viable dags retrieved from /home/rafaelrb/anaconda3/lib/python3.9/site-packages/airflow/example_dags/example_short_circuit_decorator.py
[2025-02-23T00:25:17.463-0500] {processor.py:208} INFO - Processing /home/rafaelrb/anaconda3/lib/python3.9/site-packages/airflow/example_dags/example_short_circuit_decorator.py took 0.055 seconds
[2025-02-23T00:26:16.918-0500] {processor.py:186} INFO - Started process (PID=35482) to work on /home/rafaelrb/anaconda3/lib/python3.9/site-packages/airflow/example_dags/example_short_circuit_decorator.py
[2025-02-23T00:26:16.921-0500] {processor.py:914} INFO - Processing file /home/rafaelrb/anaconda3/lib/python3.9/site-packages/airflow/example_dags/example_short_circuit_decorator.py for tasks to queue
[2025-02-23T00:26:16.925-0500] {logging_mixin.py:190} INFO - [2025-02-23T00:26:16.925-0500] {dagbag.py:588} INFO - Filling up the DagBag from /home/rafaelrb/anaconda3/lib/python3.9/site-packages/airflow/example_dags/example_short_circuit_decorator.py
[2025-02-23T00:26:16.932-0500] {logging_mixin.py:190} INFO - [2025-02-23T00:26:16.930-0500] {dagbag.py:387} ERROR - Failed to import: /home/rafaelrb/anaconda3/lib/python3.9/site-packages/airflow/example_dags/example_short_circuit_decorator.py
Traceback (most recent call last):
  File "/home/rafaelrb/anaconda3/lib/python3.9/site-packages/airflow/models/dagbag.py", line 383, in parse
    loader.exec_module(new_module)
  File "<frozen importlib._bootstrap_external>", line 850, in exec_module
  File "<frozen importlib._bootstrap>", line 228, in _call_with_frames_removed
  File "/home/rafaelrb/anaconda3/lib/python3.9/site-packages/airflow/example_dags/example_short_circuit_decorator.py", line 61, in <module>
    example_dag = example_short_circuit_decorator()
  File "/home/rafaelrb/anaconda3/lib/python3.9/site-packages/airflow/models/dag.py", line 4307, in factory
    f(**f_kwargs)
  File "/home/rafaelrb/anaconda3/lib/python3.9/site-packages/airflow/example_dags/example_short_circuit_decorator.py", line 33, in example_short_circuit_decorator
    def check_condition(condition):
  File "/home/rafaelrb/anaconda3/lib/python3.9/site-packages/airflow/decorators/base.py", line 691, in decorator_factory
    return _TaskDecorator(
TypeError: _TaskDecorator() takes no arguments
[2025-02-23T00:26:16.932-0500] {processor.py:927} WARNING - No viable dags retrieved from /home/rafaelrb/anaconda3/lib/python3.9/site-packages/airflow/example_dags/example_short_circuit_decorator.py
[2025-02-23T00:26:16.965-0500] {processor.py:208} INFO - Processing /home/rafaelrb/anaconda3/lib/python3.9/site-packages/airflow/example_dags/example_short_circuit_decorator.py took 0.056 seconds
[2025-02-23T02:31:46.087-0500] {processor.py:186} INFO - Started process (PID=76027) to work on /home/rafaelrb/anaconda3/lib/python3.9/site-packages/airflow/example_dags/example_short_circuit_decorator.py
[2025-02-23T02:31:46.095-0500] {processor.py:914} INFO - Processing file /home/rafaelrb/anaconda3/lib/python3.9/site-packages/airflow/example_dags/example_short_circuit_decorator.py for tasks to queue
[2025-02-23T02:31:46.098-0500] {logging_mixin.py:190} INFO - [2025-02-23T02:31:46.097-0500] {dagbag.py:588} INFO - Filling up the DagBag from /home/rafaelrb/anaconda3/lib/python3.9/site-packages/airflow/example_dags/example_short_circuit_decorator.py
[2025-02-23T02:31:46.104-0500] {logging_mixin.py:190} INFO - [2025-02-23T02:31:46.103-0500] {dagbag.py:387} ERROR - Failed to import: /home/rafaelrb/anaconda3/lib/python3.9/site-packages/airflow/example_dags/example_short_circuit_decorator.py
Traceback (most recent call last):
  File "/home/rafaelrb/anaconda3/lib/python3.9/site-packages/airflow/models/dagbag.py", line 383, in parse
    loader.exec_module(new_module)
  File "<frozen importlib._bootstrap_external>", line 850, in exec_module
  File "<frozen importlib._bootstrap>", line 228, in _call_with_frames_removed
  File "/home/rafaelrb/anaconda3/lib/python3.9/site-packages/airflow/example_dags/example_short_circuit_decorator.py", line 61, in <module>
    example_dag = example_short_circuit_decorator()
  File "/home/rafaelrb/anaconda3/lib/python3.9/site-packages/airflow/models/dag.py", line 4307, in factory
    f(**f_kwargs)
  File "/home/rafaelrb/anaconda3/lib/python3.9/site-packages/airflow/example_dags/example_short_circuit_decorator.py", line 33, in example_short_circuit_decorator
    def check_condition(condition):
  File "/home/rafaelrb/anaconda3/lib/python3.9/site-packages/airflow/decorators/base.py", line 691, in decorator_factory
    return _TaskDecorator(
TypeError: _TaskDecorator() takes no arguments
[2025-02-23T02:31:46.105-0500] {processor.py:927} WARNING - No viable dags retrieved from /home/rafaelrb/anaconda3/lib/python3.9/site-packages/airflow/example_dags/example_short_circuit_decorator.py
[2025-02-23T02:31:46.137-0500] {processor.py:208} INFO - Processing /home/rafaelrb/anaconda3/lib/python3.9/site-packages/airflow/example_dags/example_short_circuit_decorator.py took 0.059 seconds
[2025-02-23T02:32:48.361-0500] {processor.py:186} INFO - Started process (PID=76447) to work on /home/rafaelrb/anaconda3/lib/python3.9/site-packages/airflow/example_dags/example_short_circuit_decorator.py
[2025-02-23T02:32:48.369-0500] {processor.py:914} INFO - Processing file /home/rafaelrb/anaconda3/lib/python3.9/site-packages/airflow/example_dags/example_short_circuit_decorator.py for tasks to queue
[2025-02-23T02:32:48.376-0500] {logging_mixin.py:190} INFO - [2025-02-23T02:32:48.375-0500] {dagbag.py:588} INFO - Filling up the DagBag from /home/rafaelrb/anaconda3/lib/python3.9/site-packages/airflow/example_dags/example_short_circuit_decorator.py
[2025-02-23T02:32:48.406-0500] {logging_mixin.py:190} INFO - [2025-02-23T02:32:48.395-0500] {dagbag.py:387} ERROR - Failed to import: /home/rafaelrb/anaconda3/lib/python3.9/site-packages/airflow/example_dags/example_short_circuit_decorator.py
Traceback (most recent call last):
  File "/home/rafaelrb/anaconda3/lib/python3.9/site-packages/airflow/models/dagbag.py", line 383, in parse
    loader.exec_module(new_module)
  File "<frozen importlib._bootstrap_external>", line 850, in exec_module
  File "<frozen importlib._bootstrap>", line 228, in _call_with_frames_removed
  File "/home/rafaelrb/anaconda3/lib/python3.9/site-packages/airflow/example_dags/example_short_circuit_decorator.py", line 61, in <module>
    example_dag = example_short_circuit_decorator()
  File "/home/rafaelrb/anaconda3/lib/python3.9/site-packages/airflow/models/dag.py", line 4307, in factory
    f(**f_kwargs)
  File "/home/rafaelrb/anaconda3/lib/python3.9/site-packages/airflow/example_dags/example_short_circuit_decorator.py", line 33, in example_short_circuit_decorator
    def check_condition(condition):
  File "/home/rafaelrb/anaconda3/lib/python3.9/site-packages/airflow/decorators/base.py", line 691, in decorator_factory
    return _TaskDecorator(
TypeError: _TaskDecorator() takes no arguments
[2025-02-23T02:32:48.407-0500] {processor.py:927} WARNING - No viable dags retrieved from /home/rafaelrb/anaconda3/lib/python3.9/site-packages/airflow/example_dags/example_short_circuit_decorator.py
[2025-02-23T02:32:48.513-0500] {processor.py:208} INFO - Processing /home/rafaelrb/anaconda3/lib/python3.9/site-packages/airflow/example_dags/example_short_circuit_decorator.py took 0.178 seconds
[2025-02-23T02:34:03.851-0500] {processor.py:186} INFO - Started process (PID=76859) to work on /home/rafaelrb/anaconda3/lib/python3.9/site-packages/airflow/example_dags/example_short_circuit_decorator.py
[2025-02-23T02:34:03.857-0500] {processor.py:914} INFO - Processing file /home/rafaelrb/anaconda3/lib/python3.9/site-packages/airflow/example_dags/example_short_circuit_decorator.py for tasks to queue
[2025-02-23T02:34:03.861-0500] {logging_mixin.py:190} INFO - [2025-02-23T02:34:03.860-0500] {dagbag.py:588} INFO - Filling up the DagBag from /home/rafaelrb/anaconda3/lib/python3.9/site-packages/airflow/example_dags/example_short_circuit_decorator.py
[2025-02-23T02:34:03.868-0500] {logging_mixin.py:190} INFO - [2025-02-23T02:34:03.867-0500] {dagbag.py:387} ERROR - Failed to import: /home/rafaelrb/anaconda3/lib/python3.9/site-packages/airflow/example_dags/example_short_circuit_decorator.py
Traceback (most recent call last):
  File "/home/rafaelrb/anaconda3/lib/python3.9/site-packages/airflow/models/dagbag.py", line 383, in parse
    loader.exec_module(new_module)
  File "<frozen importlib._bootstrap_external>", line 850, in exec_module
  File "<frozen importlib._bootstrap>", line 228, in _call_with_frames_removed
  File "/home/rafaelrb/anaconda3/lib/python3.9/site-packages/airflow/example_dags/example_short_circuit_decorator.py", line 61, in <module>
    example_dag = example_short_circuit_decorator()
  File "/home/rafaelrb/anaconda3/lib/python3.9/site-packages/airflow/models/dag.py", line 4307, in factory
    f(**f_kwargs)
  File "/home/rafaelrb/anaconda3/lib/python3.9/site-packages/airflow/example_dags/example_short_circuit_decorator.py", line 33, in example_short_circuit_decorator
    def check_condition(condition):
  File "/home/rafaelrb/anaconda3/lib/python3.9/site-packages/airflow/decorators/base.py", line 691, in decorator_factory
    return _TaskDecorator(
TypeError: _TaskDecorator() takes no arguments
[2025-02-23T02:34:03.869-0500] {processor.py:927} WARNING - No viable dags retrieved from /home/rafaelrb/anaconda3/lib/python3.9/site-packages/airflow/example_dags/example_short_circuit_decorator.py
[2025-02-23T02:34:03.897-0500] {processor.py:208} INFO - Processing /home/rafaelrb/anaconda3/lib/python3.9/site-packages/airflow/example_dags/example_short_circuit_decorator.py took 0.055 seconds
[2025-02-23T02:35:31.395-0500] {processor.py:186} INFO - Started process (PID=77201) to work on /home/rafaelrb/anaconda3/lib/python3.9/site-packages/airflow/example_dags/example_short_circuit_decorator.py
[2025-02-23T02:35:31.401-0500] {processor.py:914} INFO - Processing file /home/rafaelrb/anaconda3/lib/python3.9/site-packages/airflow/example_dags/example_short_circuit_decorator.py for tasks to queue
[2025-02-23T02:35:31.406-0500] {logging_mixin.py:190} INFO - [2025-02-23T02:35:31.405-0500] {dagbag.py:588} INFO - Filling up the DagBag from /home/rafaelrb/anaconda3/lib/python3.9/site-packages/airflow/example_dags/example_short_circuit_decorator.py
[2025-02-23T02:35:31.414-0500] {logging_mixin.py:190} INFO - [2025-02-23T02:35:31.412-0500] {dagbag.py:387} ERROR - Failed to import: /home/rafaelrb/anaconda3/lib/python3.9/site-packages/airflow/example_dags/example_short_circuit_decorator.py
Traceback (most recent call last):
  File "/home/rafaelrb/anaconda3/lib/python3.9/site-packages/airflow/models/dagbag.py", line 383, in parse
    loader.exec_module(new_module)
  File "<frozen importlib._bootstrap_external>", line 850, in exec_module
  File "<frozen importlib._bootstrap>", line 228, in _call_with_frames_removed
  File "/home/rafaelrb/anaconda3/lib/python3.9/site-packages/airflow/example_dags/example_short_circuit_decorator.py", line 61, in <module>
    example_dag = example_short_circuit_decorator()
  File "/home/rafaelrb/anaconda3/lib/python3.9/site-packages/airflow/models/dag.py", line 4307, in factory
    f(**f_kwargs)
  File "/home/rafaelrb/anaconda3/lib/python3.9/site-packages/airflow/example_dags/example_short_circuit_decorator.py", line 33, in example_short_circuit_decorator
    def check_condition(condition):
  File "/home/rafaelrb/anaconda3/lib/python3.9/site-packages/airflow/decorators/base.py", line 691, in decorator_factory
    return _TaskDecorator(
TypeError: _TaskDecorator() takes no arguments
[2025-02-23T02:35:31.415-0500] {processor.py:927} WARNING - No viable dags retrieved from /home/rafaelrb/anaconda3/lib/python3.9/site-packages/airflow/example_dags/example_short_circuit_decorator.py
[2025-02-23T02:35:31.447-0500] {processor.py:208} INFO - Processing /home/rafaelrb/anaconda3/lib/python3.9/site-packages/airflow/example_dags/example_short_circuit_decorator.py took 0.063 seconds
[2025-02-23T02:43:15.123-0500] {processor.py:186} INFO - Started process (PID=79057) to work on /home/rafaelrb/anaconda3/lib/python3.9/site-packages/airflow/example_dags/example_short_circuit_decorator.py
[2025-02-23T02:43:15.124-0500] {processor.py:914} INFO - Processing file /home/rafaelrb/anaconda3/lib/python3.9/site-packages/airflow/example_dags/example_short_circuit_decorator.py for tasks to queue
[2025-02-23T02:43:15.127-0500] {logging_mixin.py:190} INFO - [2025-02-23T02:43:15.127-0500] {dagbag.py:588} INFO - Filling up the DagBag from /home/rafaelrb/anaconda3/lib/python3.9/site-packages/airflow/example_dags/example_short_circuit_decorator.py
[2025-02-23T02:43:15.135-0500] {logging_mixin.py:190} INFO - [2025-02-23T02:43:15.132-0500] {dagbag.py:387} ERROR - Failed to import: /home/rafaelrb/anaconda3/lib/python3.9/site-packages/airflow/example_dags/example_short_circuit_decorator.py
Traceback (most recent call last):
  File "/home/rafaelrb/anaconda3/lib/python3.9/site-packages/airflow/models/dagbag.py", line 383, in parse
    loader.exec_module(new_module)
  File "<frozen importlib._bootstrap_external>", line 850, in exec_module
  File "<frozen importlib._bootstrap>", line 228, in _call_with_frames_removed
  File "/home/rafaelrb/anaconda3/lib/python3.9/site-packages/airflow/example_dags/example_short_circuit_decorator.py", line 61, in <module>
    example_dag = example_short_circuit_decorator()
  File "/home/rafaelrb/anaconda3/lib/python3.9/site-packages/airflow/models/dag.py", line 4307, in factory
    f(**f_kwargs)
  File "/home/rafaelrb/anaconda3/lib/python3.9/site-packages/airflow/example_dags/example_short_circuit_decorator.py", line 33, in example_short_circuit_decorator
    def check_condition(condition):
  File "/home/rafaelrb/anaconda3/lib/python3.9/site-packages/airflow/decorators/base.py", line 691, in decorator_factory
    return _TaskDecorator(
TypeError: _TaskDecorator() takes no arguments
[2025-02-23T02:43:15.135-0500] {processor.py:927} WARNING - No viable dags retrieved from /home/rafaelrb/anaconda3/lib/python3.9/site-packages/airflow/example_dags/example_short_circuit_decorator.py
[2025-02-23T02:43:15.170-0500] {processor.py:208} INFO - Processing /home/rafaelrb/anaconda3/lib/python3.9/site-packages/airflow/example_dags/example_short_circuit_decorator.py took 0.055 seconds
[2025-02-23T02:44:14.908-0500] {processor.py:186} INFO - Started process (PID=79259) to work on /home/rafaelrb/anaconda3/lib/python3.9/site-packages/airflow/example_dags/example_short_circuit_decorator.py
[2025-02-23T02:44:14.910-0500] {processor.py:914} INFO - Processing file /home/rafaelrb/anaconda3/lib/python3.9/site-packages/airflow/example_dags/example_short_circuit_decorator.py for tasks to queue
[2025-02-23T02:44:14.914-0500] {logging_mixin.py:190} INFO - [2025-02-23T02:44:14.913-0500] {dagbag.py:588} INFO - Filling up the DagBag from /home/rafaelrb/anaconda3/lib/python3.9/site-packages/airflow/example_dags/example_short_circuit_decorator.py
[2025-02-23T02:44:14.921-0500] {logging_mixin.py:190} INFO - [2025-02-23T02:44:14.919-0500] {dagbag.py:387} ERROR - Failed to import: /home/rafaelrb/anaconda3/lib/python3.9/site-packages/airflow/example_dags/example_short_circuit_decorator.py
Traceback (most recent call last):
  File "/home/rafaelrb/anaconda3/lib/python3.9/site-packages/airflow/models/dagbag.py", line 383, in parse
    loader.exec_module(new_module)
  File "<frozen importlib._bootstrap_external>", line 850, in exec_module
  File "<frozen importlib._bootstrap>", line 228, in _call_with_frames_removed
  File "/home/rafaelrb/anaconda3/lib/python3.9/site-packages/airflow/example_dags/example_short_circuit_decorator.py", line 61, in <module>
    example_dag = example_short_circuit_decorator()
  File "/home/rafaelrb/anaconda3/lib/python3.9/site-packages/airflow/models/dag.py", line 4307, in factory
    f(**f_kwargs)
  File "/home/rafaelrb/anaconda3/lib/python3.9/site-packages/airflow/example_dags/example_short_circuit_decorator.py", line 33, in example_short_circuit_decorator
    def check_condition(condition):
  File "/home/rafaelrb/anaconda3/lib/python3.9/site-packages/airflow/decorators/base.py", line 691, in decorator_factory
    return _TaskDecorator(
TypeError: _TaskDecorator() takes no arguments
[2025-02-23T02:44:14.922-0500] {processor.py:927} WARNING - No viable dags retrieved from /home/rafaelrb/anaconda3/lib/python3.9/site-packages/airflow/example_dags/example_short_circuit_decorator.py
[2025-02-23T02:44:14.962-0500] {processor.py:208} INFO - Processing /home/rafaelrb/anaconda3/lib/python3.9/site-packages/airflow/example_dags/example_short_circuit_decorator.py took 0.072 seconds
