[2025-02-22T23:43:56.587-0500] {processor.py:186} INFO - Started process (PID=26818) to work on /home/rafaelrb/anaconda3/lib/python3.9/site-packages/airflow/example_dags/example_branch_operator.py
[2025-02-22T23:43:56.588-0500] {processor.py:914} INFO - Processing file /home/rafaelrb/anaconda3/lib/python3.9/site-packages/airflow/example_dags/example_branch_operator.py for tasks to queue
[2025-02-22T23:43:56.591-0500] {logging_mixin.py:190} INFO - [2025-02-22T23:43:56.590-0500] {dagbag.py:588} INFO - Filling up the DagBag from /home/rafaelrb/anaconda3/lib/python3.9/site-packages/airflow/example_dags/example_branch_operator.py
[2025-02-22T23:43:56.654-0500] {processor.py:927} WARNING - No viable dags retrieved from /home/rafaelrb/anaconda3/lib/python3.9/site-packages/airflow/example_dags/example_branch_operator.py
[2025-02-22T23:43:56.671-0500] {processor.py:208} INFO - Processing /home/rafaelrb/anaconda3/lib/python3.9/site-packages/airflow/example_dags/example_branch_operator.py took 0.096 seconds
[2025-02-22T23:48:34.437-0500] {processor.py:186} INFO - Started process (PID=27432) to work on /home/rafaelrb/anaconda3/lib/python3.9/site-packages/airflow/example_dags/example_branch_operator.py
[2025-02-22T23:48:34.444-0500] {processor.py:914} INFO - Processing file /home/rafaelrb/anaconda3/lib/python3.9/site-packages/airflow/example_dags/example_branch_operator.py for tasks to queue
[2025-02-22T23:48:34.449-0500] {logging_mixin.py:190} INFO - [2025-02-22T23:48:34.448-0500] {dagbag.py:588} INFO - Filling up the DagBag from /home/rafaelrb/anaconda3/lib/python3.9/site-packages/airflow/example_dags/example_branch_operator.py
[2025-02-22T23:48:34.718-0500] {processor.py:927} WARNING - No viable dags retrieved from /home/rafaelrb/anaconda3/lib/python3.9/site-packages/airflow/example_dags/example_branch_operator.py
[2025-02-22T23:48:34.771-0500] {processor.py:208} INFO - Processing /home/rafaelrb/anaconda3/lib/python3.9/site-packages/airflow/example_dags/example_branch_operator.py took 0.339 seconds
[2025-02-22T23:49:42.374-0500] {processor.py:186} INFO - Started process (PID=27921) to work on /home/rafaelrb/anaconda3/lib/python3.9/site-packages/airflow/example_dags/example_branch_operator.py
[2025-02-22T23:49:42.377-0500] {processor.py:914} INFO - Processing file /home/rafaelrb/anaconda3/lib/python3.9/site-packages/airflow/example_dags/example_branch_operator.py for tasks to queue
[2025-02-22T23:49:42.380-0500] {logging_mixin.py:190} INFO - [2025-02-22T23:49:42.380-0500] {dagbag.py:588} INFO - Filling up the DagBag from /home/rafaelrb/anaconda3/lib/python3.9/site-packages/airflow/example_dags/example_branch_operator.py
[2025-02-22T23:49:42.458-0500] {processor.py:927} WARNING - No viable dags retrieved from /home/rafaelrb/anaconda3/lib/python3.9/site-packages/airflow/example_dags/example_branch_operator.py
[2025-02-22T23:49:42.471-0500] {processor.py:208} INFO - Processing /home/rafaelrb/anaconda3/lib/python3.9/site-packages/airflow/example_dags/example_branch_operator.py took 0.108 seconds
[2025-02-22T23:50:40.334-0500] {processor.py:186} INFO - Started process (PID=28366) to work on /home/rafaelrb/anaconda3/lib/python3.9/site-packages/airflow/example_dags/example_branch_operator.py
[2025-02-22T23:50:40.336-0500] {processor.py:914} INFO - Processing file /home/rafaelrb/anaconda3/lib/python3.9/site-packages/airflow/example_dags/example_branch_operator.py for tasks to queue
[2025-02-22T23:50:40.339-0500] {logging_mixin.py:190} INFO - [2025-02-22T23:50:40.338-0500] {dagbag.py:588} INFO - Filling up the DagBag from /home/rafaelrb/anaconda3/lib/python3.9/site-packages/airflow/example_dags/example_branch_operator.py
[2025-02-22T23:50:40.395-0500] {processor.py:927} WARNING - No viable dags retrieved from /home/rafaelrb/anaconda3/lib/python3.9/site-packages/airflow/example_dags/example_branch_operator.py
[2025-02-22T23:50:40.408-0500] {processor.py:208} INFO - Processing /home/rafaelrb/anaconda3/lib/python3.9/site-packages/airflow/example_dags/example_branch_operator.py took 0.083 seconds
[2025-02-22T23:51:38.485-0500] {processor.py:186} INFO - Started process (PID=28737) to work on /home/rafaelrb/anaconda3/lib/python3.9/site-packages/airflow/example_dags/example_branch_operator.py
[2025-02-22T23:51:38.486-0500] {processor.py:914} INFO - Processing file /home/rafaelrb/anaconda3/lib/python3.9/site-packages/airflow/example_dags/example_branch_operator.py for tasks to queue
[2025-02-22T23:51:38.489-0500] {logging_mixin.py:190} INFO - [2025-02-22T23:51:38.489-0500] {dagbag.py:588} INFO - Filling up the DagBag from /home/rafaelrb/anaconda3/lib/python3.9/site-packages/airflow/example_dags/example_branch_operator.py
[2025-02-22T23:51:38.550-0500] {processor.py:927} WARNING - No viable dags retrieved from /home/rafaelrb/anaconda3/lib/python3.9/site-packages/airflow/example_dags/example_branch_operator.py
[2025-02-22T23:51:38.563-0500] {processor.py:208} INFO - Processing /home/rafaelrb/anaconda3/lib/python3.9/site-packages/airflow/example_dags/example_branch_operator.py took 0.087 seconds
[2025-02-22T23:52:39.285-0500] {processor.py:186} INFO - Started process (PID=29197) to work on /home/rafaelrb/anaconda3/lib/python3.9/site-packages/airflow/example_dags/example_branch_operator.py
[2025-02-22T23:52:39.287-0500] {processor.py:914} INFO - Processing file /home/rafaelrb/anaconda3/lib/python3.9/site-packages/airflow/example_dags/example_branch_operator.py for tasks to queue
[2025-02-22T23:52:39.300-0500] {logging_mixin.py:190} INFO - [2025-02-22T23:52:39.290-0500] {dagbag.py:588} INFO - Filling up the DagBag from /home/rafaelrb/anaconda3/lib/python3.9/site-packages/airflow/example_dags/example_branch_operator.py
[2025-02-22T23:52:39.387-0500] {processor.py:927} WARNING - No viable dags retrieved from /home/rafaelrb/anaconda3/lib/python3.9/site-packages/airflow/example_dags/example_branch_operator.py
[2025-02-22T23:52:39.406-0500] {processor.py:208} INFO - Processing /home/rafaelrb/anaconda3/lib/python3.9/site-packages/airflow/example_dags/example_branch_operator.py took 0.137 seconds
[2025-02-22T23:54:12.201-0500] {processor.py:186} INFO - Started process (PID=29850) to work on /home/rafaelrb/anaconda3/lib/python3.9/site-packages/airflow/example_dags/example_branch_operator.py
[2025-02-22T23:54:12.217-0500] {processor.py:914} INFO - Processing file /home/rafaelrb/anaconda3/lib/python3.9/site-packages/airflow/example_dags/example_branch_operator.py for tasks to queue
[2025-02-22T23:54:12.222-0500] {logging_mixin.py:190} INFO - [2025-02-22T23:54:12.221-0500] {dagbag.py:588} INFO - Filling up the DagBag from /home/rafaelrb/anaconda3/lib/python3.9/site-packages/airflow/example_dags/example_branch_operator.py
[2025-02-22T23:54:12.475-0500] {processor.py:927} WARNING - No viable dags retrieved from /home/rafaelrb/anaconda3/lib/python3.9/site-packages/airflow/example_dags/example_branch_operator.py
[2025-02-22T23:54:12.505-0500] {processor.py:208} INFO - Processing /home/rafaelrb/anaconda3/lib/python3.9/site-packages/airflow/example_dags/example_branch_operator.py took 0.323 seconds
[2025-02-22T23:55:15.780-0500] {processor.py:186} INFO - Started process (PID=30295) to work on /home/rafaelrb/anaconda3/lib/python3.9/site-packages/airflow/example_dags/example_branch_operator.py
[2025-02-22T23:55:15.783-0500] {processor.py:914} INFO - Processing file /home/rafaelrb/anaconda3/lib/python3.9/site-packages/airflow/example_dags/example_branch_operator.py for tasks to queue
[2025-02-22T23:55:15.787-0500] {logging_mixin.py:190} INFO - [2025-02-22T23:55:15.786-0500] {dagbag.py:588} INFO - Filling up the DagBag from /home/rafaelrb/anaconda3/lib/python3.9/site-packages/airflow/example_dags/example_branch_operator.py
[2025-02-22T23:55:15.854-0500] {processor.py:927} WARNING - No viable dags retrieved from /home/rafaelrb/anaconda3/lib/python3.9/site-packages/airflow/example_dags/example_branch_operator.py
[2025-02-22T23:55:15.873-0500] {processor.py:208} INFO - Processing /home/rafaelrb/anaconda3/lib/python3.9/site-packages/airflow/example_dags/example_branch_operator.py took 0.108 seconds
[2025-02-22T23:58:25.946-0500] {processor.py:186} INFO - Started process (PID=30751) to work on /home/rafaelrb/anaconda3/lib/python3.9/site-packages/airflow/example_dags/example_branch_operator.py
[2025-02-22T23:58:25.947-0500] {processor.py:914} INFO - Processing file /home/rafaelrb/anaconda3/lib/python3.9/site-packages/airflow/example_dags/example_branch_operator.py for tasks to queue
[2025-02-22T23:58:25.950-0500] {logging_mixin.py:190} INFO - [2025-02-22T23:58:25.950-0500] {dagbag.py:588} INFO - Filling up the DagBag from /home/rafaelrb/anaconda3/lib/python3.9/site-packages/airflow/example_dags/example_branch_operator.py
[2025-02-22T23:58:26.007-0500] {processor.py:927} WARNING - No viable dags retrieved from /home/rafaelrb/anaconda3/lib/python3.9/site-packages/airflow/example_dags/example_branch_operator.py
[2025-02-22T23:58:26.020-0500] {processor.py:208} INFO - Processing /home/rafaelrb/anaconda3/lib/python3.9/site-packages/airflow/example_dags/example_branch_operator.py took 0.083 seconds
[2025-02-22T23:59:32.391-0500] {processor.py:186} INFO - Started process (PID=31250) to work on /home/rafaelrb/anaconda3/lib/python3.9/site-packages/airflow/example_dags/example_branch_operator.py
[2025-02-22T23:59:32.393-0500] {processor.py:914} INFO - Processing file /home/rafaelrb/anaconda3/lib/python3.9/site-packages/airflow/example_dags/example_branch_operator.py for tasks to queue
[2025-02-22T23:59:32.396-0500] {logging_mixin.py:190} INFO - [2025-02-22T23:59:32.395-0500] {dagbag.py:588} INFO - Filling up the DagBag from /home/rafaelrb/anaconda3/lib/python3.9/site-packages/airflow/example_dags/example_branch_operator.py
[2025-02-22T23:59:32.489-0500] {processor.py:927} WARNING - No viable dags retrieved from /home/rafaelrb/anaconda3/lib/python3.9/site-packages/airflow/example_dags/example_branch_operator.py
[2025-02-22T23:59:32.505-0500] {processor.py:208} INFO - Processing /home/rafaelrb/anaconda3/lib/python3.9/site-packages/airflow/example_dags/example_branch_operator.py took 0.129 seconds
[2025-02-23T00:00:55.435-0500] {processor.py:186} INFO - Started process (PID=31773) to work on /home/rafaelrb/anaconda3/lib/python3.9/site-packages/airflow/example_dags/example_branch_operator.py
[2025-02-23T00:00:55.438-0500] {processor.py:914} INFO - Processing file /home/rafaelrb/anaconda3/lib/python3.9/site-packages/airflow/example_dags/example_branch_operator.py for tasks to queue
[2025-02-23T00:00:55.441-0500] {logging_mixin.py:190} INFO - [2025-02-23T00:00:55.441-0500] {dagbag.py:588} INFO - Filling up the DagBag from /home/rafaelrb/anaconda3/lib/python3.9/site-packages/airflow/example_dags/example_branch_operator.py
[2025-02-23T00:00:55.513-0500] {processor.py:927} WARNING - No viable dags retrieved from /home/rafaelrb/anaconda3/lib/python3.9/site-packages/airflow/example_dags/example_branch_operator.py
[2025-02-23T00:00:55.530-0500] {processor.py:208} INFO - Processing /home/rafaelrb/anaconda3/lib/python3.9/site-packages/airflow/example_dags/example_branch_operator.py took 0.104 seconds
[2025-02-23T00:01:56.966-0500] {processor.py:186} INFO - Started process (PID=32184) to work on /home/rafaelrb/anaconda3/lib/python3.9/site-packages/airflow/example_dags/example_branch_operator.py
[2025-02-23T00:01:56.968-0500] {processor.py:914} INFO - Processing file /home/rafaelrb/anaconda3/lib/python3.9/site-packages/airflow/example_dags/example_branch_operator.py for tasks to queue
[2025-02-23T00:01:56.970-0500] {logging_mixin.py:190} INFO - [2025-02-23T00:01:56.970-0500] {dagbag.py:588} INFO - Filling up the DagBag from /home/rafaelrb/anaconda3/lib/python3.9/site-packages/airflow/example_dags/example_branch_operator.py
[2025-02-23T00:01:57.032-0500] {processor.py:927} WARNING - No viable dags retrieved from /home/rafaelrb/anaconda3/lib/python3.9/site-packages/airflow/example_dags/example_branch_operator.py
[2025-02-23T00:01:57.045-0500] {processor.py:208} INFO - Processing /home/rafaelrb/anaconda3/lib/python3.9/site-packages/airflow/example_dags/example_branch_operator.py took 0.087 seconds
[2025-02-23T00:11:35.219-0500] {processor.py:186} INFO - Started process (PID=34455) to work on /home/rafaelrb/anaconda3/lib/python3.9/site-packages/airflow/example_dags/example_branch_operator.py
[2025-02-23T00:11:35.221-0500] {processor.py:914} INFO - Processing file /home/rafaelrb/anaconda3/lib/python3.9/site-packages/airflow/example_dags/example_branch_operator.py for tasks to queue
[2025-02-23T00:11:35.228-0500] {logging_mixin.py:190} INFO - [2025-02-23T00:11:35.227-0500] {dagbag.py:588} INFO - Filling up the DagBag from /home/rafaelrb/anaconda3/lib/python3.9/site-packages/airflow/example_dags/example_branch_operator.py
[2025-02-23T00:11:35.333-0500] {processor.py:927} WARNING - No viable dags retrieved from /home/rafaelrb/anaconda3/lib/python3.9/site-packages/airflow/example_dags/example_branch_operator.py
[2025-02-23T00:11:35.371-0500] {processor.py:208} INFO - Processing /home/rafaelrb/anaconda3/lib/python3.9/site-packages/airflow/example_dags/example_branch_operator.py took 0.168 seconds
[2025-02-23T00:12:49.924-0500] {processor.py:186} INFO - Started process (PID=34569) to work on /home/rafaelrb/anaconda3/lib/python3.9/site-packages/airflow/example_dags/example_branch_operator.py
[2025-02-23T00:12:49.931-0500] {processor.py:914} INFO - Processing file /home/rafaelrb/anaconda3/lib/python3.9/site-packages/airflow/example_dags/example_branch_operator.py for tasks to queue
[2025-02-23T00:12:49.934-0500] {logging_mixin.py:190} INFO - [2025-02-23T00:12:49.934-0500] {dagbag.py:588} INFO - Filling up the DagBag from /home/rafaelrb/anaconda3/lib/python3.9/site-packages/airflow/example_dags/example_branch_operator.py
[2025-02-23T00:12:50.005-0500] {processor.py:927} WARNING - No viable dags retrieved from /home/rafaelrb/anaconda3/lib/python3.9/site-packages/airflow/example_dags/example_branch_operator.py
[2025-02-23T00:12:50.019-0500] {processor.py:208} INFO - Processing /home/rafaelrb/anaconda3/lib/python3.9/site-packages/airflow/example_dags/example_branch_operator.py took 0.104 seconds
[2025-02-23T00:13:48.606-0500] {processor.py:186} INFO - Started process (PID=34638) to work on /home/rafaelrb/anaconda3/lib/python3.9/site-packages/airflow/example_dags/example_branch_operator.py
[2025-02-23T00:13:48.611-0500] {processor.py:914} INFO - Processing file /home/rafaelrb/anaconda3/lib/python3.9/site-packages/airflow/example_dags/example_branch_operator.py for tasks to queue
[2025-02-23T00:13:48.620-0500] {logging_mixin.py:190} INFO - [2025-02-23T00:13:48.615-0500] {dagbag.py:588} INFO - Filling up the DagBag from /home/rafaelrb/anaconda3/lib/python3.9/site-packages/airflow/example_dags/example_branch_operator.py
[2025-02-23T00:13:48.693-0500] {processor.py:927} WARNING - No viable dags retrieved from /home/rafaelrb/anaconda3/lib/python3.9/site-packages/airflow/example_dags/example_branch_operator.py
[2025-02-23T00:13:48.713-0500] {processor.py:208} INFO - Processing /home/rafaelrb/anaconda3/lib/python3.9/site-packages/airflow/example_dags/example_branch_operator.py took 0.125 seconds
[2025-02-23T00:14:46.982-0500] {processor.py:186} INFO - Started process (PID=34711) to work on /home/rafaelrb/anaconda3/lib/python3.9/site-packages/airflow/example_dags/example_branch_operator.py
[2025-02-23T00:14:46.995-0500] {processor.py:914} INFO - Processing file /home/rafaelrb/anaconda3/lib/python3.9/site-packages/airflow/example_dags/example_branch_operator.py for tasks to queue
[2025-02-23T00:14:47.001-0500] {logging_mixin.py:190} INFO - [2025-02-23T00:14:47.000-0500] {dagbag.py:588} INFO - Filling up the DagBag from /home/rafaelrb/anaconda3/lib/python3.9/site-packages/airflow/example_dags/example_branch_operator.py
[2025-02-23T00:14:47.142-0500] {processor.py:927} WARNING - No viable dags retrieved from /home/rafaelrb/anaconda3/lib/python3.9/site-packages/airflow/example_dags/example_branch_operator.py
[2025-02-23T00:14:47.186-0500] {processor.py:208} INFO - Processing /home/rafaelrb/anaconda3/lib/python3.9/site-packages/airflow/example_dags/example_branch_operator.py took 0.232 seconds
[2025-02-23T00:15:56.498-0500] {processor.py:186} INFO - Started process (PID=34836) to work on /home/rafaelrb/anaconda3/lib/python3.9/site-packages/airflow/example_dags/example_branch_operator.py
[2025-02-23T00:15:56.505-0500] {processor.py:914} INFO - Processing file /home/rafaelrb/anaconda3/lib/python3.9/site-packages/airflow/example_dags/example_branch_operator.py for tasks to queue
[2025-02-23T00:15:56.508-0500] {logging_mixin.py:190} INFO - [2025-02-23T00:15:56.507-0500] {dagbag.py:588} INFO - Filling up the DagBag from /home/rafaelrb/anaconda3/lib/python3.9/site-packages/airflow/example_dags/example_branch_operator.py
[2025-02-23T00:15:56.565-0500] {processor.py:927} WARNING - No viable dags retrieved from /home/rafaelrb/anaconda3/lib/python3.9/site-packages/airflow/example_dags/example_branch_operator.py
[2025-02-23T00:15:56.578-0500] {processor.py:208} INFO - Processing /home/rafaelrb/anaconda3/lib/python3.9/site-packages/airflow/example_dags/example_branch_operator.py took 0.088 seconds
[2025-02-23T00:17:01.435-0500] {processor.py:186} INFO - Started process (PID=34917) to work on /home/rafaelrb/anaconda3/lib/python3.9/site-packages/airflow/example_dags/example_branch_operator.py
[2025-02-23T00:17:01.437-0500] {processor.py:914} INFO - Processing file /home/rafaelrb/anaconda3/lib/python3.9/site-packages/airflow/example_dags/example_branch_operator.py for tasks to queue
[2025-02-23T00:17:01.440-0500] {logging_mixin.py:190} INFO - [2025-02-23T00:17:01.439-0500] {dagbag.py:588} INFO - Filling up the DagBag from /home/rafaelrb/anaconda3/lib/python3.9/site-packages/airflow/example_dags/example_branch_operator.py
[2025-02-23T00:17:01.495-0500] {processor.py:927} WARNING - No viable dags retrieved from /home/rafaelrb/anaconda3/lib/python3.9/site-packages/airflow/example_dags/example_branch_operator.py
[2025-02-23T00:17:01.508-0500] {processor.py:208} INFO - Processing /home/rafaelrb/anaconda3/lib/python3.9/site-packages/airflow/example_dags/example_branch_operator.py took 0.081 seconds
[2025-02-23T00:18:00.900-0500] {processor.py:186} INFO - Started process (PID=34986) to work on /home/rafaelrb/anaconda3/lib/python3.9/site-packages/airflow/example_dags/example_branch_operator.py
[2025-02-23T00:18:00.902-0500] {processor.py:914} INFO - Processing file /home/rafaelrb/anaconda3/lib/python3.9/site-packages/airflow/example_dags/example_branch_operator.py for tasks to queue
[2025-02-23T00:18:00.905-0500] {logging_mixin.py:190} INFO - [2025-02-23T00:18:00.905-0500] {dagbag.py:588} INFO - Filling up the DagBag from /home/rafaelrb/anaconda3/lib/python3.9/site-packages/airflow/example_dags/example_branch_operator.py
[2025-02-23T00:18:00.984-0500] {processor.py:927} WARNING - No viable dags retrieved from /home/rafaelrb/anaconda3/lib/python3.9/site-packages/airflow/example_dags/example_branch_operator.py
[2025-02-23T00:18:00.997-0500] {processor.py:208} INFO - Processing /home/rafaelrb/anaconda3/lib/python3.9/site-packages/airflow/example_dags/example_branch_operator.py took 0.106 seconds
[2025-02-23T00:22:15.129-0500] {processor.py:186} INFO - Started process (PID=35200) to work on /home/rafaelrb/anaconda3/lib/python3.9/site-packages/airflow/example_dags/example_branch_operator.py
[2025-02-23T00:22:15.130-0500] {processor.py:914} INFO - Processing file /home/rafaelrb/anaconda3/lib/python3.9/site-packages/airflow/example_dags/example_branch_operator.py for tasks to queue
[2025-02-23T00:22:15.133-0500] {logging_mixin.py:190} INFO - [2025-02-23T00:22:15.133-0500] {dagbag.py:588} INFO - Filling up the DagBag from /home/rafaelrb/anaconda3/lib/python3.9/site-packages/airflow/example_dags/example_branch_operator.py
[2025-02-23T00:22:15.203-0500] {processor.py:927} WARNING - No viable dags retrieved from /home/rafaelrb/anaconda3/lib/python3.9/site-packages/airflow/example_dags/example_branch_operator.py
[2025-02-23T00:22:15.218-0500] {processor.py:208} INFO - Processing /home/rafaelrb/anaconda3/lib/python3.9/site-packages/airflow/example_dags/example_branch_operator.py took 0.102 seconds
[2025-02-23T00:23:20.099-0500] {processor.py:186} INFO - Started process (PID=35267) to work on /home/rafaelrb/anaconda3/lib/python3.9/site-packages/airflow/example_dags/example_branch_operator.py
[2025-02-23T00:23:20.106-0500] {processor.py:914} INFO - Processing file /home/rafaelrb/anaconda3/lib/python3.9/site-packages/airflow/example_dags/example_branch_operator.py for tasks to queue
[2025-02-23T00:23:20.109-0500] {logging_mixin.py:190} INFO - [2025-02-23T00:23:20.108-0500] {dagbag.py:588} INFO - Filling up the DagBag from /home/rafaelrb/anaconda3/lib/python3.9/site-packages/airflow/example_dags/example_branch_operator.py
[2025-02-23T00:23:20.180-0500] {processor.py:927} WARNING - No viable dags retrieved from /home/rafaelrb/anaconda3/lib/python3.9/site-packages/airflow/example_dags/example_branch_operator.py
[2025-02-23T00:23:20.192-0500] {processor.py:208} INFO - Processing /home/rafaelrb/anaconda3/lib/python3.9/site-packages/airflow/example_dags/example_branch_operator.py took 0.102 seconds
[2025-02-23T00:24:23.538-0500] {processor.py:186} INFO - Started process (PID=35345) to work on /home/rafaelrb/anaconda3/lib/python3.9/site-packages/airflow/example_dags/example_branch_operator.py
[2025-02-23T00:24:23.541-0500] {processor.py:914} INFO - Processing file /home/rafaelrb/anaconda3/lib/python3.9/site-packages/airflow/example_dags/example_branch_operator.py for tasks to queue
[2025-02-23T00:24:23.544-0500] {logging_mixin.py:190} INFO - [2025-02-23T00:24:23.544-0500] {dagbag.py:588} INFO - Filling up the DagBag from /home/rafaelrb/anaconda3/lib/python3.9/site-packages/airflow/example_dags/example_branch_operator.py
[2025-02-23T00:24:23.640-0500] {processor.py:927} WARNING - No viable dags retrieved from /home/rafaelrb/anaconda3/lib/python3.9/site-packages/airflow/example_dags/example_branch_operator.py
[2025-02-23T00:24:23.654-0500] {processor.py:208} INFO - Processing /home/rafaelrb/anaconda3/lib/python3.9/site-packages/airflow/example_dags/example_branch_operator.py took 0.124 seconds
[2025-02-23T00:25:22.582-0500] {processor.py:186} INFO - Started process (PID=35411) to work on /home/rafaelrb/anaconda3/lib/python3.9/site-packages/airflow/example_dags/example_branch_operator.py
[2025-02-23T00:25:22.589-0500] {processor.py:914} INFO - Processing file /home/rafaelrb/anaconda3/lib/python3.9/site-packages/airflow/example_dags/example_branch_operator.py for tasks to queue
[2025-02-23T00:25:22.592-0500] {logging_mixin.py:190} INFO - [2025-02-23T00:25:22.591-0500] {dagbag.py:588} INFO - Filling up the DagBag from /home/rafaelrb/anaconda3/lib/python3.9/site-packages/airflow/example_dags/example_branch_operator.py
[2025-02-23T00:25:22.656-0500] {processor.py:927} WARNING - No viable dags retrieved from /home/rafaelrb/anaconda3/lib/python3.9/site-packages/airflow/example_dags/example_branch_operator.py
[2025-02-23T00:25:22.672-0500] {processor.py:208} INFO - Processing /home/rafaelrb/anaconda3/lib/python3.9/site-packages/airflow/example_dags/example_branch_operator.py took 0.099 seconds
[2025-02-23T00:26:22.177-0500] {processor.py:186} INFO - Started process (PID=35487) to work on /home/rafaelrb/anaconda3/lib/python3.9/site-packages/airflow/example_dags/example_branch_operator.py
[2025-02-23T00:26:22.179-0500] {processor.py:914} INFO - Processing file /home/rafaelrb/anaconda3/lib/python3.9/site-packages/airflow/example_dags/example_branch_operator.py for tasks to queue
[2025-02-23T00:26:22.182-0500] {logging_mixin.py:190} INFO - [2025-02-23T00:26:22.181-0500] {dagbag.py:588} INFO - Filling up the DagBag from /home/rafaelrb/anaconda3/lib/python3.9/site-packages/airflow/example_dags/example_branch_operator.py
[2025-02-23T00:26:22.258-0500] {processor.py:927} WARNING - No viable dags retrieved from /home/rafaelrb/anaconda3/lib/python3.9/site-packages/airflow/example_dags/example_branch_operator.py
[2025-02-23T00:26:22.271-0500] {processor.py:208} INFO - Processing /home/rafaelrb/anaconda3/lib/python3.9/site-packages/airflow/example_dags/example_branch_operator.py took 0.104 seconds
[2025-02-23T02:32:13.353-0500] {processor.py:186} INFO - Started process (PID=76249) to work on /home/rafaelrb/anaconda3/lib/python3.9/site-packages/airflow/example_dags/example_branch_operator.py
[2025-02-23T02:32:13.361-0500] {processor.py:914} INFO - Processing file /home/rafaelrb/anaconda3/lib/python3.9/site-packages/airflow/example_dags/example_branch_operator.py for tasks to queue
[2025-02-23T02:32:13.365-0500] {logging_mixin.py:190} INFO - [2025-02-23T02:32:13.365-0500] {dagbag.py:588} INFO - Filling up the DagBag from /home/rafaelrb/anaconda3/lib/python3.9/site-packages/airflow/example_dags/example_branch_operator.py
[2025-02-23T02:32:13.402-0500] {processor.py:927} WARNING - No viable dags retrieved from /home/rafaelrb/anaconda3/lib/python3.9/site-packages/airflow/example_dags/example_branch_operator.py
[2025-02-23T02:32:13.415-0500] {processor.py:208} INFO - Processing /home/rafaelrb/anaconda3/lib/python3.9/site-packages/airflow/example_dags/example_branch_operator.py took 0.072 seconds
[2025-02-23T02:33:28.468-0500] {processor.py:186} INFO - Started process (PID=76706) to work on /home/rafaelrb/anaconda3/lib/python3.9/site-packages/airflow/example_dags/example_branch_operator.py
[2025-02-23T02:33:28.470-0500] {processor.py:914} INFO - Processing file /home/rafaelrb/anaconda3/lib/python3.9/site-packages/airflow/example_dags/example_branch_operator.py for tasks to queue
[2025-02-23T02:33:28.475-0500] {logging_mixin.py:190} INFO - [2025-02-23T02:33:28.475-0500] {dagbag.py:588} INFO - Filling up the DagBag from /home/rafaelrb/anaconda3/lib/python3.9/site-packages/airflow/example_dags/example_branch_operator.py
[2025-02-23T02:33:28.538-0500] {processor.py:927} WARNING - No viable dags retrieved from /home/rafaelrb/anaconda3/lib/python3.9/site-packages/airflow/example_dags/example_branch_operator.py
[2025-02-23T02:33:28.555-0500] {processor.py:208} INFO - Processing /home/rafaelrb/anaconda3/lib/python3.9/site-packages/airflow/example_dags/example_branch_operator.py took 0.099 seconds
[2025-02-23T02:34:50.967-0500] {processor.py:186} INFO - Started process (PID=77038) to work on /home/rafaelrb/anaconda3/lib/python3.9/site-packages/airflow/example_dags/example_branch_operator.py
[2025-02-23T02:34:50.969-0500] {processor.py:914} INFO - Processing file /home/rafaelrb/anaconda3/lib/python3.9/site-packages/airflow/example_dags/example_branch_operator.py for tasks to queue
[2025-02-23T02:34:50.973-0500] {logging_mixin.py:190} INFO - [2025-02-23T02:34:50.972-0500] {dagbag.py:588} INFO - Filling up the DagBag from /home/rafaelrb/anaconda3/lib/python3.9/site-packages/airflow/example_dags/example_branch_operator.py
[2025-02-23T02:34:51.028-0500] {processor.py:927} WARNING - No viable dags retrieved from /home/rafaelrb/anaconda3/lib/python3.9/site-packages/airflow/example_dags/example_branch_operator.py
[2025-02-23T02:34:51.043-0500] {processor.py:208} INFO - Processing /home/rafaelrb/anaconda3/lib/python3.9/site-packages/airflow/example_dags/example_branch_operator.py took 0.089 seconds
[2025-02-23T02:43:53.906-0500] {processor.py:186} INFO - Started process (PID=79185) to work on /home/rafaelrb/anaconda3/lib/python3.9/site-packages/airflow/example_dags/example_branch_operator.py
[2025-02-23T02:43:53.908-0500] {processor.py:914} INFO - Processing file /home/rafaelrb/anaconda3/lib/python3.9/site-packages/airflow/example_dags/example_branch_operator.py for tasks to queue
[2025-02-23T02:43:53.911-0500] {logging_mixin.py:190} INFO - [2025-02-23T02:43:53.910-0500] {dagbag.py:588} INFO - Filling up the DagBag from /home/rafaelrb/anaconda3/lib/python3.9/site-packages/airflow/example_dags/example_branch_operator.py
[2025-02-23T02:43:53.968-0500] {processor.py:927} WARNING - No viable dags retrieved from /home/rafaelrb/anaconda3/lib/python3.9/site-packages/airflow/example_dags/example_branch_operator.py
[2025-02-23T02:43:53.986-0500] {processor.py:208} INFO - Processing /home/rafaelrb/anaconda3/lib/python3.9/site-packages/airflow/example_dags/example_branch_operator.py took 0.089 seconds
