[2025-02-22T23:44:15.396-0500] {processor.py:186} INFO - Started process (PID=26974) to work on /home/rafaelrb/anaconda3/lib/python3.9/site-packages/airflow/example_dags/example_branch_datetime_operator.py
[2025-02-22T23:44:15.398-0500] {processor.py:914} INFO - Processing file /home/rafaelrb/anaconda3/lib/python3.9/site-packages/airflow/example_dags/example_branch_datetime_operator.py for tasks to queue
[2025-02-22T23:44:15.401-0500] {logging_mixin.py:190} INFO - [2025-02-22T23:44:15.400-0500] {dagbag.py:588} INFO - Filling up the DagBag from /home/rafaelrb/anaconda3/lib/python3.9/site-packages/airflow/example_dags/example_branch_datetime_operator.py
[2025-02-22T23:44:15.430-0500] {processor.py:925} INFO - DAG(s) 'example_branch_datetime_operator_2', 'example_branch_datetime_operator', 'example_branch_datetime_operator_3' retrieved from /home/rafaelrb/anaconda3/lib/python3.9/site-packages/airflow/example_dags/example_branch_datetime_operator.py
[2025-02-22T23:44:15.655-0500] {logging_mixin.py:190} INFO - [2025-02-22T23:44:15.653-0500] {override.py:1930} INFO - Created Permission View: can read on DAG:example_branch_datetime_operator_2
[2025-02-22T23:44:15.677-0500] {logging_mixin.py:190} INFO - [2025-02-22T23:44:15.676-0500] {override.py:1930} INFO - Created Permission View: can delete on DAG:example_branch_datetime_operator_2
[2025-02-22T23:44:15.702-0500] {logging_mixin.py:190} INFO - [2025-02-22T23:44:15.700-0500] {override.py:1930} INFO - Created Permission View: can edit on DAG:example_branch_datetime_operator_2
[2025-02-22T23:44:15.740-0500] {logging_mixin.py:190} INFO - [2025-02-22T23:44:15.739-0500] {override.py:1930} INFO - Created Permission View: can read on DAG Run:example_branch_datetime_operator_2
[2025-02-22T23:44:15.760-0500] {logging_mixin.py:190} INFO - [2025-02-22T23:44:15.760-0500] {override.py:1930} INFO - Created Permission View: can create on DAG Run:example_branch_datetime_operator_2
[2025-02-22T23:44:15.777-0500] {logging_mixin.py:190} INFO - [2025-02-22T23:44:15.776-0500] {override.py:1930} INFO - Created Permission View: menu access on DAG Run:example_branch_datetime_operator_2
[2025-02-22T23:44:15.793-0500] {logging_mixin.py:190} INFO - [2025-02-22T23:44:15.792-0500] {override.py:1930} INFO - Created Permission View: can delete on DAG Run:example_branch_datetime_operator_2
[2025-02-22T23:44:15.829-0500] {logging_mixin.py:190} INFO - [2025-02-22T23:44:15.829-0500] {override.py:1930} INFO - Created Permission View: can read on DAG:example_branch_datetime_operator
[2025-02-22T23:44:15.846-0500] {logging_mixin.py:190} INFO - [2025-02-22T23:44:15.845-0500] {override.py:1930} INFO - Created Permission View: can delete on DAG:example_branch_datetime_operator
[2025-02-22T23:44:15.864-0500] {logging_mixin.py:190} INFO - [2025-02-22T23:44:15.864-0500] {override.py:1930} INFO - Created Permission View: can edit on DAG:example_branch_datetime_operator
[2025-02-22T23:44:15.898-0500] {logging_mixin.py:190} INFO - [2025-02-22T23:44:15.897-0500] {override.py:1930} INFO - Created Permission View: can read on DAG Run:example_branch_datetime_operator
[2025-02-22T23:44:15.924-0500] {logging_mixin.py:190} INFO - [2025-02-22T23:44:15.923-0500] {override.py:1930} INFO - Created Permission View: can create on DAG Run:example_branch_datetime_operator
[2025-02-22T23:44:15.940-0500] {logging_mixin.py:190} INFO - [2025-02-22T23:44:15.940-0500] {override.py:1930} INFO - Created Permission View: menu access on DAG Run:example_branch_datetime_operator
[2025-02-22T23:44:15.963-0500] {logging_mixin.py:190} INFO - [2025-02-22T23:44:15.962-0500] {override.py:1930} INFO - Created Permission View: can delete on DAG Run:example_branch_datetime_operator
[2025-02-22T23:44:16.009-0500] {logging_mixin.py:190} INFO - [2025-02-22T23:44:16.008-0500] {override.py:1930} INFO - Created Permission View: can read on DAG:example_branch_datetime_operator_3
[2025-02-22T23:44:16.032-0500] {logging_mixin.py:190} INFO - [2025-02-22T23:44:16.031-0500] {override.py:1930} INFO - Created Permission View: can delete on DAG:example_branch_datetime_operator_3
[2025-02-22T23:44:16.049-0500] {logging_mixin.py:190} INFO - [2025-02-22T23:44:16.048-0500] {override.py:1930} INFO - Created Permission View: can edit on DAG:example_branch_datetime_operator_3
[2025-02-22T23:44:16.096-0500] {logging_mixin.py:190} INFO - [2025-02-22T23:44:16.095-0500] {override.py:1930} INFO - Created Permission View: can read on DAG Run:example_branch_datetime_operator_3
[2025-02-22T23:44:16.117-0500] {logging_mixin.py:190} INFO - [2025-02-22T23:44:16.116-0500] {override.py:1930} INFO - Created Permission View: can create on DAG Run:example_branch_datetime_operator_3
[2025-02-22T23:44:16.135-0500] {logging_mixin.py:190} INFO - [2025-02-22T23:44:16.134-0500] {override.py:1930} INFO - Created Permission View: menu access on DAG Run:example_branch_datetime_operator_3
[2025-02-22T23:44:16.151-0500] {logging_mixin.py:190} INFO - [2025-02-22T23:44:16.150-0500] {override.py:1930} INFO - Created Permission View: can delete on DAG Run:example_branch_datetime_operator_3
[2025-02-22T23:44:16.152-0500] {logging_mixin.py:190} INFO - [2025-02-22T23:44:16.152-0500] {dag.py:3239} INFO - Sync 3 DAGs
[2025-02-22T23:44:16.174-0500] {logging_mixin.py:190} INFO - [2025-02-22T23:44:16.174-0500] {dag.py:3262} INFO - Creating ORM DAG for example_branch_datetime_operator
[2025-02-22T23:44:16.175-0500] {logging_mixin.py:190} INFO - [2025-02-22T23:44:16.175-0500] {dag.py:3262} INFO - Creating ORM DAG for example_branch_datetime_operator_3
[2025-02-22T23:44:16.176-0500] {logging_mixin.py:190} INFO - [2025-02-22T23:44:16.176-0500] {dag.py:3262} INFO - Creating ORM DAG for example_branch_datetime_operator_2
[2025-02-22T23:44:16.193-0500] {logging_mixin.py:190} INFO - [2025-02-22T23:44:16.192-0500] {dag.py:4180} INFO - Setting next_dagrun for example_branch_datetime_operator to 2025-02-22 00:00:00+00:00, run_after=2025-02-23 00:00:00+00:00
[2025-02-22T23:44:16.197-0500] {logging_mixin.py:190} INFO - [2025-02-22T23:44:16.196-0500] {dag.py:4180} INFO - Setting next_dagrun for example_branch_datetime_operator_2 to 2025-02-22 00:00:00+00:00, run_after=2025-02-23 00:00:00+00:00
[2025-02-22T23:44:16.200-0500] {logging_mixin.py:190} INFO - [2025-02-22T23:44:16.200-0500] {dag.py:4180} INFO - Setting next_dagrun for example_branch_datetime_operator_3 to 2025-02-22 00:00:00+00:00, run_after=2025-02-23 00:00:00+00:00
[2025-02-22T23:44:16.249-0500] {processor.py:208} INFO - Processing /home/rafaelrb/anaconda3/lib/python3.9/site-packages/airflow/example_dags/example_branch_datetime_operator.py took 0.862 seconds
[2025-02-22T23:48:51.644-0500] {processor.py:186} INFO - Started process (PID=27516) to work on /home/rafaelrb/anaconda3/lib/python3.9/site-packages/airflow/example_dags/example_branch_datetime_operator.py
[2025-02-22T23:48:51.646-0500] {processor.py:914} INFO - Processing file /home/rafaelrb/anaconda3/lib/python3.9/site-packages/airflow/example_dags/example_branch_datetime_operator.py for tasks to queue
[2025-02-22T23:48:51.649-0500] {logging_mixin.py:190} INFO - [2025-02-22T23:48:51.648-0500] {dagbag.py:588} INFO - Filling up the DagBag from /home/rafaelrb/anaconda3/lib/python3.9/site-packages/airflow/example_dags/example_branch_datetime_operator.py
[2025-02-22T23:48:51.666-0500] {processor.py:925} INFO - DAG(s) 'example_branch_datetime_operator_2', 'example_branch_datetime_operator_3', 'example_branch_datetime_operator' retrieved from /home/rafaelrb/anaconda3/lib/python3.9/site-packages/airflow/example_dags/example_branch_datetime_operator.py
[2025-02-22T23:48:51.695-0500] {logging_mixin.py:190} INFO - [2025-02-22T23:48:51.695-0500] {dag.py:3239} INFO - Sync 3 DAGs
[2025-02-22T23:48:51.723-0500] {logging_mixin.py:190} INFO - [2025-02-22T23:48:51.723-0500] {dag.py:4180} INFO - Setting next_dagrun for example_branch_datetime_operator to 2025-02-22 00:00:00+00:00, run_after=2025-02-23 00:00:00+00:00
[2025-02-22T23:48:51.731-0500] {logging_mixin.py:190} INFO - [2025-02-22T23:48:51.731-0500] {dag.py:4180} INFO - Setting next_dagrun for example_branch_datetime_operator_2 to 2025-02-22 00:00:00+00:00, run_after=2025-02-23 00:00:00+00:00
[2025-02-22T23:48:51.735-0500] {logging_mixin.py:190} INFO - [2025-02-22T23:48:51.735-0500] {dag.py:4180} INFO - Setting next_dagrun for example_branch_datetime_operator_3 to 2025-02-22 00:00:00+00:00, run_after=2025-02-23 00:00:00+00:00
[2025-02-22T23:48:51.764-0500] {processor.py:208} INFO - Processing /home/rafaelrb/anaconda3/lib/python3.9/site-packages/airflow/example_dags/example_branch_datetime_operator.py took 0.129 seconds
[2025-02-22T23:49:58.597-0500] {processor.py:186} INFO - Started process (PID=28068) to work on /home/rafaelrb/anaconda3/lib/python3.9/site-packages/airflow/example_dags/example_branch_datetime_operator.py
[2025-02-22T23:49:58.599-0500] {processor.py:914} INFO - Processing file /home/rafaelrb/anaconda3/lib/python3.9/site-packages/airflow/example_dags/example_branch_datetime_operator.py for tasks to queue
[2025-02-22T23:49:58.602-0500] {logging_mixin.py:190} INFO - [2025-02-22T23:49:58.602-0500] {dagbag.py:588} INFO - Filling up the DagBag from /home/rafaelrb/anaconda3/lib/python3.9/site-packages/airflow/example_dags/example_branch_datetime_operator.py
[2025-02-22T23:49:58.627-0500] {processor.py:925} INFO - DAG(s) 'example_branch_datetime_operator', 'example_branch_datetime_operator_3', 'example_branch_datetime_operator_2' retrieved from /home/rafaelrb/anaconda3/lib/python3.9/site-packages/airflow/example_dags/example_branch_datetime_operator.py
[2025-02-22T23:49:58.668-0500] {logging_mixin.py:190} INFO - [2025-02-22T23:49:58.667-0500] {dag.py:3239} INFO - Sync 3 DAGs
[2025-02-22T23:49:58.700-0500] {logging_mixin.py:190} INFO - [2025-02-22T23:49:58.700-0500] {dag.py:4180} INFO - Setting next_dagrun for example_branch_datetime_operator to 2025-02-22 00:00:00+00:00, run_after=2025-02-23 00:00:00+00:00
[2025-02-22T23:49:58.710-0500] {logging_mixin.py:190} INFO - [2025-02-22T23:49:58.709-0500] {dag.py:4180} INFO - Setting next_dagrun for example_branch_datetime_operator_2 to 2025-02-22 00:00:00+00:00, run_after=2025-02-23 00:00:00+00:00
[2025-02-22T23:49:58.715-0500] {logging_mixin.py:190} INFO - [2025-02-22T23:49:58.715-0500] {dag.py:4180} INFO - Setting next_dagrun for example_branch_datetime_operator_3 to 2025-02-22 00:00:00+00:00, run_after=2025-02-23 00:00:00+00:00
[2025-02-22T23:49:58.758-0500] {processor.py:208} INFO - Processing /home/rafaelrb/anaconda3/lib/python3.9/site-packages/airflow/example_dags/example_branch_datetime_operator.py took 0.174 seconds
[2025-02-22T23:50:56.060-0500] {processor.py:186} INFO - Started process (PID=28456) to work on /home/rafaelrb/anaconda3/lib/python3.9/site-packages/airflow/example_dags/example_branch_datetime_operator.py
[2025-02-22T23:50:56.063-0500] {processor.py:914} INFO - Processing file /home/rafaelrb/anaconda3/lib/python3.9/site-packages/airflow/example_dags/example_branch_datetime_operator.py for tasks to queue
[2025-02-22T23:50:56.068-0500] {logging_mixin.py:190} INFO - [2025-02-22T23:50:56.067-0500] {dagbag.py:588} INFO - Filling up the DagBag from /home/rafaelrb/anaconda3/lib/python3.9/site-packages/airflow/example_dags/example_branch_datetime_operator.py
[2025-02-22T23:50:56.139-0500] {processor.py:925} INFO - DAG(s) 'example_branch_datetime_operator_2', 'example_branch_datetime_operator', 'example_branch_datetime_operator_3' retrieved from /home/rafaelrb/anaconda3/lib/python3.9/site-packages/airflow/example_dags/example_branch_datetime_operator.py
[2025-02-22T23:50:56.191-0500] {logging_mixin.py:190} INFO - [2025-02-22T23:50:56.191-0500] {dag.py:3239} INFO - Sync 3 DAGs
[2025-02-22T23:50:56.227-0500] {logging_mixin.py:190} INFO - [2025-02-22T23:50:56.227-0500] {dag.py:4180} INFO - Setting next_dagrun for example_branch_datetime_operator to 2025-02-22 00:00:00+00:00, run_after=2025-02-23 00:00:00+00:00
[2025-02-22T23:50:56.232-0500] {logging_mixin.py:190} INFO - [2025-02-22T23:50:56.232-0500] {dag.py:4180} INFO - Setting next_dagrun for example_branch_datetime_operator_2 to 2025-02-22 00:00:00+00:00, run_after=2025-02-23 00:00:00+00:00
[2025-02-22T23:50:56.238-0500] {logging_mixin.py:190} INFO - [2025-02-22T23:50:56.237-0500] {dag.py:4180} INFO - Setting next_dagrun for example_branch_datetime_operator_3 to 2025-02-22 00:00:00+00:00, run_after=2025-02-23 00:00:00+00:00
[2025-02-22T23:50:56.265-0500] {processor.py:208} INFO - Processing /home/rafaelrb/anaconda3/lib/python3.9/site-packages/airflow/example_dags/example_branch_datetime_operator.py took 0.219 seconds
[2025-02-22T23:52:24.127-0500] {processor.py:186} INFO - Started process (PID=29073) to work on /home/rafaelrb/anaconda3/lib/python3.9/site-packages/airflow/example_dags/example_branch_datetime_operator.py
[2025-02-22T23:52:24.129-0500] {processor.py:914} INFO - Processing file /home/rafaelrb/anaconda3/lib/python3.9/site-packages/airflow/example_dags/example_branch_datetime_operator.py for tasks to queue
[2025-02-22T23:52:24.132-0500] {logging_mixin.py:190} INFO - [2025-02-22T23:52:24.131-0500] {dagbag.py:588} INFO - Filling up the DagBag from /home/rafaelrb/anaconda3/lib/python3.9/site-packages/airflow/example_dags/example_branch_datetime_operator.py
[2025-02-22T23:52:24.153-0500] {processor.py:925} INFO - DAG(s) 'example_branch_datetime_operator_2', 'example_branch_datetime_operator_3', 'example_branch_datetime_operator' retrieved from /home/rafaelrb/anaconda3/lib/python3.9/site-packages/airflow/example_dags/example_branch_datetime_operator.py
[2025-02-22T23:52:24.185-0500] {logging_mixin.py:190} INFO - [2025-02-22T23:52:24.185-0500] {dag.py:3239} INFO - Sync 3 DAGs
[2025-02-22T23:52:24.216-0500] {logging_mixin.py:190} INFO - [2025-02-22T23:52:24.216-0500] {dag.py:4180} INFO - Setting next_dagrun for example_branch_datetime_operator to 2025-02-22 00:00:00+00:00, run_after=2025-02-23 00:00:00+00:00
[2025-02-22T23:52:24.222-0500] {logging_mixin.py:190} INFO - [2025-02-22T23:52:24.222-0500] {dag.py:4180} INFO - Setting next_dagrun for example_branch_datetime_operator_2 to 2025-02-22 00:00:00+00:00, run_after=2025-02-23 00:00:00+00:00
[2025-02-22T23:52:24.225-0500] {logging_mixin.py:190} INFO - [2025-02-22T23:52:24.225-0500] {dag.py:4180} INFO - Setting next_dagrun for example_branch_datetime_operator_3 to 2025-02-22 00:00:00+00:00, run_after=2025-02-23 00:00:00+00:00
[2025-02-22T23:52:24.270-0500] {processor.py:208} INFO - Processing /home/rafaelrb/anaconda3/lib/python3.9/site-packages/airflow/example_dags/example_branch_datetime_operator.py took 0.153 seconds
[2025-02-22T23:54:28.310-0500] {processor.py:186} INFO - Started process (PID=29959) to work on /home/rafaelrb/anaconda3/lib/python3.9/site-packages/airflow/example_dags/example_branch_datetime_operator.py
[2025-02-22T23:54:28.312-0500] {processor.py:914} INFO - Processing file /home/rafaelrb/anaconda3/lib/python3.9/site-packages/airflow/example_dags/example_branch_datetime_operator.py for tasks to queue
[2025-02-22T23:54:28.317-0500] {logging_mixin.py:190} INFO - [2025-02-22T23:54:28.316-0500] {dagbag.py:588} INFO - Filling up the DagBag from /home/rafaelrb/anaconda3/lib/python3.9/site-packages/airflow/example_dags/example_branch_datetime_operator.py
[2025-02-22T23:54:28.368-0500] {processor.py:925} INFO - DAG(s) 'example_branch_datetime_operator_2', 'example_branch_datetime_operator', 'example_branch_datetime_operator_3' retrieved from /home/rafaelrb/anaconda3/lib/python3.9/site-packages/airflow/example_dags/example_branch_datetime_operator.py
[2025-02-22T23:54:28.420-0500] {logging_mixin.py:190} INFO - [2025-02-22T23:54:28.420-0500] {dag.py:3239} INFO - Sync 3 DAGs
[2025-02-22T23:54:28.473-0500] {logging_mixin.py:190} INFO - [2025-02-22T23:54:28.473-0500] {dag.py:4180} INFO - Setting next_dagrun for example_branch_datetime_operator to 2025-02-22 00:00:00+00:00, run_after=2025-02-23 00:00:00+00:00
[2025-02-22T23:54:28.481-0500] {logging_mixin.py:190} INFO - [2025-02-22T23:54:28.481-0500] {dag.py:4180} INFO - Setting next_dagrun for example_branch_datetime_operator_2 to 2025-02-22 00:00:00+00:00, run_after=2025-02-23 00:00:00+00:00
[2025-02-22T23:54:28.485-0500] {logging_mixin.py:190} INFO - [2025-02-22T23:54:28.485-0500] {dag.py:4180} INFO - Setting next_dagrun for example_branch_datetime_operator_3 to 2025-02-22 00:00:00+00:00, run_after=2025-02-23 00:00:00+00:00
[2025-02-22T23:54:28.540-0500] {processor.py:208} INFO - Processing /home/rafaelrb/anaconda3/lib/python3.9/site-packages/airflow/example_dags/example_branch_datetime_operator.py took 0.241 seconds
[2025-02-22T23:57:39.685-0500] {processor.py:186} INFO - Started process (PID=30485) to work on /home/rafaelrb/anaconda3/lib/python3.9/site-packages/airflow/example_dags/example_branch_datetime_operator.py
[2025-02-22T23:57:39.688-0500] {processor.py:914} INFO - Processing file /home/rafaelrb/anaconda3/lib/python3.9/site-packages/airflow/example_dags/example_branch_datetime_operator.py for tasks to queue
[2025-02-22T23:57:39.691-0500] {logging_mixin.py:190} INFO - [2025-02-22T23:57:39.691-0500] {dagbag.py:588} INFO - Filling up the DagBag from /home/rafaelrb/anaconda3/lib/python3.9/site-packages/airflow/example_dags/example_branch_datetime_operator.py
[2025-02-22T23:57:39.709-0500] {processor.py:925} INFO - DAG(s) 'example_branch_datetime_operator_3', 'example_branch_datetime_operator', 'example_branch_datetime_operator_2' retrieved from /home/rafaelrb/anaconda3/lib/python3.9/site-packages/airflow/example_dags/example_branch_datetime_operator.py
[2025-02-22T23:57:39.735-0500] {logging_mixin.py:190} INFO - [2025-02-22T23:57:39.734-0500] {dag.py:3239} INFO - Sync 3 DAGs
[2025-02-22T23:57:39.766-0500] {logging_mixin.py:190} INFO - [2025-02-22T23:57:39.766-0500] {dag.py:4180} INFO - Setting next_dagrun for example_branch_datetime_operator to 2025-02-22 00:00:00+00:00, run_after=2025-02-23 00:00:00+00:00
[2025-02-22T23:57:39.772-0500] {logging_mixin.py:190} INFO - [2025-02-22T23:57:39.772-0500] {dag.py:4180} INFO - Setting next_dagrun for example_branch_datetime_operator_2 to 2025-02-22 00:00:00+00:00, run_after=2025-02-23 00:00:00+00:00
[2025-02-22T23:57:39.775-0500] {logging_mixin.py:190} INFO - [2025-02-22T23:57:39.775-0500] {dag.py:4180} INFO - Setting next_dagrun for example_branch_datetime_operator_3 to 2025-02-22 00:00:00+00:00, run_after=2025-02-23 00:00:00+00:00
[2025-02-22T23:57:39.806-0500] {processor.py:208} INFO - Processing /home/rafaelrb/anaconda3/lib/python3.9/site-packages/airflow/example_dags/example_branch_datetime_operator.py took 0.129 seconds
[2025-02-22T23:58:59.797-0500] {processor.py:186} INFO - Started process (PID=31036) to work on /home/rafaelrb/anaconda3/lib/python3.9/site-packages/airflow/example_dags/example_branch_datetime_operator.py
[2025-02-22T23:58:59.799-0500] {processor.py:914} INFO - Processing file /home/rafaelrb/anaconda3/lib/python3.9/site-packages/airflow/example_dags/example_branch_datetime_operator.py for tasks to queue
[2025-02-22T23:58:59.802-0500] {logging_mixin.py:190} INFO - [2025-02-22T23:58:59.801-0500] {dagbag.py:588} INFO - Filling up the DagBag from /home/rafaelrb/anaconda3/lib/python3.9/site-packages/airflow/example_dags/example_branch_datetime_operator.py
[2025-02-22T23:58:59.819-0500] {processor.py:925} INFO - DAG(s) 'example_branch_datetime_operator_3', 'example_branch_datetime_operator_2', 'example_branch_datetime_operator' retrieved from /home/rafaelrb/anaconda3/lib/python3.9/site-packages/airflow/example_dags/example_branch_datetime_operator.py
[2025-02-22T23:58:59.847-0500] {logging_mixin.py:190} INFO - [2025-02-22T23:58:59.847-0500] {dag.py:3239} INFO - Sync 3 DAGs
[2025-02-22T23:58:59.875-0500] {logging_mixin.py:190} INFO - [2025-02-22T23:58:59.875-0500] {dag.py:4180} INFO - Setting next_dagrun for example_branch_datetime_operator to 2025-02-22 00:00:00+00:00, run_after=2025-02-23 00:00:00+00:00
[2025-02-22T23:58:59.880-0500] {logging_mixin.py:190} INFO - [2025-02-22T23:58:59.880-0500] {dag.py:4180} INFO - Setting next_dagrun for example_branch_datetime_operator_2 to 2025-02-22 00:00:00+00:00, run_after=2025-02-23 00:00:00+00:00
[2025-02-22T23:58:59.883-0500] {logging_mixin.py:190} INFO - [2025-02-22T23:58:59.883-0500] {dag.py:4180} INFO - Setting next_dagrun for example_branch_datetime_operator_3 to 2025-02-22 00:00:00+00:00, run_after=2025-02-23 00:00:00+00:00
[2025-02-22T23:58:59.920-0500] {processor.py:208} INFO - Processing /home/rafaelrb/anaconda3/lib/python3.9/site-packages/airflow/example_dags/example_branch_datetime_operator.py took 0.131 seconds
[2025-02-23T00:00:15.751-0500] {processor.py:186} INFO - Started process (PID=31522) to work on /home/rafaelrb/anaconda3/lib/python3.9/site-packages/airflow/example_dags/example_branch_datetime_operator.py
[2025-02-23T00:00:15.753-0500] {processor.py:914} INFO - Processing file /home/rafaelrb/anaconda3/lib/python3.9/site-packages/airflow/example_dags/example_branch_datetime_operator.py for tasks to queue
[2025-02-23T00:00:15.756-0500] {logging_mixin.py:190} INFO - [2025-02-23T00:00:15.755-0500] {dagbag.py:588} INFO - Filling up the DagBag from /home/rafaelrb/anaconda3/lib/python3.9/site-packages/airflow/example_dags/example_branch_datetime_operator.py
[2025-02-23T00:00:15.773-0500] {processor.py:925} INFO - DAG(s) 'example_branch_datetime_operator_2', 'example_branch_datetime_operator_3', 'example_branch_datetime_operator' retrieved from /home/rafaelrb/anaconda3/lib/python3.9/site-packages/airflow/example_dags/example_branch_datetime_operator.py
[2025-02-23T00:00:15.802-0500] {logging_mixin.py:190} INFO - [2025-02-23T00:00:15.802-0500] {dag.py:3239} INFO - Sync 3 DAGs
[2025-02-23T00:00:15.833-0500] {logging_mixin.py:190} INFO - [2025-02-23T00:00:15.833-0500] {dag.py:4180} INFO - Setting next_dagrun for example_branch_datetime_operator to 2025-02-22 00:00:00+00:00, run_after=2025-02-23 00:00:00+00:00
[2025-02-23T00:00:15.839-0500] {logging_mixin.py:190} INFO - [2025-02-23T00:00:15.838-0500] {dag.py:4180} INFO - Setting next_dagrun for example_branch_datetime_operator_2 to 2025-02-22 00:00:00+00:00, run_after=2025-02-23 00:00:00+00:00
[2025-02-23T00:00:15.842-0500] {logging_mixin.py:190} INFO - [2025-02-23T00:00:15.841-0500] {dag.py:4180} INFO - Setting next_dagrun for example_branch_datetime_operator_3 to 2025-02-22 00:00:00+00:00, run_after=2025-02-23 00:00:00+00:00
[2025-02-23T00:00:15.879-0500] {processor.py:208} INFO - Processing /home/rafaelrb/anaconda3/lib/python3.9/site-packages/airflow/example_dags/example_branch_datetime_operator.py took 0.139 seconds
[2025-02-23T00:01:27.810-0500] {processor.py:186} INFO - Started process (PID=32011) to work on /home/rafaelrb/anaconda3/lib/python3.9/site-packages/airflow/example_dags/example_branch_datetime_operator.py
[2025-02-23T00:01:27.812-0500] {processor.py:914} INFO - Processing file /home/rafaelrb/anaconda3/lib/python3.9/site-packages/airflow/example_dags/example_branch_datetime_operator.py for tasks to queue
[2025-02-23T00:01:27.816-0500] {logging_mixin.py:190} INFO - [2025-02-23T00:01:27.815-0500] {dagbag.py:588} INFO - Filling up the DagBag from /home/rafaelrb/anaconda3/lib/python3.9/site-packages/airflow/example_dags/example_branch_datetime_operator.py
[2025-02-23T00:01:27.849-0500] {processor.py:925} INFO - DAG(s) 'example_branch_datetime_operator_2', 'example_branch_datetime_operator_3', 'example_branch_datetime_operator' retrieved from /home/rafaelrb/anaconda3/lib/python3.9/site-packages/airflow/example_dags/example_branch_datetime_operator.py
[2025-02-23T00:01:27.897-0500] {logging_mixin.py:190} INFO - [2025-02-23T00:01:27.897-0500] {dag.py:3239} INFO - Sync 3 DAGs
[2025-02-23T00:01:27.938-0500] {logging_mixin.py:190} INFO - [2025-02-23T00:01:27.938-0500] {dag.py:4180} INFO - Setting next_dagrun for example_branch_datetime_operator to 2025-02-22 00:00:00+00:00, run_after=2025-02-23 00:00:00+00:00
[2025-02-23T00:01:27.945-0500] {logging_mixin.py:190} INFO - [2025-02-23T00:01:27.945-0500] {dag.py:4180} INFO - Setting next_dagrun for example_branch_datetime_operator_2 to 2025-02-22 00:00:00+00:00, run_after=2025-02-23 00:00:00+00:00
[2025-02-23T00:01:27.949-0500] {logging_mixin.py:190} INFO - [2025-02-23T00:01:27.948-0500] {dag.py:4180} INFO - Setting next_dagrun for example_branch_datetime_operator_3 to 2025-02-22 00:00:00+00:00, run_after=2025-02-23 00:00:00+00:00
[2025-02-23T00:01:27.993-0500] {processor.py:208} INFO - Processing /home/rafaelrb/anaconda3/lib/python3.9/site-packages/airflow/example_dags/example_branch_datetime_operator.py took 0.192 seconds
[2025-02-23T00:11:50.798-0500] {processor.py:186} INFO - Started process (PID=34475) to work on /home/rafaelrb/anaconda3/lib/python3.9/site-packages/airflow/example_dags/example_branch_datetime_operator.py
[2025-02-23T00:11:50.801-0500] {processor.py:914} INFO - Processing file /home/rafaelrb/anaconda3/lib/python3.9/site-packages/airflow/example_dags/example_branch_datetime_operator.py for tasks to queue
[2025-02-23T00:11:50.804-0500] {logging_mixin.py:190} INFO - [2025-02-23T00:11:50.803-0500] {dagbag.py:588} INFO - Filling up the DagBag from /home/rafaelrb/anaconda3/lib/python3.9/site-packages/airflow/example_dags/example_branch_datetime_operator.py
[2025-02-23T00:11:50.818-0500] {processor.py:925} INFO - DAG(s) 'example_branch_datetime_operator_2', 'example_branch_datetime_operator_3', 'example_branch_datetime_operator' retrieved from /home/rafaelrb/anaconda3/lib/python3.9/site-packages/airflow/example_dags/example_branch_datetime_operator.py
[2025-02-23T00:11:50.847-0500] {logging_mixin.py:190} INFO - [2025-02-23T00:11:50.847-0500] {dag.py:3239} INFO - Sync 3 DAGs
[2025-02-23T00:11:50.874-0500] {logging_mixin.py:190} INFO - [2025-02-23T00:11:50.874-0500] {dag.py:4180} INFO - Setting next_dagrun for example_branch_datetime_operator to 2025-02-22 00:00:00+00:00, run_after=2025-02-23 00:00:00+00:00
[2025-02-23T00:11:50.880-0500] {logging_mixin.py:190} INFO - [2025-02-23T00:11:50.879-0500] {dag.py:4180} INFO - Setting next_dagrun for example_branch_datetime_operator_2 to 2025-02-22 00:00:00+00:00, run_after=2025-02-23 00:00:00+00:00
[2025-02-23T00:11:50.883-0500] {logging_mixin.py:190} INFO - [2025-02-23T00:11:50.882-0500] {dag.py:4180} INFO - Setting next_dagrun for example_branch_datetime_operator_3 to 2025-02-22 00:00:00+00:00, run_after=2025-02-23 00:00:00+00:00
[2025-02-23T00:11:50.913-0500] {processor.py:208} INFO - Processing /home/rafaelrb/anaconda3/lib/python3.9/site-packages/airflow/example_dags/example_branch_datetime_operator.py took 0.122 seconds
[2025-02-23T00:13:06.779-0500] {processor.py:186} INFO - Started process (PID=34593) to work on /home/rafaelrb/anaconda3/lib/python3.9/site-packages/airflow/example_dags/example_branch_datetime_operator.py
[2025-02-23T00:13:06.786-0500] {processor.py:914} INFO - Processing file /home/rafaelrb/anaconda3/lib/python3.9/site-packages/airflow/example_dags/example_branch_datetime_operator.py for tasks to queue
[2025-02-23T00:13:06.789-0500] {logging_mixin.py:190} INFO - [2025-02-23T00:13:06.788-0500] {dagbag.py:588} INFO - Filling up the DagBag from /home/rafaelrb/anaconda3/lib/python3.9/site-packages/airflow/example_dags/example_branch_datetime_operator.py
[2025-02-23T00:13:06.805-0500] {processor.py:925} INFO - DAG(s) 'example_branch_datetime_operator_3', 'example_branch_datetime_operator', 'example_branch_datetime_operator_2' retrieved from /home/rafaelrb/anaconda3/lib/python3.9/site-packages/airflow/example_dags/example_branch_datetime_operator.py
[2025-02-23T00:13:06.832-0500] {logging_mixin.py:190} INFO - [2025-02-23T00:13:06.832-0500] {dag.py:3239} INFO - Sync 3 DAGs
[2025-02-23T00:13:06.860-0500] {logging_mixin.py:190} INFO - [2025-02-23T00:13:06.860-0500] {dag.py:4180} INFO - Setting next_dagrun for example_branch_datetime_operator to 2025-02-22 00:00:00+00:00, run_after=2025-02-23 00:00:00+00:00
[2025-02-23T00:13:06.867-0500] {logging_mixin.py:190} INFO - [2025-02-23T00:13:06.867-0500] {dag.py:4180} INFO - Setting next_dagrun for example_branch_datetime_operator_2 to 2025-02-22 00:00:00+00:00, run_after=2025-02-23 00:00:00+00:00
[2025-02-23T00:13:06.870-0500] {logging_mixin.py:190} INFO - [2025-02-23T00:13:06.870-0500] {dag.py:4180} INFO - Setting next_dagrun for example_branch_datetime_operator_3 to 2025-02-22 00:00:00+00:00, run_after=2025-02-23 00:00:00+00:00
[2025-02-23T00:13:06.906-0500] {processor.py:208} INFO - Processing /home/rafaelrb/anaconda3/lib/python3.9/site-packages/airflow/example_dags/example_branch_datetime_operator.py took 0.135 seconds
[2025-02-23T00:14:04.328-0500] {processor.py:186} INFO - Started process (PID=34664) to work on /home/rafaelrb/anaconda3/lib/python3.9/site-packages/airflow/example_dags/example_branch_datetime_operator.py
[2025-02-23T00:14:04.330-0500] {processor.py:914} INFO - Processing file /home/rafaelrb/anaconda3/lib/python3.9/site-packages/airflow/example_dags/example_branch_datetime_operator.py for tasks to queue
[2025-02-23T00:14:04.333-0500] {logging_mixin.py:190} INFO - [2025-02-23T00:14:04.332-0500] {dagbag.py:588} INFO - Filling up the DagBag from /home/rafaelrb/anaconda3/lib/python3.9/site-packages/airflow/example_dags/example_branch_datetime_operator.py
[2025-02-23T00:14:04.350-0500] {processor.py:925} INFO - DAG(s) 'example_branch_datetime_operator', 'example_branch_datetime_operator_3', 'example_branch_datetime_operator_2' retrieved from /home/rafaelrb/anaconda3/lib/python3.9/site-packages/airflow/example_dags/example_branch_datetime_operator.py
[2025-02-23T00:14:04.379-0500] {logging_mixin.py:190} INFO - [2025-02-23T00:14:04.378-0500] {dag.py:3239} INFO - Sync 3 DAGs
[2025-02-23T00:14:04.409-0500] {logging_mixin.py:190} INFO - [2025-02-23T00:14:04.408-0500] {dag.py:4180} INFO - Setting next_dagrun for example_branch_datetime_operator to 2025-02-22 00:00:00+00:00, run_after=2025-02-23 00:00:00+00:00
[2025-02-23T00:14:04.415-0500] {logging_mixin.py:190} INFO - [2025-02-23T00:14:04.414-0500] {dag.py:4180} INFO - Setting next_dagrun for example_branch_datetime_operator_2 to 2025-02-22 00:00:00+00:00, run_after=2025-02-23 00:00:00+00:00
[2025-02-23T00:14:04.417-0500] {logging_mixin.py:190} INFO - [2025-02-23T00:14:04.417-0500] {dag.py:4180} INFO - Setting next_dagrun for example_branch_datetime_operator_3 to 2025-02-22 00:00:00+00:00, run_after=2025-02-23 00:00:00+00:00
[2025-02-23T00:14:04.459-0500] {processor.py:208} INFO - Processing /home/rafaelrb/anaconda3/lib/python3.9/site-packages/airflow/example_dags/example_branch_datetime_operator.py took 0.140 seconds
[2025-02-23T00:16:13.293-0500] {processor.py:186} INFO - Started process (PID=34858) to work on /home/rafaelrb/anaconda3/lib/python3.9/site-packages/airflow/example_dags/example_branch_datetime_operator.py
[2025-02-23T00:16:13.317-0500] {processor.py:914} INFO - Processing file /home/rafaelrb/anaconda3/lib/python3.9/site-packages/airflow/example_dags/example_branch_datetime_operator.py for tasks to queue
[2025-02-23T00:16:13.320-0500] {logging_mixin.py:190} INFO - [2025-02-23T00:16:13.319-0500] {dagbag.py:588} INFO - Filling up the DagBag from /home/rafaelrb/anaconda3/lib/python3.9/site-packages/airflow/example_dags/example_branch_datetime_operator.py
[2025-02-23T00:16:13.340-0500] {processor.py:925} INFO - DAG(s) 'example_branch_datetime_operator', 'example_branch_datetime_operator_3', 'example_branch_datetime_operator_2' retrieved from /home/rafaelrb/anaconda3/lib/python3.9/site-packages/airflow/example_dags/example_branch_datetime_operator.py
[2025-02-23T00:16:13.368-0500] {logging_mixin.py:190} INFO - [2025-02-23T00:16:13.367-0500] {dag.py:3239} INFO - Sync 3 DAGs
[2025-02-23T00:16:13.397-0500] {logging_mixin.py:190} INFO - [2025-02-23T00:16:13.397-0500] {dag.py:4180} INFO - Setting next_dagrun for example_branch_datetime_operator to 2025-02-22 00:00:00+00:00, run_after=2025-02-23 00:00:00+00:00
[2025-02-23T00:16:13.404-0500] {logging_mixin.py:190} INFO - [2025-02-23T00:16:13.404-0500] {dag.py:4180} INFO - Setting next_dagrun for example_branch_datetime_operator_2 to 2025-02-22 00:00:00+00:00, run_after=2025-02-23 00:00:00+00:00
[2025-02-23T00:16:13.408-0500] {logging_mixin.py:190} INFO - [2025-02-23T00:16:13.408-0500] {dag.py:4180} INFO - Setting next_dagrun for example_branch_datetime_operator_3 to 2025-02-22 00:00:00+00:00, run_after=2025-02-23 00:00:00+00:00
[2025-02-23T00:16:13.442-0500] {processor.py:208} INFO - Processing /home/rafaelrb/anaconda3/lib/python3.9/site-packages/airflow/example_dags/example_branch_datetime_operator.py took 0.161 seconds
[2025-02-23T00:17:17.475-0500] {processor.py:186} INFO - Started process (PID=34933) to work on /home/rafaelrb/anaconda3/lib/python3.9/site-packages/airflow/example_dags/example_branch_datetime_operator.py
[2025-02-23T00:17:17.476-0500] {processor.py:914} INFO - Processing file /home/rafaelrb/anaconda3/lib/python3.9/site-packages/airflow/example_dags/example_branch_datetime_operator.py for tasks to queue
[2025-02-23T00:17:17.479-0500] {logging_mixin.py:190} INFO - [2025-02-23T00:17:17.479-0500] {dagbag.py:588} INFO - Filling up the DagBag from /home/rafaelrb/anaconda3/lib/python3.9/site-packages/airflow/example_dags/example_branch_datetime_operator.py
[2025-02-23T00:17:17.495-0500] {processor.py:925} INFO - DAG(s) 'example_branch_datetime_operator_3', 'example_branch_datetime_operator_2', 'example_branch_datetime_operator' retrieved from /home/rafaelrb/anaconda3/lib/python3.9/site-packages/airflow/example_dags/example_branch_datetime_operator.py
[2025-02-23T00:17:17.522-0500] {logging_mixin.py:190} INFO - [2025-02-23T00:17:17.522-0500] {dag.py:3239} INFO - Sync 3 DAGs
[2025-02-23T00:17:17.554-0500] {logging_mixin.py:190} INFO - [2025-02-23T00:17:17.554-0500] {dag.py:4180} INFO - Setting next_dagrun for example_branch_datetime_operator to 2025-02-22 00:00:00+00:00, run_after=2025-02-23 00:00:00+00:00
[2025-02-23T00:17:17.562-0500] {logging_mixin.py:190} INFO - [2025-02-23T00:17:17.562-0500] {dag.py:4180} INFO - Setting next_dagrun for example_branch_datetime_operator_2 to 2025-02-22 00:00:00+00:00, run_after=2025-02-23 00:00:00+00:00
[2025-02-23T00:17:17.566-0500] {logging_mixin.py:190} INFO - [2025-02-23T00:17:17.565-0500] {dag.py:4180} INFO - Setting next_dagrun for example_branch_datetime_operator_3 to 2025-02-22 00:00:00+00:00, run_after=2025-02-23 00:00:00+00:00
[2025-02-23T00:17:17.591-0500] {processor.py:208} INFO - Processing /home/rafaelrb/anaconda3/lib/python3.9/site-packages/airflow/example_dags/example_branch_datetime_operator.py took 0.124 seconds
[2025-02-23T00:18:17.443-0500] {processor.py:186} INFO - Started process (PID=35009) to work on /home/rafaelrb/anaconda3/lib/python3.9/site-packages/airflow/example_dags/example_branch_datetime_operator.py
[2025-02-23T00:18:17.445-0500] {processor.py:914} INFO - Processing file /home/rafaelrb/anaconda3/lib/python3.9/site-packages/airflow/example_dags/example_branch_datetime_operator.py for tasks to queue
[2025-02-23T00:18:17.448-0500] {logging_mixin.py:190} INFO - [2025-02-23T00:18:17.447-0500] {dagbag.py:588} INFO - Filling up the DagBag from /home/rafaelrb/anaconda3/lib/python3.9/site-packages/airflow/example_dags/example_branch_datetime_operator.py
[2025-02-23T00:18:17.465-0500] {processor.py:925} INFO - DAG(s) 'example_branch_datetime_operator_2', 'example_branch_datetime_operator', 'example_branch_datetime_operator_3' retrieved from /home/rafaelrb/anaconda3/lib/python3.9/site-packages/airflow/example_dags/example_branch_datetime_operator.py
[2025-02-23T00:18:17.495-0500] {logging_mixin.py:190} INFO - [2025-02-23T00:18:17.495-0500] {dag.py:3239} INFO - Sync 3 DAGs
[2025-02-23T00:18:17.526-0500] {logging_mixin.py:190} INFO - [2025-02-23T00:18:17.526-0500] {dag.py:4180} INFO - Setting next_dagrun for example_branch_datetime_operator to 2025-02-22 00:00:00+00:00, run_after=2025-02-23 00:00:00+00:00
[2025-02-23T00:18:17.532-0500] {logging_mixin.py:190} INFO - [2025-02-23T00:18:17.532-0500] {dag.py:4180} INFO - Setting next_dagrun for example_branch_datetime_operator_2 to 2025-02-22 00:00:00+00:00, run_after=2025-02-23 00:00:00+00:00
[2025-02-23T00:18:17.536-0500] {logging_mixin.py:190} INFO - [2025-02-23T00:18:17.535-0500] {dag.py:4180} INFO - Setting next_dagrun for example_branch_datetime_operator_3 to 2025-02-22 00:00:00+00:00, run_after=2025-02-23 00:00:00+00:00
[2025-02-23T00:18:17.570-0500] {processor.py:208} INFO - Processing /home/rafaelrb/anaconda3/lib/python3.9/site-packages/airflow/example_dags/example_branch_datetime_operator.py took 0.137 seconds
[2025-02-23T00:22:33.672-0500] {processor.py:186} INFO - Started process (PID=35216) to work on /home/rafaelrb/anaconda3/lib/python3.9/site-packages/airflow/example_dags/example_branch_datetime_operator.py
[2025-02-23T00:22:33.677-0500] {processor.py:914} INFO - Processing file /home/rafaelrb/anaconda3/lib/python3.9/site-packages/airflow/example_dags/example_branch_datetime_operator.py for tasks to queue
[2025-02-23T00:22:33.688-0500] {logging_mixin.py:190} INFO - [2025-02-23T00:22:33.687-0500] {dagbag.py:588} INFO - Filling up the DagBag from /home/rafaelrb/anaconda3/lib/python3.9/site-packages/airflow/example_dags/example_branch_datetime_operator.py
[2025-02-23T00:22:33.765-0500] {processor.py:925} INFO - DAG(s) 'example_branch_datetime_operator_3', 'example_branch_datetime_operator_2', 'example_branch_datetime_operator' retrieved from /home/rafaelrb/anaconda3/lib/python3.9/site-packages/airflow/example_dags/example_branch_datetime_operator.py
[2025-02-23T00:22:33.898-0500] {logging_mixin.py:190} INFO - [2025-02-23T00:22:33.897-0500] {dag.py:3239} INFO - Sync 3 DAGs
[2025-02-23T00:22:34.031-0500] {logging_mixin.py:190} INFO - [2025-02-23T00:22:34.030-0500] {dag.py:4180} INFO - Setting next_dagrun for example_branch_datetime_operator to 2025-02-22 00:00:00+00:00, run_after=2025-02-23 00:00:00+00:00
[2025-02-23T00:22:34.048-0500] {logging_mixin.py:190} INFO - [2025-02-23T00:22:34.047-0500] {dag.py:4180} INFO - Setting next_dagrun for example_branch_datetime_operator_2 to 2025-02-22 00:00:00+00:00, run_after=2025-02-23 00:00:00+00:00
[2025-02-23T00:22:34.056-0500] {logging_mixin.py:190} INFO - [2025-02-23T00:22:34.056-0500] {dag.py:4180} INFO - Setting next_dagrun for example_branch_datetime_operator_3 to 2025-02-22 00:00:00+00:00, run_after=2025-02-23 00:00:00+00:00
[2025-02-23T00:22:34.121-0500] {processor.py:208} INFO - Processing /home/rafaelrb/anaconda3/lib/python3.9/site-packages/airflow/example_dags/example_branch_datetime_operator.py took 0.485 seconds
[2025-02-23T00:23:36.134-0500] {processor.py:186} INFO - Started process (PID=35283) to work on /home/rafaelrb/anaconda3/lib/python3.9/site-packages/airflow/example_dags/example_branch_datetime_operator.py
[2025-02-23T00:23:36.139-0500] {processor.py:914} INFO - Processing file /home/rafaelrb/anaconda3/lib/python3.9/site-packages/airflow/example_dags/example_branch_datetime_operator.py for tasks to queue
[2025-02-23T00:23:36.143-0500] {logging_mixin.py:190} INFO - [2025-02-23T00:23:36.142-0500] {dagbag.py:588} INFO - Filling up the DagBag from /home/rafaelrb/anaconda3/lib/python3.9/site-packages/airflow/example_dags/example_branch_datetime_operator.py
[2025-02-23T00:23:36.162-0500] {processor.py:925} INFO - DAG(s) 'example_branch_datetime_operator_3', 'example_branch_datetime_operator', 'example_branch_datetime_operator_2' retrieved from /home/rafaelrb/anaconda3/lib/python3.9/site-packages/airflow/example_dags/example_branch_datetime_operator.py
[2025-02-23T00:23:36.198-0500] {logging_mixin.py:190} INFO - [2025-02-23T00:23:36.198-0500] {dag.py:3239} INFO - Sync 3 DAGs
[2025-02-23T00:23:36.229-0500] {logging_mixin.py:190} INFO - [2025-02-23T00:23:36.229-0500] {dag.py:4180} INFO - Setting next_dagrun for example_branch_datetime_operator to 2025-02-22 00:00:00+00:00, run_after=2025-02-23 00:00:00+00:00
[2025-02-23T00:23:36.236-0500] {logging_mixin.py:190} INFO - [2025-02-23T00:23:36.235-0500] {dag.py:4180} INFO - Setting next_dagrun for example_branch_datetime_operator_2 to 2025-02-22 00:00:00+00:00, run_after=2025-02-23 00:00:00+00:00
[2025-02-23T00:23:36.239-0500] {logging_mixin.py:190} INFO - [2025-02-23T00:23:36.239-0500] {dag.py:4180} INFO - Setting next_dagrun for example_branch_datetime_operator_3 to 2025-02-22 00:00:00+00:00, run_after=2025-02-23 00:00:00+00:00
[2025-02-23T00:23:36.436-0500] {processor.py:208} INFO - Processing /home/rafaelrb/anaconda3/lib/python3.9/site-packages/airflow/example_dags/example_branch_datetime_operator.py took 0.312 seconds
[2025-02-23T00:24:39.740-0500] {processor.py:186} INFO - Started process (PID=35361) to work on /home/rafaelrb/anaconda3/lib/python3.9/site-packages/airflow/example_dags/example_branch_datetime_operator.py
[2025-02-23T00:24:39.748-0500] {processor.py:914} INFO - Processing file /home/rafaelrb/anaconda3/lib/python3.9/site-packages/airflow/example_dags/example_branch_datetime_operator.py for tasks to queue
[2025-02-23T00:24:39.751-0500] {logging_mixin.py:190} INFO - [2025-02-23T00:24:39.750-0500] {dagbag.py:588} INFO - Filling up the DagBag from /home/rafaelrb/anaconda3/lib/python3.9/site-packages/airflow/example_dags/example_branch_datetime_operator.py
[2025-02-23T00:24:39.767-0500] {processor.py:925} INFO - DAG(s) 'example_branch_datetime_operator', 'example_branch_datetime_operator_3', 'example_branch_datetime_operator_2' retrieved from /home/rafaelrb/anaconda3/lib/python3.9/site-packages/airflow/example_dags/example_branch_datetime_operator.py
[2025-02-23T00:24:39.794-0500] {logging_mixin.py:190} INFO - [2025-02-23T00:24:39.794-0500] {dag.py:3239} INFO - Sync 3 DAGs
[2025-02-23T00:24:39.821-0500] {logging_mixin.py:190} INFO - [2025-02-23T00:24:39.821-0500] {dag.py:4180} INFO - Setting next_dagrun for example_branch_datetime_operator to 2025-02-22 00:00:00+00:00, run_after=2025-02-23 00:00:00+00:00
[2025-02-23T00:24:39.827-0500] {logging_mixin.py:190} INFO - [2025-02-23T00:24:39.827-0500] {dag.py:4180} INFO - Setting next_dagrun for example_branch_datetime_operator_2 to 2025-02-22 00:00:00+00:00, run_after=2025-02-23 00:00:00+00:00
[2025-02-23T00:24:39.830-0500] {logging_mixin.py:190} INFO - [2025-02-23T00:24:39.830-0500] {dag.py:4180} INFO - Setting next_dagrun for example_branch_datetime_operator_3 to 2025-02-22 00:00:00+00:00, run_after=2025-02-23 00:00:00+00:00
[2025-02-23T00:24:39.861-0500] {processor.py:208} INFO - Processing /home/rafaelrb/anaconda3/lib/python3.9/site-packages/airflow/example_dags/example_branch_datetime_operator.py took 0.130 seconds
[2025-02-23T00:25:38.545-0500] {processor.py:186} INFO - Started process (PID=35428) to work on /home/rafaelrb/anaconda3/lib/python3.9/site-packages/airflow/example_dags/example_branch_datetime_operator.py
[2025-02-23T00:25:38.546-0500] {processor.py:914} INFO - Processing file /home/rafaelrb/anaconda3/lib/python3.9/site-packages/airflow/example_dags/example_branch_datetime_operator.py for tasks to queue
[2025-02-23T00:25:38.550-0500] {logging_mixin.py:190} INFO - [2025-02-23T00:25:38.549-0500] {dagbag.py:588} INFO - Filling up the DagBag from /home/rafaelrb/anaconda3/lib/python3.9/site-packages/airflow/example_dags/example_branch_datetime_operator.py
[2025-02-23T00:25:38.565-0500] {processor.py:925} INFO - DAG(s) 'example_branch_datetime_operator_2', 'example_branch_datetime_operator_3', 'example_branch_datetime_operator' retrieved from /home/rafaelrb/anaconda3/lib/python3.9/site-packages/airflow/example_dags/example_branch_datetime_operator.py
[2025-02-23T00:25:38.591-0500] {logging_mixin.py:190} INFO - [2025-02-23T00:25:38.590-0500] {dag.py:3239} INFO - Sync 3 DAGs
[2025-02-23T00:25:38.618-0500] {logging_mixin.py:190} INFO - [2025-02-23T00:25:38.618-0500] {dag.py:4180} INFO - Setting next_dagrun for example_branch_datetime_operator to 2025-02-22 00:00:00+00:00, run_after=2025-02-23 00:00:00+00:00
[2025-02-23T00:25:38.624-0500] {logging_mixin.py:190} INFO - [2025-02-23T00:25:38.624-0500] {dag.py:4180} INFO - Setting next_dagrun for example_branch_datetime_operator_2 to 2025-02-22 00:00:00+00:00, run_after=2025-02-23 00:00:00+00:00
[2025-02-23T00:25:38.627-0500] {logging_mixin.py:190} INFO - [2025-02-23T00:25:38.627-0500] {dag.py:4180} INFO - Setting next_dagrun for example_branch_datetime_operator_3 to 2025-02-22 00:00:00+00:00, run_after=2025-02-23 00:00:00+00:00
[2025-02-23T00:25:38.659-0500] {processor.py:208} INFO - Processing /home/rafaelrb/anaconda3/lib/python3.9/site-packages/airflow/example_dags/example_branch_datetime_operator.py took 0.122 seconds
[2025-02-23T02:32:14.921-0500] {processor.py:186} INFO - Started process (PID=76268) to work on /home/rafaelrb/anaconda3/lib/python3.9/site-packages/airflow/example_dags/example_branch_datetime_operator.py
[2025-02-23T02:32:14.923-0500] {processor.py:914} INFO - Processing file /home/rafaelrb/anaconda3/lib/python3.9/site-packages/airflow/example_dags/example_branch_datetime_operator.py for tasks to queue
[2025-02-23T02:32:14.926-0500] {logging_mixin.py:190} INFO - [2025-02-23T02:32:14.926-0500] {dagbag.py:588} INFO - Filling up the DagBag from /home/rafaelrb/anaconda3/lib/python3.9/site-packages/airflow/example_dags/example_branch_datetime_operator.py
[2025-02-23T02:32:14.949-0500] {processor.py:925} INFO - DAG(s) 'example_branch_datetime_operator_2', 'example_branch_datetime_operator_3', 'example_branch_datetime_operator' retrieved from /home/rafaelrb/anaconda3/lib/python3.9/site-packages/airflow/example_dags/example_branch_datetime_operator.py
[2025-02-23T02:32:14.985-0500] {logging_mixin.py:190} INFO - [2025-02-23T02:32:14.985-0500] {dag.py:3239} INFO - Sync 3 DAGs
[2025-02-23T02:32:15.017-0500] {logging_mixin.py:190} INFO - [2025-02-23T02:32:15.017-0500] {dag.py:4180} INFO - Setting next_dagrun for example_branch_datetime_operator to 2025-02-22 00:00:00+00:00, run_after=2025-02-23 00:00:00+00:00
[2025-02-23T02:32:15.024-0500] {logging_mixin.py:190} INFO - [2025-02-23T02:32:15.024-0500] {dag.py:4180} INFO - Setting next_dagrun for example_branch_datetime_operator_2 to 2025-02-22 00:00:00+00:00, run_after=2025-02-23 00:00:00+00:00
[2025-02-23T02:32:15.029-0500] {logging_mixin.py:190} INFO - [2025-02-23T02:32:15.029-0500] {dag.py:4180} INFO - Setting next_dagrun for example_branch_datetime_operator_3 to 2025-02-22 00:00:00+00:00, run_after=2025-02-23 00:00:00+00:00
[2025-02-23T02:32:15.058-0500] {processor.py:208} INFO - Processing /home/rafaelrb/anaconda3/lib/python3.9/site-packages/airflow/example_dags/example_branch_datetime_operator.py took 0.151 seconds
[2025-02-23T02:33:30.857-0500] {processor.py:186} INFO - Started process (PID=76716) to work on /home/rafaelrb/anaconda3/lib/python3.9/site-packages/airflow/example_dags/example_branch_datetime_operator.py
[2025-02-23T02:33:30.867-0500] {processor.py:914} INFO - Processing file /home/rafaelrb/anaconda3/lib/python3.9/site-packages/airflow/example_dags/example_branch_datetime_operator.py for tasks to queue
[2025-02-23T02:33:30.871-0500] {logging_mixin.py:190} INFO - [2025-02-23T02:33:30.870-0500] {dagbag.py:588} INFO - Filling up the DagBag from /home/rafaelrb/anaconda3/lib/python3.9/site-packages/airflow/example_dags/example_branch_datetime_operator.py
[2025-02-23T02:33:30.890-0500] {processor.py:925} INFO - DAG(s) 'example_branch_datetime_operator', 'example_branch_datetime_operator_3', 'example_branch_datetime_operator_2' retrieved from /home/rafaelrb/anaconda3/lib/python3.9/site-packages/airflow/example_dags/example_branch_datetime_operator.py
[2025-02-23T02:33:30.930-0500] {logging_mixin.py:190} INFO - [2025-02-23T02:33:30.929-0500] {dag.py:3239} INFO - Sync 3 DAGs
[2025-02-23T02:33:30.971-0500] {logging_mixin.py:190} INFO - [2025-02-23T02:33:30.971-0500] {dag.py:4180} INFO - Setting next_dagrun for example_branch_datetime_operator to 2025-02-22 00:00:00+00:00, run_after=2025-02-23 00:00:00+00:00
[2025-02-23T02:33:30.978-0500] {logging_mixin.py:190} INFO - [2025-02-23T02:33:30.977-0500] {dag.py:4180} INFO - Setting next_dagrun for example_branch_datetime_operator_2 to 2025-02-22 00:00:00+00:00, run_after=2025-02-23 00:00:00+00:00
[2025-02-23T02:33:30.981-0500] {logging_mixin.py:190} INFO - [2025-02-23T02:33:30.981-0500] {dag.py:4180} INFO - Setting next_dagrun for example_branch_datetime_operator_3 to 2025-02-22 00:00:00+00:00, run_after=2025-02-23 00:00:00+00:00
[2025-02-23T02:33:31.045-0500] {processor.py:208} INFO - Processing /home/rafaelrb/anaconda3/lib/python3.9/site-packages/airflow/example_dags/example_branch_datetime_operator.py took 0.199 seconds
[2025-02-23T02:34:53.939-0500] {processor.py:186} INFO - Started process (PID=77046) to work on /home/rafaelrb/anaconda3/lib/python3.9/site-packages/airflow/example_dags/example_branch_datetime_operator.py
[2025-02-23T02:34:53.941-0500] {processor.py:914} INFO - Processing file /home/rafaelrb/anaconda3/lib/python3.9/site-packages/airflow/example_dags/example_branch_datetime_operator.py for tasks to queue
[2025-02-23T02:34:53.945-0500] {logging_mixin.py:190} INFO - [2025-02-23T02:34:53.945-0500] {dagbag.py:588} INFO - Filling up the DagBag from /home/rafaelrb/anaconda3/lib/python3.9/site-packages/airflow/example_dags/example_branch_datetime_operator.py
[2025-02-23T02:34:54.096-0500] {processor.py:925} INFO - DAG(s) 'example_branch_datetime_operator_2', 'example_branch_datetime_operator', 'example_branch_datetime_operator_3' retrieved from /home/rafaelrb/anaconda3/lib/python3.9/site-packages/airflow/example_dags/example_branch_datetime_operator.py
[2025-02-23T02:34:54.413-0500] {logging_mixin.py:190} INFO - [2025-02-23T02:34:54.413-0500] {dag.py:3239} INFO - Sync 3 DAGs
[2025-02-23T02:34:54.558-0500] {logging_mixin.py:190} INFO - [2025-02-23T02:34:54.557-0500] {dag.py:4180} INFO - Setting next_dagrun for example_branch_datetime_operator to 2025-02-22 00:00:00+00:00, run_after=2025-02-23 00:00:00+00:00
[2025-02-23T02:34:54.573-0500] {logging_mixin.py:190} INFO - [2025-02-23T02:34:54.573-0500] {dag.py:4180} INFO - Setting next_dagrun for example_branch_datetime_operator_2 to 2025-02-22 00:00:00+00:00, run_after=2025-02-23 00:00:00+00:00
[2025-02-23T02:34:54.579-0500] {logging_mixin.py:190} INFO - [2025-02-23T02:34:54.578-0500] {dag.py:4180} INFO - Setting next_dagrun for example_branch_datetime_operator_3 to 2025-02-22 00:00:00+00:00, run_after=2025-02-23 00:00:00+00:00
[2025-02-23T02:34:54.756-0500] {processor.py:208} INFO - Processing /home/rafaelrb/anaconda3/lib/python3.9/site-packages/airflow/example_dags/example_branch_datetime_operator.py took 0.840 seconds
[2025-02-23T02:42:56.614-0500] {processor.py:186} INFO - Started process (PID=78992) to work on /home/rafaelrb/anaconda3/lib/python3.9/site-packages/airflow/example_dags/example_branch_datetime_operator.py
[2025-02-23T02:42:56.615-0500] {processor.py:914} INFO - Processing file /home/rafaelrb/anaconda3/lib/python3.9/site-packages/airflow/example_dags/example_branch_datetime_operator.py for tasks to queue
[2025-02-23T02:42:56.618-0500] {logging_mixin.py:190} INFO - [2025-02-23T02:42:56.618-0500] {dagbag.py:588} INFO - Filling up the DagBag from /home/rafaelrb/anaconda3/lib/python3.9/site-packages/airflow/example_dags/example_branch_datetime_operator.py
[2025-02-23T02:42:56.634-0500] {processor.py:925} INFO - DAG(s) 'example_branch_datetime_operator', 'example_branch_datetime_operator_3', 'example_branch_datetime_operator_2' retrieved from /home/rafaelrb/anaconda3/lib/python3.9/site-packages/airflow/example_dags/example_branch_datetime_operator.py
[2025-02-23T02:42:56.660-0500] {logging_mixin.py:190} INFO - [2025-02-23T02:42:56.660-0500] {dag.py:3239} INFO - Sync 3 DAGs
[2025-02-23T02:42:56.687-0500] {logging_mixin.py:190} INFO - [2025-02-23T02:42:56.686-0500] {dag.py:4180} INFO - Setting next_dagrun for example_branch_datetime_operator to 2025-02-22 00:00:00+00:00, run_after=2025-02-23 00:00:00+00:00
[2025-02-23T02:42:56.696-0500] {logging_mixin.py:190} INFO - [2025-02-23T02:42:56.695-0500] {dag.py:4180} INFO - Setting next_dagrun for example_branch_datetime_operator_2 to 2025-02-22 00:00:00+00:00, run_after=2025-02-23 00:00:00+00:00
[2025-02-23T02:42:56.700-0500] {logging_mixin.py:190} INFO - [2025-02-23T02:42:56.700-0500] {dag.py:4180} INFO - Setting next_dagrun for example_branch_datetime_operator_3 to 2025-02-22 00:00:00+00:00, run_after=2025-02-23 00:00:00+00:00
[2025-02-23T02:42:56.750-0500] {processor.py:208} INFO - Processing /home/rafaelrb/anaconda3/lib/python3.9/site-packages/airflow/example_dags/example_branch_datetime_operator.py took 0.145 seconds
[2025-02-23T02:43:56.010-0500] {processor.py:186} INFO - Started process (PID=79193) to work on /home/rafaelrb/anaconda3/lib/python3.9/site-packages/airflow/example_dags/example_branch_datetime_operator.py
[2025-02-23T02:43:56.017-0500] {processor.py:914} INFO - Processing file /home/rafaelrb/anaconda3/lib/python3.9/site-packages/airflow/example_dags/example_branch_datetime_operator.py for tasks to queue
[2025-02-23T02:43:56.021-0500] {logging_mixin.py:190} INFO - [2025-02-23T02:43:56.020-0500] {dagbag.py:588} INFO - Filling up the DagBag from /home/rafaelrb/anaconda3/lib/python3.9/site-packages/airflow/example_dags/example_branch_datetime_operator.py
[2025-02-23T02:43:56.038-0500] {processor.py:925} INFO - DAG(s) 'example_branch_datetime_operator', 'example_branch_datetime_operator_2', 'example_branch_datetime_operator_3' retrieved from /home/rafaelrb/anaconda3/lib/python3.9/site-packages/airflow/example_dags/example_branch_datetime_operator.py
[2025-02-23T02:43:56.064-0500] {logging_mixin.py:190} INFO - [2025-02-23T02:43:56.064-0500] {dag.py:3239} INFO - Sync 3 DAGs
[2025-02-23T02:43:56.092-0500] {logging_mixin.py:190} INFO - [2025-02-23T02:43:56.091-0500] {dag.py:4180} INFO - Setting next_dagrun for example_branch_datetime_operator to 2025-02-22 00:00:00+00:00, run_after=2025-02-23 00:00:00+00:00
[2025-02-23T02:43:56.101-0500] {logging_mixin.py:190} INFO - [2025-02-23T02:43:56.101-0500] {dag.py:4180} INFO - Setting next_dagrun for example_branch_datetime_operator_2 to 2025-02-22 00:00:00+00:00, run_after=2025-02-23 00:00:00+00:00
[2025-02-23T02:43:56.105-0500] {logging_mixin.py:190} INFO - [2025-02-23T02:43:56.104-0500] {dag.py:4180} INFO - Setting next_dagrun for example_branch_datetime_operator_3 to 2025-02-22 00:00:00+00:00, run_after=2025-02-23 00:00:00+00:00
[2025-02-23T02:43:56.137-0500] {processor.py:208} INFO - Processing /home/rafaelrb/anaconda3/lib/python3.9/site-packages/airflow/example_dags/example_branch_datetime_operator.py took 0.138 seconds
