[2025-02-22T23:43:16.840-0500] {processor.py:186} INFO - Started process (PID=26521) to work on /home/rafaelrb/anaconda3/lib/python3.9/site-packages/airflow/example_dags/example_workday_timetable.py
[2025-02-22T23:43:16.842-0500] {processor.py:914} INFO - Processing file /home/rafaelrb/anaconda3/lib/python3.9/site-packages/airflow/example_dags/example_workday_timetable.py for tasks to queue
[2025-02-22T23:43:16.845-0500] {logging_mixin.py:190} INFO - [2025-02-22T23:43:16.844-0500] {dagbag.py:588} INFO - Filling up the DagBag from /home/rafaelrb/anaconda3/lib/python3.9/site-packages/airflow/example_dags/example_workday_timetable.py
[2025-02-22T23:43:16.853-0500] {processor.py:925} INFO - DAG(s) 'example_workday_timetable' retrieved from /home/rafaelrb/anaconda3/lib/python3.9/site-packages/airflow/example_dags/example_workday_timetable.py
[2025-02-22T23:43:17.121-0500] {logging_mixin.py:190} INFO - [2025-02-22T23:43:17.120-0500] {override.py:1930} INFO - Created Permission View: can read on DAG:example_workday_timetable
[2025-02-22T23:43:17.144-0500] {logging_mixin.py:190} INFO - [2025-02-22T23:43:17.144-0500] {override.py:1930} INFO - Created Permission View: can delete on DAG:example_workday_timetable
[2025-02-22T23:43:17.162-0500] {logging_mixin.py:190} INFO - [2025-02-22T23:43:17.162-0500] {override.py:1930} INFO - Created Permission View: can edit on DAG:example_workday_timetable
[2025-02-22T23:43:17.192-0500] {logging_mixin.py:190} INFO - [2025-02-22T23:43:17.191-0500] {override.py:1930} INFO - Created Permission View: can read on DAG Run:example_workday_timetable
[2025-02-22T23:43:17.205-0500] {logging_mixin.py:190} INFO - [2025-02-22T23:43:17.205-0500] {override.py:1930} INFO - Created Permission View: can create on DAG Run:example_workday_timetable
[2025-02-22T23:43:17.219-0500] {logging_mixin.py:190} INFO - [2025-02-22T23:43:17.219-0500] {override.py:1930} INFO - Created Permission View: menu access on DAG Run:example_workday_timetable
[2025-02-22T23:43:17.233-0500] {logging_mixin.py:190} INFO - [2025-02-22T23:43:17.233-0500] {override.py:1930} INFO - Created Permission View: can delete on DAG Run:example_workday_timetable
[2025-02-22T23:43:17.234-0500] {logging_mixin.py:190} INFO - [2025-02-22T23:43:17.234-0500] {dag.py:3239} INFO - Sync 1 DAGs
[2025-02-22T23:43:17.259-0500] {logging_mixin.py:190} INFO - [2025-02-22T23:43:17.259-0500] {dag.py:3262} INFO - Creating ORM DAG for example_workday_timetable
[2025-02-22T23:43:17.340-0500] {logging_mixin.py:190} INFO - [2025-02-22T23:43:17.340-0500] {dag.py:4180} INFO - Setting next_dagrun for example_workday_timetable to 2021-01-04 00:00:00+00:00, run_after=2021-01-05 00:00:00+00:00
[2025-02-22T23:43:17.377-0500] {processor.py:208} INFO - Processing /home/rafaelrb/anaconda3/lib/python3.9/site-packages/airflow/example_dags/example_workday_timetable.py took 0.545 seconds
[2025-02-22T23:44:27.137-0500] {processor.py:186} INFO - Started process (PID=27044) to work on /home/rafaelrb/anaconda3/lib/python3.9/site-packages/airflow/example_dags/example_workday_timetable.py
[2025-02-22T23:44:27.139-0500] {processor.py:914} INFO - Processing file /home/rafaelrb/anaconda3/lib/python3.9/site-packages/airflow/example_dags/example_workday_timetable.py for tasks to queue
[2025-02-22T23:44:27.142-0500] {logging_mixin.py:190} INFO - [2025-02-22T23:44:27.142-0500] {dagbag.py:588} INFO - Filling up the DagBag from /home/rafaelrb/anaconda3/lib/python3.9/site-packages/airflow/example_dags/example_workday_timetable.py
[2025-02-22T23:44:27.163-0500] {processor.py:925} INFO - DAG(s) 'example_workday_timetable' retrieved from /home/rafaelrb/anaconda3/lib/python3.9/site-packages/airflow/example_dags/example_workday_timetable.py
[2025-02-22T23:44:27.224-0500] {logging_mixin.py:190} INFO - [2025-02-22T23:44:27.224-0500] {dag.py:3239} INFO - Sync 1 DAGs
[2025-02-22T23:44:27.396-0500] {logging_mixin.py:190} INFO - [2025-02-22T23:44:27.395-0500] {dag.py:4180} INFO - Setting next_dagrun for example_workday_timetable to 2021-01-04 00:00:00+00:00, run_after=2021-01-05 00:00:00+00:00
[2025-02-22T23:44:27.433-0500] {processor.py:208} INFO - Processing /home/rafaelrb/anaconda3/lib/python3.9/site-packages/airflow/example_dags/example_workday_timetable.py took 0.307 seconds
[2025-02-22T23:49:02.003-0500] {processor.py:186} INFO - Started process (PID=27654) to work on /home/rafaelrb/anaconda3/lib/python3.9/site-packages/airflow/example_dags/example_workday_timetable.py
[2025-02-22T23:49:02.005-0500] {processor.py:914} INFO - Processing file /home/rafaelrb/anaconda3/lib/python3.9/site-packages/airflow/example_dags/example_workday_timetable.py for tasks to queue
[2025-02-22T23:49:02.007-0500] {logging_mixin.py:190} INFO - [2025-02-22T23:49:02.007-0500] {dagbag.py:588} INFO - Filling up the DagBag from /home/rafaelrb/anaconda3/lib/python3.9/site-packages/airflow/example_dags/example_workday_timetable.py
[2025-02-22T23:49:02.021-0500] {processor.py:925} INFO - DAG(s) 'example_workday_timetable' retrieved from /home/rafaelrb/anaconda3/lib/python3.9/site-packages/airflow/example_dags/example_workday_timetable.py
[2025-02-22T23:49:02.049-0500] {logging_mixin.py:190} INFO - [2025-02-22T23:49:02.049-0500] {dag.py:3239} INFO - Sync 1 DAGs
[2025-02-22T23:49:02.225-0500] {logging_mixin.py:190} INFO - [2025-02-22T23:49:02.225-0500] {dag.py:4180} INFO - Setting next_dagrun for example_workday_timetable to 2021-01-04 00:00:00+00:00, run_after=2021-01-05 00:00:00+00:00
[2025-02-22T23:49:02.268-0500] {processor.py:208} INFO - Processing /home/rafaelrb/anaconda3/lib/python3.9/site-packages/airflow/example_dags/example_workday_timetable.py took 0.275 seconds
[2025-02-22T23:50:05.046-0500] {processor.py:186} INFO - Started process (PID=28103) to work on /home/rafaelrb/anaconda3/lib/python3.9/site-packages/airflow/example_dags/example_workday_timetable.py
[2025-02-22T23:50:05.049-0500] {processor.py:914} INFO - Processing file /home/rafaelrb/anaconda3/lib/python3.9/site-packages/airflow/example_dags/example_workday_timetable.py for tasks to queue
[2025-02-22T23:50:05.053-0500] {logging_mixin.py:190} INFO - [2025-02-22T23:50:05.052-0500] {dagbag.py:588} INFO - Filling up the DagBag from /home/rafaelrb/anaconda3/lib/python3.9/site-packages/airflow/example_dags/example_workday_timetable.py
[2025-02-22T23:50:05.064-0500] {processor.py:925} INFO - DAG(s) 'example_workday_timetable' retrieved from /home/rafaelrb/anaconda3/lib/python3.9/site-packages/airflow/example_dags/example_workday_timetable.py
[2025-02-22T23:50:05.092-0500] {logging_mixin.py:190} INFO - [2025-02-22T23:50:05.092-0500] {dag.py:3239} INFO - Sync 1 DAGs
[2025-02-22T23:50:05.270-0500] {logging_mixin.py:190} INFO - [2025-02-22T23:50:05.269-0500] {dag.py:4180} INFO - Setting next_dagrun for example_workday_timetable to 2021-01-04 00:00:00+00:00, run_after=2021-01-05 00:00:00+00:00
[2025-02-22T23:50:05.308-0500] {processor.py:208} INFO - Processing /home/rafaelrb/anaconda3/lib/python3.9/site-packages/airflow/example_dags/example_workday_timetable.py took 0.273 seconds
[2025-02-22T23:51:01.479-0500] {processor.py:186} INFO - Started process (PID=28504) to work on /home/rafaelrb/anaconda3/lib/python3.9/site-packages/airflow/example_dags/example_workday_timetable.py
[2025-02-22T23:51:01.481-0500] {processor.py:914} INFO - Processing file /home/rafaelrb/anaconda3/lib/python3.9/site-packages/airflow/example_dags/example_workday_timetable.py for tasks to queue
[2025-02-22T23:51:01.484-0500] {logging_mixin.py:190} INFO - [2025-02-22T23:51:01.483-0500] {dagbag.py:588} INFO - Filling up the DagBag from /home/rafaelrb/anaconda3/lib/python3.9/site-packages/airflow/example_dags/example_workday_timetable.py
[2025-02-22T23:51:01.494-0500] {processor.py:925} INFO - DAG(s) 'example_workday_timetable' retrieved from /home/rafaelrb/anaconda3/lib/python3.9/site-packages/airflow/example_dags/example_workday_timetable.py
[2025-02-22T23:51:01.515-0500] {logging_mixin.py:190} INFO - [2025-02-22T23:51:01.515-0500] {dag.py:3239} INFO - Sync 1 DAGs
[2025-02-22T23:51:01.713-0500] {logging_mixin.py:190} INFO - [2025-02-22T23:51:01.713-0500] {dag.py:4180} INFO - Setting next_dagrun for example_workday_timetable to 2021-01-04 00:00:00+00:00, run_after=2021-01-05 00:00:00+00:00
[2025-02-22T23:51:01.749-0500] {processor.py:208} INFO - Processing /home/rafaelrb/anaconda3/lib/python3.9/site-packages/airflow/example_dags/example_workday_timetable.py took 0.280 seconds
[2025-02-22T23:51:59.948-0500] {processor.py:186} INFO - Started process (PID=28944) to work on /home/rafaelrb/anaconda3/lib/python3.9/site-packages/airflow/example_dags/example_workday_timetable.py
[2025-02-22T23:51:59.950-0500] {processor.py:914} INFO - Processing file /home/rafaelrb/anaconda3/lib/python3.9/site-packages/airflow/example_dags/example_workday_timetable.py for tasks to queue
[2025-02-22T23:51:59.953-0500] {logging_mixin.py:190} INFO - [2025-02-22T23:51:59.952-0500] {dagbag.py:588} INFO - Filling up the DagBag from /home/rafaelrb/anaconda3/lib/python3.9/site-packages/airflow/example_dags/example_workday_timetable.py
[2025-02-22T23:51:59.966-0500] {processor.py:925} INFO - DAG(s) 'example_workday_timetable' retrieved from /home/rafaelrb/anaconda3/lib/python3.9/site-packages/airflow/example_dags/example_workday_timetable.py
[2025-02-22T23:51:59.994-0500] {logging_mixin.py:190} INFO - [2025-02-22T23:51:59.993-0500] {dag.py:3239} INFO - Sync 1 DAGs
[2025-02-22T23:52:00.174-0500] {logging_mixin.py:190} INFO - [2025-02-22T23:52:00.174-0500] {dag.py:4180} INFO - Setting next_dagrun for example_workday_timetable to 2021-01-04 00:00:00+00:00, run_after=2021-01-05 00:00:00+00:00
[2025-02-22T23:52:00.221-0500] {processor.py:208} INFO - Processing /home/rafaelrb/anaconda3/lib/python3.9/site-packages/airflow/example_dags/example_workday_timetable.py took 0.280 seconds
[2025-02-22T23:53:01.726-0500] {processor.py:186} INFO - Started process (PID=29378) to work on /home/rafaelrb/anaconda3/lib/python3.9/site-packages/airflow/example_dags/example_workday_timetable.py
[2025-02-22T23:53:01.728-0500] {processor.py:914} INFO - Processing file /home/rafaelrb/anaconda3/lib/python3.9/site-packages/airflow/example_dags/example_workday_timetable.py for tasks to queue
[2025-02-22T23:53:01.731-0500] {logging_mixin.py:190} INFO - [2025-02-22T23:53:01.730-0500] {dagbag.py:588} INFO - Filling up the DagBag from /home/rafaelrb/anaconda3/lib/python3.9/site-packages/airflow/example_dags/example_workday_timetable.py
[2025-02-22T23:53:01.739-0500] {processor.py:925} INFO - DAG(s) 'example_workday_timetable' retrieved from /home/rafaelrb/anaconda3/lib/python3.9/site-packages/airflow/example_dags/example_workday_timetable.py
[2025-02-22T23:53:01.758-0500] {logging_mixin.py:190} INFO - [2025-02-22T23:53:01.757-0500] {dag.py:3239} INFO - Sync 1 DAGs
[2025-02-22T23:53:01.943-0500] {logging_mixin.py:190} INFO - [2025-02-22T23:53:01.943-0500] {dag.py:4180} INFO - Setting next_dagrun for example_workday_timetable to 2021-01-04 00:00:00+00:00, run_after=2021-01-05 00:00:00+00:00
[2025-02-22T23:53:01.980-0500] {processor.py:208} INFO - Processing /home/rafaelrb/anaconda3/lib/python3.9/site-packages/airflow/example_dags/example_workday_timetable.py took 0.263 seconds
[2025-02-22T23:53:35.499-0500] {processor.py:186} INFO - Started process (PID=29598) to work on /home/rafaelrb/anaconda3/lib/python3.9/site-packages/airflow/example_dags/example_workday_timetable.py
[2025-02-22T23:53:35.506-0500] {processor.py:914} INFO - Processing file /home/rafaelrb/anaconda3/lib/python3.9/site-packages/airflow/example_dags/example_workday_timetable.py for tasks to queue
[2025-02-22T23:53:35.513-0500] {logging_mixin.py:190} INFO - [2025-02-22T23:53:35.512-0500] {dagbag.py:588} INFO - Filling up the DagBag from /home/rafaelrb/anaconda3/lib/python3.9/site-packages/airflow/example_dags/example_workday_timetable.py
[2025-02-22T23:53:35.547-0500] {processor.py:925} INFO - DAG(s) 'example_workday_timetable' retrieved from /home/rafaelrb/anaconda3/lib/python3.9/site-packages/airflow/example_dags/example_workday_timetable.py
[2025-02-22T23:53:35.594-0500] {logging_mixin.py:190} INFO - [2025-02-22T23:53:35.594-0500] {dag.py:3239} INFO - Sync 1 DAGs
[2025-02-22T23:53:35.722-0500] {logging_mixin.py:190} INFO - [2025-02-22T23:53:35.722-0500] {dag.py:4180} INFO - Setting next_dagrun for example_workday_timetable to 2021-01-04 00:00:00+00:00, run_after=2021-01-05 00:00:00+00:00
[2025-02-22T23:53:35.761-0500] {processor.py:208} INFO - Processing /home/rafaelrb/anaconda3/lib/python3.9/site-packages/airflow/example_dags/example_workday_timetable.py took 0.291 seconds
[2025-02-22T23:54:40.739-0500] {processor.py:186} INFO - Started process (PID=30068) to work on /home/rafaelrb/anaconda3/lib/python3.9/site-packages/airflow/example_dags/example_workday_timetable.py
[2025-02-22T23:54:40.748-0500] {processor.py:914} INFO - Processing file /home/rafaelrb/anaconda3/lib/python3.9/site-packages/airflow/example_dags/example_workday_timetable.py for tasks to queue
[2025-02-22T23:54:40.757-0500] {logging_mixin.py:190} INFO - [2025-02-22T23:54:40.754-0500] {dagbag.py:588} INFO - Filling up the DagBag from /home/rafaelrb/anaconda3/lib/python3.9/site-packages/airflow/example_dags/example_workday_timetable.py
[2025-02-22T23:54:40.821-0500] {processor.py:925} INFO - DAG(s) 'example_workday_timetable' retrieved from /home/rafaelrb/anaconda3/lib/python3.9/site-packages/airflow/example_dags/example_workday_timetable.py
[2025-02-22T23:54:40.871-0500] {logging_mixin.py:190} INFO - [2025-02-22T23:54:40.870-0500] {dag.py:3239} INFO - Sync 1 DAGs
[2025-02-22T23:54:41.170-0500] {logging_mixin.py:190} INFO - [2025-02-22T23:54:41.145-0500] {dag.py:4180} INFO - Setting next_dagrun for example_workday_timetable to 2021-01-04 00:00:00+00:00, run_after=2021-01-05 00:00:00+00:00
[2025-02-22T23:54:41.307-0500] {processor.py:208} INFO - Processing /home/rafaelrb/anaconda3/lib/python3.9/site-packages/airflow/example_dags/example_workday_timetable.py took 0.583 seconds
[2025-02-22T23:57:51.320-0500] {processor.py:186} INFO - Started process (PID=30531) to work on /home/rafaelrb/anaconda3/lib/python3.9/site-packages/airflow/example_dags/example_workday_timetable.py
[2025-02-22T23:57:51.322-0500] {processor.py:914} INFO - Processing file /home/rafaelrb/anaconda3/lib/python3.9/site-packages/airflow/example_dags/example_workday_timetable.py for tasks to queue
[2025-02-22T23:57:51.327-0500] {logging_mixin.py:190} INFO - [2025-02-22T23:57:51.327-0500] {dagbag.py:588} INFO - Filling up the DagBag from /home/rafaelrb/anaconda3/lib/python3.9/site-packages/airflow/example_dags/example_workday_timetable.py
[2025-02-22T23:57:51.351-0500] {processor.py:925} INFO - DAG(s) 'example_workday_timetable' retrieved from /home/rafaelrb/anaconda3/lib/python3.9/site-packages/airflow/example_dags/example_workday_timetable.py
[2025-02-22T23:57:51.424-0500] {logging_mixin.py:190} INFO - [2025-02-22T23:57:51.423-0500] {dag.py:3239} INFO - Sync 1 DAGs
[2025-02-22T23:57:52.098-0500] {logging_mixin.py:190} INFO - [2025-02-22T23:57:52.098-0500] {dag.py:4180} INFO - Setting next_dagrun for example_workday_timetable to 2021-01-04 00:00:00+00:00, run_after=2021-01-05 00:00:00+00:00
[2025-02-22T23:57:52.164-0500] {processor.py:208} INFO - Processing /home/rafaelrb/anaconda3/lib/python3.9/site-packages/airflow/example_dags/example_workday_timetable.py took 0.852 seconds
[2025-02-22T23:58:38.696-0500] {processor.py:186} INFO - Started process (PID=30890) to work on /home/rafaelrb/anaconda3/lib/python3.9/site-packages/airflow/example_dags/example_workday_timetable.py
[2025-02-22T23:58:38.698-0500] {processor.py:914} INFO - Processing file /home/rafaelrb/anaconda3/lib/python3.9/site-packages/airflow/example_dags/example_workday_timetable.py for tasks to queue
[2025-02-22T23:58:38.702-0500] {logging_mixin.py:190} INFO - [2025-02-22T23:58:38.701-0500] {dagbag.py:588} INFO - Filling up the DagBag from /home/rafaelrb/anaconda3/lib/python3.9/site-packages/airflow/example_dags/example_workday_timetable.py
[2025-02-22T23:58:38.716-0500] {processor.py:925} INFO - DAG(s) 'example_workday_timetable' retrieved from /home/rafaelrb/anaconda3/lib/python3.9/site-packages/airflow/example_dags/example_workday_timetable.py
[2025-02-22T23:58:38.763-0500] {logging_mixin.py:190} INFO - [2025-02-22T23:58:38.763-0500] {dag.py:3239} INFO - Sync 1 DAGs
[2025-02-22T23:58:38.961-0500] {logging_mixin.py:190} INFO - [2025-02-22T23:58:38.960-0500] {dag.py:4180} INFO - Setting next_dagrun for example_workday_timetable to 2021-01-04 00:00:00+00:00, run_after=2021-01-05 00:00:00+00:00
[2025-02-22T23:58:39.019-0500] {processor.py:208} INFO - Processing /home/rafaelrb/anaconda3/lib/python3.9/site-packages/airflow/example_dags/example_workday_timetable.py took 0.335 seconds
[2025-02-22T23:59:47.317-0500] {processor.py:186} INFO - Started process (PID=31316) to work on /home/rafaelrb/anaconda3/lib/python3.9/site-packages/airflow/example_dags/example_workday_timetable.py
[2025-02-22T23:59:47.441-0500] {processor.py:914} INFO - Processing file /home/rafaelrb/anaconda3/lib/python3.9/site-packages/airflow/example_dags/example_workday_timetable.py for tasks to queue
[2025-02-22T23:59:47.445-0500] {logging_mixin.py:190} INFO - [2025-02-22T23:59:47.444-0500] {dagbag.py:588} INFO - Filling up the DagBag from /home/rafaelrb/anaconda3/lib/python3.9/site-packages/airflow/example_dags/example_workday_timetable.py
[2025-02-22T23:59:47.467-0500] {processor.py:925} INFO - DAG(s) 'example_workday_timetable' retrieved from /home/rafaelrb/anaconda3/lib/python3.9/site-packages/airflow/example_dags/example_workday_timetable.py
[2025-02-22T23:59:47.545-0500] {logging_mixin.py:190} INFO - [2025-02-22T23:59:47.545-0500] {dag.py:3239} INFO - Sync 1 DAGs
[2025-02-22T23:59:48.333-0500] {logging_mixin.py:190} INFO - [2025-02-22T23:59:48.332-0500] {dag.py:4180} INFO - Setting next_dagrun for example_workday_timetable to 2021-01-04 00:00:00+00:00, run_after=2021-01-05 00:00:00+00:00
[2025-02-22T23:59:48.470-0500] {processor.py:208} INFO - Processing /home/rafaelrb/anaconda3/lib/python3.9/site-packages/airflow/example_dags/example_workday_timetable.py took 1.187 seconds
[2025-02-23T00:01:07.340-0500] {processor.py:186} INFO - Started process (PID=31881) to work on /home/rafaelrb/anaconda3/lib/python3.9/site-packages/airflow/example_dags/example_workday_timetable.py
[2025-02-23T00:01:07.342-0500] {processor.py:914} INFO - Processing file /home/rafaelrb/anaconda3/lib/python3.9/site-packages/airflow/example_dags/example_workday_timetable.py for tasks to queue
[2025-02-23T00:01:07.346-0500] {logging_mixin.py:190} INFO - [2025-02-23T00:01:07.345-0500] {dagbag.py:588} INFO - Filling up the DagBag from /home/rafaelrb/anaconda3/lib/python3.9/site-packages/airflow/example_dags/example_workday_timetable.py
[2025-02-23T00:01:07.360-0500] {processor.py:925} INFO - DAG(s) 'example_workday_timetable' retrieved from /home/rafaelrb/anaconda3/lib/python3.9/site-packages/airflow/example_dags/example_workday_timetable.py
[2025-02-23T00:01:07.391-0500] {logging_mixin.py:190} INFO - [2025-02-23T00:01:07.391-0500] {dag.py:3239} INFO - Sync 1 DAGs
[2025-02-23T00:01:07.597-0500] {logging_mixin.py:190} INFO - [2025-02-23T00:01:07.597-0500] {dag.py:4180} INFO - Setting next_dagrun for example_workday_timetable to 2021-01-04 00:00:00+00:00, run_after=2021-01-05 00:00:00+00:00
[2025-02-23T00:01:07.631-0500] {processor.py:208} INFO - Processing /home/rafaelrb/anaconda3/lib/python3.9/site-packages/airflow/example_dags/example_workday_timetable.py took 0.300 seconds
[2025-02-23T00:02:06.451-0500] {processor.py:186} INFO - Started process (PID=32305) to work on /home/rafaelrb/anaconda3/lib/python3.9/site-packages/airflow/example_dags/example_workday_timetable.py
[2025-02-23T00:02:06.476-0500] {processor.py:914} INFO - Processing file /home/rafaelrb/anaconda3/lib/python3.9/site-packages/airflow/example_dags/example_workday_timetable.py for tasks to queue
[2025-02-23T00:02:06.481-0500] {logging_mixin.py:190} INFO - [2025-02-23T00:02:06.480-0500] {dagbag.py:588} INFO - Filling up the DagBag from /home/rafaelrb/anaconda3/lib/python3.9/site-packages/airflow/example_dags/example_workday_timetable.py
[2025-02-23T00:02:06.565-0500] {processor.py:925} INFO - DAG(s) 'example_workday_timetable' retrieved from /home/rafaelrb/anaconda3/lib/python3.9/site-packages/airflow/example_dags/example_workday_timetable.py
[2025-02-23T00:02:06.729-0500] {logging_mixin.py:190} INFO - [2025-02-23T00:02:06.729-0500] {dag.py:3239} INFO - Sync 1 DAGs
[2025-02-23T00:02:07.487-0500] {logging_mixin.py:190} INFO - [2025-02-23T00:02:07.478-0500] {dag.py:4180} INFO - Setting next_dagrun for example_workday_timetable to 2021-01-04 00:00:00+00:00, run_after=2021-01-05 00:00:00+00:00
[2025-02-23T00:02:07.665-0500] {processor.py:208} INFO - Processing /home/rafaelrb/anaconda3/lib/python3.9/site-packages/airflow/example_dags/example_workday_timetable.py took 1.262 seconds
[2025-02-23T00:11:02.256-0500] {processor.py:186} INFO - Started process (PID=34399) to work on /home/rafaelrb/anaconda3/lib/python3.9/site-packages/airflow/example_dags/example_workday_timetable.py
[2025-02-23T00:11:02.263-0500] {processor.py:914} INFO - Processing file /home/rafaelrb/anaconda3/lib/python3.9/site-packages/airflow/example_dags/example_workday_timetable.py for tasks to queue
[2025-02-23T00:11:02.266-0500] {logging_mixin.py:190} INFO - [2025-02-23T00:11:02.266-0500] {dagbag.py:588} INFO - Filling up the DagBag from /home/rafaelrb/anaconda3/lib/python3.9/site-packages/airflow/example_dags/example_workday_timetable.py
[2025-02-23T00:11:02.283-0500] {processor.py:925} INFO - DAG(s) 'example_workday_timetable' retrieved from /home/rafaelrb/anaconda3/lib/python3.9/site-packages/airflow/example_dags/example_workday_timetable.py
[2025-02-23T00:11:02.324-0500] {logging_mixin.py:190} INFO - [2025-02-23T00:11:02.323-0500] {dag.py:3239} INFO - Sync 1 DAGs
[2025-02-23T00:11:02.496-0500] {logging_mixin.py:190} INFO - [2025-02-23T00:11:02.495-0500] {dag.py:4180} INFO - Setting next_dagrun for example_workday_timetable to 2021-01-04 00:00:00+00:00, run_after=2021-01-05 00:00:00+00:00
[2025-02-23T00:11:02.539-0500] {processor.py:208} INFO - Processing /home/rafaelrb/anaconda3/lib/python3.9/site-packages/airflow/example_dags/example_workday_timetable.py took 0.292 seconds
[2025-02-23T00:12:02.308-0500] {processor.py:186} INFO - Started process (PID=34495) to work on /home/rafaelrb/anaconda3/lib/python3.9/site-packages/airflow/example_dags/example_workday_timetable.py
[2025-02-23T00:12:02.315-0500] {processor.py:914} INFO - Processing file /home/rafaelrb/anaconda3/lib/python3.9/site-packages/airflow/example_dags/example_workday_timetable.py for tasks to queue
[2025-02-23T00:12:02.317-0500] {logging_mixin.py:190} INFO - [2025-02-23T00:12:02.317-0500] {dagbag.py:588} INFO - Filling up the DagBag from /home/rafaelrb/anaconda3/lib/python3.9/site-packages/airflow/example_dags/example_workday_timetable.py
[2025-02-23T00:12:02.329-0500] {processor.py:925} INFO - DAG(s) 'example_workday_timetable' retrieved from /home/rafaelrb/anaconda3/lib/python3.9/site-packages/airflow/example_dags/example_workday_timetable.py
[2025-02-23T00:12:02.352-0500] {logging_mixin.py:190} INFO - [2025-02-23T00:12:02.351-0500] {dag.py:3239} INFO - Sync 1 DAGs
[2025-02-23T00:12:02.411-0500] {logging_mixin.py:190} INFO - [2025-02-23T00:12:02.410-0500] {dag.py:4180} INFO - Setting next_dagrun for example_workday_timetable to 2021-01-04 00:00:00+00:00, run_after=2021-01-05 00:00:00+00:00
[2025-02-23T00:12:02.443-0500] {processor.py:208} INFO - Processing /home/rafaelrb/anaconda3/lib/python3.9/site-packages/airflow/example_dags/example_workday_timetable.py took 0.143 seconds
[2025-02-23T00:13:18.193-0500] {processor.py:186} INFO - Started process (PID=34604) to work on /home/rafaelrb/anaconda3/lib/python3.9/site-packages/airflow/example_dags/example_workday_timetable.py
[2025-02-23T00:13:18.196-0500] {processor.py:914} INFO - Processing file /home/rafaelrb/anaconda3/lib/python3.9/site-packages/airflow/example_dags/example_workday_timetable.py for tasks to queue
[2025-02-23T00:13:18.199-0500] {logging_mixin.py:190} INFO - [2025-02-23T00:13:18.199-0500] {dagbag.py:588} INFO - Filling up the DagBag from /home/rafaelrb/anaconda3/lib/python3.9/site-packages/airflow/example_dags/example_workday_timetable.py
[2025-02-23T00:13:18.211-0500] {processor.py:925} INFO - DAG(s) 'example_workday_timetable' retrieved from /home/rafaelrb/anaconda3/lib/python3.9/site-packages/airflow/example_dags/example_workday_timetable.py
[2025-02-23T00:13:18.236-0500] {logging_mixin.py:190} INFO - [2025-02-23T00:13:18.236-0500] {dag.py:3239} INFO - Sync 1 DAGs
[2025-02-23T00:13:18.316-0500] {logging_mixin.py:190} INFO - [2025-02-23T00:13:18.316-0500] {dag.py:4180} INFO - Setting next_dagrun for example_workday_timetable to 2021-01-04 00:00:00+00:00, run_after=2021-01-05 00:00:00+00:00
[2025-02-23T00:13:18.345-0500] {processor.py:208} INFO - Processing /home/rafaelrb/anaconda3/lib/python3.9/site-packages/airflow/example_dags/example_workday_timetable.py took 0.163 seconds
[2025-02-23T00:14:14.544-0500] {processor.py:186} INFO - Started process (PID=34677) to work on /home/rafaelrb/anaconda3/lib/python3.9/site-packages/airflow/example_dags/example_workday_timetable.py
[2025-02-23T00:14:14.546-0500] {processor.py:914} INFO - Processing file /home/rafaelrb/anaconda3/lib/python3.9/site-packages/airflow/example_dags/example_workday_timetable.py for tasks to queue
[2025-02-23T00:14:14.550-0500] {logging_mixin.py:190} INFO - [2025-02-23T00:14:14.549-0500] {dagbag.py:588} INFO - Filling up the DagBag from /home/rafaelrb/anaconda3/lib/python3.9/site-packages/airflow/example_dags/example_workday_timetable.py
[2025-02-23T00:14:14.559-0500] {processor.py:925} INFO - DAG(s) 'example_workday_timetable' retrieved from /home/rafaelrb/anaconda3/lib/python3.9/site-packages/airflow/example_dags/example_workday_timetable.py
[2025-02-23T00:14:14.579-0500] {logging_mixin.py:190} INFO - [2025-02-23T00:14:14.578-0500] {dag.py:3239} INFO - Sync 1 DAGs
[2025-02-23T00:14:14.645-0500] {logging_mixin.py:190} INFO - [2025-02-23T00:14:14.645-0500] {dag.py:4180} INFO - Setting next_dagrun for example_workday_timetable to 2021-01-04 00:00:00+00:00, run_after=2021-01-05 00:00:00+00:00
[2025-02-23T00:14:14.682-0500] {processor.py:208} INFO - Processing /home/rafaelrb/anaconda3/lib/python3.9/site-packages/airflow/example_dags/example_workday_timetable.py took 0.147 seconds
[2025-02-23T00:15:24.056-0500] {processor.py:186} INFO - Started process (PID=34761) to work on /home/rafaelrb/anaconda3/lib/python3.9/site-packages/airflow/example_dags/example_workday_timetable.py
[2025-02-23T00:15:24.058-0500] {processor.py:914} INFO - Processing file /home/rafaelrb/anaconda3/lib/python3.9/site-packages/airflow/example_dags/example_workday_timetable.py for tasks to queue
[2025-02-23T00:15:24.061-0500] {logging_mixin.py:190} INFO - [2025-02-23T00:15:24.061-0500] {dagbag.py:588} INFO - Filling up the DagBag from /home/rafaelrb/anaconda3/lib/python3.9/site-packages/airflow/example_dags/example_workday_timetable.py
[2025-02-23T00:15:24.076-0500] {processor.py:925} INFO - DAG(s) 'example_workday_timetable' retrieved from /home/rafaelrb/anaconda3/lib/python3.9/site-packages/airflow/example_dags/example_workday_timetable.py
[2025-02-23T00:15:24.106-0500] {logging_mixin.py:190} INFO - [2025-02-23T00:15:24.106-0500] {dag.py:3239} INFO - Sync 1 DAGs
[2025-02-23T00:15:24.171-0500] {logging_mixin.py:190} INFO - [2025-02-23T00:15:24.170-0500] {dag.py:4180} INFO - Setting next_dagrun for example_workday_timetable to 2021-01-04 00:00:00+00:00, run_after=2021-01-05 00:00:00+00:00
[2025-02-23T00:15:24.201-0500] {processor.py:208} INFO - Processing /home/rafaelrb/anaconda3/lib/python3.9/site-packages/airflow/example_dags/example_workday_timetable.py took 0.155 seconds
[2025-02-23T00:16:23.577-0500] {processor.py:186} INFO - Started process (PID=34875) to work on /home/rafaelrb/anaconda3/lib/python3.9/site-packages/airflow/example_dags/example_workday_timetable.py
[2025-02-23T00:16:23.580-0500] {processor.py:914} INFO - Processing file /home/rafaelrb/anaconda3/lib/python3.9/site-packages/airflow/example_dags/example_workday_timetable.py for tasks to queue
[2025-02-23T00:16:23.585-0500] {logging_mixin.py:190} INFO - [2025-02-23T00:16:23.585-0500] {dagbag.py:588} INFO - Filling up the DagBag from /home/rafaelrb/anaconda3/lib/python3.9/site-packages/airflow/example_dags/example_workday_timetable.py
[2025-02-23T00:16:23.601-0500] {processor.py:925} INFO - DAG(s) 'example_workday_timetable' retrieved from /home/rafaelrb/anaconda3/lib/python3.9/site-packages/airflow/example_dags/example_workday_timetable.py
[2025-02-23T00:16:23.668-0500] {logging_mixin.py:190} INFO - [2025-02-23T00:16:23.667-0500] {dag.py:3239} INFO - Sync 1 DAGs
[2025-02-23T00:16:23.966-0500] {logging_mixin.py:190} INFO - [2025-02-23T00:16:23.965-0500] {dag.py:4180} INFO - Setting next_dagrun for example_workday_timetable to 2021-01-04 00:00:00+00:00, run_after=2021-01-05 00:00:00+00:00
[2025-02-23T00:16:24.076-0500] {processor.py:208} INFO - Processing /home/rafaelrb/anaconda3/lib/python3.9/site-packages/airflow/example_dags/example_workday_timetable.py took 0.522 seconds
[2025-02-23T00:17:28.921-0500] {processor.py:186} INFO - Started process (PID=34946) to work on /home/rafaelrb/anaconda3/lib/python3.9/site-packages/airflow/example_dags/example_workday_timetable.py
[2025-02-23T00:17:28.922-0500] {processor.py:914} INFO - Processing file /home/rafaelrb/anaconda3/lib/python3.9/site-packages/airflow/example_dags/example_workday_timetable.py for tasks to queue
[2025-02-23T00:17:28.926-0500] {logging_mixin.py:190} INFO - [2025-02-23T00:17:28.925-0500] {dagbag.py:588} INFO - Filling up the DagBag from /home/rafaelrb/anaconda3/lib/python3.9/site-packages/airflow/example_dags/example_workday_timetable.py
[2025-02-23T00:17:28.939-0500] {processor.py:925} INFO - DAG(s) 'example_workday_timetable' retrieved from /home/rafaelrb/anaconda3/lib/python3.9/site-packages/airflow/example_dags/example_workday_timetable.py
[2025-02-23T00:17:28.971-0500] {logging_mixin.py:190} INFO - [2025-02-23T00:17:28.970-0500] {dag.py:3239} INFO - Sync 1 DAGs
[2025-02-23T00:17:29.073-0500] {logging_mixin.py:190} INFO - [2025-02-23T00:17:29.073-0500] {dag.py:4180} INFO - Setting next_dagrun for example_workday_timetable to 2021-01-04 00:00:00+00:00, run_after=2021-01-05 00:00:00+00:00
[2025-02-23T00:17:29.119-0500] {processor.py:208} INFO - Processing /home/rafaelrb/anaconda3/lib/python3.9/site-packages/airflow/example_dags/example_workday_timetable.py took 0.208 seconds
[2025-02-23T00:18:28.848-0500] {processor.py:186} INFO - Started process (PID=35020) to work on /home/rafaelrb/anaconda3/lib/python3.9/site-packages/airflow/example_dags/example_workday_timetable.py
[2025-02-23T00:18:28.855-0500] {processor.py:914} INFO - Processing file /home/rafaelrb/anaconda3/lib/python3.9/site-packages/airflow/example_dags/example_workday_timetable.py for tasks to queue
[2025-02-23T00:18:28.859-0500] {logging_mixin.py:190} INFO - [2025-02-23T00:18:28.858-0500] {dagbag.py:588} INFO - Filling up the DagBag from /home/rafaelrb/anaconda3/lib/python3.9/site-packages/airflow/example_dags/example_workday_timetable.py
[2025-02-23T00:18:28.870-0500] {processor.py:925} INFO - DAG(s) 'example_workday_timetable' retrieved from /home/rafaelrb/anaconda3/lib/python3.9/site-packages/airflow/example_dags/example_workday_timetable.py
[2025-02-23T00:18:28.893-0500] {logging_mixin.py:190} INFO - [2025-02-23T00:18:28.892-0500] {dag.py:3239} INFO - Sync 1 DAGs
[2025-02-23T00:18:28.963-0500] {logging_mixin.py:190} INFO - [2025-02-23T00:18:28.962-0500] {dag.py:4180} INFO - Setting next_dagrun for example_workday_timetable to 2021-01-04 00:00:00+00:00, run_after=2021-01-05 00:00:00+00:00
[2025-02-23T00:18:28.997-0500] {processor.py:208} INFO - Processing /home/rafaelrb/anaconda3/lib/python3.9/site-packages/airflow/example_dags/example_workday_timetable.py took 0.159 seconds
[2025-02-23T00:21:43.786-0500] {processor.py:186} INFO - Started process (PID=35159) to work on /home/rafaelrb/anaconda3/lib/python3.9/site-packages/airflow/example_dags/example_workday_timetable.py
[2025-02-23T00:21:43.787-0500] {processor.py:914} INFO - Processing file /home/rafaelrb/anaconda3/lib/python3.9/site-packages/airflow/example_dags/example_workday_timetable.py for tasks to queue
[2025-02-23T00:21:43.790-0500] {logging_mixin.py:190} INFO - [2025-02-23T00:21:43.789-0500] {dagbag.py:588} INFO - Filling up the DagBag from /home/rafaelrb/anaconda3/lib/python3.9/site-packages/airflow/example_dags/example_workday_timetable.py
[2025-02-23T00:21:43.802-0500] {processor.py:925} INFO - DAG(s) 'example_workday_timetable' retrieved from /home/rafaelrb/anaconda3/lib/python3.9/site-packages/airflow/example_dags/example_workday_timetable.py
[2025-02-23T00:21:43.826-0500] {logging_mixin.py:190} INFO - [2025-02-23T00:21:43.826-0500] {dag.py:3239} INFO - Sync 1 DAGs
[2025-02-23T00:21:43.895-0500] {logging_mixin.py:190} INFO - [2025-02-23T00:21:43.895-0500] {dag.py:4180} INFO - Setting next_dagrun for example_workday_timetable to 2021-01-04 00:00:00+00:00, run_after=2021-01-05 00:00:00+00:00
[2025-02-23T00:21:43.948-0500] {processor.py:208} INFO - Processing /home/rafaelrb/anaconda3/lib/python3.9/site-packages/airflow/example_dags/example_workday_timetable.py took 0.171 seconds
[2025-02-23T00:22:44.925-0500] {processor.py:186} INFO - Started process (PID=35227) to work on /home/rafaelrb/anaconda3/lib/python3.9/site-packages/airflow/example_dags/example_workday_timetable.py
[2025-02-23T00:22:44.928-0500] {processor.py:914} INFO - Processing file /home/rafaelrb/anaconda3/lib/python3.9/site-packages/airflow/example_dags/example_workday_timetable.py for tasks to queue
[2025-02-23T00:22:44.932-0500] {logging_mixin.py:190} INFO - [2025-02-23T00:22:44.931-0500] {dagbag.py:588} INFO - Filling up the DagBag from /home/rafaelrb/anaconda3/lib/python3.9/site-packages/airflow/example_dags/example_workday_timetable.py
[2025-02-23T00:22:44.940-0500] {processor.py:925} INFO - DAG(s) 'example_workday_timetable' retrieved from /home/rafaelrb/anaconda3/lib/python3.9/site-packages/airflow/example_dags/example_workday_timetable.py
[2025-02-23T00:22:44.962-0500] {logging_mixin.py:190} INFO - [2025-02-23T00:22:44.962-0500] {dag.py:3239} INFO - Sync 1 DAGs
[2025-02-23T00:22:45.049-0500] {logging_mixin.py:190} INFO - [2025-02-23T00:22:45.049-0500] {dag.py:4180} INFO - Setting next_dagrun for example_workday_timetable to 2021-01-04 00:00:00+00:00, run_after=2021-01-05 00:00:00+00:00
[2025-02-23T00:22:45.086-0500] {processor.py:208} INFO - Processing /home/rafaelrb/anaconda3/lib/python3.9/site-packages/airflow/example_dags/example_workday_timetable.py took 0.171 seconds
[2025-02-23T00:23:46.312-0500] {processor.py:186} INFO - Started process (PID=35292) to work on /home/rafaelrb/anaconda3/lib/python3.9/site-packages/airflow/example_dags/example_workday_timetable.py
[2025-02-23T00:23:46.315-0500] {processor.py:914} INFO - Processing file /home/rafaelrb/anaconda3/lib/python3.9/site-packages/airflow/example_dags/example_workday_timetable.py for tasks to queue
[2025-02-23T00:23:46.321-0500] {logging_mixin.py:190} INFO - [2025-02-23T00:23:46.320-0500] {dagbag.py:588} INFO - Filling up the DagBag from /home/rafaelrb/anaconda3/lib/python3.9/site-packages/airflow/example_dags/example_workday_timetable.py
[2025-02-23T00:23:46.329-0500] {processor.py:925} INFO - DAG(s) 'example_workday_timetable' retrieved from /home/rafaelrb/anaconda3/lib/python3.9/site-packages/airflow/example_dags/example_workday_timetable.py
[2025-02-23T00:23:46.373-0500] {logging_mixin.py:190} INFO - [2025-02-23T00:23:46.373-0500] {dag.py:3239} INFO - Sync 1 DAGs
[2025-02-23T00:23:46.507-0500] {logging_mixin.py:190} INFO - [2025-02-23T00:23:46.506-0500] {dag.py:4180} INFO - Setting next_dagrun for example_workday_timetable to 2021-01-04 00:00:00+00:00, run_after=2021-01-05 00:00:00+00:00
[2025-02-23T00:23:46.556-0500] {processor.py:208} INFO - Processing /home/rafaelrb/anaconda3/lib/python3.9/site-packages/airflow/example_dags/example_workday_timetable.py took 0.261 seconds
[2025-02-23T00:24:49.788-0500] {processor.py:186} INFO - Started process (PID=35370) to work on /home/rafaelrb/anaconda3/lib/python3.9/site-packages/airflow/example_dags/example_workday_timetable.py
[2025-02-23T00:24:49.801-0500] {processor.py:914} INFO - Processing file /home/rafaelrb/anaconda3/lib/python3.9/site-packages/airflow/example_dags/example_workday_timetable.py for tasks to queue
[2025-02-23T00:24:49.807-0500] {logging_mixin.py:190} INFO - [2025-02-23T00:24:49.806-0500] {dagbag.py:588} INFO - Filling up the DagBag from /home/rafaelrb/anaconda3/lib/python3.9/site-packages/airflow/example_dags/example_workday_timetable.py
[2025-02-23T00:24:49.845-0500] {processor.py:925} INFO - DAG(s) 'example_workday_timetable' retrieved from /home/rafaelrb/anaconda3/lib/python3.9/site-packages/airflow/example_dags/example_workday_timetable.py
[2025-02-23T00:24:49.879-0500] {logging_mixin.py:190} INFO - [2025-02-23T00:24:49.879-0500] {dag.py:3239} INFO - Sync 1 DAGs
[2025-02-23T00:24:49.946-0500] {logging_mixin.py:190} INFO - [2025-02-23T00:24:49.945-0500] {dag.py:4180} INFO - Setting next_dagrun for example_workday_timetable to 2021-01-04 00:00:00+00:00, run_after=2021-01-05 00:00:00+00:00
[2025-02-23T00:24:49.976-0500] {processor.py:208} INFO - Processing /home/rafaelrb/anaconda3/lib/python3.9/site-packages/airflow/example_dags/example_workday_timetable.py took 0.220 seconds
[2025-02-23T00:25:48.544-0500] {processor.py:186} INFO - Started process (PID=35437) to work on /home/rafaelrb/anaconda3/lib/python3.9/site-packages/airflow/example_dags/example_workday_timetable.py
[2025-02-23T00:25:48.551-0500] {processor.py:914} INFO - Processing file /home/rafaelrb/anaconda3/lib/python3.9/site-packages/airflow/example_dags/example_workday_timetable.py for tasks to queue
[2025-02-23T00:25:48.554-0500] {logging_mixin.py:190} INFO - [2025-02-23T00:25:48.554-0500] {dagbag.py:588} INFO - Filling up the DagBag from /home/rafaelrb/anaconda3/lib/python3.9/site-packages/airflow/example_dags/example_workday_timetable.py
[2025-02-23T00:25:48.562-0500] {processor.py:925} INFO - DAG(s) 'example_workday_timetable' retrieved from /home/rafaelrb/anaconda3/lib/python3.9/site-packages/airflow/example_dags/example_workday_timetable.py
[2025-02-23T00:25:48.579-0500] {logging_mixin.py:190} INFO - [2025-02-23T00:25:48.579-0500] {dag.py:3239} INFO - Sync 1 DAGs
[2025-02-23T00:25:48.641-0500] {logging_mixin.py:190} INFO - [2025-02-23T00:25:48.641-0500] {dag.py:4180} INFO - Setting next_dagrun for example_workday_timetable to 2021-01-04 00:00:00+00:00, run_after=2021-01-05 00:00:00+00:00
[2025-02-23T00:25:48.672-0500] {processor.py:208} INFO - Processing /home/rafaelrb/anaconda3/lib/python3.9/site-packages/airflow/example_dags/example_workday_timetable.py took 0.136 seconds
[2025-02-23T02:31:29.936-0500] {processor.py:186} INFO - Started process (PID=75951) to work on /home/rafaelrb/anaconda3/lib/python3.9/site-packages/airflow/example_dags/example_workday_timetable.py
[2025-02-23T02:31:29.938-0500] {processor.py:914} INFO - Processing file /home/rafaelrb/anaconda3/lib/python3.9/site-packages/airflow/example_dags/example_workday_timetable.py for tasks to queue
[2025-02-23T02:31:29.941-0500] {logging_mixin.py:190} INFO - [2025-02-23T02:31:29.941-0500] {dagbag.py:588} INFO - Filling up the DagBag from /home/rafaelrb/anaconda3/lib/python3.9/site-packages/airflow/example_dags/example_workday_timetable.py
[2025-02-23T02:31:29.951-0500] {processor.py:925} INFO - DAG(s) 'example_workday_timetable' retrieved from /home/rafaelrb/anaconda3/lib/python3.9/site-packages/airflow/example_dags/example_workday_timetable.py
[2025-02-23T02:31:29.979-0500] {logging_mixin.py:190} INFO - [2025-02-23T02:31:29.979-0500] {dag.py:3239} INFO - Sync 1 DAGs
[2025-02-23T02:31:30.173-0500] {logging_mixin.py:190} INFO - [2025-02-23T02:31:30.173-0500] {dag.py:4180} INFO - Setting next_dagrun for example_workday_timetable to 2021-01-04 00:00:00+00:00, run_after=2021-01-05 00:00:00+00:00
[2025-02-23T02:31:30.208-0500] {processor.py:208} INFO - Processing /home/rafaelrb/anaconda3/lib/python3.9/site-packages/airflow/example_dags/example_workday_timetable.py took 0.280 seconds
[2025-02-23T02:32:29.998-0500] {processor.py:186} INFO - Started process (PID=76376) to work on /home/rafaelrb/anaconda3/lib/python3.9/site-packages/airflow/example_dags/example_workday_timetable.py
[2025-02-23T02:32:30.000-0500] {processor.py:914} INFO - Processing file /home/rafaelrb/anaconda3/lib/python3.9/site-packages/airflow/example_dags/example_workday_timetable.py for tasks to queue
[2025-02-23T02:32:30.003-0500] {logging_mixin.py:190} INFO - [2025-02-23T02:32:30.003-0500] {dagbag.py:588} INFO - Filling up the DagBag from /home/rafaelrb/anaconda3/lib/python3.9/site-packages/airflow/example_dags/example_workday_timetable.py
[2025-02-23T02:32:30.012-0500] {processor.py:925} INFO - DAG(s) 'example_workday_timetable' retrieved from /home/rafaelrb/anaconda3/lib/python3.9/site-packages/airflow/example_dags/example_workday_timetable.py
[2025-02-23T02:32:30.032-0500] {logging_mixin.py:190} INFO - [2025-02-23T02:32:30.031-0500] {dag.py:3239} INFO - Sync 1 DAGs
[2025-02-23T02:32:30.100-0500] {logging_mixin.py:190} INFO - [2025-02-23T02:32:30.100-0500] {dag.py:4180} INFO - Setting next_dagrun for example_workday_timetable to 2021-01-04 00:00:00+00:00, run_after=2021-01-05 00:00:00+00:00
[2025-02-23T02:32:30.134-0500] {processor.py:208} INFO - Processing /home/rafaelrb/anaconda3/lib/python3.9/site-packages/airflow/example_dags/example_workday_timetable.py took 0.145 seconds
[2025-02-23T02:33:46.709-0500] {processor.py:186} INFO - Started process (PID=76769) to work on /home/rafaelrb/anaconda3/lib/python3.9/site-packages/airflow/example_dags/example_workday_timetable.py
[2025-02-23T02:33:46.715-0500] {processor.py:914} INFO - Processing file /home/rafaelrb/anaconda3/lib/python3.9/site-packages/airflow/example_dags/example_workday_timetable.py for tasks to queue
[2025-02-23T02:33:46.718-0500] {logging_mixin.py:190} INFO - [2025-02-23T02:33:46.717-0500] {dagbag.py:588} INFO - Filling up the DagBag from /home/rafaelrb/anaconda3/lib/python3.9/site-packages/airflow/example_dags/example_workday_timetable.py
[2025-02-23T02:33:46.726-0500] {processor.py:925} INFO - DAG(s) 'example_workday_timetable' retrieved from /home/rafaelrb/anaconda3/lib/python3.9/site-packages/airflow/example_dags/example_workday_timetable.py
[2025-02-23T02:33:46.745-0500] {logging_mixin.py:190} INFO - [2025-02-23T02:33:46.745-0500] {dag.py:3239} INFO - Sync 1 DAGs
[2025-02-23T02:33:46.857-0500] {logging_mixin.py:190} INFO - [2025-02-23T02:33:46.856-0500] {dag.py:4180} INFO - Setting next_dagrun for example_workday_timetable to 2021-01-04 00:00:00+00:00, run_after=2021-01-05 00:00:00+00:00
[2025-02-23T02:33:47.065-0500] {processor.py:208} INFO - Processing /home/rafaelrb/anaconda3/lib/python3.9/site-packages/airflow/example_dags/example_workday_timetable.py took 0.367 seconds
[2025-02-23T02:34:30.686-0500] {processor.py:186} INFO - Started process (PID=76983) to work on /home/rafaelrb/anaconda3/lib/python3.9/site-packages/airflow/example_dags/example_workday_timetable.py
[2025-02-23T02:34:30.689-0500] {processor.py:914} INFO - Processing file /home/rafaelrb/anaconda3/lib/python3.9/site-packages/airflow/example_dags/example_workday_timetable.py for tasks to queue
[2025-02-23T02:34:30.693-0500] {logging_mixin.py:190} INFO - [2025-02-23T02:34:30.692-0500] {dagbag.py:588} INFO - Filling up the DagBag from /home/rafaelrb/anaconda3/lib/python3.9/site-packages/airflow/example_dags/example_workday_timetable.py
[2025-02-23T02:34:30.706-0500] {processor.py:925} INFO - DAG(s) 'example_workday_timetable' retrieved from /home/rafaelrb/anaconda3/lib/python3.9/site-packages/airflow/example_dags/example_workday_timetable.py
[2025-02-23T02:34:30.737-0500] {logging_mixin.py:190} INFO - [2025-02-23T02:34:30.736-0500] {dag.py:3239} INFO - Sync 1 DAGs
[2025-02-23T02:34:30.881-0500] {logging_mixin.py:190} INFO - [2025-02-23T02:34:30.880-0500] {dag.py:4180} INFO - Setting next_dagrun for example_workday_timetable to 2021-01-04 00:00:00+00:00, run_after=2021-01-05 00:00:00+00:00
[2025-02-23T02:34:30.992-0500] {processor.py:208} INFO - Processing /home/rafaelrb/anaconda3/lib/python3.9/site-packages/airflow/example_dags/example_workday_timetable.py took 0.319 seconds
[2025-02-23T02:43:36.886-0500] {processor.py:186} INFO - Started process (PID=79127) to work on /home/rafaelrb/anaconda3/lib/python3.9/site-packages/airflow/example_dags/example_workday_timetable.py
[2025-02-23T02:43:36.893-0500] {processor.py:914} INFO - Processing file /home/rafaelrb/anaconda3/lib/python3.9/site-packages/airflow/example_dags/example_workday_timetable.py for tasks to queue
[2025-02-23T02:43:36.896-0500] {logging_mixin.py:190} INFO - [2025-02-23T02:43:36.895-0500] {dagbag.py:588} INFO - Filling up the DagBag from /home/rafaelrb/anaconda3/lib/python3.9/site-packages/airflow/example_dags/example_workday_timetable.py
[2025-02-23T02:43:36.904-0500] {processor.py:925} INFO - DAG(s) 'example_workday_timetable' retrieved from /home/rafaelrb/anaconda3/lib/python3.9/site-packages/airflow/example_dags/example_workday_timetable.py
[2025-02-23T02:43:36.921-0500] {logging_mixin.py:190} INFO - [2025-02-23T02:43:36.921-0500] {dag.py:3239} INFO - Sync 1 DAGs
[2025-02-23T02:43:36.990-0500] {logging_mixin.py:190} INFO - [2025-02-23T02:43:36.990-0500] {dag.py:4180} INFO - Setting next_dagrun for example_workday_timetable to 2021-01-04 00:00:00+00:00, run_after=2021-01-05 00:00:00+00:00
[2025-02-23T02:43:37.030-0500] {processor.py:208} INFO - Processing /home/rafaelrb/anaconda3/lib/python3.9/site-packages/airflow/example_dags/example_workday_timetable.py took 0.152 seconds
[2025-02-23T02:44:38.739-0500] {processor.py:186} INFO - Started process (PID=79330) to work on /home/rafaelrb/anaconda3/lib/python3.9/site-packages/airflow/example_dags/example_workday_timetable.py
[2025-02-23T02:44:38.741-0500] {processor.py:914} INFO - Processing file /home/rafaelrb/anaconda3/lib/python3.9/site-packages/airflow/example_dags/example_workday_timetable.py for tasks to queue
[2025-02-23T02:44:38.745-0500] {logging_mixin.py:190} INFO - [2025-02-23T02:44:38.744-0500] {dagbag.py:588} INFO - Filling up the DagBag from /home/rafaelrb/anaconda3/lib/python3.9/site-packages/airflow/example_dags/example_workday_timetable.py
[2025-02-23T02:44:38.755-0500] {processor.py:925} INFO - DAG(s) 'example_workday_timetable' retrieved from /home/rafaelrb/anaconda3/lib/python3.9/site-packages/airflow/example_dags/example_workday_timetable.py
[2025-02-23T02:44:38.776-0500] {logging_mixin.py:190} INFO - [2025-02-23T02:44:38.775-0500] {dag.py:3239} INFO - Sync 1 DAGs
[2025-02-23T02:44:38.860-0500] {logging_mixin.py:190} INFO - [2025-02-23T02:44:38.860-0500] {dag.py:4180} INFO - Setting next_dagrun for example_workday_timetable to 2021-01-04 00:00:00+00:00, run_after=2021-01-05 00:00:00+00:00
[2025-02-23T02:44:38.897-0500] {processor.py:208} INFO - Processing /home/rafaelrb/anaconda3/lib/python3.9/site-packages/airflow/example_dags/example_workday_timetable.py took 0.170 seconds
