[2025-02-22T23:44:03.033-0500] {processor.py:186} INFO - Started process (PID=26866) to work on /home/rafaelrb/anaconda3/lib/python3.9/site-packages/airflow/example_dags/example_trigger_controller_dag.py
[2025-02-22T23:44:03.035-0500] {processor.py:914} INFO - Processing file /home/rafaelrb/anaconda3/lib/python3.9/site-packages/airflow/example_dags/example_trigger_controller_dag.py for tasks to queue
[2025-02-22T23:44:03.039-0500] {logging_mixin.py:190} INFO - [2025-02-22T23:44:03.038-0500] {dagbag.py:588} INFO - Filling up the DagBag from /home/rafaelrb/anaconda3/lib/python3.9/site-packages/airflow/example_dags/example_trigger_controller_dag.py
[2025-02-22T23:44:03.051-0500] {processor.py:925} INFO - DAG(s) 'example_trigger_controller_dag' retrieved from /home/rafaelrb/anaconda3/lib/python3.9/site-packages/airflow/example_dags/example_trigger_controller_dag.py
[2025-02-22T23:44:03.294-0500] {logging_mixin.py:190} INFO - [2025-02-22T23:44:03.292-0500] {override.py:1930} INFO - Created Permission View: can read on DAG:example_trigger_controller_dag
[2025-02-22T23:44:03.362-0500] {logging_mixin.py:190} INFO - [2025-02-22T23:44:03.362-0500] {override.py:1930} INFO - Created Permission View: can delete on DAG:example_trigger_controller_dag
[2025-02-22T23:44:03.391-0500] {logging_mixin.py:190} INFO - [2025-02-22T23:44:03.390-0500] {override.py:1930} INFO - Created Permission View: can edit on DAG:example_trigger_controller_dag
[2025-02-22T23:44:03.429-0500] {logging_mixin.py:190} INFO - [2025-02-22T23:44:03.428-0500] {override.py:1930} INFO - Created Permission View: can read on DAG Run:example_trigger_controller_dag
[2025-02-22T23:44:03.451-0500] {logging_mixin.py:190} INFO - [2025-02-22T23:44:03.450-0500] {override.py:1930} INFO - Created Permission View: can create on DAG Run:example_trigger_controller_dag
[2025-02-22T23:44:03.467-0500] {logging_mixin.py:190} INFO - [2025-02-22T23:44:03.467-0500] {override.py:1930} INFO - Created Permission View: menu access on DAG Run:example_trigger_controller_dag
[2025-02-22T23:44:03.484-0500] {logging_mixin.py:190} INFO - [2025-02-22T23:44:03.483-0500] {override.py:1930} INFO - Created Permission View: can delete on DAG Run:example_trigger_controller_dag
[2025-02-22T23:44:03.484-0500] {logging_mixin.py:190} INFO - [2025-02-22T23:44:03.484-0500] {dag.py:3239} INFO - Sync 1 DAGs
[2025-02-22T23:44:03.499-0500] {logging_mixin.py:190} INFO - [2025-02-22T23:44:03.498-0500] {dag.py:3262} INFO - Creating ORM DAG for example_trigger_controller_dag
[2025-02-22T23:44:03.510-0500] {logging_mixin.py:190} INFO - [2025-02-22T23:44:03.510-0500] {dag.py:4180} INFO - Setting next_dagrun for example_trigger_controller_dag to 2021-01-01 00:00:00+00:00, run_after=2021-01-01 00:00:00+00:00
[2025-02-22T23:44:03.540-0500] {processor.py:208} INFO - Processing /home/rafaelrb/anaconda3/lib/python3.9/site-packages/airflow/example_dags/example_trigger_controller_dag.py took 0.521 seconds
[2025-02-22T23:48:41.195-0500] {processor.py:186} INFO - Started process (PID=27466) to work on /home/rafaelrb/anaconda3/lib/python3.9/site-packages/airflow/example_dags/example_trigger_controller_dag.py
[2025-02-22T23:48:41.196-0500] {processor.py:914} INFO - Processing file /home/rafaelrb/anaconda3/lib/python3.9/site-packages/airflow/example_dags/example_trigger_controller_dag.py for tasks to queue
[2025-02-22T23:48:41.200-0500] {logging_mixin.py:190} INFO - [2025-02-22T23:48:41.199-0500] {dagbag.py:588} INFO - Filling up the DagBag from /home/rafaelrb/anaconda3/lib/python3.9/site-packages/airflow/example_dags/example_trigger_controller_dag.py
[2025-02-22T23:48:41.211-0500] {processor.py:925} INFO - DAG(s) 'example_trigger_controller_dag' retrieved from /home/rafaelrb/anaconda3/lib/python3.9/site-packages/airflow/example_dags/example_trigger_controller_dag.py
[2025-02-22T23:48:41.230-0500] {logging_mixin.py:190} INFO - [2025-02-22T23:48:41.230-0500] {dag.py:3239} INFO - Sync 1 DAGs
[2025-02-22T23:48:41.260-0500] {logging_mixin.py:190} INFO - [2025-02-22T23:48:41.260-0500] {dag.py:4180} INFO - Setting next_dagrun for example_trigger_controller_dag to 2021-01-01 00:00:00+00:00, run_after=2021-01-01 00:00:00+00:00
[2025-02-22T23:48:41.312-0500] {processor.py:208} INFO - Processing /home/rafaelrb/anaconda3/lib/python3.9/site-packages/airflow/example_dags/example_trigger_controller_dag.py took 0.125 seconds
[2025-02-22T23:49:48.048-0500] {processor.py:186} INFO - Started process (PID=27984) to work on /home/rafaelrb/anaconda3/lib/python3.9/site-packages/airflow/example_dags/example_trigger_controller_dag.py
[2025-02-22T23:49:48.051-0500] {processor.py:914} INFO - Processing file /home/rafaelrb/anaconda3/lib/python3.9/site-packages/airflow/example_dags/example_trigger_controller_dag.py for tasks to queue
[2025-02-22T23:49:48.055-0500] {logging_mixin.py:190} INFO - [2025-02-22T23:49:48.054-0500] {dagbag.py:588} INFO - Filling up the DagBag from /home/rafaelrb/anaconda3/lib/python3.9/site-packages/airflow/example_dags/example_trigger_controller_dag.py
[2025-02-22T23:49:48.068-0500] {processor.py:925} INFO - DAG(s) 'example_trigger_controller_dag' retrieved from /home/rafaelrb/anaconda3/lib/python3.9/site-packages/airflow/example_dags/example_trigger_controller_dag.py
[2025-02-22T23:49:48.091-0500] {logging_mixin.py:190} INFO - [2025-02-22T23:49:48.090-0500] {dag.py:3239} INFO - Sync 1 DAGs
[2025-02-22T23:49:48.130-0500] {logging_mixin.py:190} INFO - [2025-02-22T23:49:48.130-0500] {dag.py:4180} INFO - Setting next_dagrun for example_trigger_controller_dag to 2021-01-01 00:00:00+00:00, run_after=2021-01-01 00:00:00+00:00
[2025-02-22T23:49:48.167-0500] {processor.py:208} INFO - Processing /home/rafaelrb/anaconda3/lib/python3.9/site-packages/airflow/example_dags/example_trigger_controller_dag.py took 0.132 seconds
[2025-02-22T23:50:45.515-0500] {processor.py:186} INFO - Started process (PID=28375) to work on /home/rafaelrb/anaconda3/lib/python3.9/site-packages/airflow/example_dags/example_trigger_controller_dag.py
[2025-02-22T23:50:45.517-0500] {processor.py:914} INFO - Processing file /home/rafaelrb/anaconda3/lib/python3.9/site-packages/airflow/example_dags/example_trigger_controller_dag.py for tasks to queue
[2025-02-22T23:50:45.520-0500] {logging_mixin.py:190} INFO - [2025-02-22T23:50:45.519-0500] {dagbag.py:588} INFO - Filling up the DagBag from /home/rafaelrb/anaconda3/lib/python3.9/site-packages/airflow/example_dags/example_trigger_controller_dag.py
[2025-02-22T23:50:45.530-0500] {processor.py:925} INFO - DAG(s) 'example_trigger_controller_dag' retrieved from /home/rafaelrb/anaconda3/lib/python3.9/site-packages/airflow/example_dags/example_trigger_controller_dag.py
[2025-02-22T23:50:45.548-0500] {logging_mixin.py:190} INFO - [2025-02-22T23:50:45.548-0500] {dag.py:3239} INFO - Sync 1 DAGs
[2025-02-22T23:50:45.573-0500] {logging_mixin.py:190} INFO - [2025-02-22T23:50:45.573-0500] {dag.py:4180} INFO - Setting next_dagrun for example_trigger_controller_dag to 2021-01-01 00:00:00+00:00, run_after=2021-01-01 00:00:00+00:00
[2025-02-22T23:50:45.606-0500] {processor.py:208} INFO - Processing /home/rafaelrb/anaconda3/lib/python3.9/site-packages/airflow/example_dags/example_trigger_controller_dag.py took 0.101 seconds
[2025-02-22T23:51:44.420-0500] {processor.py:186} INFO - Started process (PID=28765) to work on /home/rafaelrb/anaconda3/lib/python3.9/site-packages/airflow/example_dags/example_trigger_controller_dag.py
[2025-02-22T23:51:44.422-0500] {processor.py:914} INFO - Processing file /home/rafaelrb/anaconda3/lib/python3.9/site-packages/airflow/example_dags/example_trigger_controller_dag.py for tasks to queue
[2025-02-22T23:51:44.425-0500] {logging_mixin.py:190} INFO - [2025-02-22T23:51:44.424-0500] {dagbag.py:588} INFO - Filling up the DagBag from /home/rafaelrb/anaconda3/lib/python3.9/site-packages/airflow/example_dags/example_trigger_controller_dag.py
[2025-02-22T23:51:44.443-0500] {processor.py:925} INFO - DAG(s) 'example_trigger_controller_dag' retrieved from /home/rafaelrb/anaconda3/lib/python3.9/site-packages/airflow/example_dags/example_trigger_controller_dag.py
[2025-02-22T23:51:44.472-0500] {logging_mixin.py:190} INFO - [2025-02-22T23:51:44.472-0500] {dag.py:3239} INFO - Sync 1 DAGs
[2025-02-22T23:51:44.519-0500] {logging_mixin.py:190} INFO - [2025-02-22T23:51:44.519-0500] {dag.py:4180} INFO - Setting next_dagrun for example_trigger_controller_dag to 2021-01-01 00:00:00+00:00, run_after=2021-01-01 00:00:00+00:00
[2025-02-22T23:51:44.568-0500] {processor.py:208} INFO - Processing /home/rafaelrb/anaconda3/lib/python3.9/site-packages/airflow/example_dags/example_trigger_controller_dag.py took 0.160 seconds
[2025-02-22T23:52:45.470-0500] {processor.py:186} INFO - Started process (PID=29226) to work on /home/rafaelrb/anaconda3/lib/python3.9/site-packages/airflow/example_dags/example_trigger_controller_dag.py
[2025-02-22T23:52:45.471-0500] {processor.py:914} INFO - Processing file /home/rafaelrb/anaconda3/lib/python3.9/site-packages/airflow/example_dags/example_trigger_controller_dag.py for tasks to queue
[2025-02-22T23:52:45.474-0500] {logging_mixin.py:190} INFO - [2025-02-22T23:52:45.474-0500] {dagbag.py:588} INFO - Filling up the DagBag from /home/rafaelrb/anaconda3/lib/python3.9/site-packages/airflow/example_dags/example_trigger_controller_dag.py
[2025-02-22T23:52:45.486-0500] {processor.py:925} INFO - DAG(s) 'example_trigger_controller_dag' retrieved from /home/rafaelrb/anaconda3/lib/python3.9/site-packages/airflow/example_dags/example_trigger_controller_dag.py
[2025-02-22T23:52:45.506-0500] {logging_mixin.py:190} INFO - [2025-02-22T23:52:45.506-0500] {dag.py:3239} INFO - Sync 1 DAGs
[2025-02-22T23:52:45.529-0500] {logging_mixin.py:190} INFO - [2025-02-22T23:52:45.529-0500] {dag.py:4180} INFO - Setting next_dagrun for example_trigger_controller_dag to 2021-01-01 00:00:00+00:00, run_after=2021-01-01 00:00:00+00:00
[2025-02-22T23:52:45.571-0500] {processor.py:208} INFO - Processing /home/rafaelrb/anaconda3/lib/python3.9/site-packages/airflow/example_dags/example_trigger_controller_dag.py took 0.110 seconds
[2025-02-22T23:54:18.584-0500] {processor.py:186} INFO - Started process (PID=29875) to work on /home/rafaelrb/anaconda3/lib/python3.9/site-packages/airflow/example_dags/example_trigger_controller_dag.py
[2025-02-22T23:54:18.587-0500] {processor.py:914} INFO - Processing file /home/rafaelrb/anaconda3/lib/python3.9/site-packages/airflow/example_dags/example_trigger_controller_dag.py for tasks to queue
[2025-02-22T23:54:18.589-0500] {logging_mixin.py:190} INFO - [2025-02-22T23:54:18.589-0500] {dagbag.py:588} INFO - Filling up the DagBag from /home/rafaelrb/anaconda3/lib/python3.9/site-packages/airflow/example_dags/example_trigger_controller_dag.py
[2025-02-22T23:54:18.602-0500] {processor.py:925} INFO - DAG(s) 'example_trigger_controller_dag' retrieved from /home/rafaelrb/anaconda3/lib/python3.9/site-packages/airflow/example_dags/example_trigger_controller_dag.py
[2025-02-22T23:54:18.624-0500] {logging_mixin.py:190} INFO - [2025-02-22T23:54:18.624-0500] {dag.py:3239} INFO - Sync 1 DAGs
[2025-02-22T23:54:18.650-0500] {logging_mixin.py:190} INFO - [2025-02-22T23:54:18.650-0500] {dag.py:4180} INFO - Setting next_dagrun for example_trigger_controller_dag to 2021-01-01 00:00:00+00:00, run_after=2021-01-01 00:00:00+00:00
[2025-02-22T23:54:18.687-0500] {processor.py:208} INFO - Processing /home/rafaelrb/anaconda3/lib/python3.9/site-packages/airflow/example_dags/example_trigger_controller_dag.py took 0.112 seconds
[2025-02-22T23:57:28.740-0500] {processor.py:186} INFO - Started process (PID=30440) to work on /home/rafaelrb/anaconda3/lib/python3.9/site-packages/airflow/example_dags/example_trigger_controller_dag.py
[2025-02-22T23:57:28.747-0500] {processor.py:914} INFO - Processing file /home/rafaelrb/anaconda3/lib/python3.9/site-packages/airflow/example_dags/example_trigger_controller_dag.py for tasks to queue
[2025-02-22T23:57:28.755-0500] {logging_mixin.py:190} INFO - [2025-02-22T23:57:28.754-0500] {dagbag.py:588} INFO - Filling up the DagBag from /home/rafaelrb/anaconda3/lib/python3.9/site-packages/airflow/example_dags/example_trigger_controller_dag.py
[2025-02-22T23:57:28.786-0500] {processor.py:925} INFO - DAG(s) 'example_trigger_controller_dag' retrieved from /home/rafaelrb/anaconda3/lib/python3.9/site-packages/airflow/example_dags/example_trigger_controller_dag.py
[2025-02-22T23:57:28.845-0500] {logging_mixin.py:190} INFO - [2025-02-22T23:57:28.844-0500] {dag.py:3239} INFO - Sync 1 DAGs
[2025-02-22T23:57:28.984-0500] {logging_mixin.py:190} INFO - [2025-02-22T23:57:28.983-0500] {dag.py:4180} INFO - Setting next_dagrun for example_trigger_controller_dag to 2021-01-01 00:00:00+00:00, run_after=2021-01-01 00:00:00+00:00
[2025-02-22T23:57:29.052-0500] {processor.py:208} INFO - Processing /home/rafaelrb/anaconda3/lib/python3.9/site-packages/airflow/example_dags/example_trigger_controller_dag.py took 0.333 seconds
[2025-02-22T23:58:49.182-0500] {processor.py:186} INFO - Started process (PID=30954) to work on /home/rafaelrb/anaconda3/lib/python3.9/site-packages/airflow/example_dags/example_trigger_controller_dag.py
[2025-02-22T23:58:49.186-0500] {processor.py:914} INFO - Processing file /home/rafaelrb/anaconda3/lib/python3.9/site-packages/airflow/example_dags/example_trigger_controller_dag.py for tasks to queue
[2025-02-22T23:58:49.190-0500] {logging_mixin.py:190} INFO - [2025-02-22T23:58:49.189-0500] {dagbag.py:588} INFO - Filling up the DagBag from /home/rafaelrb/anaconda3/lib/python3.9/site-packages/airflow/example_dags/example_trigger_controller_dag.py
[2025-02-22T23:58:49.214-0500] {processor.py:925} INFO - DAG(s) 'example_trigger_controller_dag' retrieved from /home/rafaelrb/anaconda3/lib/python3.9/site-packages/airflow/example_dags/example_trigger_controller_dag.py
[2025-02-22T23:58:49.242-0500] {logging_mixin.py:190} INFO - [2025-02-22T23:58:49.241-0500] {dag.py:3239} INFO - Sync 1 DAGs
[2025-02-22T23:58:49.276-0500] {logging_mixin.py:190} INFO - [2025-02-22T23:58:49.276-0500] {dag.py:4180} INFO - Setting next_dagrun for example_trigger_controller_dag to 2021-01-01 00:00:00+00:00, run_after=2021-01-01 00:00:00+00:00
[2025-02-22T23:58:49.306-0500] {processor.py:208} INFO - Processing /home/rafaelrb/anaconda3/lib/python3.9/site-packages/airflow/example_dags/example_trigger_controller_dag.py took 0.136 seconds
[2025-02-23T00:00:02.924-0500] {processor.py:186} INFO - Started process (PID=31437) to work on /home/rafaelrb/anaconda3/lib/python3.9/site-packages/airflow/example_dags/example_trigger_controller_dag.py
[2025-02-23T00:00:02.938-0500] {processor.py:914} INFO - Processing file /home/rafaelrb/anaconda3/lib/python3.9/site-packages/airflow/example_dags/example_trigger_controller_dag.py for tasks to queue
[2025-02-23T00:00:02.943-0500] {logging_mixin.py:190} INFO - [2025-02-23T00:00:02.942-0500] {dagbag.py:588} INFO - Filling up the DagBag from /home/rafaelrb/anaconda3/lib/python3.9/site-packages/airflow/example_dags/example_trigger_controller_dag.py
[2025-02-23T00:00:02.988-0500] {processor.py:925} INFO - DAG(s) 'example_trigger_controller_dag' retrieved from /home/rafaelrb/anaconda3/lib/python3.9/site-packages/airflow/example_dags/example_trigger_controller_dag.py
[2025-02-23T00:00:03.019-0500] {logging_mixin.py:190} INFO - [2025-02-23T00:00:03.018-0500] {dag.py:3239} INFO - Sync 1 DAGs
[2025-02-23T00:00:03.068-0500] {logging_mixin.py:190} INFO - [2025-02-23T00:00:03.067-0500] {dag.py:4180} INFO - Setting next_dagrun for example_trigger_controller_dag to 2021-01-01 00:00:00+00:00, run_after=2021-01-01 00:00:00+00:00
[2025-02-23T00:00:03.158-0500] {processor.py:208} INFO - Processing /home/rafaelrb/anaconda3/lib/python3.9/site-packages/airflow/example_dags/example_trigger_controller_dag.py took 0.270 seconds
[2025-02-23T00:01:17.522-0500] {processor.py:186} INFO - Started process (PID=31927) to work on /home/rafaelrb/anaconda3/lib/python3.9/site-packages/airflow/example_dags/example_trigger_controller_dag.py
[2025-02-23T00:01:17.524-0500] {processor.py:914} INFO - Processing file /home/rafaelrb/anaconda3/lib/python3.9/site-packages/airflow/example_dags/example_trigger_controller_dag.py for tasks to queue
[2025-02-23T00:01:17.527-0500] {logging_mixin.py:190} INFO - [2025-02-23T00:01:17.526-0500] {dagbag.py:588} INFO - Filling up the DagBag from /home/rafaelrb/anaconda3/lib/python3.9/site-packages/airflow/example_dags/example_trigger_controller_dag.py
[2025-02-23T00:01:17.536-0500] {processor.py:925} INFO - DAG(s) 'example_trigger_controller_dag' retrieved from /home/rafaelrb/anaconda3/lib/python3.9/site-packages/airflow/example_dags/example_trigger_controller_dag.py
[2025-02-23T00:01:17.557-0500] {logging_mixin.py:190} INFO - [2025-02-23T00:01:17.557-0500] {dag.py:3239} INFO - Sync 1 DAGs
[2025-02-23T00:01:17.586-0500] {logging_mixin.py:190} INFO - [2025-02-23T00:01:17.586-0500] {dag.py:4180} INFO - Setting next_dagrun for example_trigger_controller_dag to 2021-01-01 00:00:00+00:00, run_after=2021-01-01 00:00:00+00:00
[2025-02-23T00:01:17.621-0500] {processor.py:208} INFO - Processing /home/rafaelrb/anaconda3/lib/python3.9/site-packages/airflow/example_dags/example_trigger_controller_dag.py took 0.107 seconds
[2025-02-23T00:11:41.318-0500] {processor.py:186} INFO - Started process (PID=34463) to work on /home/rafaelrb/anaconda3/lib/python3.9/site-packages/airflow/example_dags/example_trigger_controller_dag.py
[2025-02-23T00:11:41.326-0500] {processor.py:914} INFO - Processing file /home/rafaelrb/anaconda3/lib/python3.9/site-packages/airflow/example_dags/example_trigger_controller_dag.py for tasks to queue
[2025-02-23T00:11:41.330-0500] {logging_mixin.py:190} INFO - [2025-02-23T00:11:41.329-0500] {dagbag.py:588} INFO - Filling up the DagBag from /home/rafaelrb/anaconda3/lib/python3.9/site-packages/airflow/example_dags/example_trigger_controller_dag.py
[2025-02-23T00:11:41.340-0500] {processor.py:925} INFO - DAG(s) 'example_trigger_controller_dag' retrieved from /home/rafaelrb/anaconda3/lib/python3.9/site-packages/airflow/example_dags/example_trigger_controller_dag.py
[2025-02-23T00:11:41.364-0500] {logging_mixin.py:190} INFO - [2025-02-23T00:11:41.363-0500] {dag.py:3239} INFO - Sync 1 DAGs
[2025-02-23T00:11:41.396-0500] {logging_mixin.py:190} INFO - [2025-02-23T00:11:41.396-0500] {dag.py:4180} INFO - Setting next_dagrun for example_trigger_controller_dag to 2021-01-01 00:00:00+00:00, run_after=2021-01-01 00:00:00+00:00
[2025-02-23T00:11:41.426-0500] {processor.py:208} INFO - Processing /home/rafaelrb/anaconda3/lib/python3.9/site-packages/airflow/example_dags/example_trigger_controller_dag.py took 0.118 seconds
[2025-02-23T00:12:56.302-0500] {processor.py:186} INFO - Started process (PID=34577) to work on /home/rafaelrb/anaconda3/lib/python3.9/site-packages/airflow/example_dags/example_trigger_controller_dag.py
[2025-02-23T00:12:56.304-0500] {processor.py:914} INFO - Processing file /home/rafaelrb/anaconda3/lib/python3.9/site-packages/airflow/example_dags/example_trigger_controller_dag.py for tasks to queue
[2025-02-23T00:12:56.308-0500] {logging_mixin.py:190} INFO - [2025-02-23T00:12:56.307-0500] {dagbag.py:588} INFO - Filling up the DagBag from /home/rafaelrb/anaconda3/lib/python3.9/site-packages/airflow/example_dags/example_trigger_controller_dag.py
[2025-02-23T00:12:56.317-0500] {processor.py:925} INFO - DAG(s) 'example_trigger_controller_dag' retrieved from /home/rafaelrb/anaconda3/lib/python3.9/site-packages/airflow/example_dags/example_trigger_controller_dag.py
[2025-02-23T00:12:56.337-0500] {logging_mixin.py:190} INFO - [2025-02-23T00:12:56.337-0500] {dag.py:3239} INFO - Sync 1 DAGs
[2025-02-23T00:12:56.364-0500] {logging_mixin.py:190} INFO - [2025-02-23T00:12:56.363-0500] {dag.py:4180} INFO - Setting next_dagrun for example_trigger_controller_dag to 2021-01-01 00:00:00+00:00, run_after=2021-01-01 00:00:00+00:00
[2025-02-23T00:12:56.399-0500] {processor.py:208} INFO - Processing /home/rafaelrb/anaconda3/lib/python3.9/site-packages/airflow/example_dags/example_trigger_controller_dag.py took 0.106 seconds
[2025-02-23T00:13:54.363-0500] {processor.py:186} INFO - Started process (PID=34644) to work on /home/rafaelrb/anaconda3/lib/python3.9/site-packages/airflow/example_dags/example_trigger_controller_dag.py
[2025-02-23T00:13:54.365-0500] {processor.py:914} INFO - Processing file /home/rafaelrb/anaconda3/lib/python3.9/site-packages/airflow/example_dags/example_trigger_controller_dag.py for tasks to queue
[2025-02-23T00:13:54.368-0500] {logging_mixin.py:190} INFO - [2025-02-23T00:13:54.368-0500] {dagbag.py:588} INFO - Filling up the DagBag from /home/rafaelrb/anaconda3/lib/python3.9/site-packages/airflow/example_dags/example_trigger_controller_dag.py
[2025-02-23T00:13:54.377-0500] {processor.py:925} INFO - DAG(s) 'example_trigger_controller_dag' retrieved from /home/rafaelrb/anaconda3/lib/python3.9/site-packages/airflow/example_dags/example_trigger_controller_dag.py
[2025-02-23T00:13:54.395-0500] {logging_mixin.py:190} INFO - [2025-02-23T00:13:54.394-0500] {dag.py:3239} INFO - Sync 1 DAGs
[2025-02-23T00:13:54.419-0500] {logging_mixin.py:190} INFO - [2025-02-23T00:13:54.419-0500] {dag.py:4180} INFO - Setting next_dagrun for example_trigger_controller_dag to 2021-01-01 00:00:00+00:00, run_after=2021-01-01 00:00:00+00:00
[2025-02-23T00:13:54.449-0500] {processor.py:208} INFO - Processing /home/rafaelrb/anaconda3/lib/python3.9/site-packages/airflow/example_dags/example_trigger_controller_dag.py took 0.095 seconds
[2025-02-23T00:14:52.800-0500] {processor.py:186} INFO - Started process (PID=34719) to work on /home/rafaelrb/anaconda3/lib/python3.9/site-packages/airflow/example_dags/example_trigger_controller_dag.py
[2025-02-23T00:14:52.807-0500] {processor.py:914} INFO - Processing file /home/rafaelrb/anaconda3/lib/python3.9/site-packages/airflow/example_dags/example_trigger_controller_dag.py for tasks to queue
[2025-02-23T00:14:52.811-0500] {logging_mixin.py:190} INFO - [2025-02-23T00:14:52.810-0500] {dagbag.py:588} INFO - Filling up the DagBag from /home/rafaelrb/anaconda3/lib/python3.9/site-packages/airflow/example_dags/example_trigger_controller_dag.py
[2025-02-23T00:14:52.823-0500] {processor.py:925} INFO - DAG(s) 'example_trigger_controller_dag' retrieved from /home/rafaelrb/anaconda3/lib/python3.9/site-packages/airflow/example_dags/example_trigger_controller_dag.py
[2025-02-23T00:14:52.846-0500] {logging_mixin.py:190} INFO - [2025-02-23T00:14:52.846-0500] {dag.py:3239} INFO - Sync 1 DAGs
[2025-02-23T00:14:52.879-0500] {logging_mixin.py:190} INFO - [2025-02-23T00:14:52.878-0500] {dag.py:4180} INFO - Setting next_dagrun for example_trigger_controller_dag to 2021-01-01 00:00:00+00:00, run_after=2021-01-01 00:00:00+00:00
[2025-02-23T00:14:52.915-0500] {processor.py:208} INFO - Processing /home/rafaelrb/anaconda3/lib/python3.9/site-packages/airflow/example_dags/example_trigger_controller_dag.py took 0.123 seconds
[2025-02-23T00:16:02.818-0500] {processor.py:186} INFO - Started process (PID=34848) to work on /home/rafaelrb/anaconda3/lib/python3.9/site-packages/airflow/example_dags/example_trigger_controller_dag.py
[2025-02-23T00:16:02.825-0500] {processor.py:914} INFO - Processing file /home/rafaelrb/anaconda3/lib/python3.9/site-packages/airflow/example_dags/example_trigger_controller_dag.py for tasks to queue
[2025-02-23T00:16:02.828-0500] {logging_mixin.py:190} INFO - [2025-02-23T00:16:02.828-0500] {dagbag.py:588} INFO - Filling up the DagBag from /home/rafaelrb/anaconda3/lib/python3.9/site-packages/airflow/example_dags/example_trigger_controller_dag.py
[2025-02-23T00:16:02.838-0500] {processor.py:925} INFO - DAG(s) 'example_trigger_controller_dag' retrieved from /home/rafaelrb/anaconda3/lib/python3.9/site-packages/airflow/example_dags/example_trigger_controller_dag.py
[2025-02-23T00:16:02.859-0500] {logging_mixin.py:190} INFO - [2025-02-23T00:16:02.858-0500] {dag.py:3239} INFO - Sync 1 DAGs
[2025-02-23T00:16:02.887-0500] {logging_mixin.py:190} INFO - [2025-02-23T00:16:02.887-0500] {dag.py:4180} INFO - Setting next_dagrun for example_trigger_controller_dag to 2021-01-01 00:00:00+00:00, run_after=2021-01-01 00:00:00+00:00
[2025-02-23T00:16:02.925-0500] {processor.py:208} INFO - Processing /home/rafaelrb/anaconda3/lib/python3.9/site-packages/airflow/example_dags/example_trigger_controller_dag.py took 0.116 seconds
[2025-02-23T00:17:08.306-0500] {processor.py:186} INFO - Started process (PID=34923) to work on /home/rafaelrb/anaconda3/lib/python3.9/site-packages/airflow/example_dags/example_trigger_controller_dag.py
[2025-02-23T00:17:08.308-0500] {processor.py:914} INFO - Processing file /home/rafaelrb/anaconda3/lib/python3.9/site-packages/airflow/example_dags/example_trigger_controller_dag.py for tasks to queue
[2025-02-23T00:17:08.311-0500] {logging_mixin.py:190} INFO - [2025-02-23T00:17:08.310-0500] {dagbag.py:588} INFO - Filling up the DagBag from /home/rafaelrb/anaconda3/lib/python3.9/site-packages/airflow/example_dags/example_trigger_controller_dag.py
[2025-02-23T00:17:08.320-0500] {processor.py:925} INFO - DAG(s) 'example_trigger_controller_dag' retrieved from /home/rafaelrb/anaconda3/lib/python3.9/site-packages/airflow/example_dags/example_trigger_controller_dag.py
[2025-02-23T00:17:08.342-0500] {logging_mixin.py:190} INFO - [2025-02-23T00:17:08.341-0500] {dag.py:3239} INFO - Sync 1 DAGs
[2025-02-23T00:17:08.369-0500] {logging_mixin.py:190} INFO - [2025-02-23T00:17:08.368-0500] {dag.py:4180} INFO - Setting next_dagrun for example_trigger_controller_dag to 2021-01-01 00:00:00+00:00, run_after=2021-01-01 00:00:00+00:00
[2025-02-23T00:17:08.403-0500] {processor.py:208} INFO - Processing /home/rafaelrb/anaconda3/lib/python3.9/site-packages/airflow/example_dags/example_trigger_controller_dag.py took 0.108 seconds
[2025-02-23T00:18:07.180-0500] {processor.py:186} INFO - Started process (PID=34999) to work on /home/rafaelrb/anaconda3/lib/python3.9/site-packages/airflow/example_dags/example_trigger_controller_dag.py
[2025-02-23T00:18:07.186-0500] {processor.py:914} INFO - Processing file /home/rafaelrb/anaconda3/lib/python3.9/site-packages/airflow/example_dags/example_trigger_controller_dag.py for tasks to queue
[2025-02-23T00:18:07.191-0500] {logging_mixin.py:190} INFO - [2025-02-23T00:18:07.190-0500] {dagbag.py:588} INFO - Filling up the DagBag from /home/rafaelrb/anaconda3/lib/python3.9/site-packages/airflow/example_dags/example_trigger_controller_dag.py
[2025-02-23T00:18:07.202-0500] {processor.py:925} INFO - DAG(s) 'example_trigger_controller_dag' retrieved from /home/rafaelrb/anaconda3/lib/python3.9/site-packages/airflow/example_dags/example_trigger_controller_dag.py
[2025-02-23T00:18:07.241-0500] {logging_mixin.py:190} INFO - [2025-02-23T00:18:07.241-0500] {dag.py:3239} INFO - Sync 1 DAGs
[2025-02-23T00:18:07.275-0500] {logging_mixin.py:190} INFO - [2025-02-23T00:18:07.274-0500] {dag.py:4180} INFO - Setting next_dagrun for example_trigger_controller_dag to 2021-01-01 00:00:00+00:00, run_after=2021-01-01 00:00:00+00:00
[2025-02-23T00:18:07.307-0500] {processor.py:208} INFO - Processing /home/rafaelrb/anaconda3/lib/python3.9/site-packages/airflow/example_dags/example_trigger_controller_dag.py took 0.136 seconds
[2025-02-23T00:22:23.303-0500] {processor.py:186} INFO - Started process (PID=35206) to work on /home/rafaelrb/anaconda3/lib/python3.9/site-packages/airflow/example_dags/example_trigger_controller_dag.py
[2025-02-23T00:22:23.305-0500] {processor.py:914} INFO - Processing file /home/rafaelrb/anaconda3/lib/python3.9/site-packages/airflow/example_dags/example_trigger_controller_dag.py for tasks to queue
[2025-02-23T00:22:23.307-0500] {logging_mixin.py:190} INFO - [2025-02-23T00:22:23.307-0500] {dagbag.py:588} INFO - Filling up the DagBag from /home/rafaelrb/anaconda3/lib/python3.9/site-packages/airflow/example_dags/example_trigger_controller_dag.py
[2025-02-23T00:22:23.316-0500] {processor.py:925} INFO - DAG(s) 'example_trigger_controller_dag' retrieved from /home/rafaelrb/anaconda3/lib/python3.9/site-packages/airflow/example_dags/example_trigger_controller_dag.py
[2025-02-23T00:22:23.336-0500] {logging_mixin.py:190} INFO - [2025-02-23T00:22:23.336-0500] {dag.py:3239} INFO - Sync 1 DAGs
[2025-02-23T00:22:23.365-0500] {logging_mixin.py:190} INFO - [2025-02-23T00:22:23.365-0500] {dag.py:4180} INFO - Setting next_dagrun for example_trigger_controller_dag to 2021-01-01 00:00:00+00:00, run_after=2021-01-01 00:00:00+00:00
[2025-02-23T00:22:23.403-0500] {processor.py:208} INFO - Processing /home/rafaelrb/anaconda3/lib/python3.9/site-packages/airflow/example_dags/example_trigger_controller_dag.py took 0.108 seconds
[2025-02-23T00:23:25.871-0500] {processor.py:186} INFO - Started process (PID=35273) to work on /home/rafaelrb/anaconda3/lib/python3.9/site-packages/airflow/example_dags/example_trigger_controller_dag.py
[2025-02-23T00:23:25.873-0500] {processor.py:914} INFO - Processing file /home/rafaelrb/anaconda3/lib/python3.9/site-packages/airflow/example_dags/example_trigger_controller_dag.py for tasks to queue
[2025-02-23T00:23:25.877-0500] {logging_mixin.py:190} INFO - [2025-02-23T00:23:25.877-0500] {dagbag.py:588} INFO - Filling up the DagBag from /home/rafaelrb/anaconda3/lib/python3.9/site-packages/airflow/example_dags/example_trigger_controller_dag.py
[2025-02-23T00:23:25.887-0500] {processor.py:925} INFO - DAG(s) 'example_trigger_controller_dag' retrieved from /home/rafaelrb/anaconda3/lib/python3.9/site-packages/airflow/example_dags/example_trigger_controller_dag.py
[2025-02-23T00:23:25.905-0500] {logging_mixin.py:190} INFO - [2025-02-23T00:23:25.905-0500] {dag.py:3239} INFO - Sync 1 DAGs
[2025-02-23T00:23:25.929-0500] {logging_mixin.py:190} INFO - [2025-02-23T00:23:25.929-0500] {dag.py:4180} INFO - Setting next_dagrun for example_trigger_controller_dag to 2021-01-01 00:00:00+00:00, run_after=2021-01-01 00:00:00+00:00
[2025-02-23T00:23:25.963-0500] {processor.py:208} INFO - Processing /home/rafaelrb/anaconda3/lib/python3.9/site-packages/airflow/example_dags/example_trigger_controller_dag.py took 0.099 seconds
[2025-02-23T00:24:29.488-0500] {processor.py:186} INFO - Started process (PID=35351) to work on /home/rafaelrb/anaconda3/lib/python3.9/site-packages/airflow/example_dags/example_trigger_controller_dag.py
[2025-02-23T00:24:29.495-0500] {processor.py:914} INFO - Processing file /home/rafaelrb/anaconda3/lib/python3.9/site-packages/airflow/example_dags/example_trigger_controller_dag.py for tasks to queue
[2025-02-23T00:24:29.498-0500] {logging_mixin.py:190} INFO - [2025-02-23T00:24:29.497-0500] {dagbag.py:588} INFO - Filling up the DagBag from /home/rafaelrb/anaconda3/lib/python3.9/site-packages/airflow/example_dags/example_trigger_controller_dag.py
[2025-02-23T00:24:29.509-0500] {processor.py:925} INFO - DAG(s) 'example_trigger_controller_dag' retrieved from /home/rafaelrb/anaconda3/lib/python3.9/site-packages/airflow/example_dags/example_trigger_controller_dag.py
[2025-02-23T00:24:29.530-0500] {logging_mixin.py:190} INFO - [2025-02-23T00:24:29.529-0500] {dag.py:3239} INFO - Sync 1 DAGs
[2025-02-23T00:24:29.564-0500] {logging_mixin.py:190} INFO - [2025-02-23T00:24:29.563-0500] {dag.py:4180} INFO - Setting next_dagrun for example_trigger_controller_dag to 2021-01-01 00:00:00+00:00, run_after=2021-01-01 00:00:00+00:00
[2025-02-23T00:24:29.591-0500] {processor.py:208} INFO - Processing /home/rafaelrb/anaconda3/lib/python3.9/site-packages/airflow/example_dags/example_trigger_controller_dag.py took 0.111 seconds
[2025-02-23T00:25:28.280-0500] {processor.py:186} INFO - Started process (PID=35418) to work on /home/rafaelrb/anaconda3/lib/python3.9/site-packages/airflow/example_dags/example_trigger_controller_dag.py
[2025-02-23T00:25:28.283-0500] {processor.py:914} INFO - Processing file /home/rafaelrb/anaconda3/lib/python3.9/site-packages/airflow/example_dags/example_trigger_controller_dag.py for tasks to queue
[2025-02-23T00:25:28.287-0500] {logging_mixin.py:190} INFO - [2025-02-23T00:25:28.286-0500] {dagbag.py:588} INFO - Filling up the DagBag from /home/rafaelrb/anaconda3/lib/python3.9/site-packages/airflow/example_dags/example_trigger_controller_dag.py
[2025-02-23T00:25:28.295-0500] {processor.py:925} INFO - DAG(s) 'example_trigger_controller_dag' retrieved from /home/rafaelrb/anaconda3/lib/python3.9/site-packages/airflow/example_dags/example_trigger_controller_dag.py
[2025-02-23T00:25:28.313-0500] {logging_mixin.py:190} INFO - [2025-02-23T00:25:28.313-0500] {dag.py:3239} INFO - Sync 1 DAGs
[2025-02-23T00:25:28.337-0500] {logging_mixin.py:190} INFO - [2025-02-23T00:25:28.336-0500] {dag.py:4180} INFO - Setting next_dagrun for example_trigger_controller_dag to 2021-01-01 00:00:00+00:00, run_after=2021-01-01 00:00:00+00:00
[2025-02-23T00:25:28.375-0500] {processor.py:208} INFO - Processing /home/rafaelrb/anaconda3/lib/python3.9/site-packages/airflow/example_dags/example_trigger_controller_dag.py took 0.103 seconds
[2025-02-23T00:26:28.394-0500] {processor.py:186} INFO - Started process (PID=35493) to work on /home/rafaelrb/anaconda3/lib/python3.9/site-packages/airflow/example_dags/example_trigger_controller_dag.py
[2025-02-23T00:26:28.401-0500] {processor.py:914} INFO - Processing file /home/rafaelrb/anaconda3/lib/python3.9/site-packages/airflow/example_dags/example_trigger_controller_dag.py for tasks to queue
[2025-02-23T00:26:28.404-0500] {logging_mixin.py:190} INFO - [2025-02-23T00:26:28.404-0500] {dagbag.py:588} INFO - Filling up the DagBag from /home/rafaelrb/anaconda3/lib/python3.9/site-packages/airflow/example_dags/example_trigger_controller_dag.py
[2025-02-23T00:26:28.414-0500] {processor.py:925} INFO - DAG(s) 'example_trigger_controller_dag' retrieved from /home/rafaelrb/anaconda3/lib/python3.9/site-packages/airflow/example_dags/example_trigger_controller_dag.py
[2025-02-23T00:26:28.432-0500] {logging_mixin.py:190} INFO - [2025-02-23T00:26:28.431-0500] {dag.py:3239} INFO - Sync 1 DAGs
[2025-02-23T00:26:28.456-0500] {logging_mixin.py:190} INFO - [2025-02-23T00:26:28.455-0500] {dag.py:4180} INFO - Setting next_dagrun for example_trigger_controller_dag to 2021-01-01 00:00:00+00:00, run_after=2021-01-01 00:00:00+00:00
[2025-02-23T00:26:28.489-0500] {processor.py:208} INFO - Processing /home/rafaelrb/anaconda3/lib/python3.9/site-packages/airflow/example_dags/example_trigger_controller_dag.py took 0.104 seconds
[2025-02-23T02:31:55.361-0500] {processor.py:186} INFO - Started process (PID=76102) to work on /home/rafaelrb/anaconda3/lib/python3.9/site-packages/airflow/example_dags/example_trigger_controller_dag.py
[2025-02-23T02:31:55.368-0500] {processor.py:914} INFO - Processing file /home/rafaelrb/anaconda3/lib/python3.9/site-packages/airflow/example_dags/example_trigger_controller_dag.py for tasks to queue
[2025-02-23T02:31:55.371-0500] {logging_mixin.py:190} INFO - [2025-02-23T02:31:55.370-0500] {dagbag.py:588} INFO - Filling up the DagBag from /home/rafaelrb/anaconda3/lib/python3.9/site-packages/airflow/example_dags/example_trigger_controller_dag.py
[2025-02-23T02:31:55.383-0500] {processor.py:925} INFO - DAG(s) 'example_trigger_controller_dag' retrieved from /home/rafaelrb/anaconda3/lib/python3.9/site-packages/airflow/example_dags/example_trigger_controller_dag.py
[2025-02-23T02:31:55.404-0500] {logging_mixin.py:190} INFO - [2025-02-23T02:31:55.403-0500] {dag.py:3239} INFO - Sync 1 DAGs
[2025-02-23T02:31:55.429-0500] {logging_mixin.py:190} INFO - [2025-02-23T02:31:55.429-0500] {dag.py:4180} INFO - Setting next_dagrun for example_trigger_controller_dag to 2021-01-01 00:00:00+00:00, run_after=2021-01-01 00:00:00+00:00
[2025-02-23T02:31:55.466-0500] {processor.py:208} INFO - Processing /home/rafaelrb/anaconda3/lib/python3.9/site-packages/airflow/example_dags/example_trigger_controller_dag.py took 0.116 seconds
[2025-02-23T02:32:58.580-0500] {processor.py:186} INFO - Started process (PID=76481) to work on /home/rafaelrb/anaconda3/lib/python3.9/site-packages/airflow/example_dags/example_trigger_controller_dag.py
[2025-02-23T02:32:58.592-0500] {processor.py:914} INFO - Processing file /home/rafaelrb/anaconda3/lib/python3.9/site-packages/airflow/example_dags/example_trigger_controller_dag.py for tasks to queue
[2025-02-23T02:32:58.608-0500] {logging_mixin.py:190} INFO - [2025-02-23T02:32:58.608-0500] {dagbag.py:588} INFO - Filling up the DagBag from /home/rafaelrb/anaconda3/lib/python3.9/site-packages/airflow/example_dags/example_trigger_controller_dag.py
[2025-02-23T02:32:58.631-0500] {processor.py:925} INFO - DAG(s) 'example_trigger_controller_dag' retrieved from /home/rafaelrb/anaconda3/lib/python3.9/site-packages/airflow/example_dags/example_trigger_controller_dag.py
[2025-02-23T02:32:58.665-0500] {logging_mixin.py:190} INFO - [2025-02-23T02:32:58.665-0500] {dag.py:3239} INFO - Sync 1 DAGs
[2025-02-23T02:32:58.691-0500] {logging_mixin.py:190} INFO - [2025-02-23T02:32:58.691-0500] {dag.py:4180} INFO - Setting next_dagrun for example_trigger_controller_dag to 2021-01-01 00:00:00+00:00, run_after=2021-01-01 00:00:00+00:00
[2025-02-23T02:32:58.721-0500] {processor.py:208} INFO - Processing /home/rafaelrb/anaconda3/lib/python3.9/site-packages/airflow/example_dags/example_trigger_controller_dag.py took 0.176 seconds
[2025-02-23T02:34:12.662-0500] {processor.py:186} INFO - Started process (PID=76909) to work on /home/rafaelrb/anaconda3/lib/python3.9/site-packages/airflow/example_dags/example_trigger_controller_dag.py
[2025-02-23T02:34:12.664-0500] {processor.py:914} INFO - Processing file /home/rafaelrb/anaconda3/lib/python3.9/site-packages/airflow/example_dags/example_trigger_controller_dag.py for tasks to queue
[2025-02-23T02:34:12.669-0500] {logging_mixin.py:190} INFO - [2025-02-23T02:34:12.668-0500] {dagbag.py:588} INFO - Filling up the DagBag from /home/rafaelrb/anaconda3/lib/python3.9/site-packages/airflow/example_dags/example_trigger_controller_dag.py
[2025-02-23T02:34:12.682-0500] {processor.py:925} INFO - DAG(s) 'example_trigger_controller_dag' retrieved from /home/rafaelrb/anaconda3/lib/python3.9/site-packages/airflow/example_dags/example_trigger_controller_dag.py
[2025-02-23T02:34:12.707-0500] {logging_mixin.py:190} INFO - [2025-02-23T02:34:12.707-0500] {dag.py:3239} INFO - Sync 1 DAGs
[2025-02-23T02:34:12.741-0500] {logging_mixin.py:190} INFO - [2025-02-23T02:34:12.740-0500] {dag.py:4180} INFO - Setting next_dagrun for example_trigger_controller_dag to 2021-01-01 00:00:00+00:00, run_after=2021-01-01 00:00:00+00:00
[2025-02-23T02:34:12.814-0500] {processor.py:208} INFO - Processing /home/rafaelrb/anaconda3/lib/python3.9/site-packages/airflow/example_dags/example_trigger_controller_dag.py took 0.160 seconds
[2025-02-23T02:43:23.726-0500] {processor.py:186} INFO - Started process (PID=79083) to work on /home/rafaelrb/anaconda3/lib/python3.9/site-packages/airflow/example_dags/example_trigger_controller_dag.py
[2025-02-23T02:43:23.727-0500] {processor.py:914} INFO - Processing file /home/rafaelrb/anaconda3/lib/python3.9/site-packages/airflow/example_dags/example_trigger_controller_dag.py for tasks to queue
[2025-02-23T02:43:23.730-0500] {logging_mixin.py:190} INFO - [2025-02-23T02:43:23.729-0500] {dagbag.py:588} INFO - Filling up the DagBag from /home/rafaelrb/anaconda3/lib/python3.9/site-packages/airflow/example_dags/example_trigger_controller_dag.py
[2025-02-23T02:43:23.739-0500] {processor.py:925} INFO - DAG(s) 'example_trigger_controller_dag' retrieved from /home/rafaelrb/anaconda3/lib/python3.9/site-packages/airflow/example_dags/example_trigger_controller_dag.py
[2025-02-23T02:43:23.756-0500] {logging_mixin.py:190} INFO - [2025-02-23T02:43:23.756-0500] {dag.py:3239} INFO - Sync 1 DAGs
[2025-02-23T02:43:23.780-0500] {logging_mixin.py:190} INFO - [2025-02-23T02:43:23.779-0500] {dag.py:4180} INFO - Setting next_dagrun for example_trigger_controller_dag to 2021-01-01 00:00:00+00:00, run_after=2021-01-01 00:00:00+00:00
[2025-02-23T02:43:23.815-0500] {processor.py:208} INFO - Processing /home/rafaelrb/anaconda3/lib/python3.9/site-packages/airflow/example_dags/example_trigger_controller_dag.py took 0.097 seconds
[2025-02-23T02:44:22.823-0500] {processor.py:186} INFO - Started process (PID=79279) to work on /home/rafaelrb/anaconda3/lib/python3.9/site-packages/airflow/example_dags/example_trigger_controller_dag.py
[2025-02-23T02:44:22.830-0500] {processor.py:914} INFO - Processing file /home/rafaelrb/anaconda3/lib/python3.9/site-packages/airflow/example_dags/example_trigger_controller_dag.py for tasks to queue
[2025-02-23T02:44:22.835-0500] {logging_mixin.py:190} INFO - [2025-02-23T02:44:22.834-0500] {dagbag.py:588} INFO - Filling up the DagBag from /home/rafaelrb/anaconda3/lib/python3.9/site-packages/airflow/example_dags/example_trigger_controller_dag.py
[2025-02-23T02:44:22.853-0500] {processor.py:925} INFO - DAG(s) 'example_trigger_controller_dag' retrieved from /home/rafaelrb/anaconda3/lib/python3.9/site-packages/airflow/example_dags/example_trigger_controller_dag.py
[2025-02-23T02:44:22.891-0500] {logging_mixin.py:190} INFO - [2025-02-23T02:44:22.890-0500] {dag.py:3239} INFO - Sync 1 DAGs
[2025-02-23T02:44:22.956-0500] {logging_mixin.py:190} INFO - [2025-02-23T02:44:22.955-0500] {dag.py:4180} INFO - Setting next_dagrun for example_trigger_controller_dag to 2021-01-01 00:00:00+00:00, run_after=2021-01-01 00:00:00+00:00
[2025-02-23T02:44:23.057-0500] {processor.py:208} INFO - Processing /home/rafaelrb/anaconda3/lib/python3.9/site-packages/airflow/example_dags/example_trigger_controller_dag.py took 0.252 seconds
