[2025-02-22T23:43:23.744-0500] {processor.py:186} INFO - Started process (PID=26585) to work on /home/rafaelrb/anaconda3/lib/python3.9/site-packages/airflow/example_dags/example_branch_labels.py
[2025-02-22T23:43:23.745-0500] {processor.py:914} INFO - Processing file /home/rafaelrb/anaconda3/lib/python3.9/site-packages/airflow/example_dags/example_branch_labels.py for tasks to queue
[2025-02-22T23:43:23.751-0500] {logging_mixin.py:190} INFO - [2025-02-22T23:43:23.750-0500] {dagbag.py:588} INFO - Filling up the DagBag from /home/rafaelrb/anaconda3/lib/python3.9/site-packages/airflow/example_dags/example_branch_labels.py
[2025-02-22T23:43:23.775-0500] {processor.py:925} INFO - DAG(s) 'example_branch_labels' retrieved from /home/rafaelrb/anaconda3/lib/python3.9/site-packages/airflow/example_dags/example_branch_labels.py
[2025-02-22T23:43:23.977-0500] {logging_mixin.py:190} INFO - [2025-02-22T23:43:23.976-0500] {override.py:1930} INFO - Created Permission View: can read on DAG:example_branch_labels
[2025-02-22T23:43:24.005-0500] {logging_mixin.py:190} INFO - [2025-02-22T23:43:24.004-0500] {override.py:1930} INFO - Created Permission View: can delete on DAG:example_branch_labels
[2025-02-22T23:43:24.028-0500] {logging_mixin.py:190} INFO - [2025-02-22T23:43:24.027-0500] {override.py:1930} INFO - Created Permission View: can edit on DAG:example_branch_labels
[2025-02-22T23:43:24.067-0500] {logging_mixin.py:190} INFO - [2025-02-22T23:43:24.066-0500] {override.py:1930} INFO - Created Permission View: can read on DAG Run:example_branch_labels
[2025-02-22T23:43:24.086-0500] {logging_mixin.py:190} INFO - [2025-02-22T23:43:24.086-0500] {override.py:1930} INFO - Created Permission View: can create on DAG Run:example_branch_labels
[2025-02-22T23:43:24.102-0500] {logging_mixin.py:190} INFO - [2025-02-22T23:43:24.101-0500] {override.py:1930} INFO - Created Permission View: menu access on DAG Run:example_branch_labels
[2025-02-22T23:43:24.117-0500] {logging_mixin.py:190} INFO - [2025-02-22T23:43:24.116-0500] {override.py:1930} INFO - Created Permission View: can delete on DAG Run:example_branch_labels
[2025-02-22T23:43:24.118-0500] {logging_mixin.py:190} INFO - [2025-02-22T23:43:24.117-0500] {dag.py:3239} INFO - Sync 1 DAGs
[2025-02-22T23:43:24.133-0500] {logging_mixin.py:190} INFO - [2025-02-22T23:43:24.133-0500] {dag.py:3262} INFO - Creating ORM DAG for example_branch_labels
[2025-02-22T23:43:24.150-0500] {logging_mixin.py:190} INFO - [2025-02-22T23:43:24.150-0500] {dag.py:4180} INFO - Setting next_dagrun for example_branch_labels to 2025-02-22 00:00:00+00:00, run_after=2025-02-23 00:00:00+00:00
[2025-02-22T23:43:24.178-0500] {processor.py:208} INFO - Processing /home/rafaelrb/anaconda3/lib/python3.9/site-packages/airflow/example_dags/example_branch_labels.py took 0.448 seconds
[2025-02-22T23:44:32.671-0500] {processor.py:186} INFO - Started process (PID=27067) to work on /home/rafaelrb/anaconda3/lib/python3.9/site-packages/airflow/example_dags/example_branch_labels.py
[2025-02-22T23:44:32.708-0500] {processor.py:914} INFO - Processing file /home/rafaelrb/anaconda3/lib/python3.9/site-packages/airflow/example_dags/example_branch_labels.py for tasks to queue
[2025-02-22T23:44:32.713-0500] {logging_mixin.py:190} INFO - [2025-02-22T23:44:32.712-0500] {dagbag.py:588} INFO - Filling up the DagBag from /home/rafaelrb/anaconda3/lib/python3.9/site-packages/airflow/example_dags/example_branch_labels.py
[2025-02-22T23:44:32.820-0500] {processor.py:925} INFO - DAG(s) 'example_branch_labels' retrieved from /home/rafaelrb/anaconda3/lib/python3.9/site-packages/airflow/example_dags/example_branch_labels.py
[2025-02-22T23:44:32.878-0500] {logging_mixin.py:190} INFO - [2025-02-22T23:44:32.878-0500] {dag.py:3239} INFO - Sync 1 DAGs
[2025-02-22T23:44:32.949-0500] {logging_mixin.py:190} INFO - [2025-02-22T23:44:32.948-0500] {dag.py:4180} INFO - Setting next_dagrun for example_branch_labels to 2025-02-22 00:00:00+00:00, run_after=2025-02-23 00:00:00+00:00
[2025-02-22T23:44:33.114-0500] {processor.py:208} INFO - Processing /home/rafaelrb/anaconda3/lib/python3.9/site-packages/airflow/example_dags/example_branch_labels.py took 0.478 seconds
[2025-02-22T23:49:08.354-0500] {processor.py:186} INFO - Started process (PID=27714) to work on /home/rafaelrb/anaconda3/lib/python3.9/site-packages/airflow/example_dags/example_branch_labels.py
[2025-02-22T23:49:08.357-0500] {processor.py:914} INFO - Processing file /home/rafaelrb/anaconda3/lib/python3.9/site-packages/airflow/example_dags/example_branch_labels.py for tasks to queue
[2025-02-22T23:49:08.363-0500] {logging_mixin.py:190} INFO - [2025-02-22T23:49:08.361-0500] {dagbag.py:588} INFO - Filling up the DagBag from /home/rafaelrb/anaconda3/lib/python3.9/site-packages/airflow/example_dags/example_branch_labels.py
[2025-02-22T23:49:08.402-0500] {processor.py:925} INFO - DAG(s) 'example_branch_labels' retrieved from /home/rafaelrb/anaconda3/lib/python3.9/site-packages/airflow/example_dags/example_branch_labels.py
[2025-02-22T23:49:08.425-0500] {logging_mixin.py:190} INFO - [2025-02-22T23:49:08.424-0500] {dag.py:3239} INFO - Sync 1 DAGs
[2025-02-22T23:49:08.453-0500] {logging_mixin.py:190} INFO - [2025-02-22T23:49:08.452-0500] {dag.py:4180} INFO - Setting next_dagrun for example_branch_labels to 2025-02-22 00:00:00+00:00, run_after=2025-02-23 00:00:00+00:00
[2025-02-22T23:49:08.486-0500] {processor.py:208} INFO - Processing /home/rafaelrb/anaconda3/lib/python3.9/site-packages/airflow/example_dags/example_branch_labels.py took 0.144 seconds
[2025-02-22T23:50:11.394-0500] {processor.py:186} INFO - Started process (PID=28145) to work on /home/rafaelrb/anaconda3/lib/python3.9/site-packages/airflow/example_dags/example_branch_labels.py
[2025-02-22T23:50:11.397-0500] {processor.py:914} INFO - Processing file /home/rafaelrb/anaconda3/lib/python3.9/site-packages/airflow/example_dags/example_branch_labels.py for tasks to queue
[2025-02-22T23:50:11.400-0500] {logging_mixin.py:190} INFO - [2025-02-22T23:50:11.399-0500] {dagbag.py:588} INFO - Filling up the DagBag from /home/rafaelrb/anaconda3/lib/python3.9/site-packages/airflow/example_dags/example_branch_labels.py
[2025-02-22T23:50:11.413-0500] {processor.py:925} INFO - DAG(s) 'example_branch_labels' retrieved from /home/rafaelrb/anaconda3/lib/python3.9/site-packages/airflow/example_dags/example_branch_labels.py
[2025-02-22T23:50:11.433-0500] {logging_mixin.py:190} INFO - [2025-02-22T23:50:11.433-0500] {dag.py:3239} INFO - Sync 1 DAGs
[2025-02-22T23:50:11.461-0500] {logging_mixin.py:190} INFO - [2025-02-22T23:50:11.460-0500] {dag.py:4180} INFO - Setting next_dagrun for example_branch_labels to 2025-02-22 00:00:00+00:00, run_after=2025-02-23 00:00:00+00:00
[2025-02-22T23:50:11.494-0500] {processor.py:208} INFO - Processing /home/rafaelrb/anaconda3/lib/python3.9/site-packages/airflow/example_dags/example_branch_labels.py took 0.109 seconds
[2025-02-22T23:51:07.800-0500] {processor.py:186} INFO - Started process (PID=28547) to work on /home/rafaelrb/anaconda3/lib/python3.9/site-packages/airflow/example_dags/example_branch_labels.py
[2025-02-22T23:51:07.802-0500] {processor.py:914} INFO - Processing file /home/rafaelrb/anaconda3/lib/python3.9/site-packages/airflow/example_dags/example_branch_labels.py for tasks to queue
[2025-02-22T23:51:07.805-0500] {logging_mixin.py:190} INFO - [2025-02-22T23:51:07.804-0500] {dagbag.py:588} INFO - Filling up the DagBag from /home/rafaelrb/anaconda3/lib/python3.9/site-packages/airflow/example_dags/example_branch_labels.py
[2025-02-22T23:51:07.827-0500] {processor.py:925} INFO - DAG(s) 'example_branch_labels' retrieved from /home/rafaelrb/anaconda3/lib/python3.9/site-packages/airflow/example_dags/example_branch_labels.py
[2025-02-22T23:51:07.858-0500] {logging_mixin.py:190} INFO - [2025-02-22T23:51:07.857-0500] {dag.py:3239} INFO - Sync 1 DAGs
[2025-02-22T23:51:07.905-0500] {logging_mixin.py:190} INFO - [2025-02-22T23:51:07.904-0500] {dag.py:4180} INFO - Setting next_dagrun for example_branch_labels to 2025-02-22 00:00:00+00:00, run_after=2025-02-23 00:00:00+00:00
[2025-02-22T23:51:07.941-0500] {processor.py:208} INFO - Processing /home/rafaelrb/anaconda3/lib/python3.9/site-packages/airflow/example_dags/example_branch_labels.py took 0.151 seconds
[2025-02-22T23:52:06.285-0500] {processor.py:186} INFO - Started process (PID=28958) to work on /home/rafaelrb/anaconda3/lib/python3.9/site-packages/airflow/example_dags/example_branch_labels.py
[2025-02-22T23:52:06.287-0500] {processor.py:914} INFO - Processing file /home/rafaelrb/anaconda3/lib/python3.9/site-packages/airflow/example_dags/example_branch_labels.py for tasks to queue
[2025-02-22T23:52:06.289-0500] {logging_mixin.py:190} INFO - [2025-02-22T23:52:06.289-0500] {dagbag.py:588} INFO - Filling up the DagBag from /home/rafaelrb/anaconda3/lib/python3.9/site-packages/airflow/example_dags/example_branch_labels.py
[2025-02-22T23:52:06.303-0500] {processor.py:925} INFO - DAG(s) 'example_branch_labels' retrieved from /home/rafaelrb/anaconda3/lib/python3.9/site-packages/airflow/example_dags/example_branch_labels.py
[2025-02-22T23:52:06.324-0500] {logging_mixin.py:190} INFO - [2025-02-22T23:52:06.324-0500] {dag.py:3239} INFO - Sync 1 DAGs
[2025-02-22T23:52:06.349-0500] {logging_mixin.py:190} INFO - [2025-02-22T23:52:06.349-0500] {dag.py:4180} INFO - Setting next_dagrun for example_branch_labels to 2025-02-22 00:00:00+00:00, run_after=2025-02-23 00:00:00+00:00
[2025-02-22T23:52:06.382-0500] {processor.py:208} INFO - Processing /home/rafaelrb/anaconda3/lib/python3.9/site-packages/airflow/example_dags/example_branch_labels.py took 0.105 seconds
[2025-02-22T23:53:08.281-0500] {processor.py:186} INFO - Started process (PID=29402) to work on /home/rafaelrb/anaconda3/lib/python3.9/site-packages/airflow/example_dags/example_branch_labels.py
[2025-02-22T23:53:08.283-0500] {processor.py:914} INFO - Processing file /home/rafaelrb/anaconda3/lib/python3.9/site-packages/airflow/example_dags/example_branch_labels.py for tasks to queue
[2025-02-22T23:53:08.286-0500] {logging_mixin.py:190} INFO - [2025-02-22T23:53:08.285-0500] {dagbag.py:588} INFO - Filling up the DagBag from /home/rafaelrb/anaconda3/lib/python3.9/site-packages/airflow/example_dags/example_branch_labels.py
[2025-02-22T23:53:08.305-0500] {processor.py:925} INFO - DAG(s) 'example_branch_labels' retrieved from /home/rafaelrb/anaconda3/lib/python3.9/site-packages/airflow/example_dags/example_branch_labels.py
[2025-02-22T23:53:08.331-0500] {logging_mixin.py:190} INFO - [2025-02-22T23:53:08.331-0500] {dag.py:3239} INFO - Sync 1 DAGs
[2025-02-22T23:53:08.362-0500] {logging_mixin.py:190} INFO - [2025-02-22T23:53:08.361-0500] {dag.py:4180} INFO - Setting next_dagrun for example_branch_labels to 2025-02-22 00:00:00+00:00, run_after=2025-02-23 00:00:00+00:00
[2025-02-22T23:53:08.404-0500] {processor.py:208} INFO - Processing /home/rafaelrb/anaconda3/lib/python3.9/site-packages/airflow/example_dags/example_branch_labels.py took 0.132 seconds
[2025-02-22T23:53:41.811-0500] {processor.py:186} INFO - Started process (PID=29630) to work on /home/rafaelrb/anaconda3/lib/python3.9/site-packages/airflow/example_dags/example_branch_labels.py
[2025-02-22T23:53:41.813-0500] {processor.py:914} INFO - Processing file /home/rafaelrb/anaconda3/lib/python3.9/site-packages/airflow/example_dags/example_branch_labels.py for tasks to queue
[2025-02-22T23:53:41.816-0500] {logging_mixin.py:190} INFO - [2025-02-22T23:53:41.815-0500] {dagbag.py:588} INFO - Filling up the DagBag from /home/rafaelrb/anaconda3/lib/python3.9/site-packages/airflow/example_dags/example_branch_labels.py
[2025-02-22T23:53:41.830-0500] {processor.py:925} INFO - DAG(s) 'example_branch_labels' retrieved from /home/rafaelrb/anaconda3/lib/python3.9/site-packages/airflow/example_dags/example_branch_labels.py
[2025-02-22T23:53:41.858-0500] {logging_mixin.py:190} INFO - [2025-02-22T23:53:41.857-0500] {dag.py:3239} INFO - Sync 1 DAGs
[2025-02-22T23:53:41.883-0500] {logging_mixin.py:190} INFO - [2025-02-22T23:53:41.883-0500] {dag.py:4180} INFO - Setting next_dagrun for example_branch_labels to 2025-02-22 00:00:00+00:00, run_after=2025-02-23 00:00:00+00:00
[2025-02-22T23:53:41.922-0500] {processor.py:208} INFO - Processing /home/rafaelrb/anaconda3/lib/python3.9/site-packages/airflow/example_dags/example_branch_labels.py took 0.118 seconds
[2025-02-22T23:54:47.679-0500] {processor.py:186} INFO - Started process (PID=30097) to work on /home/rafaelrb/anaconda3/lib/python3.9/site-packages/airflow/example_dags/example_branch_labels.py
[2025-02-22T23:54:47.680-0500] {processor.py:914} INFO - Processing file /home/rafaelrb/anaconda3/lib/python3.9/site-packages/airflow/example_dags/example_branch_labels.py for tasks to queue
[2025-02-22T23:54:47.684-0500] {logging_mixin.py:190} INFO - [2025-02-22T23:54:47.683-0500] {dagbag.py:588} INFO - Filling up the DagBag from /home/rafaelrb/anaconda3/lib/python3.9/site-packages/airflow/example_dags/example_branch_labels.py
[2025-02-22T23:54:47.709-0500] {processor.py:925} INFO - DAG(s) 'example_branch_labels' retrieved from /home/rafaelrb/anaconda3/lib/python3.9/site-packages/airflow/example_dags/example_branch_labels.py
[2025-02-22T23:54:47.740-0500] {logging_mixin.py:190} INFO - [2025-02-22T23:54:47.740-0500] {dag.py:3239} INFO - Sync 1 DAGs
[2025-02-22T23:54:47.768-0500] {logging_mixin.py:190} INFO - [2025-02-22T23:54:47.767-0500] {dag.py:4180} INFO - Setting next_dagrun for example_branch_labels to 2025-02-22 00:00:00+00:00, run_after=2025-02-23 00:00:00+00:00
[2025-02-22T23:54:47.796-0500] {processor.py:208} INFO - Processing /home/rafaelrb/anaconda3/lib/python3.9/site-packages/airflow/example_dags/example_branch_labels.py took 0.126 seconds
[2025-02-22T23:57:59.071-0500] {processor.py:186} INFO - Started process (PID=30645) to work on /home/rafaelrb/anaconda3/lib/python3.9/site-packages/airflow/example_dags/example_branch_labels.py
[2025-02-22T23:57:59.077-0500] {processor.py:914} INFO - Processing file /home/rafaelrb/anaconda3/lib/python3.9/site-packages/airflow/example_dags/example_branch_labels.py for tasks to queue
[2025-02-22T23:57:59.099-0500] {logging_mixin.py:190} INFO - [2025-02-22T23:57:59.079-0500] {dagbag.py:588} INFO - Filling up the DagBag from /home/rafaelrb/anaconda3/lib/python3.9/site-packages/airflow/example_dags/example_branch_labels.py
[2025-02-22T23:57:59.157-0500] {processor.py:925} INFO - DAG(s) 'example_branch_labels' retrieved from /home/rafaelrb/anaconda3/lib/python3.9/site-packages/airflow/example_dags/example_branch_labels.py
[2025-02-22T23:57:59.211-0500] {logging_mixin.py:190} INFO - [2025-02-22T23:57:59.211-0500] {dag.py:3239} INFO - Sync 1 DAGs
[2025-02-22T23:57:59.271-0500] {logging_mixin.py:190} INFO - [2025-02-22T23:57:59.270-0500] {dag.py:4180} INFO - Setting next_dagrun for example_branch_labels to 2025-02-22 00:00:00+00:00, run_after=2025-02-23 00:00:00+00:00
[2025-02-22T23:57:59.326-0500] {processor.py:208} INFO - Processing /home/rafaelrb/anaconda3/lib/python3.9/site-packages/airflow/example_dags/example_branch_labels.py took 0.273 seconds
[2025-02-22T23:59:04.700-0500] {processor.py:186} INFO - Started process (PID=31065) to work on /home/rafaelrb/anaconda3/lib/python3.9/site-packages/airflow/example_dags/example_branch_labels.py
[2025-02-22T23:59:04.702-0500] {processor.py:914} INFO - Processing file /home/rafaelrb/anaconda3/lib/python3.9/site-packages/airflow/example_dags/example_branch_labels.py for tasks to queue
[2025-02-22T23:59:04.706-0500] {logging_mixin.py:190} INFO - [2025-02-22T23:59:04.705-0500] {dagbag.py:588} INFO - Filling up the DagBag from /home/rafaelrb/anaconda3/lib/python3.9/site-packages/airflow/example_dags/example_branch_labels.py
[2025-02-22T23:59:04.721-0500] {processor.py:925} INFO - DAG(s) 'example_branch_labels' retrieved from /home/rafaelrb/anaconda3/lib/python3.9/site-packages/airflow/example_dags/example_branch_labels.py
[2025-02-22T23:59:04.742-0500] {logging_mixin.py:190} INFO - [2025-02-22T23:59:04.742-0500] {dag.py:3239} INFO - Sync 1 DAGs
[2025-02-22T23:59:04.770-0500] {logging_mixin.py:190} INFO - [2025-02-22T23:59:04.770-0500] {dag.py:4180} INFO - Setting next_dagrun for example_branch_labels to 2025-02-22 00:00:00+00:00, run_after=2025-02-23 00:00:00+00:00
[2025-02-22T23:59:04.803-0500] {processor.py:208} INFO - Processing /home/rafaelrb/anaconda3/lib/python3.9/site-packages/airflow/example_dags/example_branch_labels.py took 0.113 seconds
[2025-02-23T00:00:26.831-0500] {processor.py:186} INFO - Started process (PID=31586) to work on /home/rafaelrb/anaconda3/lib/python3.9/site-packages/airflow/example_dags/example_branch_labels.py
[2025-02-23T00:00:26.834-0500] {processor.py:914} INFO - Processing file /home/rafaelrb/anaconda3/lib/python3.9/site-packages/airflow/example_dags/example_branch_labels.py for tasks to queue
[2025-02-23T00:00:26.837-0500] {logging_mixin.py:190} INFO - [2025-02-23T00:00:26.836-0500] {dagbag.py:588} INFO - Filling up the DagBag from /home/rafaelrb/anaconda3/lib/python3.9/site-packages/airflow/example_dags/example_branch_labels.py
[2025-02-23T00:00:26.873-0500] {processor.py:925} INFO - DAG(s) 'example_branch_labels' retrieved from /home/rafaelrb/anaconda3/lib/python3.9/site-packages/airflow/example_dags/example_branch_labels.py
[2025-02-23T00:00:26.915-0500] {logging_mixin.py:190} INFO - [2025-02-23T00:00:26.915-0500] {dag.py:3239} INFO - Sync 1 DAGs
[2025-02-23T00:00:26.984-0500] {logging_mixin.py:190} INFO - [2025-02-23T00:00:26.984-0500] {dag.py:4180} INFO - Setting next_dagrun for example_branch_labels to 2025-02-22 00:00:00+00:00, run_after=2025-02-23 00:00:00+00:00
[2025-02-23T00:00:27.041-0500] {processor.py:208} INFO - Processing /home/rafaelrb/anaconda3/lib/python3.9/site-packages/airflow/example_dags/example_branch_labels.py took 0.218 seconds
[2025-02-23T00:01:30.959-0500] {processor.py:186} INFO - Started process (PID=32088) to work on /home/rafaelrb/anaconda3/lib/python3.9/site-packages/airflow/example_dags/example_branch_labels.py
[2025-02-23T00:01:30.961-0500] {processor.py:914} INFO - Processing file /home/rafaelrb/anaconda3/lib/python3.9/site-packages/airflow/example_dags/example_branch_labels.py for tasks to queue
[2025-02-23T00:01:30.965-0500] {logging_mixin.py:190} INFO - [2025-02-23T00:01:30.964-0500] {dagbag.py:588} INFO - Filling up the DagBag from /home/rafaelrb/anaconda3/lib/python3.9/site-packages/airflow/example_dags/example_branch_labels.py
[2025-02-23T00:01:30.990-0500] {processor.py:925} INFO - DAG(s) 'example_branch_labels' retrieved from /home/rafaelrb/anaconda3/lib/python3.9/site-packages/airflow/example_dags/example_branch_labels.py
[2025-02-23T00:01:31.026-0500] {logging_mixin.py:190} INFO - [2025-02-23T00:01:31.026-0500] {dag.py:3239} INFO - Sync 1 DAGs
[2025-02-23T00:01:31.065-0500] {logging_mixin.py:190} INFO - [2025-02-23T00:01:31.065-0500] {dag.py:4180} INFO - Setting next_dagrun for example_branch_labels to 2025-02-22 00:00:00+00:00, run_after=2025-02-23 00:00:00+00:00
[2025-02-23T00:01:31.104-0500] {processor.py:208} INFO - Processing /home/rafaelrb/anaconda3/lib/python3.9/site-packages/airflow/example_dags/example_branch_labels.py took 0.163 seconds
[2025-02-23T00:11:08.587-0500] {processor.py:186} INFO - Started process (PID=34409) to work on /home/rafaelrb/anaconda3/lib/python3.9/site-packages/airflow/example_dags/example_branch_labels.py
[2025-02-23T00:11:08.594-0500] {processor.py:914} INFO - Processing file /home/rafaelrb/anaconda3/lib/python3.9/site-packages/airflow/example_dags/example_branch_labels.py for tasks to queue
[2025-02-23T00:11:08.597-0500] {logging_mixin.py:190} INFO - [2025-02-23T00:11:08.596-0500] {dagbag.py:588} INFO - Filling up the DagBag from /home/rafaelrb/anaconda3/lib/python3.9/site-packages/airflow/example_dags/example_branch_labels.py
[2025-02-23T00:11:08.609-0500] {processor.py:925} INFO - DAG(s) 'example_branch_labels' retrieved from /home/rafaelrb/anaconda3/lib/python3.9/site-packages/airflow/example_dags/example_branch_labels.py
[2025-02-23T00:11:08.636-0500] {logging_mixin.py:190} INFO - [2025-02-23T00:11:08.636-0500] {dag.py:3239} INFO - Sync 1 DAGs
[2025-02-23T00:11:08.663-0500] {logging_mixin.py:190} INFO - [2025-02-23T00:11:08.662-0500] {dag.py:4180} INFO - Setting next_dagrun for example_branch_labels to 2025-02-22 00:00:00+00:00, run_after=2025-02-23 00:00:00+00:00
[2025-02-23T00:11:08.693-0500] {processor.py:208} INFO - Processing /home/rafaelrb/anaconda3/lib/python3.9/site-packages/airflow/example_dags/example_branch_labels.py took 0.115 seconds
[2025-02-23T00:12:08.794-0500] {processor.py:186} INFO - Started process (PID=34503) to work on /home/rafaelrb/anaconda3/lib/python3.9/site-packages/airflow/example_dags/example_branch_labels.py
[2025-02-23T00:12:08.796-0500] {processor.py:914} INFO - Processing file /home/rafaelrb/anaconda3/lib/python3.9/site-packages/airflow/example_dags/example_branch_labels.py for tasks to queue
[2025-02-23T00:12:08.800-0500] {logging_mixin.py:190} INFO - [2025-02-23T00:12:08.799-0500] {dagbag.py:588} INFO - Filling up the DagBag from /home/rafaelrb/anaconda3/lib/python3.9/site-packages/airflow/example_dags/example_branch_labels.py
[2025-02-23T00:12:08.813-0500] {processor.py:925} INFO - DAG(s) 'example_branch_labels' retrieved from /home/rafaelrb/anaconda3/lib/python3.9/site-packages/airflow/example_dags/example_branch_labels.py
[2025-02-23T00:12:08.833-0500] {logging_mixin.py:190} INFO - [2025-02-23T00:12:08.833-0500] {dag.py:3239} INFO - Sync 1 DAGs
[2025-02-23T00:12:08.859-0500] {logging_mixin.py:190} INFO - [2025-02-23T00:12:08.858-0500] {dag.py:4180} INFO - Setting next_dagrun for example_branch_labels to 2025-02-22 00:00:00+00:00, run_after=2025-02-23 00:00:00+00:00
[2025-02-23T00:12:08.900-0500] {processor.py:208} INFO - Processing /home/rafaelrb/anaconda3/lib/python3.9/site-packages/airflow/example_dags/example_branch_labels.py took 0.117 seconds
[2025-02-23T00:13:23.885-0500] {processor.py:186} INFO - Started process (PID=34610) to work on /home/rafaelrb/anaconda3/lib/python3.9/site-packages/airflow/example_dags/example_branch_labels.py
[2025-02-23T00:13:23.888-0500] {processor.py:914} INFO - Processing file /home/rafaelrb/anaconda3/lib/python3.9/site-packages/airflow/example_dags/example_branch_labels.py for tasks to queue
[2025-02-23T00:13:23.890-0500] {logging_mixin.py:190} INFO - [2025-02-23T00:13:23.890-0500] {dagbag.py:588} INFO - Filling up the DagBag from /home/rafaelrb/anaconda3/lib/python3.9/site-packages/airflow/example_dags/example_branch_labels.py
[2025-02-23T00:13:23.907-0500] {processor.py:925} INFO - DAG(s) 'example_branch_labels' retrieved from /home/rafaelrb/anaconda3/lib/python3.9/site-packages/airflow/example_dags/example_branch_labels.py
[2025-02-23T00:13:23.932-0500] {logging_mixin.py:190} INFO - [2025-02-23T00:13:23.931-0500] {dag.py:3239} INFO - Sync 1 DAGs
[2025-02-23T00:13:23.961-0500] {logging_mixin.py:190} INFO - [2025-02-23T00:13:23.960-0500] {dag.py:4180} INFO - Setting next_dagrun for example_branch_labels to 2025-02-22 00:00:00+00:00, run_after=2025-02-23 00:00:00+00:00
[2025-02-23T00:13:23.994-0500] {processor.py:208} INFO - Processing /home/rafaelrb/anaconda3/lib/python3.9/site-packages/airflow/example_dags/example_branch_labels.py took 0.121 seconds
[2025-02-23T00:14:20.918-0500] {processor.py:186} INFO - Started process (PID=34685) to work on /home/rafaelrb/anaconda3/lib/python3.9/site-packages/airflow/example_dags/example_branch_labels.py
[2025-02-23T00:14:20.924-0500] {processor.py:914} INFO - Processing file /home/rafaelrb/anaconda3/lib/python3.9/site-packages/airflow/example_dags/example_branch_labels.py for tasks to queue
[2025-02-23T00:14:20.927-0500] {logging_mixin.py:190} INFO - [2025-02-23T00:14:20.927-0500] {dagbag.py:588} INFO - Filling up the DagBag from /home/rafaelrb/anaconda3/lib/python3.9/site-packages/airflow/example_dags/example_branch_labels.py
[2025-02-23T00:14:20.939-0500] {processor.py:925} INFO - DAG(s) 'example_branch_labels' retrieved from /home/rafaelrb/anaconda3/lib/python3.9/site-packages/airflow/example_dags/example_branch_labels.py
[2025-02-23T00:14:20.960-0500] {logging_mixin.py:190} INFO - [2025-02-23T00:14:20.960-0500] {dag.py:3239} INFO - Sync 1 DAGs
[2025-02-23T00:14:20.986-0500] {logging_mixin.py:190} INFO - [2025-02-23T00:14:20.985-0500] {dag.py:4180} INFO - Setting next_dagrun for example_branch_labels to 2025-02-22 00:00:00+00:00, run_after=2025-02-23 00:00:00+00:00
[2025-02-23T00:14:21.017-0500] {processor.py:208} INFO - Processing /home/rafaelrb/anaconda3/lib/python3.9/site-packages/airflow/example_dags/example_branch_labels.py took 0.107 seconds
[2025-02-23T00:15:30.538-0500] {processor.py:186} INFO - Started process (PID=34779) to work on /home/rafaelrb/anaconda3/lib/python3.9/site-packages/airflow/example_dags/example_branch_labels.py
[2025-02-23T00:15:30.539-0500] {processor.py:914} INFO - Processing file /home/rafaelrb/anaconda3/lib/python3.9/site-packages/airflow/example_dags/example_branch_labels.py for tasks to queue
[2025-02-23T00:15:30.543-0500] {logging_mixin.py:190} INFO - [2025-02-23T00:15:30.543-0500] {dagbag.py:588} INFO - Filling up the DagBag from /home/rafaelrb/anaconda3/lib/python3.9/site-packages/airflow/example_dags/example_branch_labels.py
[2025-02-23T00:15:30.564-0500] {processor.py:925} INFO - DAG(s) 'example_branch_labels' retrieved from /home/rafaelrb/anaconda3/lib/python3.9/site-packages/airflow/example_dags/example_branch_labels.py
[2025-02-23T00:15:30.598-0500] {logging_mixin.py:190} INFO - [2025-02-23T00:15:30.598-0500] {dag.py:3239} INFO - Sync 1 DAGs
[2025-02-23T00:15:30.627-0500] {logging_mixin.py:190} INFO - [2025-02-23T00:15:30.627-0500] {dag.py:4180} INFO - Setting next_dagrun for example_branch_labels to 2025-02-22 00:00:00+00:00, run_after=2025-02-23 00:00:00+00:00
[2025-02-23T00:15:30.655-0500] {processor.py:208} INFO - Processing /home/rafaelrb/anaconda3/lib/python3.9/site-packages/airflow/example_dags/example_branch_labels.py took 0.129 seconds
[2025-02-23T00:16:30.830-0500] {processor.py:186} INFO - Started process (PID=34881) to work on /home/rafaelrb/anaconda3/lib/python3.9/site-packages/airflow/example_dags/example_branch_labels.py
[2025-02-23T00:16:30.832-0500] {processor.py:914} INFO - Processing file /home/rafaelrb/anaconda3/lib/python3.9/site-packages/airflow/example_dags/example_branch_labels.py for tasks to queue
[2025-02-23T00:16:30.837-0500] {logging_mixin.py:190} INFO - [2025-02-23T00:16:30.836-0500] {dagbag.py:588} INFO - Filling up the DagBag from /home/rafaelrb/anaconda3/lib/python3.9/site-packages/airflow/example_dags/example_branch_labels.py
[2025-02-23T00:16:30.855-0500] {processor.py:925} INFO - DAG(s) 'example_branch_labels' retrieved from /home/rafaelrb/anaconda3/lib/python3.9/site-packages/airflow/example_dags/example_branch_labels.py
[2025-02-23T00:16:30.884-0500] {logging_mixin.py:190} INFO - [2025-02-23T00:16:30.884-0500] {dag.py:3239} INFO - Sync 1 DAGs
[2025-02-23T00:16:30.919-0500] {logging_mixin.py:190} INFO - [2025-02-23T00:16:30.919-0500] {dag.py:4180} INFO - Setting next_dagrun for example_branch_labels to 2025-02-22 00:00:00+00:00, run_after=2025-02-23 00:00:00+00:00
[2025-02-23T00:16:30.954-0500] {processor.py:208} INFO - Processing /home/rafaelrb/anaconda3/lib/python3.9/site-packages/airflow/example_dags/example_branch_labels.py took 0.139 seconds
[2025-02-23T00:17:34.776-0500] {processor.py:186} INFO - Started process (PID=34958) to work on /home/rafaelrb/anaconda3/lib/python3.9/site-packages/airflow/example_dags/example_branch_labels.py
[2025-02-23T00:17:34.778-0500] {processor.py:914} INFO - Processing file /home/rafaelrb/anaconda3/lib/python3.9/site-packages/airflow/example_dags/example_branch_labels.py for tasks to queue
[2025-02-23T00:17:34.781-0500] {logging_mixin.py:190} INFO - [2025-02-23T00:17:34.780-0500] {dagbag.py:588} INFO - Filling up the DagBag from /home/rafaelrb/anaconda3/lib/python3.9/site-packages/airflow/example_dags/example_branch_labels.py
[2025-02-23T00:17:34.795-0500] {processor.py:925} INFO - DAG(s) 'example_branch_labels' retrieved from /home/rafaelrb/anaconda3/lib/python3.9/site-packages/airflow/example_dags/example_branch_labels.py
[2025-02-23T00:17:34.825-0500] {logging_mixin.py:190} INFO - [2025-02-23T00:17:34.824-0500] {dag.py:3239} INFO - Sync 1 DAGs
[2025-02-23T00:17:34.874-0500] {logging_mixin.py:190} INFO - [2025-02-23T00:17:34.874-0500] {dag.py:4180} INFO - Setting next_dagrun for example_branch_labels to 2025-02-22 00:00:00+00:00, run_after=2025-02-23 00:00:00+00:00
[2025-02-23T00:17:34.913-0500] {processor.py:208} INFO - Processing /home/rafaelrb/anaconda3/lib/python3.9/site-packages/airflow/example_dags/example_branch_labels.py took 0.145 seconds
[2025-02-23T00:18:35.699-0500] {processor.py:186} INFO - Started process (PID=35026) to work on /home/rafaelrb/anaconda3/lib/python3.9/site-packages/airflow/example_dags/example_branch_labels.py
[2025-02-23T00:18:35.706-0500] {processor.py:914} INFO - Processing file /home/rafaelrb/anaconda3/lib/python3.9/site-packages/airflow/example_dags/example_branch_labels.py for tasks to queue
[2025-02-23T00:18:35.709-0500] {logging_mixin.py:190} INFO - [2025-02-23T00:18:35.708-0500] {dagbag.py:588} INFO - Filling up the DagBag from /home/rafaelrb/anaconda3/lib/python3.9/site-packages/airflow/example_dags/example_branch_labels.py
[2025-02-23T00:18:35.722-0500] {processor.py:925} INFO - DAG(s) 'example_branch_labels' retrieved from /home/rafaelrb/anaconda3/lib/python3.9/site-packages/airflow/example_dags/example_branch_labels.py
[2025-02-23T00:18:35.741-0500] {logging_mixin.py:190} INFO - [2025-02-23T00:18:35.741-0500] {dag.py:3239} INFO - Sync 1 DAGs
[2025-02-23T00:18:35.768-0500] {logging_mixin.py:190} INFO - [2025-02-23T00:18:35.767-0500] {dag.py:4180} INFO - Setting next_dagrun for example_branch_labels to 2025-02-22 00:00:00+00:00, run_after=2025-02-23 00:00:00+00:00
[2025-02-23T00:18:35.803-0500] {processor.py:208} INFO - Processing /home/rafaelrb/anaconda3/lib/python3.9/site-packages/airflow/example_dags/example_branch_labels.py took 0.112 seconds
[2025-02-23T00:21:50.290-0500] {processor.py:186} INFO - Started process (PID=35165) to work on /home/rafaelrb/anaconda3/lib/python3.9/site-packages/airflow/example_dags/example_branch_labels.py
[2025-02-23T00:21:50.309-0500] {processor.py:914} INFO - Processing file /home/rafaelrb/anaconda3/lib/python3.9/site-packages/airflow/example_dags/example_branch_labels.py for tasks to queue
[2025-02-23T00:21:50.312-0500] {logging_mixin.py:190} INFO - [2025-02-23T00:21:50.312-0500] {dagbag.py:588} INFO - Filling up the DagBag from /home/rafaelrb/anaconda3/lib/python3.9/site-packages/airflow/example_dags/example_branch_labels.py
[2025-02-23T00:21:50.327-0500] {processor.py:925} INFO - DAG(s) 'example_branch_labels' retrieved from /home/rafaelrb/anaconda3/lib/python3.9/site-packages/airflow/example_dags/example_branch_labels.py
[2025-02-23T00:21:50.356-0500] {logging_mixin.py:190} INFO - [2025-02-23T00:21:50.356-0500] {dag.py:3239} INFO - Sync 1 DAGs
[2025-02-23T00:21:50.396-0500] {logging_mixin.py:190} INFO - [2025-02-23T00:21:50.395-0500] {dag.py:4180} INFO - Setting next_dagrun for example_branch_labels to 2025-02-22 00:00:00+00:00, run_after=2025-02-23 00:00:00+00:00
[2025-02-23T00:21:50.503-0500] {processor.py:208} INFO - Processing /home/rafaelrb/anaconda3/lib/python3.9/site-packages/airflow/example_dags/example_branch_labels.py took 0.226 seconds
[2025-02-23T00:22:51.076-0500] {processor.py:186} INFO - Started process (PID=35233) to work on /home/rafaelrb/anaconda3/lib/python3.9/site-packages/airflow/example_dags/example_branch_labels.py
[2025-02-23T00:22:51.082-0500] {processor.py:914} INFO - Processing file /home/rafaelrb/anaconda3/lib/python3.9/site-packages/airflow/example_dags/example_branch_labels.py for tasks to queue
[2025-02-23T00:22:51.085-0500] {logging_mixin.py:190} INFO - [2025-02-23T00:22:51.085-0500] {dagbag.py:588} INFO - Filling up the DagBag from /home/rafaelrb/anaconda3/lib/python3.9/site-packages/airflow/example_dags/example_branch_labels.py
[2025-02-23T00:22:51.098-0500] {processor.py:925} INFO - DAG(s) 'example_branch_labels' retrieved from /home/rafaelrb/anaconda3/lib/python3.9/site-packages/airflow/example_dags/example_branch_labels.py
[2025-02-23T00:22:51.118-0500] {logging_mixin.py:190} INFO - [2025-02-23T00:22:51.117-0500] {dag.py:3239} INFO - Sync 1 DAGs
[2025-02-23T00:22:51.143-0500] {logging_mixin.py:190} INFO - [2025-02-23T00:22:51.143-0500] {dag.py:4180} INFO - Setting next_dagrun for example_branch_labels to 2025-02-22 00:00:00+00:00, run_after=2025-02-23 00:00:00+00:00
[2025-02-23T00:22:51.174-0500] {processor.py:208} INFO - Processing /home/rafaelrb/anaconda3/lib/python3.9/site-packages/airflow/example_dags/example_branch_labels.py took 0.106 seconds
[2025-02-23T00:23:53.128-0500] {processor.py:186} INFO - Started process (PID=35298) to work on /home/rafaelrb/anaconda3/lib/python3.9/site-packages/airflow/example_dags/example_branch_labels.py
[2025-02-23T00:23:53.129-0500] {processor.py:914} INFO - Processing file /home/rafaelrb/anaconda3/lib/python3.9/site-packages/airflow/example_dags/example_branch_labels.py for tasks to queue
[2025-02-23T00:23:53.132-0500] {logging_mixin.py:190} INFO - [2025-02-23T00:23:53.132-0500] {dagbag.py:588} INFO - Filling up the DagBag from /home/rafaelrb/anaconda3/lib/python3.9/site-packages/airflow/example_dags/example_branch_labels.py
[2025-02-23T00:23:53.145-0500] {processor.py:925} INFO - DAG(s) 'example_branch_labels' retrieved from /home/rafaelrb/anaconda3/lib/python3.9/site-packages/airflow/example_dags/example_branch_labels.py
[2025-02-23T00:23:53.164-0500] {logging_mixin.py:190} INFO - [2025-02-23T00:23:53.164-0500] {dag.py:3239} INFO - Sync 1 DAGs
[2025-02-23T00:23:53.190-0500] {logging_mixin.py:190} INFO - [2025-02-23T00:23:53.189-0500] {dag.py:4180} INFO - Setting next_dagrun for example_branch_labels to 2025-02-22 00:00:00+00:00, run_after=2025-02-23 00:00:00+00:00
[2025-02-23T00:23:53.224-0500] {processor.py:208} INFO - Processing /home/rafaelrb/anaconda3/lib/python3.9/site-packages/airflow/example_dags/example_branch_labels.py took 0.105 seconds
[2025-02-23T00:24:56.073-0500] {processor.py:186} INFO - Started process (PID=35376) to work on /home/rafaelrb/anaconda3/lib/python3.9/site-packages/airflow/example_dags/example_branch_labels.py
[2025-02-23T00:24:56.080-0500] {processor.py:914} INFO - Processing file /home/rafaelrb/anaconda3/lib/python3.9/site-packages/airflow/example_dags/example_branch_labels.py for tasks to queue
[2025-02-23T00:24:56.083-0500] {logging_mixin.py:190} INFO - [2025-02-23T00:24:56.082-0500] {dagbag.py:588} INFO - Filling up the DagBag from /home/rafaelrb/anaconda3/lib/python3.9/site-packages/airflow/example_dags/example_branch_labels.py
[2025-02-23T00:24:56.096-0500] {processor.py:925} INFO - DAG(s) 'example_branch_labels' retrieved from /home/rafaelrb/anaconda3/lib/python3.9/site-packages/airflow/example_dags/example_branch_labels.py
[2025-02-23T00:24:56.117-0500] {logging_mixin.py:190} INFO - [2025-02-23T00:24:56.116-0500] {dag.py:3239} INFO - Sync 1 DAGs
[2025-02-23T00:24:56.148-0500] {logging_mixin.py:190} INFO - [2025-02-23T00:24:56.147-0500] {dag.py:4180} INFO - Setting next_dagrun for example_branch_labels to 2025-02-22 00:00:00+00:00, run_after=2025-02-23 00:00:00+00:00
[2025-02-23T00:24:56.182-0500] {processor.py:208} INFO - Processing /home/rafaelrb/anaconda3/lib/python3.9/site-packages/airflow/example_dags/example_branch_labels.py took 0.118 seconds
[2025-02-23T00:25:55.000-0500] {processor.py:186} INFO - Started process (PID=35443) to work on /home/rafaelrb/anaconda3/lib/python3.9/site-packages/airflow/example_dags/example_branch_labels.py
[2025-02-23T00:25:55.007-0500] {processor.py:914} INFO - Processing file /home/rafaelrb/anaconda3/lib/python3.9/site-packages/airflow/example_dags/example_branch_labels.py for tasks to queue
[2025-02-23T00:25:55.010-0500] {logging_mixin.py:190} INFO - [2025-02-23T00:25:55.009-0500] {dagbag.py:588} INFO - Filling up the DagBag from /home/rafaelrb/anaconda3/lib/python3.9/site-packages/airflow/example_dags/example_branch_labels.py
[2025-02-23T00:25:55.024-0500] {processor.py:925} INFO - DAG(s) 'example_branch_labels' retrieved from /home/rafaelrb/anaconda3/lib/python3.9/site-packages/airflow/example_dags/example_branch_labels.py
[2025-02-23T00:25:55.044-0500] {logging_mixin.py:190} INFO - [2025-02-23T00:25:55.044-0500] {dag.py:3239} INFO - Sync 1 DAGs
[2025-02-23T00:25:55.073-0500] {logging_mixin.py:190} INFO - [2025-02-23T00:25:55.073-0500] {dag.py:4180} INFO - Setting next_dagrun for example_branch_labels to 2025-02-22 00:00:00+00:00, run_after=2025-02-23 00:00:00+00:00
[2025-02-23T00:25:55.106-0500] {processor.py:208} INFO - Processing /home/rafaelrb/anaconda3/lib/python3.9/site-packages/airflow/example_dags/example_branch_labels.py took 0.114 seconds
[2025-02-23T02:32:04.078-0500] {processor.py:186} INFO - Started process (PID=76194) to work on /home/rafaelrb/anaconda3/lib/python3.9/site-packages/airflow/example_dags/example_branch_labels.py
[2025-02-23T02:32:04.085-0500] {processor.py:914} INFO - Processing file /home/rafaelrb/anaconda3/lib/python3.9/site-packages/airflow/example_dags/example_branch_labels.py for tasks to queue
[2025-02-23T02:32:04.088-0500] {logging_mixin.py:190} INFO - [2025-02-23T02:32:04.088-0500] {dagbag.py:588} INFO - Filling up the DagBag from /home/rafaelrb/anaconda3/lib/python3.9/site-packages/airflow/example_dags/example_branch_labels.py
[2025-02-23T02:32:04.100-0500] {processor.py:925} INFO - DAG(s) 'example_branch_labels' retrieved from /home/rafaelrb/anaconda3/lib/python3.9/site-packages/airflow/example_dags/example_branch_labels.py
[2025-02-23T02:32:04.121-0500] {logging_mixin.py:190} INFO - [2025-02-23T02:32:04.121-0500] {dag.py:3239} INFO - Sync 1 DAGs
[2025-02-23T02:32:04.149-0500] {logging_mixin.py:190} INFO - [2025-02-23T02:32:04.149-0500] {dag.py:4180} INFO - Setting next_dagrun for example_branch_labels to 2025-02-22 00:00:00+00:00, run_after=2025-02-23 00:00:00+00:00
[2025-02-23T02:32:04.184-0500] {processor.py:208} INFO - Processing /home/rafaelrb/anaconda3/lib/python3.9/site-packages/airflow/example_dags/example_branch_labels.py took 0.116 seconds
[2025-02-23T02:33:17.567-0500] {processor.py:186} INFO - Started process (PID=76644) to work on /home/rafaelrb/anaconda3/lib/python3.9/site-packages/airflow/example_dags/example_branch_labels.py
[2025-02-23T02:33:17.568-0500] {processor.py:914} INFO - Processing file /home/rafaelrb/anaconda3/lib/python3.9/site-packages/airflow/example_dags/example_branch_labels.py for tasks to queue
[2025-02-23T02:33:17.573-0500] {logging_mixin.py:190} INFO - [2025-02-23T02:33:17.573-0500] {dagbag.py:588} INFO - Filling up the DagBag from /home/rafaelrb/anaconda3/lib/python3.9/site-packages/airflow/example_dags/example_branch_labels.py
[2025-02-23T02:33:17.589-0500] {processor.py:925} INFO - DAG(s) 'example_branch_labels' retrieved from /home/rafaelrb/anaconda3/lib/python3.9/site-packages/airflow/example_dags/example_branch_labels.py
[2025-02-23T02:33:17.616-0500] {logging_mixin.py:190} INFO - [2025-02-23T02:33:17.616-0500] {dag.py:3239} INFO - Sync 1 DAGs
[2025-02-23T02:33:17.647-0500] {logging_mixin.py:190} INFO - [2025-02-23T02:33:17.646-0500] {dag.py:4180} INFO - Setting next_dagrun for example_branch_labels to 2025-02-22 00:00:00+00:00, run_after=2025-02-23 00:00:00+00:00
[2025-02-23T02:33:17.684-0500] {processor.py:208} INFO - Processing /home/rafaelrb/anaconda3/lib/python3.9/site-packages/airflow/example_dags/example_branch_labels.py took 0.127 seconds
[2025-02-23T02:34:37.323-0500] {processor.py:186} INFO - Started process (PID=76999) to work on /home/rafaelrb/anaconda3/lib/python3.9/site-packages/airflow/example_dags/example_branch_labels.py
[2025-02-23T02:34:37.325-0500] {processor.py:914} INFO - Processing file /home/rafaelrb/anaconda3/lib/python3.9/site-packages/airflow/example_dags/example_branch_labels.py for tasks to queue
[2025-02-23T02:34:37.330-0500] {logging_mixin.py:190} INFO - [2025-02-23T02:34:37.329-0500] {dagbag.py:588} INFO - Filling up the DagBag from /home/rafaelrb/anaconda3/lib/python3.9/site-packages/airflow/example_dags/example_branch_labels.py
[2025-02-23T02:34:37.351-0500] {processor.py:925} INFO - DAG(s) 'example_branch_labels' retrieved from /home/rafaelrb/anaconda3/lib/python3.9/site-packages/airflow/example_dags/example_branch_labels.py
[2025-02-23T02:34:37.385-0500] {logging_mixin.py:190} INFO - [2025-02-23T02:34:37.384-0500] {dag.py:3239} INFO - Sync 1 DAGs
[2025-02-23T02:34:37.465-0500] {logging_mixin.py:190} INFO - [2025-02-23T02:34:37.463-0500] {dag.py:4180} INFO - Setting next_dagrun for example_branch_labels to 2025-02-22 00:00:00+00:00, run_after=2025-02-23 00:00:00+00:00
[2025-02-23T02:34:37.670-0500] {processor.py:208} INFO - Processing /home/rafaelrb/anaconda3/lib/python3.9/site-packages/airflow/example_dags/example_branch_labels.py took 0.359 seconds
[2025-02-23T02:43:44.491-0500] {processor.py:186} INFO - Started process (PID=79146) to work on /home/rafaelrb/anaconda3/lib/python3.9/site-packages/airflow/example_dags/example_branch_labels.py
[2025-02-23T02:43:44.498-0500] {processor.py:914} INFO - Processing file /home/rafaelrb/anaconda3/lib/python3.9/site-packages/airflow/example_dags/example_branch_labels.py for tasks to queue
[2025-02-23T02:43:44.502-0500] {logging_mixin.py:190} INFO - [2025-02-23T02:43:44.501-0500] {dagbag.py:588} INFO - Filling up the DagBag from /home/rafaelrb/anaconda3/lib/python3.9/site-packages/airflow/example_dags/example_branch_labels.py
[2025-02-23T02:43:44.515-0500] {processor.py:925} INFO - DAG(s) 'example_branch_labels' retrieved from /home/rafaelrb/anaconda3/lib/python3.9/site-packages/airflow/example_dags/example_branch_labels.py
[2025-02-23T02:43:44.536-0500] {logging_mixin.py:190} INFO - [2025-02-23T02:43:44.536-0500] {dag.py:3239} INFO - Sync 1 DAGs
[2025-02-23T02:43:44.561-0500] {logging_mixin.py:190} INFO - [2025-02-23T02:43:44.561-0500] {dag.py:4180} INFO - Setting next_dagrun for example_branch_labels to 2025-02-22 00:00:00+00:00, run_after=2025-02-23 00:00:00+00:00
[2025-02-23T02:43:44.596-0500] {processor.py:208} INFO - Processing /home/rafaelrb/anaconda3/lib/python3.9/site-packages/airflow/example_dags/example_branch_labels.py took 0.115 seconds
[2025-02-23T02:44:45.880-0500] {processor.py:186} INFO - Started process (PID=79349) to work on /home/rafaelrb/anaconda3/lib/python3.9/site-packages/airflow/example_dags/example_branch_labels.py
[2025-02-23T02:44:45.886-0500] {processor.py:914} INFO - Processing file /home/rafaelrb/anaconda3/lib/python3.9/site-packages/airflow/example_dags/example_branch_labels.py for tasks to queue
[2025-02-23T02:44:45.890-0500] {logging_mixin.py:190} INFO - [2025-02-23T02:44:45.889-0500] {dagbag.py:588} INFO - Filling up the DagBag from /home/rafaelrb/anaconda3/lib/python3.9/site-packages/airflow/example_dags/example_branch_labels.py
[2025-02-23T02:44:45.904-0500] {processor.py:925} INFO - DAG(s) 'example_branch_labels' retrieved from /home/rafaelrb/anaconda3/lib/python3.9/site-packages/airflow/example_dags/example_branch_labels.py
[2025-02-23T02:44:45.931-0500] {logging_mixin.py:190} INFO - [2025-02-23T02:44:45.931-0500] {dag.py:3239} INFO - Sync 1 DAGs
[2025-02-23T02:44:45.969-0500] {logging_mixin.py:190} INFO - [2025-02-23T02:44:45.968-0500] {dag.py:4180} INFO - Setting next_dagrun for example_branch_labels to 2025-02-22 00:00:00+00:00, run_after=2025-02-23 00:00:00+00:00
[2025-02-23T02:44:46.006-0500] {processor.py:208} INFO - Processing /home/rafaelrb/anaconda3/lib/python3.9/site-packages/airflow/example_dags/example_branch_labels.py took 0.137 seconds
