[2025-02-22T23:43:30.835-0500] {processor.py:186} INFO - Started process (PID=26606) to work on /home/rafaelrb/anaconda3/lib/python3.9/site-packages/airflow/example_dags/example_task_group.py
[2025-02-22T23:43:30.836-0500] {processor.py:914} INFO - Processing file /home/rafaelrb/anaconda3/lib/python3.9/site-packages/airflow/example_dags/example_task_group.py for tasks to queue
[2025-02-22T23:43:30.844-0500] {logging_mixin.py:190} INFO - [2025-02-22T23:43:30.843-0500] {dagbag.py:588} INFO - Filling up the DagBag from /home/rafaelrb/anaconda3/lib/python3.9/site-packages/airflow/example_dags/example_task_group.py
[2025-02-22T23:43:30.865-0500] {processor.py:925} INFO - DAG(s) 'example_task_group' retrieved from /home/rafaelrb/anaconda3/lib/python3.9/site-packages/airflow/example_dags/example_task_group.py
[2025-02-22T23:43:31.106-0500] {logging_mixin.py:190} INFO - [2025-02-22T23:43:31.105-0500] {override.py:1930} INFO - Created Permission View: can read on DAG:example_task_group
[2025-02-22T23:43:31.128-0500] {logging_mixin.py:190} INFO - [2025-02-22T23:43:31.127-0500] {override.py:1930} INFO - Created Permission View: can delete on DAG:example_task_group
[2025-02-22T23:43:31.146-0500] {logging_mixin.py:190} INFO - [2025-02-22T23:43:31.146-0500] {override.py:1930} INFO - Created Permission View: can edit on DAG:example_task_group
[2025-02-22T23:43:31.179-0500] {logging_mixin.py:190} INFO - [2025-02-22T23:43:31.178-0500] {override.py:1930} INFO - Created Permission View: can read on DAG Run:example_task_group
[2025-02-22T23:43:31.193-0500] {logging_mixin.py:190} INFO - [2025-02-22T23:43:31.193-0500] {override.py:1930} INFO - Created Permission View: can create on DAG Run:example_task_group
[2025-02-22T23:43:31.207-0500] {logging_mixin.py:190} INFO - [2025-02-22T23:43:31.206-0500] {override.py:1930} INFO - Created Permission View: menu access on DAG Run:example_task_group
[2025-02-22T23:43:31.221-0500] {logging_mixin.py:190} INFO - [2025-02-22T23:43:31.220-0500] {override.py:1930} INFO - Created Permission View: can delete on DAG Run:example_task_group
[2025-02-22T23:43:31.221-0500] {logging_mixin.py:190} INFO - [2025-02-22T23:43:31.221-0500] {dag.py:3239} INFO - Sync 1 DAGs
[2025-02-22T23:43:31.246-0500] {logging_mixin.py:190} INFO - [2025-02-22T23:43:31.245-0500] {dag.py:3262} INFO - Creating ORM DAG for example_task_group
[2025-02-22T23:43:31.247-0500] {logging_mixin.py:190} INFO - [2025-02-22T23:43:31.247-0500] {dag.py:4180} INFO - Setting next_dagrun for example_task_group to None, run_after=None
[2025-02-22T23:43:31.279-0500] {processor.py:208} INFO - Processing /home/rafaelrb/anaconda3/lib/python3.9/site-packages/airflow/example_dags/example_task_group.py took 0.458 seconds
[2025-02-22T23:44:42.275-0500] {processor.py:186} INFO - Started process (PID=27127) to work on /home/rafaelrb/anaconda3/lib/python3.9/site-packages/airflow/example_dags/example_task_group.py
[2025-02-22T23:44:42.369-0500] {processor.py:914} INFO - Processing file /home/rafaelrb/anaconda3/lib/python3.9/site-packages/airflow/example_dags/example_task_group.py for tasks to queue
[2025-02-22T23:44:42.373-0500] {logging_mixin.py:190} INFO - [2025-02-22T23:44:42.372-0500] {dagbag.py:588} INFO - Filling up the DagBag from /home/rafaelrb/anaconda3/lib/python3.9/site-packages/airflow/example_dags/example_task_group.py
[2025-02-22T23:44:42.419-0500] {processor.py:925} INFO - DAG(s) 'example_task_group' retrieved from /home/rafaelrb/anaconda3/lib/python3.9/site-packages/airflow/example_dags/example_task_group.py
[2025-02-22T23:44:42.514-0500] {logging_mixin.py:190} INFO - [2025-02-22T23:44:42.514-0500] {dag.py:3239} INFO - Sync 1 DAGs
[2025-02-22T23:44:42.596-0500] {logging_mixin.py:190} INFO - [2025-02-22T23:44:42.596-0500] {dag.py:4180} INFO - Setting next_dagrun for example_task_group to None, run_after=None
[2025-02-22T23:44:42.732-0500] {processor.py:208} INFO - Processing /home/rafaelrb/anaconda3/lib/python3.9/site-packages/airflow/example_dags/example_task_group.py took 0.490 seconds
[2025-02-22T23:49:15.024-0500] {processor.py:186} INFO - Started process (PID=27729) to work on /home/rafaelrb/anaconda3/lib/python3.9/site-packages/airflow/example_dags/example_task_group.py
[2025-02-22T23:49:15.027-0500] {processor.py:914} INFO - Processing file /home/rafaelrb/anaconda3/lib/python3.9/site-packages/airflow/example_dags/example_task_group.py for tasks to queue
[2025-02-22T23:49:15.029-0500] {logging_mixin.py:190} INFO - [2025-02-22T23:49:15.029-0500] {dagbag.py:588} INFO - Filling up the DagBag from /home/rafaelrb/anaconda3/lib/python3.9/site-packages/airflow/example_dags/example_task_group.py
[2025-02-22T23:49:15.045-0500] {processor.py:925} INFO - DAG(s) 'example_task_group' retrieved from /home/rafaelrb/anaconda3/lib/python3.9/site-packages/airflow/example_dags/example_task_group.py
[2025-02-22T23:49:15.072-0500] {logging_mixin.py:190} INFO - [2025-02-22T23:49:15.072-0500] {dag.py:3239} INFO - Sync 1 DAGs
[2025-02-22T23:49:15.094-0500] {logging_mixin.py:190} INFO - [2025-02-22T23:49:15.094-0500] {dag.py:4180} INFO - Setting next_dagrun for example_task_group to None, run_after=None
[2025-02-22T23:49:15.130-0500] {processor.py:208} INFO - Processing /home/rafaelrb/anaconda3/lib/python3.9/site-packages/airflow/example_dags/example_task_group.py took 0.119 seconds
[2025-02-22T23:50:17.828-0500] {processor.py:186} INFO - Started process (PID=28189) to work on /home/rafaelrb/anaconda3/lib/python3.9/site-packages/airflow/example_dags/example_task_group.py
[2025-02-22T23:50:17.830-0500] {processor.py:914} INFO - Processing file /home/rafaelrb/anaconda3/lib/python3.9/site-packages/airflow/example_dags/example_task_group.py for tasks to queue
[2025-02-22T23:50:17.833-0500] {logging_mixin.py:190} INFO - [2025-02-22T23:50:17.832-0500] {dagbag.py:588} INFO - Filling up the DagBag from /home/rafaelrb/anaconda3/lib/python3.9/site-packages/airflow/example_dags/example_task_group.py
[2025-02-22T23:50:17.845-0500] {processor.py:925} INFO - DAG(s) 'example_task_group' retrieved from /home/rafaelrb/anaconda3/lib/python3.9/site-packages/airflow/example_dags/example_task_group.py
[2025-02-22T23:50:17.866-0500] {logging_mixin.py:190} INFO - [2025-02-22T23:50:17.866-0500] {dag.py:3239} INFO - Sync 1 DAGs
[2025-02-22T23:50:17.881-0500] {logging_mixin.py:190} INFO - [2025-02-22T23:50:17.881-0500] {dag.py:4180} INFO - Setting next_dagrun for example_task_group to None, run_after=None
[2025-02-22T23:50:17.915-0500] {processor.py:208} INFO - Processing /home/rafaelrb/anaconda3/lib/python3.9/site-packages/airflow/example_dags/example_task_group.py took 0.095 seconds
[2025-02-22T23:51:14.731-0500] {processor.py:186} INFO - Started process (PID=28591) to work on /home/rafaelrb/anaconda3/lib/python3.9/site-packages/airflow/example_dags/example_task_group.py
[2025-02-22T23:51:14.742-0500] {processor.py:914} INFO - Processing file /home/rafaelrb/anaconda3/lib/python3.9/site-packages/airflow/example_dags/example_task_group.py for tasks to queue
[2025-02-22T23:51:14.746-0500] {logging_mixin.py:190} INFO - [2025-02-22T23:51:14.745-0500] {dagbag.py:588} INFO - Filling up the DagBag from /home/rafaelrb/anaconda3/lib/python3.9/site-packages/airflow/example_dags/example_task_group.py
[2025-02-22T23:51:14.777-0500] {processor.py:925} INFO - DAG(s) 'example_task_group' retrieved from /home/rafaelrb/anaconda3/lib/python3.9/site-packages/airflow/example_dags/example_task_group.py
[2025-02-22T23:51:14.820-0500] {logging_mixin.py:190} INFO - [2025-02-22T23:51:14.820-0500] {dag.py:3239} INFO - Sync 1 DAGs
[2025-02-22T23:51:14.850-0500] {logging_mixin.py:190} INFO - [2025-02-22T23:51:14.849-0500] {dag.py:4180} INFO - Setting next_dagrun for example_task_group to None, run_after=None
[2025-02-22T23:51:14.904-0500] {processor.py:208} INFO - Processing /home/rafaelrb/anaconda3/lib/python3.9/site-packages/airflow/example_dags/example_task_group.py took 0.186 seconds
[2025-02-22T23:52:12.799-0500] {processor.py:186} INFO - Started process (PID=29006) to work on /home/rafaelrb/anaconda3/lib/python3.9/site-packages/airflow/example_dags/example_task_group.py
[2025-02-22T23:52:12.801-0500] {processor.py:914} INFO - Processing file /home/rafaelrb/anaconda3/lib/python3.9/site-packages/airflow/example_dags/example_task_group.py for tasks to queue
[2025-02-22T23:52:12.804-0500] {logging_mixin.py:190} INFO - [2025-02-22T23:52:12.804-0500] {dagbag.py:588} INFO - Filling up the DagBag from /home/rafaelrb/anaconda3/lib/python3.9/site-packages/airflow/example_dags/example_task_group.py
[2025-02-22T23:52:12.821-0500] {processor.py:925} INFO - DAG(s) 'example_task_group' retrieved from /home/rafaelrb/anaconda3/lib/python3.9/site-packages/airflow/example_dags/example_task_group.py
[2025-02-22T23:52:12.849-0500] {logging_mixin.py:190} INFO - [2025-02-22T23:52:12.848-0500] {dag.py:3239} INFO - Sync 1 DAGs
[2025-02-22T23:52:12.866-0500] {logging_mixin.py:190} INFO - [2025-02-22T23:52:12.866-0500] {dag.py:4180} INFO - Setting next_dagrun for example_task_group to None, run_after=None
[2025-02-22T23:52:12.898-0500] {processor.py:208} INFO - Processing /home/rafaelrb/anaconda3/lib/python3.9/site-packages/airflow/example_dags/example_task_group.py took 0.112 seconds
[2025-02-22T23:53:48.365-0500] {processor.py:186} INFO - Started process (PID=29673) to work on /home/rafaelrb/anaconda3/lib/python3.9/site-packages/airflow/example_dags/example_task_group.py
[2025-02-22T23:53:48.367-0500] {processor.py:914} INFO - Processing file /home/rafaelrb/anaconda3/lib/python3.9/site-packages/airflow/example_dags/example_task_group.py for tasks to queue
[2025-02-22T23:53:48.371-0500] {logging_mixin.py:190} INFO - [2025-02-22T23:53:48.370-0500] {dagbag.py:588} INFO - Filling up the DagBag from /home/rafaelrb/anaconda3/lib/python3.9/site-packages/airflow/example_dags/example_task_group.py
[2025-02-22T23:53:48.385-0500] {processor.py:925} INFO - DAG(s) 'example_task_group' retrieved from /home/rafaelrb/anaconda3/lib/python3.9/site-packages/airflow/example_dags/example_task_group.py
[2025-02-22T23:53:48.429-0500] {logging_mixin.py:190} INFO - [2025-02-22T23:53:48.429-0500] {dag.py:3239} INFO - Sync 1 DAGs
[2025-02-22T23:53:48.463-0500] {logging_mixin.py:190} INFO - [2025-02-22T23:53:48.462-0500] {dag.py:4180} INFO - Setting next_dagrun for example_task_group to None, run_after=None
[2025-02-22T23:53:48.524-0500] {processor.py:208} INFO - Processing /home/rafaelrb/anaconda3/lib/python3.9/site-packages/airflow/example_dags/example_task_group.py took 0.177 seconds
[2025-02-22T23:54:54.203-0500] {processor.py:186} INFO - Started process (PID=30121) to work on /home/rafaelrb/anaconda3/lib/python3.9/site-packages/airflow/example_dags/example_task_group.py
[2025-02-22T23:54:54.205-0500] {processor.py:914} INFO - Processing file /home/rafaelrb/anaconda3/lib/python3.9/site-packages/airflow/example_dags/example_task_group.py for tasks to queue
[2025-02-22T23:54:54.209-0500] {logging_mixin.py:190} INFO - [2025-02-22T23:54:54.208-0500] {dagbag.py:588} INFO - Filling up the DagBag from /home/rafaelrb/anaconda3/lib/python3.9/site-packages/airflow/example_dags/example_task_group.py
[2025-02-22T23:54:54.223-0500] {processor.py:925} INFO - DAG(s) 'example_task_group' retrieved from /home/rafaelrb/anaconda3/lib/python3.9/site-packages/airflow/example_dags/example_task_group.py
[2025-02-22T23:54:54.248-0500] {logging_mixin.py:190} INFO - [2025-02-22T23:54:54.247-0500] {dag.py:3239} INFO - Sync 1 DAGs
[2025-02-22T23:54:54.264-0500] {logging_mixin.py:190} INFO - [2025-02-22T23:54:54.264-0500] {dag.py:4180} INFO - Setting next_dagrun for example_task_group to None, run_after=None
[2025-02-22T23:54:54.299-0500] {processor.py:208} INFO - Processing /home/rafaelrb/anaconda3/lib/python3.9/site-packages/airflow/example_dags/example_task_group.py took 0.105 seconds
[2025-02-22T23:58:06.722-0500] {processor.py:186} INFO - Started process (PID=30675) to work on /home/rafaelrb/anaconda3/lib/python3.9/site-packages/airflow/example_dags/example_task_group.py
[2025-02-22T23:58:06.724-0500] {processor.py:914} INFO - Processing file /home/rafaelrb/anaconda3/lib/python3.9/site-packages/airflow/example_dags/example_task_group.py for tasks to queue
[2025-02-22T23:58:06.728-0500] {logging_mixin.py:190} INFO - [2025-02-22T23:58:06.728-0500] {dagbag.py:588} INFO - Filling up the DagBag from /home/rafaelrb/anaconda3/lib/python3.9/site-packages/airflow/example_dags/example_task_group.py
[2025-02-22T23:58:06.758-0500] {processor.py:925} INFO - DAG(s) 'example_task_group' retrieved from /home/rafaelrb/anaconda3/lib/python3.9/site-packages/airflow/example_dags/example_task_group.py
[2025-02-22T23:58:06.811-0500] {logging_mixin.py:190} INFO - [2025-02-22T23:58:06.811-0500] {dag.py:3239} INFO - Sync 1 DAGs
[2025-02-22T23:58:06.844-0500] {logging_mixin.py:190} INFO - [2025-02-22T23:58:06.843-0500] {dag.py:4180} INFO - Setting next_dagrun for example_task_group to None, run_after=None
[2025-02-22T23:58:06.890-0500] {processor.py:208} INFO - Processing /home/rafaelrb/anaconda3/lib/python3.9/site-packages/airflow/example_dags/example_task_group.py took 0.188 seconds
[2025-02-22T23:59:11.401-0500] {processor.py:186} INFO - Started process (PID=31107) to work on /home/rafaelrb/anaconda3/lib/python3.9/site-packages/airflow/example_dags/example_task_group.py
[2025-02-22T23:59:11.403-0500] {processor.py:914} INFO - Processing file /home/rafaelrb/anaconda3/lib/python3.9/site-packages/airflow/example_dags/example_task_group.py for tasks to queue
[2025-02-22T23:59:11.407-0500] {logging_mixin.py:190} INFO - [2025-02-22T23:59:11.406-0500] {dagbag.py:588} INFO - Filling up the DagBag from /home/rafaelrb/anaconda3/lib/python3.9/site-packages/airflow/example_dags/example_task_group.py
[2025-02-22T23:59:11.424-0500] {processor.py:925} INFO - DAG(s) 'example_task_group' retrieved from /home/rafaelrb/anaconda3/lib/python3.9/site-packages/airflow/example_dags/example_task_group.py
[2025-02-22T23:59:11.454-0500] {logging_mixin.py:190} INFO - [2025-02-22T23:59:11.454-0500] {dag.py:3239} INFO - Sync 1 DAGs
[2025-02-22T23:59:11.480-0500] {logging_mixin.py:190} INFO - [2025-02-22T23:59:11.479-0500] {dag.py:4180} INFO - Setting next_dagrun for example_task_group to None, run_after=None
[2025-02-22T23:59:11.520-0500] {processor.py:208} INFO - Processing /home/rafaelrb/anaconda3/lib/python3.9/site-packages/airflow/example_dags/example_task_group.py took 0.131 seconds
[2025-02-23T00:00:34.623-0500] {processor.py:186} INFO - Started process (PID=31646) to work on /home/rafaelrb/anaconda3/lib/python3.9/site-packages/airflow/example_dags/example_task_group.py
[2025-02-23T00:00:34.625-0500] {processor.py:914} INFO - Processing file /home/rafaelrb/anaconda3/lib/python3.9/site-packages/airflow/example_dags/example_task_group.py for tasks to queue
[2025-02-23T00:00:34.628-0500] {logging_mixin.py:190} INFO - [2025-02-23T00:00:34.628-0500] {dagbag.py:588} INFO - Filling up the DagBag from /home/rafaelrb/anaconda3/lib/python3.9/site-packages/airflow/example_dags/example_task_group.py
[2025-02-23T00:00:34.657-0500] {processor.py:925} INFO - DAG(s) 'example_task_group' retrieved from /home/rafaelrb/anaconda3/lib/python3.9/site-packages/airflow/example_dags/example_task_group.py
[2025-02-23T00:00:34.687-0500] {logging_mixin.py:190} INFO - [2025-02-23T00:00:34.686-0500] {dag.py:3239} INFO - Sync 1 DAGs
[2025-02-23T00:00:34.706-0500] {logging_mixin.py:190} INFO - [2025-02-23T00:00:34.706-0500] {dag.py:4180} INFO - Setting next_dagrun for example_task_group to None, run_after=None
[2025-02-23T00:00:34.760-0500] {processor.py:208} INFO - Processing /home/rafaelrb/anaconda3/lib/python3.9/site-packages/airflow/example_dags/example_task_group.py took 0.152 seconds
[2025-02-23T00:01:37.512-0500] {processor.py:186} INFO - Started process (PID=32094) to work on /home/rafaelrb/anaconda3/lib/python3.9/site-packages/airflow/example_dags/example_task_group.py
[2025-02-23T00:01:37.514-0500] {processor.py:914} INFO - Processing file /home/rafaelrb/anaconda3/lib/python3.9/site-packages/airflow/example_dags/example_task_group.py for tasks to queue
[2025-02-23T00:01:37.516-0500] {logging_mixin.py:190} INFO - [2025-02-23T00:01:37.516-0500] {dagbag.py:588} INFO - Filling up the DagBag from /home/rafaelrb/anaconda3/lib/python3.9/site-packages/airflow/example_dags/example_task_group.py
[2025-02-23T00:01:37.528-0500] {processor.py:925} INFO - DAG(s) 'example_task_group' retrieved from /home/rafaelrb/anaconda3/lib/python3.9/site-packages/airflow/example_dags/example_task_group.py
[2025-02-23T00:01:37.553-0500] {logging_mixin.py:190} INFO - [2025-02-23T00:01:37.553-0500] {dag.py:3239} INFO - Sync 1 DAGs
[2025-02-23T00:01:37.570-0500] {logging_mixin.py:190} INFO - [2025-02-23T00:01:37.570-0500] {dag.py:4180} INFO - Setting next_dagrun for example_task_group to None, run_after=None
[2025-02-23T00:01:37.604-0500] {processor.py:208} INFO - Processing /home/rafaelrb/anaconda3/lib/python3.9/site-packages/airflow/example_dags/example_task_group.py took 0.100 seconds
[2025-02-23T00:11:15.128-0500] {processor.py:186} INFO - Started process (PID=34419) to work on /home/rafaelrb/anaconda3/lib/python3.9/site-packages/airflow/example_dags/example_task_group.py
[2025-02-23T00:11:15.135-0500] {processor.py:914} INFO - Processing file /home/rafaelrb/anaconda3/lib/python3.9/site-packages/airflow/example_dags/example_task_group.py for tasks to queue
[2025-02-23T00:11:15.139-0500] {logging_mixin.py:190} INFO - [2025-02-23T00:11:15.138-0500] {dagbag.py:588} INFO - Filling up the DagBag from /home/rafaelrb/anaconda3/lib/python3.9/site-packages/airflow/example_dags/example_task_group.py
[2025-02-23T00:11:15.151-0500] {processor.py:925} INFO - DAG(s) 'example_task_group' retrieved from /home/rafaelrb/anaconda3/lib/python3.9/site-packages/airflow/example_dags/example_task_group.py
[2025-02-23T00:11:15.180-0500] {logging_mixin.py:190} INFO - [2025-02-23T00:11:15.180-0500] {dag.py:3239} INFO - Sync 1 DAGs
[2025-02-23T00:11:15.197-0500] {logging_mixin.py:190} INFO - [2025-02-23T00:11:15.197-0500] {dag.py:4180} INFO - Setting next_dagrun for example_task_group to None, run_after=None
[2025-02-23T00:11:15.230-0500] {processor.py:208} INFO - Processing /home/rafaelrb/anaconda3/lib/python3.9/site-packages/airflow/example_dags/example_task_group.py took 0.113 seconds
[2025-02-23T00:12:16.543-0500] {processor.py:186} INFO - Started process (PID=34509) to work on /home/rafaelrb/anaconda3/lib/python3.9/site-packages/airflow/example_dags/example_task_group.py
[2025-02-23T00:12:16.546-0500] {processor.py:914} INFO - Processing file /home/rafaelrb/anaconda3/lib/python3.9/site-packages/airflow/example_dags/example_task_group.py for tasks to queue
[2025-02-23T00:12:16.552-0500] {logging_mixin.py:190} INFO - [2025-02-23T00:12:16.551-0500] {dagbag.py:588} INFO - Filling up the DagBag from /home/rafaelrb/anaconda3/lib/python3.9/site-packages/airflow/example_dags/example_task_group.py
[2025-02-23T00:12:16.570-0500] {processor.py:925} INFO - DAG(s) 'example_task_group' retrieved from /home/rafaelrb/anaconda3/lib/python3.9/site-packages/airflow/example_dags/example_task_group.py
[2025-02-23T00:12:16.596-0500] {logging_mixin.py:190} INFO - [2025-02-23T00:12:16.596-0500] {dag.py:3239} INFO - Sync 1 DAGs
[2025-02-23T00:12:16.617-0500] {logging_mixin.py:190} INFO - [2025-02-23T00:12:16.616-0500] {dag.py:4180} INFO - Setting next_dagrun for example_task_group to None, run_after=None
[2025-02-23T00:12:16.654-0500] {processor.py:208} INFO - Processing /home/rafaelrb/anaconda3/lib/python3.9/site-packages/airflow/example_dags/example_task_group.py took 0.122 seconds
[2025-02-23T00:13:29.898-0500] {processor.py:186} INFO - Started process (PID=34616) to work on /home/rafaelrb/anaconda3/lib/python3.9/site-packages/airflow/example_dags/example_task_group.py
[2025-02-23T00:13:29.905-0500] {processor.py:914} INFO - Processing file /home/rafaelrb/anaconda3/lib/python3.9/site-packages/airflow/example_dags/example_task_group.py for tasks to queue
[2025-02-23T00:13:29.908-0500] {logging_mixin.py:190} INFO - [2025-02-23T00:13:29.907-0500] {dagbag.py:588} INFO - Filling up the DagBag from /home/rafaelrb/anaconda3/lib/python3.9/site-packages/airflow/example_dags/example_task_group.py
[2025-02-23T00:13:29.920-0500] {processor.py:925} INFO - DAG(s) 'example_task_group' retrieved from /home/rafaelrb/anaconda3/lib/python3.9/site-packages/airflow/example_dags/example_task_group.py
[2025-02-23T00:13:29.946-0500] {logging_mixin.py:190} INFO - [2025-02-23T00:13:29.946-0500] {dag.py:3239} INFO - Sync 1 DAGs
[2025-02-23T00:13:29.964-0500] {logging_mixin.py:190} INFO - [2025-02-23T00:13:29.964-0500] {dag.py:4180} INFO - Setting next_dagrun for example_task_group to None, run_after=None
[2025-02-23T00:13:29.998-0500] {processor.py:208} INFO - Processing /home/rafaelrb/anaconda3/lib/python3.9/site-packages/airflow/example_dags/example_task_group.py took 0.109 seconds
[2025-02-23T00:14:26.790-0500] {processor.py:186} INFO - Started process (PID=34693) to work on /home/rafaelrb/anaconda3/lib/python3.9/site-packages/airflow/example_dags/example_task_group.py
[2025-02-23T00:14:26.792-0500] {processor.py:914} INFO - Processing file /home/rafaelrb/anaconda3/lib/python3.9/site-packages/airflow/example_dags/example_task_group.py for tasks to queue
[2025-02-23T00:14:26.794-0500] {logging_mixin.py:190} INFO - [2025-02-23T00:14:26.794-0500] {dagbag.py:588} INFO - Filling up the DagBag from /home/rafaelrb/anaconda3/lib/python3.9/site-packages/airflow/example_dags/example_task_group.py
[2025-02-23T00:14:26.805-0500] {processor.py:925} INFO - DAG(s) 'example_task_group' retrieved from /home/rafaelrb/anaconda3/lib/python3.9/site-packages/airflow/example_dags/example_task_group.py
[2025-02-23T00:14:26.826-0500] {logging_mixin.py:190} INFO - [2025-02-23T00:14:26.826-0500] {dag.py:3239} INFO - Sync 1 DAGs
[2025-02-23T00:14:26.841-0500] {logging_mixin.py:190} INFO - [2025-02-23T00:14:26.841-0500] {dag.py:4180} INFO - Setting next_dagrun for example_task_group to None, run_after=None
[2025-02-23T00:14:26.883-0500] {processor.py:208} INFO - Processing /home/rafaelrb/anaconda3/lib/python3.9/site-packages/airflow/example_dags/example_task_group.py took 0.101 seconds
[2025-02-23T00:15:36.951-0500] {processor.py:186} INFO - Started process (PID=34787) to work on /home/rafaelrb/anaconda3/lib/python3.9/site-packages/airflow/example_dags/example_task_group.py
[2025-02-23T00:15:36.954-0500] {processor.py:914} INFO - Processing file /home/rafaelrb/anaconda3/lib/python3.9/site-packages/airflow/example_dags/example_task_group.py for tasks to queue
[2025-02-23T00:15:36.958-0500] {logging_mixin.py:190} INFO - [2025-02-23T00:15:36.957-0500] {dagbag.py:588} INFO - Filling up the DagBag from /home/rafaelrb/anaconda3/lib/python3.9/site-packages/airflow/example_dags/example_task_group.py
[2025-02-23T00:15:36.982-0500] {processor.py:925} INFO - DAG(s) 'example_task_group' retrieved from /home/rafaelrb/anaconda3/lib/python3.9/site-packages/airflow/example_dags/example_task_group.py
[2025-02-23T00:15:37.019-0500] {logging_mixin.py:190} INFO - [2025-02-23T00:15:37.018-0500] {dag.py:3239} INFO - Sync 1 DAGs
[2025-02-23T00:15:37.034-0500] {logging_mixin.py:190} INFO - [2025-02-23T00:15:37.034-0500] {dag.py:4180} INFO - Setting next_dagrun for example_task_group to None, run_after=None
[2025-02-23T00:15:37.093-0500] {processor.py:208} INFO - Processing /home/rafaelrb/anaconda3/lib/python3.9/site-packages/airflow/example_dags/example_task_group.py took 0.153 seconds
[2025-02-23T00:16:37.889-0500] {processor.py:186} INFO - Started process (PID=34887) to work on /home/rafaelrb/anaconda3/lib/python3.9/site-packages/airflow/example_dags/example_task_group.py
[2025-02-23T00:16:37.891-0500] {processor.py:914} INFO - Processing file /home/rafaelrb/anaconda3/lib/python3.9/site-packages/airflow/example_dags/example_task_group.py for tasks to queue
[2025-02-23T00:16:37.894-0500] {logging_mixin.py:190} INFO - [2025-02-23T00:16:37.894-0500] {dagbag.py:588} INFO - Filling up the DagBag from /home/rafaelrb/anaconda3/lib/python3.9/site-packages/airflow/example_dags/example_task_group.py
[2025-02-23T00:16:37.906-0500] {processor.py:925} INFO - DAG(s) 'example_task_group' retrieved from /home/rafaelrb/anaconda3/lib/python3.9/site-packages/airflow/example_dags/example_task_group.py
[2025-02-23T00:16:37.928-0500] {logging_mixin.py:190} INFO - [2025-02-23T00:16:37.928-0500] {dag.py:3239} INFO - Sync 1 DAGs
[2025-02-23T00:16:37.952-0500] {logging_mixin.py:190} INFO - [2025-02-23T00:16:37.951-0500] {dag.py:4180} INFO - Setting next_dagrun for example_task_group to None, run_after=None
[2025-02-23T00:16:37.990-0500] {processor.py:208} INFO - Processing /home/rafaelrb/anaconda3/lib/python3.9/site-packages/airflow/example_dags/example_task_group.py took 0.109 seconds
[2025-02-23T00:17:41.280-0500] {processor.py:186} INFO - Started process (PID=34968) to work on /home/rafaelrb/anaconda3/lib/python3.9/site-packages/airflow/example_dags/example_task_group.py
[2025-02-23T00:17:41.282-0500] {processor.py:914} INFO - Processing file /home/rafaelrb/anaconda3/lib/python3.9/site-packages/airflow/example_dags/example_task_group.py for tasks to queue
[2025-02-23T00:17:41.285-0500] {logging_mixin.py:190} INFO - [2025-02-23T00:17:41.284-0500] {dagbag.py:588} INFO - Filling up the DagBag from /home/rafaelrb/anaconda3/lib/python3.9/site-packages/airflow/example_dags/example_task_group.py
[2025-02-23T00:17:41.296-0500] {processor.py:925} INFO - DAG(s) 'example_task_group' retrieved from /home/rafaelrb/anaconda3/lib/python3.9/site-packages/airflow/example_dags/example_task_group.py
[2025-02-23T00:17:41.317-0500] {logging_mixin.py:190} INFO - [2025-02-23T00:17:41.317-0500] {dag.py:3239} INFO - Sync 1 DAGs
[2025-02-23T00:17:41.333-0500] {logging_mixin.py:190} INFO - [2025-02-23T00:17:41.332-0500] {dag.py:4180} INFO - Setting next_dagrun for example_task_group to None, run_after=None
[2025-02-23T00:17:41.370-0500] {processor.py:208} INFO - Processing /home/rafaelrb/anaconda3/lib/python3.9/site-packages/airflow/example_dags/example_task_group.py took 0.099 seconds
[2025-02-23T00:18:41.516-0500] {processor.py:186} INFO - Started process (PID=35034) to work on /home/rafaelrb/anaconda3/lib/python3.9/site-packages/airflow/example_dags/example_task_group.py
[2025-02-23T00:18:41.522-0500] {processor.py:914} INFO - Processing file /home/rafaelrb/anaconda3/lib/python3.9/site-packages/airflow/example_dags/example_task_group.py for tasks to queue
[2025-02-23T00:18:41.525-0500] {logging_mixin.py:190} INFO - [2025-02-23T00:18:41.524-0500] {dagbag.py:588} INFO - Filling up the DagBag from /home/rafaelrb/anaconda3/lib/python3.9/site-packages/airflow/example_dags/example_task_group.py
[2025-02-23T00:18:41.537-0500] {processor.py:925} INFO - DAG(s) 'example_task_group' retrieved from /home/rafaelrb/anaconda3/lib/python3.9/site-packages/airflow/example_dags/example_task_group.py
[2025-02-23T00:18:41.560-0500] {logging_mixin.py:190} INFO - [2025-02-23T00:18:41.560-0500] {dag.py:3239} INFO - Sync 1 DAGs
[2025-02-23T00:18:41.577-0500] {logging_mixin.py:190} INFO - [2025-02-23T00:18:41.577-0500] {dag.py:4180} INFO - Setting next_dagrun for example_task_group to None, run_after=None
[2025-02-23T00:18:41.612-0500] {processor.py:208} INFO - Processing /home/rafaelrb/anaconda3/lib/python3.9/site-packages/airflow/example_dags/example_task_group.py took 0.105 seconds
[2025-02-23T00:21:56.935-0500] {processor.py:186} INFO - Started process (PID=35174) to work on /home/rafaelrb/anaconda3/lib/python3.9/site-packages/airflow/example_dags/example_task_group.py
[2025-02-23T00:21:56.937-0500] {processor.py:914} INFO - Processing file /home/rafaelrb/anaconda3/lib/python3.9/site-packages/airflow/example_dags/example_task_group.py for tasks to queue
[2025-02-23T00:21:56.940-0500] {logging_mixin.py:190} INFO - [2025-02-23T00:21:56.940-0500] {dagbag.py:588} INFO - Filling up the DagBag from /home/rafaelrb/anaconda3/lib/python3.9/site-packages/airflow/example_dags/example_task_group.py
[2025-02-23T00:21:56.956-0500] {processor.py:925} INFO - DAG(s) 'example_task_group' retrieved from /home/rafaelrb/anaconda3/lib/python3.9/site-packages/airflow/example_dags/example_task_group.py
[2025-02-23T00:21:56.991-0500] {logging_mixin.py:190} INFO - [2025-02-23T00:21:56.990-0500] {dag.py:3239} INFO - Sync 1 DAGs
[2025-02-23T00:21:57.013-0500] {logging_mixin.py:190} INFO - [2025-02-23T00:21:57.012-0500] {dag.py:4180} INFO - Setting next_dagrun for example_task_group to None, run_after=None
[2025-02-23T00:21:57.046-0500] {processor.py:208} INFO - Processing /home/rafaelrb/anaconda3/lib/python3.9/site-packages/airflow/example_dags/example_task_group.py took 0.123 seconds
[2025-02-23T00:22:57.232-0500] {processor.py:186} INFO - Started process (PID=35239) to work on /home/rafaelrb/anaconda3/lib/python3.9/site-packages/airflow/example_dags/example_task_group.py
[2025-02-23T00:22:57.233-0500] {processor.py:914} INFO - Processing file /home/rafaelrb/anaconda3/lib/python3.9/site-packages/airflow/example_dags/example_task_group.py for tasks to queue
[2025-02-23T00:22:57.236-0500] {logging_mixin.py:190} INFO - [2025-02-23T00:22:57.236-0500] {dagbag.py:588} INFO - Filling up the DagBag from /home/rafaelrb/anaconda3/lib/python3.9/site-packages/airflow/example_dags/example_task_group.py
[2025-02-23T00:22:57.247-0500] {processor.py:925} INFO - DAG(s) 'example_task_group' retrieved from /home/rafaelrb/anaconda3/lib/python3.9/site-packages/airflow/example_dags/example_task_group.py
[2025-02-23T00:22:57.271-0500] {logging_mixin.py:190} INFO - [2025-02-23T00:22:57.271-0500] {dag.py:3239} INFO - Sync 1 DAGs
[2025-02-23T00:22:57.291-0500] {logging_mixin.py:190} INFO - [2025-02-23T00:22:57.291-0500] {dag.py:4180} INFO - Setting next_dagrun for example_task_group to None, run_after=None
[2025-02-23T00:22:57.331-0500] {processor.py:208} INFO - Processing /home/rafaelrb/anaconda3/lib/python3.9/site-packages/airflow/example_dags/example_task_group.py took 0.108 seconds
[2025-02-23T00:23:59.439-0500] {processor.py:186} INFO - Started process (PID=35308) to work on /home/rafaelrb/anaconda3/lib/python3.9/site-packages/airflow/example_dags/example_task_group.py
[2025-02-23T00:23:59.441-0500] {processor.py:914} INFO - Processing file /home/rafaelrb/anaconda3/lib/python3.9/site-packages/airflow/example_dags/example_task_group.py for tasks to queue
[2025-02-23T00:23:59.445-0500] {logging_mixin.py:190} INFO - [2025-02-23T00:23:59.445-0500] {dagbag.py:588} INFO - Filling up the DagBag from /home/rafaelrb/anaconda3/lib/python3.9/site-packages/airflow/example_dags/example_task_group.py
[2025-02-23T00:23:59.463-0500] {processor.py:925} INFO - DAG(s) 'example_task_group' retrieved from /home/rafaelrb/anaconda3/lib/python3.9/site-packages/airflow/example_dags/example_task_group.py
[2025-02-23T00:23:59.486-0500] {logging_mixin.py:190} INFO - [2025-02-23T00:23:59.486-0500] {dag.py:3239} INFO - Sync 1 DAGs
[2025-02-23T00:23:59.503-0500] {logging_mixin.py:190} INFO - [2025-02-23T00:23:59.503-0500] {dag.py:4180} INFO - Setting next_dagrun for example_task_group to None, run_after=None
[2025-02-23T00:23:59.534-0500] {processor.py:208} INFO - Processing /home/rafaelrb/anaconda3/lib/python3.9/site-packages/airflow/example_dags/example_task_group.py took 0.107 seconds
[2025-02-23T00:25:01.787-0500] {processor.py:186} INFO - Started process (PID=35388) to work on /home/rafaelrb/anaconda3/lib/python3.9/site-packages/airflow/example_dags/example_task_group.py
[2025-02-23T00:25:01.789-0500] {processor.py:914} INFO - Processing file /home/rafaelrb/anaconda3/lib/python3.9/site-packages/airflow/example_dags/example_task_group.py for tasks to queue
[2025-02-23T00:25:01.792-0500] {logging_mixin.py:190} INFO - [2025-02-23T00:25:01.791-0500] {dagbag.py:588} INFO - Filling up the DagBag from /home/rafaelrb/anaconda3/lib/python3.9/site-packages/airflow/example_dags/example_task_group.py
[2025-02-23T00:25:01.803-0500] {processor.py:925} INFO - DAG(s) 'example_task_group' retrieved from /home/rafaelrb/anaconda3/lib/python3.9/site-packages/airflow/example_dags/example_task_group.py
[2025-02-23T00:25:01.823-0500] {logging_mixin.py:190} INFO - [2025-02-23T00:25:01.823-0500] {dag.py:3239} INFO - Sync 1 DAGs
[2025-02-23T00:25:01.839-0500] {logging_mixin.py:190} INFO - [2025-02-23T00:25:01.838-0500] {dag.py:4180} INFO - Setting next_dagrun for example_task_group to None, run_after=None
[2025-02-23T00:25:01.871-0500] {processor.py:208} INFO - Processing /home/rafaelrb/anaconda3/lib/python3.9/site-packages/airflow/example_dags/example_task_group.py took 0.092 seconds
[2025-02-23T00:26:01.418-0500] {processor.py:186} INFO - Started process (PID=35455) to work on /home/rafaelrb/anaconda3/lib/python3.9/site-packages/airflow/example_dags/example_task_group.py
[2025-02-23T00:26:01.420-0500] {processor.py:914} INFO - Processing file /home/rafaelrb/anaconda3/lib/python3.9/site-packages/airflow/example_dags/example_task_group.py for tasks to queue
[2025-02-23T00:26:01.423-0500] {logging_mixin.py:190} INFO - [2025-02-23T00:26:01.422-0500] {dagbag.py:588} INFO - Filling up the DagBag from /home/rafaelrb/anaconda3/lib/python3.9/site-packages/airflow/example_dags/example_task_group.py
[2025-02-23T00:26:01.434-0500] {processor.py:925} INFO - DAG(s) 'example_task_group' retrieved from /home/rafaelrb/anaconda3/lib/python3.9/site-packages/airflow/example_dags/example_task_group.py
[2025-02-23T00:26:01.454-0500] {logging_mixin.py:190} INFO - [2025-02-23T00:26:01.454-0500] {dag.py:3239} INFO - Sync 1 DAGs
[2025-02-23T00:26:01.469-0500] {logging_mixin.py:190} INFO - [2025-02-23T00:26:01.469-0500] {dag.py:4180} INFO - Setting next_dagrun for example_task_group to None, run_after=None
[2025-02-23T00:26:01.509-0500] {processor.py:208} INFO - Processing /home/rafaelrb/anaconda3/lib/python3.9/site-packages/airflow/example_dags/example_task_group.py took 0.099 seconds
[2025-02-23T02:31:38.073-0500] {processor.py:186} INFO - Started process (PID=75977) to work on /home/rafaelrb/anaconda3/lib/python3.9/site-packages/airflow/example_dags/example_task_group.py
[2025-02-23T02:31:38.075-0500] {processor.py:914} INFO - Processing file /home/rafaelrb/anaconda3/lib/python3.9/site-packages/airflow/example_dags/example_task_group.py for tasks to queue
[2025-02-23T02:31:38.078-0500] {logging_mixin.py:190} INFO - [2025-02-23T02:31:38.078-0500] {dagbag.py:588} INFO - Filling up the DagBag from /home/rafaelrb/anaconda3/lib/python3.9/site-packages/airflow/example_dags/example_task_group.py
[2025-02-23T02:31:38.090-0500] {processor.py:925} INFO - DAG(s) 'example_task_group' retrieved from /home/rafaelrb/anaconda3/lib/python3.9/site-packages/airflow/example_dags/example_task_group.py
[2025-02-23T02:31:38.120-0500] {logging_mixin.py:190} INFO - [2025-02-23T02:31:38.119-0500] {dag.py:3239} INFO - Sync 1 DAGs
[2025-02-23T02:31:38.136-0500] {logging_mixin.py:190} INFO - [2025-02-23T02:31:38.136-0500] {dag.py:4180} INFO - Setting next_dagrun for example_task_group to None, run_after=None
[2025-02-23T02:31:38.171-0500] {processor.py:208} INFO - Processing /home/rafaelrb/anaconda3/lib/python3.9/site-packages/airflow/example_dags/example_task_group.py took 0.106 seconds
[2025-02-23T02:32:38.041-0500] {processor.py:186} INFO - Started process (PID=76401) to work on /home/rafaelrb/anaconda3/lib/python3.9/site-packages/airflow/example_dags/example_task_group.py
[2025-02-23T02:32:38.049-0500] {processor.py:914} INFO - Processing file /home/rafaelrb/anaconda3/lib/python3.9/site-packages/airflow/example_dags/example_task_group.py for tasks to queue
[2025-02-23T02:32:38.054-0500] {logging_mixin.py:190} INFO - [2025-02-23T02:32:38.053-0500] {dagbag.py:588} INFO - Filling up the DagBag from /home/rafaelrb/anaconda3/lib/python3.9/site-packages/airflow/example_dags/example_task_group.py
[2025-02-23T02:32:38.071-0500] {processor.py:925} INFO - DAG(s) 'example_task_group' retrieved from /home/rafaelrb/anaconda3/lib/python3.9/site-packages/airflow/example_dags/example_task_group.py
[2025-02-23T02:32:38.105-0500] {logging_mixin.py:190} INFO - [2025-02-23T02:32:38.105-0500] {dag.py:3239} INFO - Sync 1 DAGs
[2025-02-23T02:32:38.137-0500] {logging_mixin.py:190} INFO - [2025-02-23T02:32:38.137-0500] {dag.py:4180} INFO - Setting next_dagrun for example_task_group to None, run_after=None
[2025-02-23T02:32:38.206-0500] {processor.py:208} INFO - Processing /home/rafaelrb/anaconda3/lib/python3.9/site-packages/airflow/example_dags/example_task_group.py took 0.173 seconds
[2025-02-23T02:33:55.979-0500] {processor.py:186} INFO - Started process (PID=76800) to work on /home/rafaelrb/anaconda3/lib/python3.9/site-packages/airflow/example_dags/example_task_group.py
[2025-02-23T02:33:55.986-0500] {processor.py:914} INFO - Processing file /home/rafaelrb/anaconda3/lib/python3.9/site-packages/airflow/example_dags/example_task_group.py for tasks to queue
[2025-02-23T02:33:55.990-0500] {logging_mixin.py:190} INFO - [2025-02-23T02:33:55.989-0500] {dagbag.py:588} INFO - Filling up the DagBag from /home/rafaelrb/anaconda3/lib/python3.9/site-packages/airflow/example_dags/example_task_group.py
[2025-02-23T02:33:56.002-0500] {processor.py:925} INFO - DAG(s) 'example_task_group' retrieved from /home/rafaelrb/anaconda3/lib/python3.9/site-packages/airflow/example_dags/example_task_group.py
[2025-02-23T02:33:56.027-0500] {logging_mixin.py:190} INFO - [2025-02-23T02:33:56.027-0500] {dag.py:3239} INFO - Sync 1 DAGs
[2025-02-23T02:33:56.046-0500] {logging_mixin.py:190} INFO - [2025-02-23T02:33:56.046-0500] {dag.py:4180} INFO - Setting next_dagrun for example_task_group to None, run_after=None
[2025-02-23T02:33:56.078-0500] {processor.py:208} INFO - Processing /home/rafaelrb/anaconda3/lib/python3.9/site-packages/airflow/example_dags/example_task_group.py took 0.109 seconds
[2025-02-23T02:35:21.906-0500] {processor.py:186} INFO - Started process (PID=77142) to work on /home/rafaelrb/anaconda3/lib/python3.9/site-packages/airflow/example_dags/example_task_group.py
[2025-02-23T02:35:21.913-0500] {processor.py:914} INFO - Processing file /home/rafaelrb/anaconda3/lib/python3.9/site-packages/airflow/example_dags/example_task_group.py for tasks to queue
[2025-02-23T02:35:21.924-0500] {logging_mixin.py:190} INFO - [2025-02-23T02:35:21.923-0500] {dagbag.py:588} INFO - Filling up the DagBag from /home/rafaelrb/anaconda3/lib/python3.9/site-packages/airflow/example_dags/example_task_group.py
[2025-02-23T02:35:22.156-0500] {processor.py:925} INFO - DAG(s) 'example_task_group' retrieved from /home/rafaelrb/anaconda3/lib/python3.9/site-packages/airflow/example_dags/example_task_group.py
[2025-02-23T02:35:22.462-0500] {logging_mixin.py:190} INFO - [2025-02-23T02:35:22.461-0500] {dag.py:3239} INFO - Sync 1 DAGs
[2025-02-23T02:35:22.568-0500] {logging_mixin.py:190} INFO - [2025-02-23T02:35:22.567-0500] {dag.py:4180} INFO - Setting next_dagrun for example_task_group to None, run_after=None
[2025-02-23T02:35:22.617-0500] {processor.py:208} INFO - Processing /home/rafaelrb/anaconda3/lib/python3.9/site-packages/airflow/example_dags/example_task_group.py took 0.767 seconds
[2025-02-23T02:43:07.152-0500] {processor.py:186} INFO - Started process (PID=79030) to work on /home/rafaelrb/anaconda3/lib/python3.9/site-packages/airflow/example_dags/example_task_group.py
[2025-02-23T02:43:07.153-0500] {processor.py:914} INFO - Processing file /home/rafaelrb/anaconda3/lib/python3.9/site-packages/airflow/example_dags/example_task_group.py for tasks to queue
[2025-02-23T02:43:07.156-0500] {logging_mixin.py:190} INFO - [2025-02-23T02:43:07.155-0500] {dagbag.py:588} INFO - Filling up the DagBag from /home/rafaelrb/anaconda3/lib/python3.9/site-packages/airflow/example_dags/example_task_group.py
[2025-02-23T02:43:07.167-0500] {processor.py:925} INFO - DAG(s) 'example_task_group' retrieved from /home/rafaelrb/anaconda3/lib/python3.9/site-packages/airflow/example_dags/example_task_group.py
[2025-02-23T02:43:07.187-0500] {logging_mixin.py:190} INFO - [2025-02-23T02:43:07.187-0500] {dag.py:3239} INFO - Sync 1 DAGs
[2025-02-23T02:43:07.202-0500] {logging_mixin.py:190} INFO - [2025-02-23T02:43:07.202-0500] {dag.py:4180} INFO - Setting next_dagrun for example_task_group to None, run_after=None
[2025-02-23T02:43:07.240-0500] {processor.py:208} INFO - Processing /home/rafaelrb/anaconda3/lib/python3.9/site-packages/airflow/example_dags/example_task_group.py took 0.096 seconds
[2025-02-23T02:44:06.176-0500] {processor.py:186} INFO - Started process (PID=79233) to work on /home/rafaelrb/anaconda3/lib/python3.9/site-packages/airflow/example_dags/example_task_group.py
[2025-02-23T02:44:06.182-0500] {processor.py:914} INFO - Processing file /home/rafaelrb/anaconda3/lib/python3.9/site-packages/airflow/example_dags/example_task_group.py for tasks to queue
[2025-02-23T02:44:06.190-0500] {logging_mixin.py:190} INFO - [2025-02-23T02:44:06.186-0500] {dagbag.py:588} INFO - Filling up the DagBag from /home/rafaelrb/anaconda3/lib/python3.9/site-packages/airflow/example_dags/example_task_group.py
[2025-02-23T02:44:06.208-0500] {processor.py:925} INFO - DAG(s) 'example_task_group' retrieved from /home/rafaelrb/anaconda3/lib/python3.9/site-packages/airflow/example_dags/example_task_group.py
[2025-02-23T02:44:06.246-0500] {logging_mixin.py:190} INFO - [2025-02-23T02:44:06.246-0500] {dag.py:3239} INFO - Sync 1 DAGs
[2025-02-23T02:44:06.280-0500] {logging_mixin.py:190} INFO - [2025-02-23T02:44:06.280-0500] {dag.py:4180} INFO - Setting next_dagrun for example_task_group to None, run_after=None
[2025-02-23T02:44:06.340-0500] {processor.py:208} INFO - Processing /home/rafaelrb/anaconda3/lib/python3.9/site-packages/airflow/example_dags/example_task_group.py took 0.178 seconds
