[2025-02-22T23:44:05.836-0500] {processor.py:186} INFO - Started process (PID=26870) to work on /home/rafaelrb/anaconda3/lib/python3.9/site-packages/airflow/example_dags/example_latest_only_with_trigger.py
[2025-02-22T23:44:05.837-0500] {processor.py:914} INFO - Processing file /home/rafaelrb/anaconda3/lib/python3.9/site-packages/airflow/example_dags/example_latest_only_with_trigger.py for tasks to queue
[2025-02-22T23:44:05.842-0500] {logging_mixin.py:190} INFO - [2025-02-22T23:44:05.841-0500] {dagbag.py:588} INFO - Filling up the DagBag from /home/rafaelrb/anaconda3/lib/python3.9/site-packages/airflow/example_dags/example_latest_only_with_trigger.py
[2025-02-22T23:44:05.854-0500] {processor.py:925} INFO - DAG(s) 'latest_only_with_trigger' retrieved from /home/rafaelrb/anaconda3/lib/python3.9/site-packages/airflow/example_dags/example_latest_only_with_trigger.py
[2025-02-22T23:44:06.026-0500] {logging_mixin.py:190} INFO - [2025-02-22T23:44:06.025-0500] {override.py:1930} INFO - Created Permission View: can read on DAG:latest_only_with_trigger
[2025-02-22T23:44:06.054-0500] {logging_mixin.py:190} INFO - [2025-02-22T23:44:06.052-0500] {override.py:1930} INFO - Created Permission View: can delete on DAG:latest_only_with_trigger
[2025-02-22T23:44:06.081-0500] {logging_mixin.py:190} INFO - [2025-02-22T23:44:06.080-0500] {override.py:1930} INFO - Created Permission View: can edit on DAG:latest_only_with_trigger
[2025-02-22T23:44:06.112-0500] {logging_mixin.py:190} INFO - [2025-02-22T23:44:06.111-0500] {override.py:1930} INFO - Created Permission View: can read on DAG Run:latest_only_with_trigger
[2025-02-22T23:44:06.132-0500] {logging_mixin.py:190} INFO - [2025-02-22T23:44:06.131-0500] {override.py:1930} INFO - Created Permission View: can create on DAG Run:latest_only_with_trigger
[2025-02-22T23:44:06.147-0500] {logging_mixin.py:190} INFO - [2025-02-22T23:44:06.147-0500] {override.py:1930} INFO - Created Permission View: menu access on DAG Run:latest_only_with_trigger
[2025-02-22T23:44:06.168-0500] {logging_mixin.py:190} INFO - [2025-02-22T23:44:06.168-0500] {override.py:1930} INFO - Created Permission View: can delete on DAG Run:latest_only_with_trigger
[2025-02-22T23:44:06.169-0500] {logging_mixin.py:190} INFO - [2025-02-22T23:44:06.169-0500] {dag.py:3239} INFO - Sync 1 DAGs
[2025-02-22T23:44:06.186-0500] {logging_mixin.py:190} INFO - [2025-02-22T23:44:06.186-0500] {dag.py:3262} INFO - Creating ORM DAG for latest_only_with_trigger
[2025-02-22T23:44:06.205-0500] {logging_mixin.py:190} INFO - [2025-02-22T23:44:06.205-0500] {dag.py:4180} INFO - Setting next_dagrun for latest_only_with_trigger to 2025-02-23 00:00:00+00:00, run_after=2025-02-23 04:00:00+00:00
[2025-02-22T23:44:06.240-0500] {processor.py:208} INFO - Processing /home/rafaelrb/anaconda3/lib/python3.9/site-packages/airflow/example_dags/example_latest_only_with_trigger.py took 0.413 seconds
[2025-02-22T23:48:43.756-0500] {processor.py:186} INFO - Started process (PID=27470) to work on /home/rafaelrb/anaconda3/lib/python3.9/site-packages/airflow/example_dags/example_latest_only_with_trigger.py
[2025-02-22T23:48:43.758-0500] {processor.py:914} INFO - Processing file /home/rafaelrb/anaconda3/lib/python3.9/site-packages/airflow/example_dags/example_latest_only_with_trigger.py for tasks to queue
[2025-02-22T23:48:43.764-0500] {logging_mixin.py:190} INFO - [2025-02-22T23:48:43.763-0500] {dagbag.py:588} INFO - Filling up the DagBag from /home/rafaelrb/anaconda3/lib/python3.9/site-packages/airflow/example_dags/example_latest_only_with_trigger.py
[2025-02-22T23:48:43.786-0500] {processor.py:925} INFO - DAG(s) 'latest_only_with_trigger' retrieved from /home/rafaelrb/anaconda3/lib/python3.9/site-packages/airflow/example_dags/example_latest_only_with_trigger.py
[2025-02-22T23:48:43.813-0500] {logging_mixin.py:190} INFO - [2025-02-22T23:48:43.813-0500] {dag.py:3239} INFO - Sync 1 DAGs
[2025-02-22T23:48:43.851-0500] {logging_mixin.py:190} INFO - [2025-02-22T23:48:43.851-0500] {dag.py:4180} INFO - Setting next_dagrun for latest_only_with_trigger to 2025-02-23 00:00:00+00:00, run_after=2025-02-23 04:00:00+00:00
[2025-02-22T23:48:43.903-0500] {processor.py:208} INFO - Processing /home/rafaelrb/anaconda3/lib/python3.9/site-packages/airflow/example_dags/example_latest_only_with_trigger.py took 0.158 seconds
[2025-02-22T23:49:50.501-0500] {processor.py:186} INFO - Started process (PID=27986) to work on /home/rafaelrb/anaconda3/lib/python3.9/site-packages/airflow/example_dags/example_latest_only_with_trigger.py
[2025-02-22T23:49:50.504-0500] {processor.py:914} INFO - Processing file /home/rafaelrb/anaconda3/lib/python3.9/site-packages/airflow/example_dags/example_latest_only_with_trigger.py for tasks to queue
[2025-02-22T23:49:50.509-0500] {logging_mixin.py:190} INFO - [2025-02-22T23:49:50.508-0500] {dagbag.py:588} INFO - Filling up the DagBag from /home/rafaelrb/anaconda3/lib/python3.9/site-packages/airflow/example_dags/example_latest_only_with_trigger.py
[2025-02-22T23:49:50.531-0500] {processor.py:925} INFO - DAG(s) 'latest_only_with_trigger' retrieved from /home/rafaelrb/anaconda3/lib/python3.9/site-packages/airflow/example_dags/example_latest_only_with_trigger.py
[2025-02-22T23:49:50.570-0500] {logging_mixin.py:190} INFO - [2025-02-22T23:49:50.569-0500] {dag.py:3239} INFO - Sync 1 DAGs
[2025-02-22T23:49:50.623-0500] {logging_mixin.py:190} INFO - [2025-02-22T23:49:50.622-0500] {dag.py:4180} INFO - Setting next_dagrun for latest_only_with_trigger to 2025-02-23 00:00:00+00:00, run_after=2025-02-23 04:00:00+00:00
[2025-02-22T23:49:50.678-0500] {processor.py:208} INFO - Processing /home/rafaelrb/anaconda3/lib/python3.9/site-packages/airflow/example_dags/example_latest_only_with_trigger.py took 0.193 seconds
[2025-02-22T23:50:47.380-0500] {processor.py:186} INFO - Started process (PID=28395) to work on /home/rafaelrb/anaconda3/lib/python3.9/site-packages/airflow/example_dags/example_latest_only_with_trigger.py
[2025-02-22T23:50:47.382-0500] {processor.py:914} INFO - Processing file /home/rafaelrb/anaconda3/lib/python3.9/site-packages/airflow/example_dags/example_latest_only_with_trigger.py for tasks to queue
[2025-02-22T23:50:47.385-0500] {logging_mixin.py:190} INFO - [2025-02-22T23:50:47.385-0500] {dagbag.py:588} INFO - Filling up the DagBag from /home/rafaelrb/anaconda3/lib/python3.9/site-packages/airflow/example_dags/example_latest_only_with_trigger.py
[2025-02-22T23:50:47.395-0500] {processor.py:925} INFO - DAG(s) 'latest_only_with_trigger' retrieved from /home/rafaelrb/anaconda3/lib/python3.9/site-packages/airflow/example_dags/example_latest_only_with_trigger.py
[2025-02-22T23:50:47.416-0500] {logging_mixin.py:190} INFO - [2025-02-22T23:50:47.415-0500] {dag.py:3239} INFO - Sync 1 DAGs
[2025-02-22T23:50:47.449-0500] {logging_mixin.py:190} INFO - [2025-02-22T23:50:47.448-0500] {dag.py:4180} INFO - Setting next_dagrun for latest_only_with_trigger to 2025-02-23 00:00:00+00:00, run_after=2025-02-23 04:00:00+00:00
[2025-02-22T23:50:47.486-0500] {processor.py:208} INFO - Processing /home/rafaelrb/anaconda3/lib/python3.9/site-packages/airflow/example_dags/example_latest_only_with_trigger.py took 0.114 seconds
[2025-02-22T23:51:46.839-0500] {processor.py:186} INFO - Started process (PID=28802) to work on /home/rafaelrb/anaconda3/lib/python3.9/site-packages/airflow/example_dags/example_latest_only_with_trigger.py
[2025-02-22T23:51:46.840-0500] {processor.py:914} INFO - Processing file /home/rafaelrb/anaconda3/lib/python3.9/site-packages/airflow/example_dags/example_latest_only_with_trigger.py for tasks to queue
[2025-02-22T23:51:46.845-0500] {logging_mixin.py:190} INFO - [2025-02-22T23:51:46.844-0500] {dagbag.py:588} INFO - Filling up the DagBag from /home/rafaelrb/anaconda3/lib/python3.9/site-packages/airflow/example_dags/example_latest_only_with_trigger.py
[2025-02-22T23:51:46.859-0500] {processor.py:925} INFO - DAG(s) 'latest_only_with_trigger' retrieved from /home/rafaelrb/anaconda3/lib/python3.9/site-packages/airflow/example_dags/example_latest_only_with_trigger.py
[2025-02-22T23:51:46.890-0500] {logging_mixin.py:190} INFO - [2025-02-22T23:51:46.890-0500] {dag.py:3239} INFO - Sync 1 DAGs
[2025-02-22T23:51:46.930-0500] {logging_mixin.py:190} INFO - [2025-02-22T23:51:46.929-0500] {dag.py:4180} INFO - Setting next_dagrun for latest_only_with_trigger to 2025-02-23 00:00:00+00:00, run_after=2025-02-23 04:00:00+00:00
[2025-02-22T23:51:46.971-0500] {processor.py:208} INFO - Processing /home/rafaelrb/anaconda3/lib/python3.9/site-packages/airflow/example_dags/example_latest_only_with_trigger.py took 0.146 seconds
[2025-02-22T23:52:47.298-0500] {processor.py:186} INFO - Started process (PID=29230) to work on /home/rafaelrb/anaconda3/lib/python3.9/site-packages/airflow/example_dags/example_latest_only_with_trigger.py
[2025-02-22T23:52:47.300-0500] {processor.py:914} INFO - Processing file /home/rafaelrb/anaconda3/lib/python3.9/site-packages/airflow/example_dags/example_latest_only_with_trigger.py for tasks to queue
[2025-02-22T23:52:47.303-0500] {logging_mixin.py:190} INFO - [2025-02-22T23:52:47.303-0500] {dagbag.py:588} INFO - Filling up the DagBag from /home/rafaelrb/anaconda3/lib/python3.9/site-packages/airflow/example_dags/example_latest_only_with_trigger.py
[2025-02-22T23:52:47.314-0500] {processor.py:925} INFO - DAG(s) 'latest_only_with_trigger' retrieved from /home/rafaelrb/anaconda3/lib/python3.9/site-packages/airflow/example_dags/example_latest_only_with_trigger.py
[2025-02-22T23:52:47.336-0500] {logging_mixin.py:190} INFO - [2025-02-22T23:52:47.335-0500] {dag.py:3239} INFO - Sync 1 DAGs
[2025-02-22T23:52:47.367-0500] {logging_mixin.py:190} INFO - [2025-02-22T23:52:47.367-0500] {dag.py:4180} INFO - Setting next_dagrun for latest_only_with_trigger to 2025-02-23 00:00:00+00:00, run_after=2025-02-23 04:00:00+00:00
[2025-02-22T23:52:47.401-0500] {processor.py:208} INFO - Processing /home/rafaelrb/anaconda3/lib/python3.9/site-packages/airflow/example_dags/example_latest_only_with_trigger.py took 0.111 seconds
[2025-02-22T23:54:20.168-0500] {processor.py:186} INFO - Started process (PID=29895) to work on /home/rafaelrb/anaconda3/lib/python3.9/site-packages/airflow/example_dags/example_latest_only_with_trigger.py
[2025-02-22T23:54:20.170-0500] {processor.py:914} INFO - Processing file /home/rafaelrb/anaconda3/lib/python3.9/site-packages/airflow/example_dags/example_latest_only_with_trigger.py for tasks to queue
[2025-02-22T23:54:20.174-0500] {logging_mixin.py:190} INFO - [2025-02-22T23:54:20.173-0500] {dagbag.py:588} INFO - Filling up the DagBag from /home/rafaelrb/anaconda3/lib/python3.9/site-packages/airflow/example_dags/example_latest_only_with_trigger.py
[2025-02-22T23:54:20.184-0500] {processor.py:925} INFO - DAG(s) 'latest_only_with_trigger' retrieved from /home/rafaelrb/anaconda3/lib/python3.9/site-packages/airflow/example_dags/example_latest_only_with_trigger.py
[2025-02-22T23:54:20.212-0500] {logging_mixin.py:190} INFO - [2025-02-22T23:54:20.212-0500] {dag.py:3239} INFO - Sync 1 DAGs
[2025-02-22T23:54:20.237-0500] {logging_mixin.py:190} INFO - [2025-02-22T23:54:20.236-0500] {dag.py:4180} INFO - Setting next_dagrun for latest_only_with_trigger to 2025-02-23 00:00:00+00:00, run_after=2025-02-23 04:00:00+00:00
[2025-02-22T23:54:20.275-0500] {processor.py:208} INFO - Processing /home/rafaelrb/anaconda3/lib/python3.9/site-packages/airflow/example_dags/example_latest_only_with_trigger.py took 0.114 seconds
[2025-02-22T23:57:31.484-0500] {processor.py:186} INFO - Started process (PID=30442) to work on /home/rafaelrb/anaconda3/lib/python3.9/site-packages/airflow/example_dags/example_latest_only_with_trigger.py
[2025-02-22T23:57:31.486-0500] {processor.py:914} INFO - Processing file /home/rafaelrb/anaconda3/lib/python3.9/site-packages/airflow/example_dags/example_latest_only_with_trigger.py for tasks to queue
[2025-02-22T23:57:31.490-0500] {logging_mixin.py:190} INFO - [2025-02-22T23:57:31.489-0500] {dagbag.py:588} INFO - Filling up the DagBag from /home/rafaelrb/anaconda3/lib/python3.9/site-packages/airflow/example_dags/example_latest_only_with_trigger.py
[2025-02-22T23:57:31.504-0500] {processor.py:925} INFO - DAG(s) 'latest_only_with_trigger' retrieved from /home/rafaelrb/anaconda3/lib/python3.9/site-packages/airflow/example_dags/example_latest_only_with_trigger.py
[2025-02-22T23:57:31.541-0500] {logging_mixin.py:190} INFO - [2025-02-22T23:57:31.540-0500] {dag.py:3239} INFO - Sync 1 DAGs
[2025-02-22T23:57:31.590-0500] {logging_mixin.py:190} INFO - [2025-02-22T23:57:31.589-0500] {dag.py:4180} INFO - Setting next_dagrun for latest_only_with_trigger to 2025-02-23 00:00:00+00:00, run_after=2025-02-23 04:00:00+00:00
[2025-02-22T23:57:31.642-0500] {processor.py:208} INFO - Processing /home/rafaelrb/anaconda3/lib/python3.9/site-packages/airflow/example_dags/example_latest_only_with_trigger.py took 0.169 seconds
[2025-02-22T23:58:51.680-0500] {processor.py:186} INFO - Started process (PID=30957) to work on /home/rafaelrb/anaconda3/lib/python3.9/site-packages/airflow/example_dags/example_latest_only_with_trigger.py
[2025-02-22T23:58:51.682-0500] {processor.py:914} INFO - Processing file /home/rafaelrb/anaconda3/lib/python3.9/site-packages/airflow/example_dags/example_latest_only_with_trigger.py for tasks to queue
[2025-02-22T23:58:51.684-0500] {logging_mixin.py:190} INFO - [2025-02-22T23:58:51.684-0500] {dagbag.py:588} INFO - Filling up the DagBag from /home/rafaelrb/anaconda3/lib/python3.9/site-packages/airflow/example_dags/example_latest_only_with_trigger.py
[2025-02-22T23:58:51.697-0500] {processor.py:925} INFO - DAG(s) 'latest_only_with_trigger' retrieved from /home/rafaelrb/anaconda3/lib/python3.9/site-packages/airflow/example_dags/example_latest_only_with_trigger.py
[2025-02-22T23:58:51.719-0500] {logging_mixin.py:190} INFO - [2025-02-22T23:58:51.719-0500] {dag.py:3239} INFO - Sync 1 DAGs
[2025-02-22T23:58:51.764-0500] {logging_mixin.py:190} INFO - [2025-02-22T23:58:51.764-0500] {dag.py:4180} INFO - Setting next_dagrun for latest_only_with_trigger to 2025-02-23 00:00:00+00:00, run_after=2025-02-23 04:00:00+00:00
[2025-02-22T23:58:51.802-0500] {processor.py:208} INFO - Processing /home/rafaelrb/anaconda3/lib/python3.9/site-packages/airflow/example_dags/example_latest_only_with_trigger.py took 0.132 seconds
[2025-02-23T00:00:05.629-0500] {processor.py:186} INFO - Started process (PID=31479) to work on /home/rafaelrb/anaconda3/lib/python3.9/site-packages/airflow/example_dags/example_latest_only_with_trigger.py
[2025-02-23T00:00:05.632-0500] {processor.py:914} INFO - Processing file /home/rafaelrb/anaconda3/lib/python3.9/site-packages/airflow/example_dags/example_latest_only_with_trigger.py for tasks to queue
[2025-02-23T00:00:05.637-0500] {logging_mixin.py:190} INFO - [2025-02-23T00:00:05.636-0500] {dagbag.py:588} INFO - Filling up the DagBag from /home/rafaelrb/anaconda3/lib/python3.9/site-packages/airflow/example_dags/example_latest_only_with_trigger.py
[2025-02-23T00:00:05.656-0500] {processor.py:925} INFO - DAG(s) 'latest_only_with_trigger' retrieved from /home/rafaelrb/anaconda3/lib/python3.9/site-packages/airflow/example_dags/example_latest_only_with_trigger.py
[2025-02-23T00:00:05.702-0500] {logging_mixin.py:190} INFO - [2025-02-23T00:00:05.702-0500] {dag.py:3239} INFO - Sync 1 DAGs
[2025-02-23T00:00:05.812-0500] {logging_mixin.py:190} INFO - [2025-02-23T00:00:05.812-0500] {dag.py:4180} INFO - Setting next_dagrun for latest_only_with_trigger to 2025-02-23 00:00:00+00:00, run_after=2025-02-23 04:00:00+00:00
[2025-02-23T00:00:05.851-0500] {processor.py:208} INFO - Processing /home/rafaelrb/anaconda3/lib/python3.9/site-packages/airflow/example_dags/example_latest_only_with_trigger.py took 0.237 seconds
[2025-02-23T00:01:19.215-0500] {processor.py:186} INFO - Started process (PID=31948) to work on /home/rafaelrb/anaconda3/lib/python3.9/site-packages/airflow/example_dags/example_latest_only_with_trigger.py
[2025-02-23T00:01:19.217-0500] {processor.py:914} INFO - Processing file /home/rafaelrb/anaconda3/lib/python3.9/site-packages/airflow/example_dags/example_latest_only_with_trigger.py for tasks to queue
[2025-02-23T00:01:19.220-0500] {logging_mixin.py:190} INFO - [2025-02-23T00:01:19.219-0500] {dagbag.py:588} INFO - Filling up the DagBag from /home/rafaelrb/anaconda3/lib/python3.9/site-packages/airflow/example_dags/example_latest_only_with_trigger.py
[2025-02-23T00:01:19.234-0500] {processor.py:925} INFO - DAG(s) 'latest_only_with_trigger' retrieved from /home/rafaelrb/anaconda3/lib/python3.9/site-packages/airflow/example_dags/example_latest_only_with_trigger.py
[2025-02-23T00:01:19.267-0500] {logging_mixin.py:190} INFO - [2025-02-23T00:01:19.266-0500] {dag.py:3239} INFO - Sync 1 DAGs
[2025-02-23T00:01:19.300-0500] {logging_mixin.py:190} INFO - [2025-02-23T00:01:19.299-0500] {dag.py:4180} INFO - Setting next_dagrun for latest_only_with_trigger to 2025-02-23 00:00:00+00:00, run_after=2025-02-23 04:00:00+00:00
[2025-02-23T00:01:19.330-0500] {processor.py:208} INFO - Processing /home/rafaelrb/anaconda3/lib/python3.9/site-packages/airflow/example_dags/example_latest_only_with_trigger.py took 0.128 seconds
[2025-02-23T00:11:43.797-0500] {processor.py:186} INFO - Started process (PID=34465) to work on /home/rafaelrb/anaconda3/lib/python3.9/site-packages/airflow/example_dags/example_latest_only_with_trigger.py
[2025-02-23T00:11:43.799-0500] {processor.py:914} INFO - Processing file /home/rafaelrb/anaconda3/lib/python3.9/site-packages/airflow/example_dags/example_latest_only_with_trigger.py for tasks to queue
[2025-02-23T00:11:43.803-0500] {logging_mixin.py:190} INFO - [2025-02-23T00:11:43.802-0500] {dagbag.py:588} INFO - Filling up the DagBag from /home/rafaelrb/anaconda3/lib/python3.9/site-packages/airflow/example_dags/example_latest_only_with_trigger.py
[2025-02-23T00:11:43.813-0500] {processor.py:925} INFO - DAG(s) 'latest_only_with_trigger' retrieved from /home/rafaelrb/anaconda3/lib/python3.9/site-packages/airflow/example_dags/example_latest_only_with_trigger.py
[2025-02-23T00:11:43.838-0500] {logging_mixin.py:190} INFO - [2025-02-23T00:11:43.838-0500] {dag.py:3239} INFO - Sync 1 DAGs
[2025-02-23T00:11:43.867-0500] {logging_mixin.py:190} INFO - [2025-02-23T00:11:43.867-0500] {dag.py:4180} INFO - Setting next_dagrun for latest_only_with_trigger to 2025-02-23 00:00:00+00:00, run_after=2025-02-23 04:00:00+00:00
[2025-02-23T00:11:43.901-0500] {processor.py:208} INFO - Processing /home/rafaelrb/anaconda3/lib/python3.9/site-packages/airflow/example_dags/example_latest_only_with_trigger.py took 0.118 seconds
[2025-02-23T00:12:58.726-0500] {processor.py:186} INFO - Started process (PID=34579) to work on /home/rafaelrb/anaconda3/lib/python3.9/site-packages/airflow/example_dags/example_latest_only_with_trigger.py
[2025-02-23T00:12:58.728-0500] {processor.py:914} INFO - Processing file /home/rafaelrb/anaconda3/lib/python3.9/site-packages/airflow/example_dags/example_latest_only_with_trigger.py for tasks to queue
[2025-02-23T00:12:58.731-0500] {logging_mixin.py:190} INFO - [2025-02-23T00:12:58.730-0500] {dagbag.py:588} INFO - Filling up the DagBag from /home/rafaelrb/anaconda3/lib/python3.9/site-packages/airflow/example_dags/example_latest_only_with_trigger.py
[2025-02-23T00:12:58.742-0500] {processor.py:925} INFO - DAG(s) 'latest_only_with_trigger' retrieved from /home/rafaelrb/anaconda3/lib/python3.9/site-packages/airflow/example_dags/example_latest_only_with_trigger.py
[2025-02-23T00:12:58.768-0500] {logging_mixin.py:190} INFO - [2025-02-23T00:12:58.767-0500] {dag.py:3239} INFO - Sync 1 DAGs
[2025-02-23T00:12:58.795-0500] {logging_mixin.py:190} INFO - [2025-02-23T00:12:58.795-0500] {dag.py:4180} INFO - Setting next_dagrun for latest_only_with_trigger to 2025-02-23 00:00:00+00:00, run_after=2025-02-23 04:00:00+00:00
[2025-02-23T00:12:58.826-0500] {processor.py:208} INFO - Processing /home/rafaelrb/anaconda3/lib/python3.9/site-packages/airflow/example_dags/example_latest_only_with_trigger.py took 0.109 seconds
[2025-02-23T00:13:56.036-0500] {processor.py:186} INFO - Started process (PID=34646) to work on /home/rafaelrb/anaconda3/lib/python3.9/site-packages/airflow/example_dags/example_latest_only_with_trigger.py
[2025-02-23T00:13:56.043-0500] {processor.py:914} INFO - Processing file /home/rafaelrb/anaconda3/lib/python3.9/site-packages/airflow/example_dags/example_latest_only_with_trigger.py for tasks to queue
[2025-02-23T00:13:56.046-0500] {logging_mixin.py:190} INFO - [2025-02-23T00:13:56.045-0500] {dagbag.py:588} INFO - Filling up the DagBag from /home/rafaelrb/anaconda3/lib/python3.9/site-packages/airflow/example_dags/example_latest_only_with_trigger.py
[2025-02-23T00:13:56.055-0500] {processor.py:925} INFO - DAG(s) 'latest_only_with_trigger' retrieved from /home/rafaelrb/anaconda3/lib/python3.9/site-packages/airflow/example_dags/example_latest_only_with_trigger.py
[2025-02-23T00:13:56.076-0500] {logging_mixin.py:190} INFO - [2025-02-23T00:13:56.075-0500] {dag.py:3239} INFO - Sync 1 DAGs
[2025-02-23T00:13:56.100-0500] {logging_mixin.py:190} INFO - [2025-02-23T00:13:56.099-0500] {dag.py:4180} INFO - Setting next_dagrun for latest_only_with_trigger to 2025-02-23 00:00:00+00:00, run_after=2025-02-23 04:00:00+00:00
[2025-02-23T00:13:56.131-0500] {processor.py:208} INFO - Processing /home/rafaelrb/anaconda3/lib/python3.9/site-packages/airflow/example_dags/example_latest_only_with_trigger.py took 0.103 seconds
[2025-02-23T00:14:54.292-0500] {processor.py:186} INFO - Started process (PID=34721) to work on /home/rafaelrb/anaconda3/lib/python3.9/site-packages/airflow/example_dags/example_latest_only_with_trigger.py
[2025-02-23T00:14:54.294-0500] {processor.py:914} INFO - Processing file /home/rafaelrb/anaconda3/lib/python3.9/site-packages/airflow/example_dags/example_latest_only_with_trigger.py for tasks to queue
[2025-02-23T00:14:54.297-0500] {logging_mixin.py:190} INFO - [2025-02-23T00:14:54.296-0500] {dagbag.py:588} INFO - Filling up the DagBag from /home/rafaelrb/anaconda3/lib/python3.9/site-packages/airflow/example_dags/example_latest_only_with_trigger.py
[2025-02-23T00:14:54.306-0500] {processor.py:925} INFO - DAG(s) 'latest_only_with_trigger' retrieved from /home/rafaelrb/anaconda3/lib/python3.9/site-packages/airflow/example_dags/example_latest_only_with_trigger.py
[2025-02-23T00:14:54.325-0500] {logging_mixin.py:190} INFO - [2025-02-23T00:14:54.325-0500] {dag.py:3239} INFO - Sync 1 DAGs
[2025-02-23T00:14:54.349-0500] {logging_mixin.py:190} INFO - [2025-02-23T00:14:54.349-0500] {dag.py:4180} INFO - Setting next_dagrun for latest_only_with_trigger to 2025-02-23 00:00:00+00:00, run_after=2025-02-23 04:00:00+00:00
[2025-02-23T00:14:54.386-0500] {processor.py:208} INFO - Processing /home/rafaelrb/anaconda3/lib/python3.9/site-packages/airflow/example_dags/example_latest_only_with_trigger.py took 0.103 seconds
[2025-02-23T00:16:04.595-0500] {processor.py:186} INFO - Started process (PID=34850) to work on /home/rafaelrb/anaconda3/lib/python3.9/site-packages/airflow/example_dags/example_latest_only_with_trigger.py
[2025-02-23T00:16:04.597-0500] {processor.py:914} INFO - Processing file /home/rafaelrb/anaconda3/lib/python3.9/site-packages/airflow/example_dags/example_latest_only_with_trigger.py for tasks to queue
[2025-02-23T00:16:04.600-0500] {logging_mixin.py:190} INFO - [2025-02-23T00:16:04.599-0500] {dagbag.py:588} INFO - Filling up the DagBag from /home/rafaelrb/anaconda3/lib/python3.9/site-packages/airflow/example_dags/example_latest_only_with_trigger.py
[2025-02-23T00:16:04.609-0500] {processor.py:925} INFO - DAG(s) 'latest_only_with_trigger' retrieved from /home/rafaelrb/anaconda3/lib/python3.9/site-packages/airflow/example_dags/example_latest_only_with_trigger.py
[2025-02-23T00:16:04.631-0500] {logging_mixin.py:190} INFO - [2025-02-23T00:16:04.630-0500] {dag.py:3239} INFO - Sync 1 DAGs
[2025-02-23T00:16:04.654-0500] {logging_mixin.py:190} INFO - [2025-02-23T00:16:04.654-0500] {dag.py:4180} INFO - Setting next_dagrun for latest_only_with_trigger to 2025-02-23 00:00:00+00:00, run_after=2025-02-23 04:00:00+00:00
[2025-02-23T00:16:04.683-0500] {processor.py:208} INFO - Processing /home/rafaelrb/anaconda3/lib/python3.9/site-packages/airflow/example_dags/example_latest_only_with_trigger.py took 0.096 seconds
[2025-02-23T00:17:09.819-0500] {processor.py:186} INFO - Started process (PID=34925) to work on /home/rafaelrb/anaconda3/lib/python3.9/site-packages/airflow/example_dags/example_latest_only_with_trigger.py
[2025-02-23T00:17:09.820-0500] {processor.py:914} INFO - Processing file /home/rafaelrb/anaconda3/lib/python3.9/site-packages/airflow/example_dags/example_latest_only_with_trigger.py for tasks to queue
[2025-02-23T00:17:09.824-0500] {logging_mixin.py:190} INFO - [2025-02-23T00:17:09.823-0500] {dagbag.py:588} INFO - Filling up the DagBag from /home/rafaelrb/anaconda3/lib/python3.9/site-packages/airflow/example_dags/example_latest_only_with_trigger.py
[2025-02-23T00:17:09.836-0500] {processor.py:925} INFO - DAG(s) 'latest_only_with_trigger' retrieved from /home/rafaelrb/anaconda3/lib/python3.9/site-packages/airflow/example_dags/example_latest_only_with_trigger.py
[2025-02-23T00:17:09.858-0500] {logging_mixin.py:190} INFO - [2025-02-23T00:17:09.857-0500] {dag.py:3239} INFO - Sync 1 DAGs
[2025-02-23T00:17:09.887-0500] {logging_mixin.py:190} INFO - [2025-02-23T00:17:09.887-0500] {dag.py:4180} INFO - Setting next_dagrun for latest_only_with_trigger to 2025-02-23 00:00:00+00:00, run_after=2025-02-23 04:00:00+00:00
[2025-02-23T00:17:09.921-0500] {processor.py:208} INFO - Processing /home/rafaelrb/anaconda3/lib/python3.9/site-packages/airflow/example_dags/example_latest_only_with_trigger.py took 0.112 seconds
[2025-02-23T00:18:09.591-0500] {processor.py:186} INFO - Started process (PID=35001) to work on /home/rafaelrb/anaconda3/lib/python3.9/site-packages/airflow/example_dags/example_latest_only_with_trigger.py
[2025-02-23T00:18:09.593-0500] {processor.py:914} INFO - Processing file /home/rafaelrb/anaconda3/lib/python3.9/site-packages/airflow/example_dags/example_latest_only_with_trigger.py for tasks to queue
[2025-02-23T00:18:09.597-0500] {logging_mixin.py:190} INFO - [2025-02-23T00:18:09.597-0500] {dagbag.py:588} INFO - Filling up the DagBag from /home/rafaelrb/anaconda3/lib/python3.9/site-packages/airflow/example_dags/example_latest_only_with_trigger.py
[2025-02-23T00:18:09.617-0500] {processor.py:925} INFO - DAG(s) 'latest_only_with_trigger' retrieved from /home/rafaelrb/anaconda3/lib/python3.9/site-packages/airflow/example_dags/example_latest_only_with_trigger.py
[2025-02-23T00:18:09.651-0500] {logging_mixin.py:190} INFO - [2025-02-23T00:18:09.651-0500] {dag.py:3239} INFO - Sync 1 DAGs
[2025-02-23T00:18:09.689-0500] {logging_mixin.py:190} INFO - [2025-02-23T00:18:09.688-0500] {dag.py:4180} INFO - Setting next_dagrun for latest_only_with_trigger to 2025-02-23 00:00:00+00:00, run_after=2025-02-23 04:00:00+00:00
[2025-02-23T00:18:09.726-0500] {processor.py:208} INFO - Processing /home/rafaelrb/anaconda3/lib/python3.9/site-packages/airflow/example_dags/example_latest_only_with_trigger.py took 0.149 seconds
[2025-02-23T00:22:25.651-0500] {processor.py:186} INFO - Started process (PID=35208) to work on /home/rafaelrb/anaconda3/lib/python3.9/site-packages/airflow/example_dags/example_latest_only_with_trigger.py
[2025-02-23T00:22:25.653-0500] {processor.py:914} INFO - Processing file /home/rafaelrb/anaconda3/lib/python3.9/site-packages/airflow/example_dags/example_latest_only_with_trigger.py for tasks to queue
[2025-02-23T00:22:25.656-0500] {logging_mixin.py:190} INFO - [2025-02-23T00:22:25.656-0500] {dagbag.py:588} INFO - Filling up the DagBag from /home/rafaelrb/anaconda3/lib/python3.9/site-packages/airflow/example_dags/example_latest_only_with_trigger.py
[2025-02-23T00:22:25.666-0500] {processor.py:925} INFO - DAG(s) 'latest_only_with_trigger' retrieved from /home/rafaelrb/anaconda3/lib/python3.9/site-packages/airflow/example_dags/example_latest_only_with_trigger.py
[2025-02-23T00:22:25.689-0500] {logging_mixin.py:190} INFO - [2025-02-23T00:22:25.688-0500] {dag.py:3239} INFO - Sync 1 DAGs
[2025-02-23T00:22:25.716-0500] {logging_mixin.py:190} INFO - [2025-02-23T00:22:25.716-0500] {dag.py:4180} INFO - Setting next_dagrun for latest_only_with_trigger to 2025-02-23 00:00:00+00:00, run_after=2025-02-23 04:00:00+00:00
[2025-02-23T00:22:25.750-0500] {processor.py:208} INFO - Processing /home/rafaelrb/anaconda3/lib/python3.9/site-packages/airflow/example_dags/example_latest_only_with_trigger.py took 0.107 seconds
[2025-02-23T00:23:28.276-0500] {processor.py:186} INFO - Started process (PID=35275) to work on /home/rafaelrb/anaconda3/lib/python3.9/site-packages/airflow/example_dags/example_latest_only_with_trigger.py
[2025-02-23T00:23:28.283-0500] {processor.py:914} INFO - Processing file /home/rafaelrb/anaconda3/lib/python3.9/site-packages/airflow/example_dags/example_latest_only_with_trigger.py for tasks to queue
[2025-02-23T00:23:28.286-0500] {logging_mixin.py:190} INFO - [2025-02-23T00:23:28.285-0500] {dagbag.py:588} INFO - Filling up the DagBag from /home/rafaelrb/anaconda3/lib/python3.9/site-packages/airflow/example_dags/example_latest_only_with_trigger.py
[2025-02-23T00:23:28.295-0500] {processor.py:925} INFO - DAG(s) 'latest_only_with_trigger' retrieved from /home/rafaelrb/anaconda3/lib/python3.9/site-packages/airflow/example_dags/example_latest_only_with_trigger.py
[2025-02-23T00:23:28.316-0500] {logging_mixin.py:190} INFO - [2025-02-23T00:23:28.316-0500] {dag.py:3239} INFO - Sync 1 DAGs
[2025-02-23T00:23:28.343-0500] {logging_mixin.py:190} INFO - [2025-02-23T00:23:28.343-0500] {dag.py:4180} INFO - Setting next_dagrun for latest_only_with_trigger to 2025-02-23 00:00:00+00:00, run_after=2025-02-23 04:00:00+00:00
[2025-02-23T00:23:28.375-0500] {processor.py:208} INFO - Processing /home/rafaelrb/anaconda3/lib/python3.9/site-packages/airflow/example_dags/example_latest_only_with_trigger.py took 0.107 seconds
[2025-02-23T00:24:31.937-0500] {processor.py:186} INFO - Started process (PID=35353) to work on /home/rafaelrb/anaconda3/lib/python3.9/site-packages/airflow/example_dags/example_latest_only_with_trigger.py
[2025-02-23T00:24:31.938-0500] {processor.py:914} INFO - Processing file /home/rafaelrb/anaconda3/lib/python3.9/site-packages/airflow/example_dags/example_latest_only_with_trigger.py for tasks to queue
[2025-02-23T00:24:31.942-0500] {logging_mixin.py:190} INFO - [2025-02-23T00:24:31.941-0500] {dagbag.py:588} INFO - Filling up the DagBag from /home/rafaelrb/anaconda3/lib/python3.9/site-packages/airflow/example_dags/example_latest_only_with_trigger.py
[2025-02-23T00:24:31.951-0500] {processor.py:925} INFO - DAG(s) 'latest_only_with_trigger' retrieved from /home/rafaelrb/anaconda3/lib/python3.9/site-packages/airflow/example_dags/example_latest_only_with_trigger.py
[2025-02-23T00:24:31.970-0500] {logging_mixin.py:190} INFO - [2025-02-23T00:24:31.970-0500] {dag.py:3239} INFO - Sync 1 DAGs
[2025-02-23T00:24:31.996-0500] {logging_mixin.py:190} INFO - [2025-02-23T00:24:31.995-0500] {dag.py:4180} INFO - Setting next_dagrun for latest_only_with_trigger to 2025-02-23 00:00:00+00:00, run_after=2025-02-23 04:00:00+00:00
[2025-02-23T00:24:32.028-0500] {processor.py:208} INFO - Processing /home/rafaelrb/anaconda3/lib/python3.9/site-packages/airflow/example_dags/example_latest_only_with_trigger.py took 0.099 seconds
[2025-02-23T00:25:30.707-0500] {processor.py:186} INFO - Started process (PID=35420) to work on /home/rafaelrb/anaconda3/lib/python3.9/site-packages/airflow/example_dags/example_latest_only_with_trigger.py
[2025-02-23T00:25:30.714-0500] {processor.py:914} INFO - Processing file /home/rafaelrb/anaconda3/lib/python3.9/site-packages/airflow/example_dags/example_latest_only_with_trigger.py for tasks to queue
[2025-02-23T00:25:30.718-0500] {logging_mixin.py:190} INFO - [2025-02-23T00:25:30.718-0500] {dagbag.py:588} INFO - Filling up the DagBag from /home/rafaelrb/anaconda3/lib/python3.9/site-packages/airflow/example_dags/example_latest_only_with_trigger.py
[2025-02-23T00:25:30.732-0500] {processor.py:925} INFO - DAG(s) 'latest_only_with_trigger' retrieved from /home/rafaelrb/anaconda3/lib/python3.9/site-packages/airflow/example_dags/example_latest_only_with_trigger.py
[2025-02-23T00:25:30.753-0500] {logging_mixin.py:190} INFO - [2025-02-23T00:25:30.753-0500] {dag.py:3239} INFO - Sync 1 DAGs
[2025-02-23T00:25:30.780-0500] {logging_mixin.py:190} INFO - [2025-02-23T00:25:30.780-0500] {dag.py:4180} INFO - Setting next_dagrun for latest_only_with_trigger to 2025-02-23 00:00:00+00:00, run_after=2025-02-23 04:00:00+00:00
[2025-02-23T00:25:30.814-0500] {processor.py:208} INFO - Processing /home/rafaelrb/anaconda3/lib/python3.9/site-packages/airflow/example_dags/example_latest_only_with_trigger.py took 0.117 seconds
[2025-02-23T00:26:30.075-0500] {processor.py:186} INFO - Started process (PID=35495) to work on /home/rafaelrb/anaconda3/lib/python3.9/site-packages/airflow/example_dags/example_latest_only_with_trigger.py
[2025-02-23T00:26:30.083-0500] {processor.py:914} INFO - Processing file /home/rafaelrb/anaconda3/lib/python3.9/site-packages/airflow/example_dags/example_latest_only_with_trigger.py for tasks to queue
[2025-02-23T00:26:30.086-0500] {logging_mixin.py:190} INFO - [2025-02-23T00:26:30.085-0500] {dagbag.py:588} INFO - Filling up the DagBag from /home/rafaelrb/anaconda3/lib/python3.9/site-packages/airflow/example_dags/example_latest_only_with_trigger.py
[2025-02-23T00:26:30.095-0500] {processor.py:925} INFO - DAG(s) 'latest_only_with_trigger' retrieved from /home/rafaelrb/anaconda3/lib/python3.9/site-packages/airflow/example_dags/example_latest_only_with_trigger.py
[2025-02-23T00:26:30.116-0500] {logging_mixin.py:190} INFO - [2025-02-23T00:26:30.116-0500] {dag.py:3239} INFO - Sync 1 DAGs
[2025-02-23T00:26:30.143-0500] {logging_mixin.py:190} INFO - [2025-02-23T00:26:30.143-0500] {dag.py:4180} INFO - Setting next_dagrun for latest_only_with_trigger to 2025-02-23 00:00:00+00:00, run_after=2025-02-23 04:00:00+00:00
[2025-02-23T00:26:30.178-0500] {processor.py:208} INFO - Processing /home/rafaelrb/anaconda3/lib/python3.9/site-packages/airflow/example_dags/example_latest_only_with_trigger.py took 0.111 seconds
[2025-02-23T02:31:57.634-0500] {processor.py:186} INFO - Started process (PID=76131) to work on /home/rafaelrb/anaconda3/lib/python3.9/site-packages/airflow/example_dags/example_latest_only_with_trigger.py
[2025-02-23T02:31:57.636-0500] {processor.py:914} INFO - Processing file /home/rafaelrb/anaconda3/lib/python3.9/site-packages/airflow/example_dags/example_latest_only_with_trigger.py for tasks to queue
[2025-02-23T02:31:57.639-0500] {logging_mixin.py:190} INFO - [2025-02-23T02:31:57.639-0500] {dagbag.py:588} INFO - Filling up the DagBag from /home/rafaelrb/anaconda3/lib/python3.9/site-packages/airflow/example_dags/example_latest_only_with_trigger.py
[2025-02-23T02:31:57.650-0500] {processor.py:925} INFO - DAG(s) 'latest_only_with_trigger' retrieved from /home/rafaelrb/anaconda3/lib/python3.9/site-packages/airflow/example_dags/example_latest_only_with_trigger.py
[2025-02-23T02:31:57.672-0500] {logging_mixin.py:190} INFO - [2025-02-23T02:31:57.672-0500] {dag.py:3239} INFO - Sync 1 DAGs
[2025-02-23T02:31:57.705-0500] {logging_mixin.py:190} INFO - [2025-02-23T02:31:57.705-0500] {dag.py:4180} INFO - Setting next_dagrun for latest_only_with_trigger to 2025-02-23 00:00:00+00:00, run_after=2025-02-23 04:00:00+00:00
[2025-02-23T02:31:57.747-0500] {processor.py:208} INFO - Processing /home/rafaelrb/anaconda3/lib/python3.9/site-packages/airflow/example_dags/example_latest_only_with_trigger.py took 0.127 seconds
[2025-02-23T02:33:00.267-0500] {processor.py:186} INFO - Started process (PID=76483) to work on /home/rafaelrb/anaconda3/lib/python3.9/site-packages/airflow/example_dags/example_latest_only_with_trigger.py
[2025-02-23T02:33:00.273-0500] {processor.py:914} INFO - Processing file /home/rafaelrb/anaconda3/lib/python3.9/site-packages/airflow/example_dags/example_latest_only_with_trigger.py for tasks to queue
[2025-02-23T02:33:00.278-0500] {logging_mixin.py:190} INFO - [2025-02-23T02:33:00.277-0500] {dagbag.py:588} INFO - Filling up the DagBag from /home/rafaelrb/anaconda3/lib/python3.9/site-packages/airflow/example_dags/example_latest_only_with_trigger.py
[2025-02-23T02:33:00.292-0500] {processor.py:925} INFO - DAG(s) 'latest_only_with_trigger' retrieved from /home/rafaelrb/anaconda3/lib/python3.9/site-packages/airflow/example_dags/example_latest_only_with_trigger.py
[2025-02-23T02:33:00.315-0500] {logging_mixin.py:190} INFO - [2025-02-23T02:33:00.314-0500] {dag.py:3239} INFO - Sync 1 DAGs
[2025-02-23T02:33:00.348-0500] {logging_mixin.py:190} INFO - [2025-02-23T02:33:00.347-0500] {dag.py:4180} INFO - Setting next_dagrun for latest_only_with_trigger to 2025-02-23 00:00:00+00:00, run_after=2025-02-23 04:00:00+00:00
[2025-02-23T02:33:00.383-0500] {processor.py:208} INFO - Processing /home/rafaelrb/anaconda3/lib/python3.9/site-packages/airflow/example_dags/example_latest_only_with_trigger.py took 0.125 seconds
[2025-02-23T02:34:14.270-0500] {processor.py:186} INFO - Started process (PID=76916) to work on /home/rafaelrb/anaconda3/lib/python3.9/site-packages/airflow/example_dags/example_latest_only_with_trigger.py
[2025-02-23T02:34:14.273-0500] {processor.py:914} INFO - Processing file /home/rafaelrb/anaconda3/lib/python3.9/site-packages/airflow/example_dags/example_latest_only_with_trigger.py for tasks to queue
[2025-02-23T02:34:14.277-0500] {logging_mixin.py:190} INFO - [2025-02-23T02:34:14.276-0500] {dagbag.py:588} INFO - Filling up the DagBag from /home/rafaelrb/anaconda3/lib/python3.9/site-packages/airflow/example_dags/example_latest_only_with_trigger.py
[2025-02-23T02:34:14.291-0500] {processor.py:925} INFO - DAG(s) 'latest_only_with_trigger' retrieved from /home/rafaelrb/anaconda3/lib/python3.9/site-packages/airflow/example_dags/example_latest_only_with_trigger.py
[2025-02-23T02:34:14.321-0500] {logging_mixin.py:190} INFO - [2025-02-23T02:34:14.320-0500] {dag.py:3239} INFO - Sync 1 DAGs
[2025-02-23T02:34:14.360-0500] {logging_mixin.py:190} INFO - [2025-02-23T02:34:14.359-0500] {dag.py:4180} INFO - Setting next_dagrun for latest_only_with_trigger to 2025-02-23 00:00:00+00:00, run_after=2025-02-23 04:00:00+00:00
[2025-02-23T02:34:14.453-0500] {processor.py:208} INFO - Processing /home/rafaelrb/anaconda3/lib/python3.9/site-packages/airflow/example_dags/example_latest_only_with_trigger.py took 0.194 seconds
[2025-02-23T02:43:25.279-0500] {processor.py:186} INFO - Started process (PID=79088) to work on /home/rafaelrb/anaconda3/lib/python3.9/site-packages/airflow/example_dags/example_latest_only_with_trigger.py
[2025-02-23T02:43:25.280-0500] {processor.py:914} INFO - Processing file /home/rafaelrb/anaconda3/lib/python3.9/site-packages/airflow/example_dags/example_latest_only_with_trigger.py for tasks to queue
[2025-02-23T02:43:25.284-0500] {logging_mixin.py:190} INFO - [2025-02-23T02:43:25.284-0500] {dagbag.py:588} INFO - Filling up the DagBag from /home/rafaelrb/anaconda3/lib/python3.9/site-packages/airflow/example_dags/example_latest_only_with_trigger.py
[2025-02-23T02:43:25.294-0500] {processor.py:925} INFO - DAG(s) 'latest_only_with_trigger' retrieved from /home/rafaelrb/anaconda3/lib/python3.9/site-packages/airflow/example_dags/example_latest_only_with_trigger.py
[2025-02-23T02:43:25.315-0500] {logging_mixin.py:190} INFO - [2025-02-23T02:43:25.315-0500] {dag.py:3239} INFO - Sync 1 DAGs
[2025-02-23T02:43:25.342-0500] {logging_mixin.py:190} INFO - [2025-02-23T02:43:25.341-0500] {dag.py:4180} INFO - Setting next_dagrun for latest_only_with_trigger to 2025-02-23 00:00:00+00:00, run_after=2025-02-23 04:00:00+00:00
[2025-02-23T02:43:25.375-0500] {processor.py:208} INFO - Processing /home/rafaelrb/anaconda3/lib/python3.9/site-packages/airflow/example_dags/example_latest_only_with_trigger.py took 0.106 seconds
[2025-02-23T02:44:25.394-0500] {processor.py:186} INFO - Started process (PID=79287) to work on /home/rafaelrb/anaconda3/lib/python3.9/site-packages/airflow/example_dags/example_latest_only_with_trigger.py
[2025-02-23T02:44:25.400-0500] {processor.py:914} INFO - Processing file /home/rafaelrb/anaconda3/lib/python3.9/site-packages/airflow/example_dags/example_latest_only_with_trigger.py for tasks to queue
[2025-02-23T02:44:25.407-0500] {logging_mixin.py:190} INFO - [2025-02-23T02:44:25.406-0500] {dagbag.py:588} INFO - Filling up the DagBag from /home/rafaelrb/anaconda3/lib/python3.9/site-packages/airflow/example_dags/example_latest_only_with_trigger.py
[2025-02-23T02:44:25.418-0500] {processor.py:925} INFO - DAG(s) 'latest_only_with_trigger' retrieved from /home/rafaelrb/anaconda3/lib/python3.9/site-packages/airflow/example_dags/example_latest_only_with_trigger.py
[2025-02-23T02:44:25.447-0500] {logging_mixin.py:190} INFO - [2025-02-23T02:44:25.446-0500] {dag.py:3239} INFO - Sync 1 DAGs
[2025-02-23T02:44:25.513-0500] {logging_mixin.py:190} INFO - [2025-02-23T02:44:25.513-0500] {dag.py:4180} INFO - Setting next_dagrun for latest_only_with_trigger to 2025-02-23 00:00:00+00:00, run_after=2025-02-23 04:00:00+00:00
[2025-02-23T02:44:25.557-0500] {processor.py:208} INFO - Processing /home/rafaelrb/anaconda3/lib/python3.9/site-packages/airflow/example_dags/example_latest_only_with_trigger.py took 0.175 seconds
