[2025-02-22T23:43:48.932-0500] {processor.py:186} INFO - Started process (PID=26755) to work on /home/rafaelrb/anaconda3/lib/python3.9/site-packages/airflow/example_dags/example_setup_teardown.py
[2025-02-22T23:43:48.933-0500] {processor.py:914} INFO - Processing file /home/rafaelrb/anaconda3/lib/python3.9/site-packages/airflow/example_dags/example_setup_teardown.py for tasks to queue
[2025-02-22T23:43:48.936-0500] {logging_mixin.py:190} INFO - [2025-02-22T23:43:48.936-0500] {dagbag.py:588} INFO - Filling up the DagBag from /home/rafaelrb/anaconda3/lib/python3.9/site-packages/airflow/example_dags/example_setup_teardown.py
[2025-02-22T23:43:48.949-0500] {processor.py:925} INFO - DAG(s) 'example_setup_teardown' retrieved from /home/rafaelrb/anaconda3/lib/python3.9/site-packages/airflow/example_dags/example_setup_teardown.py
[2025-02-22T23:43:49.121-0500] {logging_mixin.py:190} INFO - [2025-02-22T23:43:49.120-0500] {override.py:1930} INFO - Created Permission View: can read on DAG:example_setup_teardown
[2025-02-22T23:43:49.147-0500] {logging_mixin.py:190} INFO - [2025-02-22T23:43:49.146-0500] {override.py:1930} INFO - Created Permission View: can delete on DAG:example_setup_teardown
[2025-02-22T23:43:49.172-0500] {logging_mixin.py:190} INFO - [2025-02-22T23:43:49.171-0500] {override.py:1930} INFO - Created Permission View: can edit on DAG:example_setup_teardown
[2025-02-22T23:43:49.232-0500] {logging_mixin.py:190} INFO - [2025-02-22T23:43:49.232-0500] {override.py:1930} INFO - Created Permission View: can read on DAG Run:example_setup_teardown
[2025-02-22T23:43:49.245-0500] {logging_mixin.py:190} INFO - [2025-02-22T23:43:49.244-0500] {override.py:1930} INFO - Created Permission View: can create on DAG Run:example_setup_teardown
[2025-02-22T23:43:49.264-0500] {logging_mixin.py:190} INFO - [2025-02-22T23:43:49.262-0500] {override.py:1930} INFO - Created Permission View: menu access on DAG Run:example_setup_teardown
[2025-02-22T23:43:49.298-0500] {logging_mixin.py:190} INFO - [2025-02-22T23:43:49.297-0500] {override.py:1930} INFO - Created Permission View: can delete on DAG Run:example_setup_teardown
[2025-02-22T23:43:49.299-0500] {logging_mixin.py:190} INFO - [2025-02-22T23:43:49.299-0500] {dag.py:3239} INFO - Sync 1 DAGs
[2025-02-22T23:43:49.316-0500] {logging_mixin.py:190} INFO - [2025-02-22T23:43:49.316-0500] {dag.py:3262} INFO - Creating ORM DAG for example_setup_teardown
[2025-02-22T23:43:49.317-0500] {logging_mixin.py:190} INFO - [2025-02-22T23:43:49.317-0500] {dag.py:4180} INFO - Setting next_dagrun for example_setup_teardown to None, run_after=None
[2025-02-22T23:43:49.361-0500] {processor.py:208} INFO - Processing /home/rafaelrb/anaconda3/lib/python3.9/site-packages/airflow/example_dags/example_setup_teardown.py took 0.438 seconds
[2025-02-22T23:45:06.043-0500] {processor.py:186} INFO - Started process (PID=27283) to work on /home/rafaelrb/anaconda3/lib/python3.9/site-packages/airflow/example_dags/example_setup_teardown.py
[2025-02-22T23:45:06.053-0500] {processor.py:914} INFO - Processing file /home/rafaelrb/anaconda3/lib/python3.9/site-packages/airflow/example_dags/example_setup_teardown.py for tasks to queue
[2025-02-22T23:45:06.075-0500] {logging_mixin.py:190} INFO - [2025-02-22T23:45:06.060-0500] {dagbag.py:588} INFO - Filling up the DagBag from /home/rafaelrb/anaconda3/lib/python3.9/site-packages/airflow/example_dags/example_setup_teardown.py
[2025-02-22T23:45:13.498-0500] {processor.py:925} INFO - DAG(s) 'example_setup_teardown' retrieved from /home/rafaelrb/anaconda3/lib/python3.9/site-packages/airflow/example_dags/example_setup_teardown.py
[2025-02-22T23:48:23.501-0500] {logging_mixin.py:190} INFO - [2025-02-22T23:48:23.376-0500] {dag.py:3239} INFO - Sync 1 DAGs
[2025-02-22T23:48:23.798-0500] {logging_mixin.py:190} INFO - [2025-02-22T23:48:23.797-0500] {dag.py:4180} INFO - Setting next_dagrun for example_setup_teardown to None, run_after=None
[2025-02-22T23:48:24.021-0500] {processor.py:208} INFO - Processing /home/rafaelrb/anaconda3/lib/python3.9/site-packages/airflow/example_dags/example_setup_teardown.py took 198.033 seconds
[2025-02-22T23:49:35.892-0500] {processor.py:186} INFO - Started process (PID=27897) to work on /home/rafaelrb/anaconda3/lib/python3.9/site-packages/airflow/example_dags/example_setup_teardown.py
[2025-02-22T23:49:35.894-0500] {processor.py:914} INFO - Processing file /home/rafaelrb/anaconda3/lib/python3.9/site-packages/airflow/example_dags/example_setup_teardown.py for tasks to queue
[2025-02-22T23:49:35.897-0500] {logging_mixin.py:190} INFO - [2025-02-22T23:49:35.897-0500] {dagbag.py:588} INFO - Filling up the DagBag from /home/rafaelrb/anaconda3/lib/python3.9/site-packages/airflow/example_dags/example_setup_teardown.py
[2025-02-22T23:49:35.909-0500] {processor.py:925} INFO - DAG(s) 'example_setup_teardown' retrieved from /home/rafaelrb/anaconda3/lib/python3.9/site-packages/airflow/example_dags/example_setup_teardown.py
[2025-02-22T23:49:35.930-0500] {logging_mixin.py:190} INFO - [2025-02-22T23:49:35.930-0500] {dag.py:3239} INFO - Sync 1 DAGs
[2025-02-22T23:49:35.946-0500] {logging_mixin.py:190} INFO - [2025-02-22T23:49:35.945-0500] {dag.py:4180} INFO - Setting next_dagrun for example_setup_teardown to None, run_after=None
[2025-02-22T23:49:35.980-0500] {processor.py:208} INFO - Processing /home/rafaelrb/anaconda3/lib/python3.9/site-packages/airflow/example_dags/example_setup_teardown.py took 0.098 seconds
[2025-02-22T23:50:34.666-0500] {processor.py:186} INFO - Started process (PID=28300) to work on /home/rafaelrb/anaconda3/lib/python3.9/site-packages/airflow/example_dags/example_setup_teardown.py
[2025-02-22T23:50:34.668-0500] {processor.py:914} INFO - Processing file /home/rafaelrb/anaconda3/lib/python3.9/site-packages/airflow/example_dags/example_setup_teardown.py for tasks to queue
[2025-02-22T23:50:34.672-0500] {logging_mixin.py:190} INFO - [2025-02-22T23:50:34.671-0500] {dagbag.py:588} INFO - Filling up the DagBag from /home/rafaelrb/anaconda3/lib/python3.9/site-packages/airflow/example_dags/example_setup_teardown.py
[2025-02-22T23:50:34.689-0500] {processor.py:925} INFO - DAG(s) 'example_setup_teardown' retrieved from /home/rafaelrb/anaconda3/lib/python3.9/site-packages/airflow/example_dags/example_setup_teardown.py
[2025-02-22T23:50:34.714-0500] {logging_mixin.py:190} INFO - [2025-02-22T23:50:34.713-0500] {dag.py:3239} INFO - Sync 1 DAGs
[2025-02-22T23:50:34.738-0500] {logging_mixin.py:190} INFO - [2025-02-22T23:50:34.737-0500] {dag.py:4180} INFO - Setting next_dagrun for example_setup_teardown to None, run_after=None
[2025-02-22T23:50:34.779-0500] {processor.py:208} INFO - Processing /home/rafaelrb/anaconda3/lib/python3.9/site-packages/airflow/example_dags/example_setup_teardown.py took 0.124 seconds
[2025-02-22T23:51:31.817-0500] {processor.py:186} INFO - Started process (PID=28711) to work on /home/rafaelrb/anaconda3/lib/python3.9/site-packages/airflow/example_dags/example_setup_teardown.py
[2025-02-22T23:51:31.819-0500] {processor.py:914} INFO - Processing file /home/rafaelrb/anaconda3/lib/python3.9/site-packages/airflow/example_dags/example_setup_teardown.py for tasks to queue
[2025-02-22T23:51:31.822-0500] {logging_mixin.py:190} INFO - [2025-02-22T23:51:31.821-0500] {dagbag.py:588} INFO - Filling up the DagBag from /home/rafaelrb/anaconda3/lib/python3.9/site-packages/airflow/example_dags/example_setup_teardown.py
[2025-02-22T23:51:31.833-0500] {processor.py:925} INFO - DAG(s) 'example_setup_teardown' retrieved from /home/rafaelrb/anaconda3/lib/python3.9/site-packages/airflow/example_dags/example_setup_teardown.py
[2025-02-22T23:51:31.852-0500] {logging_mixin.py:190} INFO - [2025-02-22T23:51:31.852-0500] {dag.py:3239} INFO - Sync 1 DAGs
[2025-02-22T23:51:31.867-0500] {logging_mixin.py:190} INFO - [2025-02-22T23:51:31.867-0500] {dag.py:4180} INFO - Setting next_dagrun for example_setup_teardown to None, run_after=None
[2025-02-22T23:51:31.899-0500] {processor.py:208} INFO - Processing /home/rafaelrb/anaconda3/lib/python3.9/site-packages/airflow/example_dags/example_setup_teardown.py took 0.091 seconds
[2025-02-22T23:52:32.368-0500] {processor.py:186} INFO - Started process (PID=29172) to work on /home/rafaelrb/anaconda3/lib/python3.9/site-packages/airflow/example_dags/example_setup_teardown.py
[2025-02-22T23:52:32.370-0500] {processor.py:914} INFO - Processing file /home/rafaelrb/anaconda3/lib/python3.9/site-packages/airflow/example_dags/example_setup_teardown.py for tasks to queue
[2025-02-22T23:52:32.374-0500] {logging_mixin.py:190} INFO - [2025-02-22T23:52:32.373-0500] {dagbag.py:588} INFO - Filling up the DagBag from /home/rafaelrb/anaconda3/lib/python3.9/site-packages/airflow/example_dags/example_setup_teardown.py
[2025-02-22T23:52:32.388-0500] {processor.py:925} INFO - DAG(s) 'example_setup_teardown' retrieved from /home/rafaelrb/anaconda3/lib/python3.9/site-packages/airflow/example_dags/example_setup_teardown.py
[2025-02-22T23:52:32.415-0500] {logging_mixin.py:190} INFO - [2025-02-22T23:52:32.415-0500] {dag.py:3239} INFO - Sync 1 DAGs
[2025-02-22T23:52:32.438-0500] {logging_mixin.py:190} INFO - [2025-02-22T23:52:32.437-0500] {dag.py:4180} INFO - Setting next_dagrun for example_setup_teardown to None, run_after=None
[2025-02-22T23:52:32.473-0500] {processor.py:208} INFO - Processing /home/rafaelrb/anaconda3/lib/python3.9/site-packages/airflow/example_dags/example_setup_teardown.py took 0.117 seconds
[2025-02-22T23:54:05.284-0500] {processor.py:186} INFO - Started process (PID=29821) to work on /home/rafaelrb/anaconda3/lib/python3.9/site-packages/airflow/example_dags/example_setup_teardown.py
[2025-02-22T23:54:05.286-0500] {processor.py:914} INFO - Processing file /home/rafaelrb/anaconda3/lib/python3.9/site-packages/airflow/example_dags/example_setup_teardown.py for tasks to queue
[2025-02-22T23:54:05.290-0500] {logging_mixin.py:190} INFO - [2025-02-22T23:54:05.289-0500] {dagbag.py:588} INFO - Filling up the DagBag from /home/rafaelrb/anaconda3/lib/python3.9/site-packages/airflow/example_dags/example_setup_teardown.py
[2025-02-22T23:54:05.306-0500] {processor.py:925} INFO - DAG(s) 'example_setup_teardown' retrieved from /home/rafaelrb/anaconda3/lib/python3.9/site-packages/airflow/example_dags/example_setup_teardown.py
[2025-02-22T23:54:05.345-0500] {logging_mixin.py:190} INFO - [2025-02-22T23:54:05.344-0500] {dag.py:3239} INFO - Sync 1 DAGs
[2025-02-22T23:54:05.370-0500] {logging_mixin.py:190} INFO - [2025-02-22T23:54:05.369-0500] {dag.py:4180} INFO - Setting next_dagrun for example_setup_teardown to None, run_after=None
[2025-02-22T23:54:05.404-0500] {processor.py:208} INFO - Processing /home/rafaelrb/anaconda3/lib/python3.9/site-packages/airflow/example_dags/example_setup_teardown.py took 0.129 seconds
[2025-02-22T23:55:07.452-0500] {processor.py:186} INFO - Started process (PID=30230) to work on /home/rafaelrb/anaconda3/lib/python3.9/site-packages/airflow/example_dags/example_setup_teardown.py
[2025-02-22T23:55:07.454-0500] {processor.py:914} INFO - Processing file /home/rafaelrb/anaconda3/lib/python3.9/site-packages/airflow/example_dags/example_setup_teardown.py for tasks to queue
[2025-02-22T23:55:07.457-0500] {logging_mixin.py:190} INFO - [2025-02-22T23:55:07.456-0500] {dagbag.py:588} INFO - Filling up the DagBag from /home/rafaelrb/anaconda3/lib/python3.9/site-packages/airflow/example_dags/example_setup_teardown.py
[2025-02-22T23:55:07.469-0500] {processor.py:925} INFO - DAG(s) 'example_setup_teardown' retrieved from /home/rafaelrb/anaconda3/lib/python3.9/site-packages/airflow/example_dags/example_setup_teardown.py
[2025-02-22T23:55:07.491-0500] {logging_mixin.py:190} INFO - [2025-02-22T23:55:07.491-0500] {dag.py:3239} INFO - Sync 1 DAGs
[2025-02-22T23:55:07.511-0500] {logging_mixin.py:190} INFO - [2025-02-22T23:55:07.511-0500] {dag.py:4180} INFO - Setting next_dagrun for example_setup_teardown to None, run_after=None
[2025-02-22T23:55:07.547-0500] {processor.py:208} INFO - Processing /home/rafaelrb/anaconda3/lib/python3.9/site-packages/airflow/example_dags/example_setup_teardown.py took 0.105 seconds
[2025-02-22T23:58:20.655-0500] {processor.py:186} INFO - Started process (PID=30744) to work on /home/rafaelrb/anaconda3/lib/python3.9/site-packages/airflow/example_dags/example_setup_teardown.py
[2025-02-22T23:58:20.658-0500] {processor.py:914} INFO - Processing file /home/rafaelrb/anaconda3/lib/python3.9/site-packages/airflow/example_dags/example_setup_teardown.py for tasks to queue
[2025-02-22T23:58:20.662-0500] {logging_mixin.py:190} INFO - [2025-02-22T23:58:20.662-0500] {dagbag.py:588} INFO - Filling up the DagBag from /home/rafaelrb/anaconda3/lib/python3.9/site-packages/airflow/example_dags/example_setup_teardown.py
[2025-02-22T23:58:20.674-0500] {processor.py:925} INFO - DAG(s) 'example_setup_teardown' retrieved from /home/rafaelrb/anaconda3/lib/python3.9/site-packages/airflow/example_dags/example_setup_teardown.py
[2025-02-22T23:58:20.697-0500] {logging_mixin.py:190} INFO - [2025-02-22T23:58:20.697-0500] {dag.py:3239} INFO - Sync 1 DAGs
[2025-02-22T23:58:20.713-0500] {logging_mixin.py:190} INFO - [2025-02-22T23:58:20.713-0500] {dag.py:4180} INFO - Setting next_dagrun for example_setup_teardown to None, run_after=None
[2025-02-22T23:58:20.742-0500] {processor.py:208} INFO - Processing /home/rafaelrb/anaconda3/lib/python3.9/site-packages/airflow/example_dags/example_setup_teardown.py took 0.097 seconds
[2025-02-22T23:59:25.293-0500] {processor.py:186} INFO - Started process (PID=31178) to work on /home/rafaelrb/anaconda3/lib/python3.9/site-packages/airflow/example_dags/example_setup_teardown.py
[2025-02-22T23:59:25.301-0500] {processor.py:914} INFO - Processing file /home/rafaelrb/anaconda3/lib/python3.9/site-packages/airflow/example_dags/example_setup_teardown.py for tasks to queue
[2025-02-22T23:59:25.318-0500] {logging_mixin.py:190} INFO - [2025-02-22T23:59:25.317-0500] {dagbag.py:588} INFO - Filling up the DagBag from /home/rafaelrb/anaconda3/lib/python3.9/site-packages/airflow/example_dags/example_setup_teardown.py
[2025-02-22T23:59:25.353-0500] {processor.py:925} INFO - DAG(s) 'example_setup_teardown' retrieved from /home/rafaelrb/anaconda3/lib/python3.9/site-packages/airflow/example_dags/example_setup_teardown.py
[2025-02-22T23:59:25.413-0500] {logging_mixin.py:190} INFO - [2025-02-22T23:59:25.413-0500] {dag.py:3239} INFO - Sync 1 DAGs
[2025-02-22T23:59:25.454-0500] {logging_mixin.py:190} INFO - [2025-02-22T23:59:25.453-0500] {dag.py:4180} INFO - Setting next_dagrun for example_setup_teardown to None, run_after=None
[2025-02-22T23:59:25.517-0500] {processor.py:208} INFO - Processing /home/rafaelrb/anaconda3/lib/python3.9/site-packages/airflow/example_dags/example_setup_teardown.py took 0.251 seconds
[2025-02-23T00:00:48.767-0500] {processor.py:186} INFO - Started process (PID=31733) to work on /home/rafaelrb/anaconda3/lib/python3.9/site-packages/airflow/example_dags/example_setup_teardown.py
[2025-02-23T00:00:48.770-0500] {processor.py:914} INFO - Processing file /home/rafaelrb/anaconda3/lib/python3.9/site-packages/airflow/example_dags/example_setup_teardown.py for tasks to queue
[2025-02-23T00:00:48.774-0500] {logging_mixin.py:190} INFO - [2025-02-23T00:00:48.773-0500] {dagbag.py:588} INFO - Filling up the DagBag from /home/rafaelrb/anaconda3/lib/python3.9/site-packages/airflow/example_dags/example_setup_teardown.py
[2025-02-23T00:00:48.799-0500] {processor.py:925} INFO - DAG(s) 'example_setup_teardown' retrieved from /home/rafaelrb/anaconda3/lib/python3.9/site-packages/airflow/example_dags/example_setup_teardown.py
[2025-02-23T00:00:48.839-0500] {logging_mixin.py:190} INFO - [2025-02-23T00:00:48.837-0500] {dag.py:3239} INFO - Sync 1 DAGs
[2025-02-23T00:00:48.872-0500] {logging_mixin.py:190} INFO - [2025-02-23T00:00:48.871-0500] {dag.py:4180} INFO - Setting next_dagrun for example_setup_teardown to None, run_after=None
[2025-02-23T00:00:48.922-0500] {processor.py:208} INFO - Processing /home/rafaelrb/anaconda3/lib/python3.9/site-packages/airflow/example_dags/example_setup_teardown.py took 0.169 seconds
[2025-02-23T00:01:49.476-0500] {processor.py:186} INFO - Started process (PID=32160) to work on /home/rafaelrb/anaconda3/lib/python3.9/site-packages/airflow/example_dags/example_setup_teardown.py
[2025-02-23T00:01:49.477-0500] {processor.py:914} INFO - Processing file /home/rafaelrb/anaconda3/lib/python3.9/site-packages/airflow/example_dags/example_setup_teardown.py for tasks to queue
[2025-02-23T00:01:49.480-0500] {logging_mixin.py:190} INFO - [2025-02-23T00:01:49.480-0500] {dagbag.py:588} INFO - Filling up the DagBag from /home/rafaelrb/anaconda3/lib/python3.9/site-packages/airflow/example_dags/example_setup_teardown.py
[2025-02-23T00:01:49.493-0500] {processor.py:925} INFO - DAG(s) 'example_setup_teardown' retrieved from /home/rafaelrb/anaconda3/lib/python3.9/site-packages/airflow/example_dags/example_setup_teardown.py
[2025-02-23T00:01:49.514-0500] {logging_mixin.py:190} INFO - [2025-02-23T00:01:49.514-0500] {dag.py:3239} INFO - Sync 1 DAGs
[2025-02-23T00:01:49.547-0500] {logging_mixin.py:190} INFO - [2025-02-23T00:01:49.547-0500] {dag.py:4180} INFO - Setting next_dagrun for example_setup_teardown to None, run_after=None
[2025-02-23T00:01:49.591-0500] {processor.py:208} INFO - Processing /home/rafaelrb/anaconda3/lib/python3.9/site-packages/airflow/example_dags/example_setup_teardown.py took 0.123 seconds
[2025-02-23T00:11:29.157-0500] {processor.py:186} INFO - Started process (PID=34447) to work on /home/rafaelrb/anaconda3/lib/python3.9/site-packages/airflow/example_dags/example_setup_teardown.py
[2025-02-23T00:11:29.159-0500] {processor.py:914} INFO - Processing file /home/rafaelrb/anaconda3/lib/python3.9/site-packages/airflow/example_dags/example_setup_teardown.py for tasks to queue
[2025-02-23T00:11:29.162-0500] {logging_mixin.py:190} INFO - [2025-02-23T00:11:29.161-0500] {dagbag.py:588} INFO - Filling up the DagBag from /home/rafaelrb/anaconda3/lib/python3.9/site-packages/airflow/example_dags/example_setup_teardown.py
[2025-02-23T00:11:29.175-0500] {processor.py:925} INFO - DAG(s) 'example_setup_teardown' retrieved from /home/rafaelrb/anaconda3/lib/python3.9/site-packages/airflow/example_dags/example_setup_teardown.py
[2025-02-23T00:11:29.203-0500] {logging_mixin.py:190} INFO - [2025-02-23T00:11:29.203-0500] {dag.py:3239} INFO - Sync 1 DAGs
[2025-02-23T00:11:29.221-0500] {logging_mixin.py:190} INFO - [2025-02-23T00:11:29.221-0500] {dag.py:4180} INFO - Setting next_dagrun for example_setup_teardown to None, run_after=None
[2025-02-23T00:11:29.258-0500] {processor.py:208} INFO - Processing /home/rafaelrb/anaconda3/lib/python3.9/site-packages/airflow/example_dags/example_setup_teardown.py took 0.110 seconds
[2025-02-23T00:12:43.489-0500] {processor.py:186} INFO - Started process (PID=34561) to work on /home/rafaelrb/anaconda3/lib/python3.9/site-packages/airflow/example_dags/example_setup_teardown.py
[2025-02-23T00:12:43.491-0500] {processor.py:914} INFO - Processing file /home/rafaelrb/anaconda3/lib/python3.9/site-packages/airflow/example_dags/example_setup_teardown.py for tasks to queue
[2025-02-23T00:12:43.495-0500] {logging_mixin.py:190} INFO - [2025-02-23T00:12:43.494-0500] {dagbag.py:588} INFO - Filling up the DagBag from /home/rafaelrb/anaconda3/lib/python3.9/site-packages/airflow/example_dags/example_setup_teardown.py
[2025-02-23T00:12:43.508-0500] {processor.py:925} INFO - DAG(s) 'example_setup_teardown' retrieved from /home/rafaelrb/anaconda3/lib/python3.9/site-packages/airflow/example_dags/example_setup_teardown.py
[2025-02-23T00:12:43.530-0500] {logging_mixin.py:190} INFO - [2025-02-23T00:12:43.530-0500] {dag.py:3239} INFO - Sync 1 DAGs
[2025-02-23T00:12:43.549-0500] {logging_mixin.py:190} INFO - [2025-02-23T00:12:43.548-0500] {dag.py:4180} INFO - Setting next_dagrun for example_setup_teardown to None, run_after=None
[2025-02-23T00:12:43.585-0500] {processor.py:208} INFO - Processing /home/rafaelrb/anaconda3/lib/python3.9/site-packages/airflow/example_dags/example_setup_teardown.py took 0.106 seconds
[2025-02-23T00:13:42.146-0500] {processor.py:186} INFO - Started process (PID=34630) to work on /home/rafaelrb/anaconda3/lib/python3.9/site-packages/airflow/example_dags/example_setup_teardown.py
[2025-02-23T00:13:42.153-0500] {processor.py:914} INFO - Processing file /home/rafaelrb/anaconda3/lib/python3.9/site-packages/airflow/example_dags/example_setup_teardown.py for tasks to queue
[2025-02-23T00:13:42.157-0500] {logging_mixin.py:190} INFO - [2025-02-23T00:13:42.157-0500] {dagbag.py:588} INFO - Filling up the DagBag from /home/rafaelrb/anaconda3/lib/python3.9/site-packages/airflow/example_dags/example_setup_teardown.py
[2025-02-23T00:13:42.169-0500] {processor.py:925} INFO - DAG(s) 'example_setup_teardown' retrieved from /home/rafaelrb/anaconda3/lib/python3.9/site-packages/airflow/example_dags/example_setup_teardown.py
[2025-02-23T00:13:42.188-0500] {logging_mixin.py:190} INFO - [2025-02-23T00:13:42.188-0500] {dag.py:3239} INFO - Sync 1 DAGs
[2025-02-23T00:13:42.204-0500] {logging_mixin.py:190} INFO - [2025-02-23T00:13:42.203-0500] {dag.py:4180} INFO - Setting next_dagrun for example_setup_teardown to None, run_after=None
[2025-02-23T00:13:42.236-0500] {processor.py:208} INFO - Processing /home/rafaelrb/anaconda3/lib/python3.9/site-packages/airflow/example_dags/example_setup_teardown.py took 0.099 seconds
[2025-02-23T00:14:40.113-0500] {processor.py:186} INFO - Started process (PID=34705) to work on /home/rafaelrb/anaconda3/lib/python3.9/site-packages/airflow/example_dags/example_setup_teardown.py
[2025-02-23T00:14:40.115-0500] {processor.py:914} INFO - Processing file /home/rafaelrb/anaconda3/lib/python3.9/site-packages/airflow/example_dags/example_setup_teardown.py for tasks to queue
[2025-02-23T00:14:40.118-0500] {logging_mixin.py:190} INFO - [2025-02-23T00:14:40.118-0500] {dagbag.py:588} INFO - Filling up the DagBag from /home/rafaelrb/anaconda3/lib/python3.9/site-packages/airflow/example_dags/example_setup_teardown.py
[2025-02-23T00:14:40.136-0500] {processor.py:925} INFO - DAG(s) 'example_setup_teardown' retrieved from /home/rafaelrb/anaconda3/lib/python3.9/site-packages/airflow/example_dags/example_setup_teardown.py
[2025-02-23T00:14:40.164-0500] {logging_mixin.py:190} INFO - [2025-02-23T00:14:40.163-0500] {dag.py:3239} INFO - Sync 1 DAGs
[2025-02-23T00:14:40.183-0500] {logging_mixin.py:190} INFO - [2025-02-23T00:14:40.183-0500] {dag.py:4180} INFO - Setting next_dagrun for example_setup_teardown to None, run_after=None
[2025-02-23T00:14:40.215-0500] {processor.py:208} INFO - Processing /home/rafaelrb/anaconda3/lib/python3.9/site-packages/airflow/example_dags/example_setup_teardown.py took 0.115 seconds
[2025-02-23T00:15:50.033-0500] {processor.py:186} INFO - Started process (PID=34830) to work on /home/rafaelrb/anaconda3/lib/python3.9/site-packages/airflow/example_dags/example_setup_teardown.py
[2025-02-23T00:15:50.039-0500] {processor.py:914} INFO - Processing file /home/rafaelrb/anaconda3/lib/python3.9/site-packages/airflow/example_dags/example_setup_teardown.py for tasks to queue
[2025-02-23T00:15:50.043-0500] {logging_mixin.py:190} INFO - [2025-02-23T00:15:50.042-0500] {dagbag.py:588} INFO - Filling up the DagBag from /home/rafaelrb/anaconda3/lib/python3.9/site-packages/airflow/example_dags/example_setup_teardown.py
[2025-02-23T00:15:50.053-0500] {processor.py:925} INFO - DAG(s) 'example_setup_teardown' retrieved from /home/rafaelrb/anaconda3/lib/python3.9/site-packages/airflow/example_dags/example_setup_teardown.py
[2025-02-23T00:15:50.082-0500] {logging_mixin.py:190} INFO - [2025-02-23T00:15:50.082-0500] {dag.py:3239} INFO - Sync 1 DAGs
[2025-02-23T00:15:50.099-0500] {logging_mixin.py:190} INFO - [2025-02-23T00:15:50.099-0500] {dag.py:4180} INFO - Setting next_dagrun for example_setup_teardown to None, run_after=None
[2025-02-23T00:15:50.133-0500] {processor.py:208} INFO - Processing /home/rafaelrb/anaconda3/lib/python3.9/site-packages/airflow/example_dags/example_setup_teardown.py took 0.112 seconds
[2025-02-23T00:16:55.331-0500] {processor.py:186} INFO - Started process (PID=34902) to work on /home/rafaelrb/anaconda3/lib/python3.9/site-packages/airflow/example_dags/example_setup_teardown.py
[2025-02-23T00:16:55.333-0500] {processor.py:914} INFO - Processing file /home/rafaelrb/anaconda3/lib/python3.9/site-packages/airflow/example_dags/example_setup_teardown.py for tasks to queue
[2025-02-23T00:16:55.336-0500] {logging_mixin.py:190} INFO - [2025-02-23T00:16:55.336-0500] {dagbag.py:588} INFO - Filling up the DagBag from /home/rafaelrb/anaconda3/lib/python3.9/site-packages/airflow/example_dags/example_setup_teardown.py
[2025-02-23T00:16:55.356-0500] {processor.py:925} INFO - DAG(s) 'example_setup_teardown' retrieved from /home/rafaelrb/anaconda3/lib/python3.9/site-packages/airflow/example_dags/example_setup_teardown.py
[2025-02-23T00:16:55.381-0500] {logging_mixin.py:190} INFO - [2025-02-23T00:16:55.380-0500] {dag.py:3239} INFO - Sync 1 DAGs
[2025-02-23T00:16:55.400-0500] {logging_mixin.py:190} INFO - [2025-02-23T00:16:55.400-0500] {dag.py:4180} INFO - Setting next_dagrun for example_setup_teardown to None, run_after=None
[2025-02-23T00:16:55.437-0500] {processor.py:208} INFO - Processing /home/rafaelrb/anaconda3/lib/python3.9/site-packages/airflow/example_dags/example_setup_teardown.py took 0.117 seconds
[2025-02-23T00:17:55.423-0500] {processor.py:186} INFO - Started process (PID=34980) to work on /home/rafaelrb/anaconda3/lib/python3.9/site-packages/airflow/example_dags/example_setup_teardown.py
[2025-02-23T00:17:55.425-0500] {processor.py:914} INFO - Processing file /home/rafaelrb/anaconda3/lib/python3.9/site-packages/airflow/example_dags/example_setup_teardown.py for tasks to queue
[2025-02-23T00:17:55.428-0500] {logging_mixin.py:190} INFO - [2025-02-23T00:17:55.428-0500] {dagbag.py:588} INFO - Filling up the DagBag from /home/rafaelrb/anaconda3/lib/python3.9/site-packages/airflow/example_dags/example_setup_teardown.py
[2025-02-23T00:17:55.441-0500] {processor.py:925} INFO - DAG(s) 'example_setup_teardown' retrieved from /home/rafaelrb/anaconda3/lib/python3.9/site-packages/airflow/example_dags/example_setup_teardown.py
[2025-02-23T00:17:55.464-0500] {logging_mixin.py:190} INFO - [2025-02-23T00:17:55.464-0500] {dag.py:3239} INFO - Sync 1 DAGs
[2025-02-23T00:17:55.482-0500] {logging_mixin.py:190} INFO - [2025-02-23T00:17:55.482-0500] {dag.py:4180} INFO - Setting next_dagrun for example_setup_teardown to None, run_after=None
[2025-02-23T00:17:55.522-0500] {processor.py:208} INFO - Processing /home/rafaelrb/anaconda3/lib/python3.9/site-packages/airflow/example_dags/example_setup_teardown.py took 0.112 seconds
[2025-02-23T00:22:09.598-0500] {processor.py:186} INFO - Started process (PID=35194) to work on /home/rafaelrb/anaconda3/lib/python3.9/site-packages/airflow/example_dags/example_setup_teardown.py
[2025-02-23T00:22:09.605-0500] {processor.py:914} INFO - Processing file /home/rafaelrb/anaconda3/lib/python3.9/site-packages/airflow/example_dags/example_setup_teardown.py for tasks to queue
[2025-02-23T00:22:09.608-0500] {logging_mixin.py:190} INFO - [2025-02-23T00:22:09.608-0500] {dagbag.py:588} INFO - Filling up the DagBag from /home/rafaelrb/anaconda3/lib/python3.9/site-packages/airflow/example_dags/example_setup_teardown.py
[2025-02-23T00:22:09.620-0500] {processor.py:925} INFO - DAG(s) 'example_setup_teardown' retrieved from /home/rafaelrb/anaconda3/lib/python3.9/site-packages/airflow/example_dags/example_setup_teardown.py
[2025-02-23T00:22:09.649-0500] {logging_mixin.py:190} INFO - [2025-02-23T00:22:09.648-0500] {dag.py:3239} INFO - Sync 1 DAGs
[2025-02-23T00:22:09.665-0500] {logging_mixin.py:190} INFO - [2025-02-23T00:22:09.665-0500] {dag.py:4180} INFO - Setting next_dagrun for example_setup_teardown to None, run_after=None
[2025-02-23T00:22:09.696-0500] {processor.py:208} INFO - Processing /home/rafaelrb/anaconda3/lib/python3.9/site-packages/airflow/example_dags/example_setup_teardown.py took 0.107 seconds
[2025-02-23T00:23:14.014-0500] {processor.py:186} INFO - Started process (PID=35261) to work on /home/rafaelrb/anaconda3/lib/python3.9/site-packages/airflow/example_dags/example_setup_teardown.py
[2025-02-23T00:23:14.016-0500] {processor.py:914} INFO - Processing file /home/rafaelrb/anaconda3/lib/python3.9/site-packages/airflow/example_dags/example_setup_teardown.py for tasks to queue
[2025-02-23T00:23:14.020-0500] {logging_mixin.py:190} INFO - [2025-02-23T00:23:14.019-0500] {dagbag.py:588} INFO - Filling up the DagBag from /home/rafaelrb/anaconda3/lib/python3.9/site-packages/airflow/example_dags/example_setup_teardown.py
[2025-02-23T00:23:14.030-0500] {processor.py:925} INFO - DAG(s) 'example_setup_teardown' retrieved from /home/rafaelrb/anaconda3/lib/python3.9/site-packages/airflow/example_dags/example_setup_teardown.py
[2025-02-23T00:23:14.051-0500] {logging_mixin.py:190} INFO - [2025-02-23T00:23:14.050-0500] {dag.py:3239} INFO - Sync 1 DAGs
[2025-02-23T00:23:14.067-0500] {logging_mixin.py:190} INFO - [2025-02-23T00:23:14.067-0500] {dag.py:4180} INFO - Setting next_dagrun for example_setup_teardown to None, run_after=None
[2025-02-23T00:23:14.100-0500] {processor.py:208} INFO - Processing /home/rafaelrb/anaconda3/lib/python3.9/site-packages/airflow/example_dags/example_setup_teardown.py took 0.094 seconds
[2025-02-23T00:24:17.035-0500] {processor.py:186} INFO - Started process (PID=35336) to work on /home/rafaelrb/anaconda3/lib/python3.9/site-packages/airflow/example_dags/example_setup_teardown.py
[2025-02-23T00:24:17.036-0500] {processor.py:914} INFO - Processing file /home/rafaelrb/anaconda3/lib/python3.9/site-packages/airflow/example_dags/example_setup_teardown.py for tasks to queue
[2025-02-23T00:24:17.039-0500] {logging_mixin.py:190} INFO - [2025-02-23T00:24:17.039-0500] {dagbag.py:588} INFO - Filling up the DagBag from /home/rafaelrb/anaconda3/lib/python3.9/site-packages/airflow/example_dags/example_setup_teardown.py
[2025-02-23T00:24:17.049-0500] {processor.py:925} INFO - DAG(s) 'example_setup_teardown' retrieved from /home/rafaelrb/anaconda3/lib/python3.9/site-packages/airflow/example_dags/example_setup_teardown.py
[2025-02-23T00:24:17.068-0500] {logging_mixin.py:190} INFO - [2025-02-23T00:24:17.068-0500] {dag.py:3239} INFO - Sync 1 DAGs
[2025-02-23T00:24:17.084-0500] {logging_mixin.py:190} INFO - [2025-02-23T00:24:17.083-0500] {dag.py:4180} INFO - Setting next_dagrun for example_setup_teardown to None, run_after=None
[2025-02-23T00:24:17.117-0500] {processor.py:208} INFO - Processing /home/rafaelrb/anaconda3/lib/python3.9/site-packages/airflow/example_dags/example_setup_teardown.py took 0.091 seconds
[2025-02-23T00:25:16.984-0500] {processor.py:186} INFO - Started process (PID=35405) to work on /home/rafaelrb/anaconda3/lib/python3.9/site-packages/airflow/example_dags/example_setup_teardown.py
[2025-02-23T00:25:16.991-0500] {processor.py:914} INFO - Processing file /home/rafaelrb/anaconda3/lib/python3.9/site-packages/airflow/example_dags/example_setup_teardown.py for tasks to queue
[2025-02-23T00:25:16.994-0500] {logging_mixin.py:190} INFO - [2025-02-23T00:25:16.993-0500] {dagbag.py:588} INFO - Filling up the DagBag from /home/rafaelrb/anaconda3/lib/python3.9/site-packages/airflow/example_dags/example_setup_teardown.py
[2025-02-23T00:25:17.004-0500] {processor.py:925} INFO - DAG(s) 'example_setup_teardown' retrieved from /home/rafaelrb/anaconda3/lib/python3.9/site-packages/airflow/example_dags/example_setup_teardown.py
[2025-02-23T00:25:17.023-0500] {logging_mixin.py:190} INFO - [2025-02-23T00:25:17.023-0500] {dag.py:3239} INFO - Sync 1 DAGs
[2025-02-23T00:25:17.039-0500] {logging_mixin.py:190} INFO - [2025-02-23T00:25:17.038-0500] {dag.py:4180} INFO - Setting next_dagrun for example_setup_teardown to None, run_after=None
[2025-02-23T00:25:17.071-0500] {processor.py:208} INFO - Processing /home/rafaelrb/anaconda3/lib/python3.9/site-packages/airflow/example_dags/example_setup_teardown.py took 0.095 seconds
[2025-02-23T00:26:15.748-0500] {processor.py:186} INFO - Started process (PID=35481) to work on /home/rafaelrb/anaconda3/lib/python3.9/site-packages/airflow/example_dags/example_setup_teardown.py
[2025-02-23T00:26:15.750-0500] {processor.py:914} INFO - Processing file /home/rafaelrb/anaconda3/lib/python3.9/site-packages/airflow/example_dags/example_setup_teardown.py for tasks to queue
[2025-02-23T00:26:15.753-0500] {logging_mixin.py:190} INFO - [2025-02-23T00:26:15.753-0500] {dagbag.py:588} INFO - Filling up the DagBag from /home/rafaelrb/anaconda3/lib/python3.9/site-packages/airflow/example_dags/example_setup_teardown.py
[2025-02-23T00:26:15.764-0500] {processor.py:925} INFO - DAG(s) 'example_setup_teardown' retrieved from /home/rafaelrb/anaconda3/lib/python3.9/site-packages/airflow/example_dags/example_setup_teardown.py
[2025-02-23T00:26:15.785-0500] {logging_mixin.py:190} INFO - [2025-02-23T00:26:15.785-0500] {dag.py:3239} INFO - Sync 1 DAGs
[2025-02-23T00:26:15.801-0500] {logging_mixin.py:190} INFO - [2025-02-23T00:26:15.801-0500] {dag.py:4180} INFO - Setting next_dagrun for example_setup_teardown to None, run_after=None
[2025-02-23T00:26:15.835-0500] {processor.py:208} INFO - Processing /home/rafaelrb/anaconda3/lib/python3.9/site-packages/airflow/example_dags/example_setup_teardown.py took 0.096 seconds
[2025-02-23T02:31:45.091-0500] {processor.py:186} INFO - Started process (PID=76020) to work on /home/rafaelrb/anaconda3/lib/python3.9/site-packages/airflow/example_dags/example_setup_teardown.py
[2025-02-23T02:31:45.094-0500] {processor.py:914} INFO - Processing file /home/rafaelrb/anaconda3/lib/python3.9/site-packages/airflow/example_dags/example_setup_teardown.py for tasks to queue
[2025-02-23T02:31:45.097-0500] {logging_mixin.py:190} INFO - [2025-02-23T02:31:45.097-0500] {dagbag.py:588} INFO - Filling up the DagBag from /home/rafaelrb/anaconda3/lib/python3.9/site-packages/airflow/example_dags/example_setup_teardown.py
[2025-02-23T02:31:45.108-0500] {processor.py:925} INFO - DAG(s) 'example_setup_teardown' retrieved from /home/rafaelrb/anaconda3/lib/python3.9/site-packages/airflow/example_dags/example_setup_teardown.py
[2025-02-23T02:31:45.137-0500] {logging_mixin.py:190} INFO - [2025-02-23T02:31:45.137-0500] {dag.py:3239} INFO - Sync 1 DAGs
[2025-02-23T02:31:45.152-0500] {logging_mixin.py:190} INFO - [2025-02-23T02:31:45.152-0500] {dag.py:4180} INFO - Setting next_dagrun for example_setup_teardown to None, run_after=None
[2025-02-23T02:31:45.188-0500] {processor.py:208} INFO - Processing /home/rafaelrb/anaconda3/lib/python3.9/site-packages/airflow/example_dags/example_setup_teardown.py took 0.105 seconds
[2025-02-23T02:32:45.843-0500] {processor.py:186} INFO - Started process (PID=76437) to work on /home/rafaelrb/anaconda3/lib/python3.9/site-packages/airflow/example_dags/example_setup_teardown.py
[2025-02-23T02:32:45.845-0500] {processor.py:914} INFO - Processing file /home/rafaelrb/anaconda3/lib/python3.9/site-packages/airflow/example_dags/example_setup_teardown.py for tasks to queue
[2025-02-23T02:32:45.849-0500] {logging_mixin.py:190} INFO - [2025-02-23T02:32:45.848-0500] {dagbag.py:588} INFO - Filling up the DagBag from /home/rafaelrb/anaconda3/lib/python3.9/site-packages/airflow/example_dags/example_setup_teardown.py
[2025-02-23T02:32:45.861-0500] {processor.py:925} INFO - DAG(s) 'example_setup_teardown' retrieved from /home/rafaelrb/anaconda3/lib/python3.9/site-packages/airflow/example_dags/example_setup_teardown.py
[2025-02-23T02:32:45.928-0500] {logging_mixin.py:190} INFO - [2025-02-23T02:32:45.928-0500] {dag.py:3239} INFO - Sync 1 DAGs
[2025-02-23T02:32:45.961-0500] {logging_mixin.py:190} INFO - [2025-02-23T02:32:45.961-0500] {dag.py:4180} INFO - Setting next_dagrun for example_setup_teardown to None, run_after=None
[2025-02-23T02:32:45.992-0500] {processor.py:208} INFO - Processing /home/rafaelrb/anaconda3/lib/python3.9/site-packages/airflow/example_dags/example_setup_teardown.py took 0.160 seconds
[2025-02-23T02:34:02.555-0500] {processor.py:186} INFO - Started process (PID=76840) to work on /home/rafaelrb/anaconda3/lib/python3.9/site-packages/airflow/example_dags/example_setup_teardown.py
[2025-02-23T02:34:02.561-0500] {processor.py:914} INFO - Processing file /home/rafaelrb/anaconda3/lib/python3.9/site-packages/airflow/example_dags/example_setup_teardown.py for tasks to queue
[2025-02-23T02:34:02.569-0500] {logging_mixin.py:190} INFO - [2025-02-23T02:34:02.567-0500] {dagbag.py:588} INFO - Filling up the DagBag from /home/rafaelrb/anaconda3/lib/python3.9/site-packages/airflow/example_dags/example_setup_teardown.py
[2025-02-23T02:34:02.585-0500] {processor.py:925} INFO - DAG(s) 'example_setup_teardown' retrieved from /home/rafaelrb/anaconda3/lib/python3.9/site-packages/airflow/example_dags/example_setup_teardown.py
[2025-02-23T02:34:02.618-0500] {logging_mixin.py:190} INFO - [2025-02-23T02:34:02.618-0500] {dag.py:3239} INFO - Sync 1 DAGs
[2025-02-23T02:34:02.642-0500] {logging_mixin.py:190} INFO - [2025-02-23T02:34:02.641-0500] {dag.py:4180} INFO - Setting next_dagrun for example_setup_teardown to None, run_after=None
[2025-02-23T02:34:02.687-0500] {processor.py:208} INFO - Processing /home/rafaelrb/anaconda3/lib/python3.9/site-packages/airflow/example_dags/example_setup_teardown.py took 0.147 seconds
[2025-02-23T02:35:30.142-0500] {processor.py:186} INFO - Started process (PID=77196) to work on /home/rafaelrb/anaconda3/lib/python3.9/site-packages/airflow/example_dags/example_setup_teardown.py
[2025-02-23T02:35:30.145-0500] {processor.py:914} INFO - Processing file /home/rafaelrb/anaconda3/lib/python3.9/site-packages/airflow/example_dags/example_setup_teardown.py for tasks to queue
[2025-02-23T02:35:30.150-0500] {logging_mixin.py:190} INFO - [2025-02-23T02:35:30.149-0500] {dagbag.py:588} INFO - Filling up the DagBag from /home/rafaelrb/anaconda3/lib/python3.9/site-packages/airflow/example_dags/example_setup_teardown.py
[2025-02-23T02:35:30.172-0500] {processor.py:925} INFO - DAG(s) 'example_setup_teardown' retrieved from /home/rafaelrb/anaconda3/lib/python3.9/site-packages/airflow/example_dags/example_setup_teardown.py
[2025-02-23T02:35:30.210-0500] {logging_mixin.py:190} INFO - [2025-02-23T02:35:30.209-0500] {dag.py:3239} INFO - Sync 1 DAGs
[2025-02-23T02:35:30.239-0500] {logging_mixin.py:190} INFO - [2025-02-23T02:35:30.238-0500] {dag.py:4180} INFO - Setting next_dagrun for example_setup_teardown to None, run_after=None
[2025-02-23T02:35:30.292-0500] {processor.py:208} INFO - Processing /home/rafaelrb/anaconda3/lib/python3.9/site-packages/airflow/example_dags/example_setup_teardown.py took 0.166 seconds
[2025-02-23T02:43:13.726-0500] {processor.py:186} INFO - Started process (PID=79056) to work on /home/rafaelrb/anaconda3/lib/python3.9/site-packages/airflow/example_dags/example_setup_teardown.py
[2025-02-23T02:43:13.728-0500] {processor.py:914} INFO - Processing file /home/rafaelrb/anaconda3/lib/python3.9/site-packages/airflow/example_dags/example_setup_teardown.py for tasks to queue
[2025-02-23T02:43:13.737-0500] {logging_mixin.py:190} INFO - [2025-02-23T02:43:13.731-0500] {dagbag.py:588} INFO - Filling up the DagBag from /home/rafaelrb/anaconda3/lib/python3.9/site-packages/airflow/example_dags/example_setup_teardown.py
[2025-02-23T02:43:13.765-0500] {processor.py:925} INFO - DAG(s) 'example_setup_teardown' retrieved from /home/rafaelrb/anaconda3/lib/python3.9/site-packages/airflow/example_dags/example_setup_teardown.py
[2025-02-23T02:43:13.809-0500] {logging_mixin.py:190} INFO - [2025-02-23T02:43:13.808-0500] {dag.py:3239} INFO - Sync 1 DAGs
[2025-02-23T02:43:13.853-0500] {logging_mixin.py:190} INFO - [2025-02-23T02:43:13.852-0500] {dag.py:4180} INFO - Setting next_dagrun for example_setup_teardown to None, run_after=None
[2025-02-23T02:43:13.913-0500] {processor.py:208} INFO - Processing /home/rafaelrb/anaconda3/lib/python3.9/site-packages/airflow/example_dags/example_setup_teardown.py took 0.207 seconds
[2025-02-23T02:44:13.618-0500] {processor.py:186} INFO - Started process (PID=79252) to work on /home/rafaelrb/anaconda3/lib/python3.9/site-packages/airflow/example_dags/example_setup_teardown.py
[2025-02-23T02:44:13.620-0500] {processor.py:914} INFO - Processing file /home/rafaelrb/anaconda3/lib/python3.9/site-packages/airflow/example_dags/example_setup_teardown.py for tasks to queue
[2025-02-23T02:44:13.623-0500] {logging_mixin.py:190} INFO - [2025-02-23T02:44:13.623-0500] {dagbag.py:588} INFO - Filling up the DagBag from /home/rafaelrb/anaconda3/lib/python3.9/site-packages/airflow/example_dags/example_setup_teardown.py
[2025-02-23T02:44:13.637-0500] {processor.py:925} INFO - DAG(s) 'example_setup_teardown' retrieved from /home/rafaelrb/anaconda3/lib/python3.9/site-packages/airflow/example_dags/example_setup_teardown.py
[2025-02-23T02:44:13.665-0500] {logging_mixin.py:190} INFO - [2025-02-23T02:44:13.665-0500] {dag.py:3239} INFO - Sync 1 DAGs
[2025-02-23T02:44:13.683-0500] {logging_mixin.py:190} INFO - [2025-02-23T02:44:13.683-0500] {dag.py:4180} INFO - Setting next_dagrun for example_setup_teardown to None, run_after=None
[2025-02-23T02:44:13.729-0500] {processor.py:208} INFO - Processing /home/rafaelrb/anaconda3/lib/python3.9/site-packages/airflow/example_dags/example_setup_teardown.py took 0.120 seconds
