[2025-02-22T23:43:51.428-0500] {processor.py:186} INFO - Started process (PID=26757) to work on /home/rafaelrb/anaconda3/lib/python3.9/site-packages/airflow/example_dags/example_branch_day_of_week_operator.py
[2025-02-22T23:43:51.430-0500] {processor.py:914} INFO - Processing file /home/rafaelrb/anaconda3/lib/python3.9/site-packages/airflow/example_dags/example_branch_day_of_week_operator.py for tasks to queue
[2025-02-22T23:43:51.432-0500] {logging_mixin.py:190} INFO - [2025-02-22T23:43:51.432-0500] {dagbag.py:588} INFO - Filling up the DagBag from /home/rafaelrb/anaconda3/lib/python3.9/site-packages/airflow/example_dags/example_branch_day_of_week_operator.py
[2025-02-22T23:43:51.449-0500] {processor.py:925} INFO - DAG(s) 'example_weekday_branch_operator' retrieved from /home/rafaelrb/anaconda3/lib/python3.9/site-packages/airflow/example_dags/example_branch_day_of_week_operator.py
[2025-02-22T23:43:51.697-0500] {logging_mixin.py:190} INFO - [2025-02-22T23:43:51.696-0500] {override.py:1930} INFO - Created Permission View: can read on DAG:example_weekday_branch_operator
[2025-02-22T23:43:51.719-0500] {logging_mixin.py:190} INFO - [2025-02-22T23:43:51.718-0500] {override.py:1930} INFO - Created Permission View: can delete on DAG:example_weekday_branch_operator
[2025-02-22T23:43:51.736-0500] {logging_mixin.py:190} INFO - [2025-02-22T23:43:51.735-0500] {override.py:1930} INFO - Created Permission View: can edit on DAG:example_weekday_branch_operator
[2025-02-22T23:43:51.766-0500] {logging_mixin.py:190} INFO - [2025-02-22T23:43:51.765-0500] {override.py:1930} INFO - Created Permission View: can read on DAG Run:example_weekday_branch_operator
[2025-02-22T23:43:51.803-0500] {logging_mixin.py:190} INFO - [2025-02-22T23:43:51.802-0500] {override.py:1930} INFO - Created Permission View: can create on DAG Run:example_weekday_branch_operator
[2025-02-22T23:43:51.825-0500] {logging_mixin.py:190} INFO - [2025-02-22T23:43:51.824-0500] {override.py:1930} INFO - Created Permission View: menu access on DAG Run:example_weekday_branch_operator
[2025-02-22T23:43:51.840-0500] {logging_mixin.py:190} INFO - [2025-02-22T23:43:51.840-0500] {override.py:1930} INFO - Created Permission View: can delete on DAG Run:example_weekday_branch_operator
[2025-02-22T23:43:51.841-0500] {logging_mixin.py:190} INFO - [2025-02-22T23:43:51.841-0500] {dag.py:3239} INFO - Sync 1 DAGs
[2025-02-22T23:43:51.857-0500] {logging_mixin.py:190} INFO - [2025-02-22T23:43:51.856-0500] {dag.py:3262} INFO - Creating ORM DAG for example_weekday_branch_operator
[2025-02-22T23:43:51.869-0500] {logging_mixin.py:190} INFO - [2025-02-22T23:43:51.869-0500] {dag.py:4180} INFO - Setting next_dagrun for example_weekday_branch_operator to 2025-02-22 00:00:00+00:00, run_after=2025-02-23 00:00:00+00:00
[2025-02-22T23:43:51.897-0500] {processor.py:208} INFO - Processing /home/rafaelrb/anaconda3/lib/python3.9/site-packages/airflow/example_dags/example_branch_day_of_week_operator.py took 0.480 seconds
[2025-02-22T23:48:29.216-0500] {processor.py:186} INFO - Started process (PID=27416) to work on /home/rafaelrb/anaconda3/lib/python3.9/site-packages/airflow/example_dags/example_branch_day_of_week_operator.py
[2025-02-22T23:48:29.219-0500] {processor.py:914} INFO - Processing file /home/rafaelrb/anaconda3/lib/python3.9/site-packages/airflow/example_dags/example_branch_day_of_week_operator.py for tasks to queue
[2025-02-22T23:48:29.230-0500] {logging_mixin.py:190} INFO - [2025-02-22T23:48:29.222-0500] {dagbag.py:588} INFO - Filling up the DagBag from /home/rafaelrb/anaconda3/lib/python3.9/site-packages/airflow/example_dags/example_branch_day_of_week_operator.py
[2025-02-22T23:48:29.300-0500] {processor.py:925} INFO - DAG(s) 'example_weekday_branch_operator' retrieved from /home/rafaelrb/anaconda3/lib/python3.9/site-packages/airflow/example_dags/example_branch_day_of_week_operator.py
[2025-02-22T23:48:29.337-0500] {logging_mixin.py:190} INFO - [2025-02-22T23:48:29.337-0500] {dag.py:3239} INFO - Sync 1 DAGs
[2025-02-22T23:48:29.436-0500] {logging_mixin.py:190} INFO - [2025-02-22T23:48:29.435-0500] {dag.py:4180} INFO - Setting next_dagrun for example_weekday_branch_operator to 2025-02-22 00:00:00+00:00, run_after=2025-02-23 00:00:00+00:00
[2025-02-22T23:48:29.494-0500] {processor.py:208} INFO - Processing /home/rafaelrb/anaconda3/lib/python3.9/site-packages/airflow/example_dags/example_branch_day_of_week_operator.py took 0.299 seconds
[2025-02-22T23:49:37.580-0500] {processor.py:186} INFO - Started process (PID=27917) to work on /home/rafaelrb/anaconda3/lib/python3.9/site-packages/airflow/example_dags/example_branch_day_of_week_operator.py
[2025-02-22T23:49:37.582-0500] {processor.py:914} INFO - Processing file /home/rafaelrb/anaconda3/lib/python3.9/site-packages/airflow/example_dags/example_branch_day_of_week_operator.py for tasks to queue
[2025-02-22T23:49:37.585-0500] {logging_mixin.py:190} INFO - [2025-02-22T23:49:37.585-0500] {dagbag.py:588} INFO - Filling up the DagBag from /home/rafaelrb/anaconda3/lib/python3.9/site-packages/airflow/example_dags/example_branch_day_of_week_operator.py
[2025-02-22T23:49:37.598-0500] {processor.py:925} INFO - DAG(s) 'example_weekday_branch_operator' retrieved from /home/rafaelrb/anaconda3/lib/python3.9/site-packages/airflow/example_dags/example_branch_day_of_week_operator.py
[2025-02-22T23:49:37.618-0500] {logging_mixin.py:190} INFO - [2025-02-22T23:49:37.618-0500] {dag.py:3239} INFO - Sync 1 DAGs
[2025-02-22T23:49:37.647-0500] {logging_mixin.py:190} INFO - [2025-02-22T23:49:37.646-0500] {dag.py:4180} INFO - Setting next_dagrun for example_weekday_branch_operator to 2025-02-22 00:00:00+00:00, run_after=2025-02-23 00:00:00+00:00
[2025-02-22T23:49:37.685-0500] {processor.py:208} INFO - Processing /home/rafaelrb/anaconda3/lib/python3.9/site-packages/airflow/example_dags/example_branch_day_of_week_operator.py took 0.114 seconds
[2025-02-22T23:50:36.352-0500] {processor.py:186} INFO - Started process (PID=28340) to work on /home/rafaelrb/anaconda3/lib/python3.9/site-packages/airflow/example_dags/example_branch_day_of_week_operator.py
[2025-02-22T23:50:36.355-0500] {processor.py:914} INFO - Processing file /home/rafaelrb/anaconda3/lib/python3.9/site-packages/airflow/example_dags/example_branch_day_of_week_operator.py for tasks to queue
[2025-02-22T23:50:36.364-0500] {logging_mixin.py:190} INFO - [2025-02-22T23:50:36.359-0500] {dagbag.py:588} INFO - Filling up the DagBag from /home/rafaelrb/anaconda3/lib/python3.9/site-packages/airflow/example_dags/example_branch_day_of_week_operator.py
[2025-02-22T23:50:36.397-0500] {processor.py:925} INFO - DAG(s) 'example_weekday_branch_operator' retrieved from /home/rafaelrb/anaconda3/lib/python3.9/site-packages/airflow/example_dags/example_branch_day_of_week_operator.py
[2025-02-22T23:50:36.433-0500] {logging_mixin.py:190} INFO - [2025-02-22T23:50:36.433-0500] {dag.py:3239} INFO - Sync 1 DAGs
[2025-02-22T23:50:36.481-0500] {logging_mixin.py:190} INFO - [2025-02-22T23:50:36.481-0500] {dag.py:4180} INFO - Setting next_dagrun for example_weekday_branch_operator to 2025-02-22 00:00:00+00:00, run_after=2025-02-23 00:00:00+00:00
[2025-02-22T23:50:36.532-0500] {processor.py:208} INFO - Processing /home/rafaelrb/anaconda3/lib/python3.9/site-packages/airflow/example_dags/example_branch_day_of_week_operator.py took 0.198 seconds
[2025-02-22T23:51:34.158-0500] {processor.py:186} INFO - Started process (PID=28713) to work on /home/rafaelrb/anaconda3/lib/python3.9/site-packages/airflow/example_dags/example_branch_day_of_week_operator.py
[2025-02-22T23:51:34.160-0500] {processor.py:914} INFO - Processing file /home/rafaelrb/anaconda3/lib/python3.9/site-packages/airflow/example_dags/example_branch_day_of_week_operator.py for tasks to queue
[2025-02-22T23:51:34.163-0500] {logging_mixin.py:190} INFO - [2025-02-22T23:51:34.162-0500] {dagbag.py:588} INFO - Filling up the DagBag from /home/rafaelrb/anaconda3/lib/python3.9/site-packages/airflow/example_dags/example_branch_day_of_week_operator.py
[2025-02-22T23:51:34.180-0500] {processor.py:925} INFO - DAG(s) 'example_weekday_branch_operator' retrieved from /home/rafaelrb/anaconda3/lib/python3.9/site-packages/airflow/example_dags/example_branch_day_of_week_operator.py
[2025-02-22T23:51:34.200-0500] {logging_mixin.py:190} INFO - [2025-02-22T23:51:34.200-0500] {dag.py:3239} INFO - Sync 1 DAGs
[2025-02-22T23:51:34.230-0500] {logging_mixin.py:190} INFO - [2025-02-22T23:51:34.230-0500] {dag.py:4180} INFO - Setting next_dagrun for example_weekday_branch_operator to 2025-02-22 00:00:00+00:00, run_after=2025-02-23 00:00:00+00:00
[2025-02-22T23:51:34.269-0500] {processor.py:208} INFO - Processing /home/rafaelrb/anaconda3/lib/python3.9/site-packages/airflow/example_dags/example_branch_day_of_week_operator.py took 0.121 seconds
[2025-02-22T23:52:34.790-0500] {processor.py:186} INFO - Started process (PID=29175) to work on /home/rafaelrb/anaconda3/lib/python3.9/site-packages/airflow/example_dags/example_branch_day_of_week_operator.py
[2025-02-22T23:52:34.792-0500] {processor.py:914} INFO - Processing file /home/rafaelrb/anaconda3/lib/python3.9/site-packages/airflow/example_dags/example_branch_day_of_week_operator.py for tasks to queue
[2025-02-22T23:52:34.796-0500] {logging_mixin.py:190} INFO - [2025-02-22T23:52:34.795-0500] {dagbag.py:588} INFO - Filling up the DagBag from /home/rafaelrb/anaconda3/lib/python3.9/site-packages/airflow/example_dags/example_branch_day_of_week_operator.py
[2025-02-22T23:52:34.820-0500] {processor.py:925} INFO - DAG(s) 'example_weekday_branch_operator' retrieved from /home/rafaelrb/anaconda3/lib/python3.9/site-packages/airflow/example_dags/example_branch_day_of_week_operator.py
[2025-02-22T23:52:34.847-0500] {logging_mixin.py:190} INFO - [2025-02-22T23:52:34.847-0500] {dag.py:3239} INFO - Sync 1 DAGs
[2025-02-22T23:52:34.881-0500] {logging_mixin.py:190} INFO - [2025-02-22T23:52:34.881-0500] {dag.py:4180} INFO - Setting next_dagrun for example_weekday_branch_operator to 2025-02-22 00:00:00+00:00, run_after=2025-02-23 00:00:00+00:00
[2025-02-22T23:52:34.917-0500] {processor.py:208} INFO - Processing /home/rafaelrb/anaconda3/lib/python3.9/site-packages/airflow/example_dags/example_branch_day_of_week_operator.py took 0.144 seconds
[2025-02-22T23:54:07.723-0500] {processor.py:186} INFO - Started process (PID=29823) to work on /home/rafaelrb/anaconda3/lib/python3.9/site-packages/airflow/example_dags/example_branch_day_of_week_operator.py
[2025-02-22T23:54:07.726-0500] {processor.py:914} INFO - Processing file /home/rafaelrb/anaconda3/lib/python3.9/site-packages/airflow/example_dags/example_branch_day_of_week_operator.py for tasks to queue
[2025-02-22T23:54:07.729-0500] {logging_mixin.py:190} INFO - [2025-02-22T23:54:07.729-0500] {dagbag.py:588} INFO - Filling up the DagBag from /home/rafaelrb/anaconda3/lib/python3.9/site-packages/airflow/example_dags/example_branch_day_of_week_operator.py
[2025-02-22T23:54:07.747-0500] {processor.py:925} INFO - DAG(s) 'example_weekday_branch_operator' retrieved from /home/rafaelrb/anaconda3/lib/python3.9/site-packages/airflow/example_dags/example_branch_day_of_week_operator.py
[2025-02-22T23:54:07.795-0500] {logging_mixin.py:190} INFO - [2025-02-22T23:54:07.794-0500] {dag.py:3239} INFO - Sync 1 DAGs
[2025-02-22T23:54:07.838-0500] {logging_mixin.py:190} INFO - [2025-02-22T23:54:07.837-0500] {dag.py:4180} INFO - Setting next_dagrun for example_weekday_branch_operator to 2025-02-22 00:00:00+00:00, run_after=2025-02-23 00:00:00+00:00
[2025-02-22T23:54:07.878-0500] {processor.py:208} INFO - Processing /home/rafaelrb/anaconda3/lib/python3.9/site-packages/airflow/example_dags/example_branch_day_of_week_operator.py took 0.165 seconds
[2025-02-22T23:55:09.926-0500] {processor.py:186} INFO - Started process (PID=30270) to work on /home/rafaelrb/anaconda3/lib/python3.9/site-packages/airflow/example_dags/example_branch_day_of_week_operator.py
[2025-02-22T23:55:09.939-0500] {processor.py:914} INFO - Processing file /home/rafaelrb/anaconda3/lib/python3.9/site-packages/airflow/example_dags/example_branch_day_of_week_operator.py for tasks to queue
[2025-02-22T23:55:09.943-0500] {logging_mixin.py:190} INFO - [2025-02-22T23:55:09.942-0500] {dagbag.py:588} INFO - Filling up the DagBag from /home/rafaelrb/anaconda3/lib/python3.9/site-packages/airflow/example_dags/example_branch_day_of_week_operator.py
[2025-02-22T23:55:09.965-0500] {processor.py:925} INFO - DAG(s) 'example_weekday_branch_operator' retrieved from /home/rafaelrb/anaconda3/lib/python3.9/site-packages/airflow/example_dags/example_branch_day_of_week_operator.py
[2025-02-22T23:55:10.011-0500] {logging_mixin.py:190} INFO - [2025-02-22T23:55:10.011-0500] {dag.py:3239} INFO - Sync 1 DAGs
[2025-02-22T23:55:10.062-0500] {logging_mixin.py:190} INFO - [2025-02-22T23:55:10.058-0500] {dag.py:4180} INFO - Setting next_dagrun for example_weekday_branch_operator to 2025-02-22 00:00:00+00:00, run_after=2025-02-23 00:00:00+00:00
[2025-02-22T23:55:10.159-0500] {processor.py:208} INFO - Processing /home/rafaelrb/anaconda3/lib/python3.9/site-packages/airflow/example_dags/example_branch_day_of_week_operator.py took 0.247 seconds
[2025-02-22T23:58:22.882-0500] {processor.py:186} INFO - Started process (PID=30746) to work on /home/rafaelrb/anaconda3/lib/python3.9/site-packages/airflow/example_dags/example_branch_day_of_week_operator.py
[2025-02-22T23:58:22.884-0500] {processor.py:914} INFO - Processing file /home/rafaelrb/anaconda3/lib/python3.9/site-packages/airflow/example_dags/example_branch_day_of_week_operator.py for tasks to queue
[2025-02-22T23:58:22.887-0500] {logging_mixin.py:190} INFO - [2025-02-22T23:58:22.887-0500] {dagbag.py:588} INFO - Filling up the DagBag from /home/rafaelrb/anaconda3/lib/python3.9/site-packages/airflow/example_dags/example_branch_day_of_week_operator.py
[2025-02-22T23:58:22.901-0500] {processor.py:925} INFO - DAG(s) 'example_weekday_branch_operator' retrieved from /home/rafaelrb/anaconda3/lib/python3.9/site-packages/airflow/example_dags/example_branch_day_of_week_operator.py
[2025-02-22T23:58:22.927-0500] {logging_mixin.py:190} INFO - [2025-02-22T23:58:22.927-0500] {dag.py:3239} INFO - Sync 1 DAGs
[2025-02-22T23:58:22.967-0500] {logging_mixin.py:190} INFO - [2025-02-22T23:58:22.967-0500] {dag.py:4180} INFO - Setting next_dagrun for example_weekday_branch_operator to 2025-02-22 00:00:00+00:00, run_after=2025-02-23 00:00:00+00:00
[2025-02-22T23:58:23.004-0500] {processor.py:208} INFO - Processing /home/rafaelrb/anaconda3/lib/python3.9/site-packages/airflow/example_dags/example_branch_day_of_week_operator.py took 0.132 seconds
[2025-02-22T23:59:27.961-0500] {processor.py:186} INFO - Started process (PID=31228) to work on /home/rafaelrb/anaconda3/lib/python3.9/site-packages/airflow/example_dags/example_branch_day_of_week_operator.py
[2025-02-22T23:59:27.965-0500] {processor.py:914} INFO - Processing file /home/rafaelrb/anaconda3/lib/python3.9/site-packages/airflow/example_dags/example_branch_day_of_week_operator.py for tasks to queue
[2025-02-22T23:59:27.976-0500] {logging_mixin.py:190} INFO - [2025-02-22T23:59:27.968-0500] {dagbag.py:588} INFO - Filling up the DagBag from /home/rafaelrb/anaconda3/lib/python3.9/site-packages/airflow/example_dags/example_branch_day_of_week_operator.py
[2025-02-22T23:59:28.009-0500] {processor.py:925} INFO - DAG(s) 'example_weekday_branch_operator' retrieved from /home/rafaelrb/anaconda3/lib/python3.9/site-packages/airflow/example_dags/example_branch_day_of_week_operator.py
[2025-02-22T23:59:28.051-0500] {logging_mixin.py:190} INFO - [2025-02-22T23:59:28.051-0500] {dag.py:3239} INFO - Sync 1 DAGs
[2025-02-22T23:59:28.100-0500] {logging_mixin.py:190} INFO - [2025-02-22T23:59:28.100-0500] {dag.py:4180} INFO - Setting next_dagrun for example_weekday_branch_operator to 2025-02-22 00:00:00+00:00, run_after=2025-02-23 00:00:00+00:00
[2025-02-22T23:59:28.147-0500] {processor.py:208} INFO - Processing /home/rafaelrb/anaconda3/lib/python3.9/site-packages/airflow/example_dags/example_branch_day_of_week_operator.py took 0.228 seconds
[2025-02-23T00:00:51.330-0500] {processor.py:186} INFO - Started process (PID=31751) to work on /home/rafaelrb/anaconda3/lib/python3.9/site-packages/airflow/example_dags/example_branch_day_of_week_operator.py
[2025-02-23T00:00:51.332-0500] {processor.py:914} INFO - Processing file /home/rafaelrb/anaconda3/lib/python3.9/site-packages/airflow/example_dags/example_branch_day_of_week_operator.py for tasks to queue
[2025-02-23T00:00:51.335-0500] {logging_mixin.py:190} INFO - [2025-02-23T00:00:51.334-0500] {dagbag.py:588} INFO - Filling up the DagBag from /home/rafaelrb/anaconda3/lib/python3.9/site-packages/airflow/example_dags/example_branch_day_of_week_operator.py
[2025-02-23T00:00:51.362-0500] {processor.py:925} INFO - DAG(s) 'example_weekday_branch_operator' retrieved from /home/rafaelrb/anaconda3/lib/python3.9/site-packages/airflow/example_dags/example_branch_day_of_week_operator.py
[2025-02-23T00:00:51.383-0500] {logging_mixin.py:190} INFO - [2025-02-23T00:00:51.383-0500] {dag.py:3239} INFO - Sync 1 DAGs
[2025-02-23T00:00:51.412-0500] {logging_mixin.py:190} INFO - [2025-02-23T00:00:51.412-0500] {dag.py:4180} INFO - Setting next_dagrun for example_weekday_branch_operator to 2025-02-22 00:00:00+00:00, run_after=2025-02-23 00:00:00+00:00
[2025-02-23T00:00:51.451-0500] {processor.py:208} INFO - Processing /home/rafaelrb/anaconda3/lib/python3.9/site-packages/airflow/example_dags/example_branch_day_of_week_operator.py took 0.129 seconds
[2025-02-23T00:01:51.943-0500] {processor.py:186} INFO - Started process (PID=32180) to work on /home/rafaelrb/anaconda3/lib/python3.9/site-packages/airflow/example_dags/example_branch_day_of_week_operator.py
[2025-02-23T00:01:51.945-0500] {processor.py:914} INFO - Processing file /home/rafaelrb/anaconda3/lib/python3.9/site-packages/airflow/example_dags/example_branch_day_of_week_operator.py for tasks to queue
[2025-02-23T00:01:51.948-0500] {logging_mixin.py:190} INFO - [2025-02-23T00:01:51.948-0500] {dagbag.py:588} INFO - Filling up the DagBag from /home/rafaelrb/anaconda3/lib/python3.9/site-packages/airflow/example_dags/example_branch_day_of_week_operator.py
[2025-02-23T00:01:51.961-0500] {processor.py:925} INFO - DAG(s) 'example_weekday_branch_operator' retrieved from /home/rafaelrb/anaconda3/lib/python3.9/site-packages/airflow/example_dags/example_branch_day_of_week_operator.py
[2025-02-23T00:01:51.980-0500] {logging_mixin.py:190} INFO - [2025-02-23T00:01:51.980-0500] {dag.py:3239} INFO - Sync 1 DAGs
[2025-02-23T00:01:52.007-0500] {logging_mixin.py:190} INFO - [2025-02-23T00:01:52.006-0500] {dag.py:4180} INFO - Setting next_dagrun for example_weekday_branch_operator to 2025-02-22 00:00:00+00:00, run_after=2025-02-23 00:00:00+00:00
[2025-02-23T00:01:52.040-0500] {processor.py:208} INFO - Processing /home/rafaelrb/anaconda3/lib/python3.9/site-packages/airflow/example_dags/example_branch_day_of_week_operator.py took 0.107 seconds
[2025-02-23T00:11:30.633-0500] {processor.py:186} INFO - Started process (PID=34449) to work on /home/rafaelrb/anaconda3/lib/python3.9/site-packages/airflow/example_dags/example_branch_day_of_week_operator.py
[2025-02-23T00:11:30.635-0500] {processor.py:914} INFO - Processing file /home/rafaelrb/anaconda3/lib/python3.9/site-packages/airflow/example_dags/example_branch_day_of_week_operator.py for tasks to queue
[2025-02-23T00:11:30.638-0500] {logging_mixin.py:190} INFO - [2025-02-23T00:11:30.638-0500] {dagbag.py:588} INFO - Filling up the DagBag from /home/rafaelrb/anaconda3/lib/python3.9/site-packages/airflow/example_dags/example_branch_day_of_week_operator.py
[2025-02-23T00:11:30.652-0500] {processor.py:925} INFO - DAG(s) 'example_weekday_branch_operator' retrieved from /home/rafaelrb/anaconda3/lib/python3.9/site-packages/airflow/example_dags/example_branch_day_of_week_operator.py
[2025-02-23T00:11:30.685-0500] {logging_mixin.py:190} INFO - [2025-02-23T00:11:30.685-0500] {dag.py:3239} INFO - Sync 1 DAGs
[2025-02-23T00:11:30.717-0500] {logging_mixin.py:190} INFO - [2025-02-23T00:11:30.716-0500] {dag.py:4180} INFO - Setting next_dagrun for example_weekday_branch_operator to 2025-02-22 00:00:00+00:00, run_after=2025-02-23 00:00:00+00:00
[2025-02-23T00:11:30.749-0500] {processor.py:208} INFO - Processing /home/rafaelrb/anaconda3/lib/python3.9/site-packages/airflow/example_dags/example_branch_day_of_week_operator.py took 0.126 seconds
[2025-02-23T00:12:44.985-0500] {processor.py:186} INFO - Started process (PID=34563) to work on /home/rafaelrb/anaconda3/lib/python3.9/site-packages/airflow/example_dags/example_branch_day_of_week_operator.py
[2025-02-23T00:12:44.988-0500] {processor.py:914} INFO - Processing file /home/rafaelrb/anaconda3/lib/python3.9/site-packages/airflow/example_dags/example_branch_day_of_week_operator.py for tasks to queue
[2025-02-23T00:12:44.992-0500] {logging_mixin.py:190} INFO - [2025-02-23T00:12:44.991-0500] {dagbag.py:588} INFO - Filling up the DagBag from /home/rafaelrb/anaconda3/lib/python3.9/site-packages/airflow/example_dags/example_branch_day_of_week_operator.py
[2025-02-23T00:12:45.005-0500] {processor.py:925} INFO - DAG(s) 'example_weekday_branch_operator' retrieved from /home/rafaelrb/anaconda3/lib/python3.9/site-packages/airflow/example_dags/example_branch_day_of_week_operator.py
[2025-02-23T00:12:45.024-0500] {logging_mixin.py:190} INFO - [2025-02-23T00:12:45.024-0500] {dag.py:3239} INFO - Sync 1 DAGs
[2025-02-23T00:12:45.050-0500] {logging_mixin.py:190} INFO - [2025-02-23T00:12:45.050-0500] {dag.py:4180} INFO - Setting next_dagrun for example_weekday_branch_operator to 2025-02-22 00:00:00+00:00, run_after=2025-02-23 00:00:00+00:00
[2025-02-23T00:12:45.087-0500] {processor.py:208} INFO - Processing /home/rafaelrb/anaconda3/lib/python3.9/site-packages/airflow/example_dags/example_branch_day_of_week_operator.py took 0.110 seconds
[2025-02-23T00:13:44.579-0500] {processor.py:186} INFO - Started process (PID=34632) to work on /home/rafaelrb/anaconda3/lib/python3.9/site-packages/airflow/example_dags/example_branch_day_of_week_operator.py
[2025-02-23T00:13:44.583-0500] {processor.py:914} INFO - Processing file /home/rafaelrb/anaconda3/lib/python3.9/site-packages/airflow/example_dags/example_branch_day_of_week_operator.py for tasks to queue
[2025-02-23T00:13:44.588-0500] {logging_mixin.py:190} INFO - [2025-02-23T00:13:44.588-0500] {dagbag.py:588} INFO - Filling up the DagBag from /home/rafaelrb/anaconda3/lib/python3.9/site-packages/airflow/example_dags/example_branch_day_of_week_operator.py
[2025-02-23T00:13:44.602-0500] {processor.py:925} INFO - DAG(s) 'example_weekday_branch_operator' retrieved from /home/rafaelrb/anaconda3/lib/python3.9/site-packages/airflow/example_dags/example_branch_day_of_week_operator.py
[2025-02-23T00:13:44.623-0500] {logging_mixin.py:190} INFO - [2025-02-23T00:13:44.622-0500] {dag.py:3239} INFO - Sync 1 DAGs
[2025-02-23T00:13:44.651-0500] {logging_mixin.py:190} INFO - [2025-02-23T00:13:44.650-0500] {dag.py:4180} INFO - Setting next_dagrun for example_weekday_branch_operator to 2025-02-22 00:00:00+00:00, run_after=2025-02-23 00:00:00+00:00
[2025-02-23T00:13:44.685-0500] {processor.py:208} INFO - Processing /home/rafaelrb/anaconda3/lib/python3.9/site-packages/airflow/example_dags/example_branch_day_of_week_operator.py took 0.115 seconds
[2025-02-23T00:14:42.533-0500] {processor.py:186} INFO - Started process (PID=34707) to work on /home/rafaelrb/anaconda3/lib/python3.9/site-packages/airflow/example_dags/example_branch_day_of_week_operator.py
[2025-02-23T00:14:42.535-0500] {processor.py:914} INFO - Processing file /home/rafaelrb/anaconda3/lib/python3.9/site-packages/airflow/example_dags/example_branch_day_of_week_operator.py for tasks to queue
[2025-02-23T00:14:42.538-0500] {logging_mixin.py:190} INFO - [2025-02-23T00:14:42.538-0500] {dagbag.py:588} INFO - Filling up the DagBag from /home/rafaelrb/anaconda3/lib/python3.9/site-packages/airflow/example_dags/example_branch_day_of_week_operator.py
[2025-02-23T00:14:42.554-0500] {processor.py:925} INFO - DAG(s) 'example_weekday_branch_operator' retrieved from /home/rafaelrb/anaconda3/lib/python3.9/site-packages/airflow/example_dags/example_branch_day_of_week_operator.py
[2025-02-23T00:14:42.580-0500] {logging_mixin.py:190} INFO - [2025-02-23T00:14:42.580-0500] {dag.py:3239} INFO - Sync 1 DAGs
[2025-02-23T00:14:42.621-0500] {logging_mixin.py:190} INFO - [2025-02-23T00:14:42.620-0500] {dag.py:4180} INFO - Setting next_dagrun for example_weekday_branch_operator to 2025-02-22 00:00:00+00:00, run_after=2025-02-23 00:00:00+00:00
[2025-02-23T00:14:42.662-0500] {processor.py:208} INFO - Processing /home/rafaelrb/anaconda3/lib/python3.9/site-packages/airflow/example_dags/example_branch_day_of_week_operator.py took 0.141 seconds
[2025-02-23T00:15:52.500-0500] {processor.py:186} INFO - Started process (PID=34832) to work on /home/rafaelrb/anaconda3/lib/python3.9/site-packages/airflow/example_dags/example_branch_day_of_week_operator.py
[2025-02-23T00:15:52.507-0500] {processor.py:914} INFO - Processing file /home/rafaelrb/anaconda3/lib/python3.9/site-packages/airflow/example_dags/example_branch_day_of_week_operator.py for tasks to queue
[2025-02-23T00:15:52.510-0500] {logging_mixin.py:190} INFO - [2025-02-23T00:15:52.509-0500] {dagbag.py:588} INFO - Filling up the DagBag from /home/rafaelrb/anaconda3/lib/python3.9/site-packages/airflow/example_dags/example_branch_day_of_week_operator.py
[2025-02-23T00:15:52.522-0500] {processor.py:925} INFO - DAG(s) 'example_weekday_branch_operator' retrieved from /home/rafaelrb/anaconda3/lib/python3.9/site-packages/airflow/example_dags/example_branch_day_of_week_operator.py
[2025-02-23T00:15:52.549-0500] {logging_mixin.py:190} INFO - [2025-02-23T00:15:52.549-0500] {dag.py:3239} INFO - Sync 1 DAGs
[2025-02-23T00:15:52.575-0500] {logging_mixin.py:190} INFO - [2025-02-23T00:15:52.575-0500] {dag.py:4180} INFO - Setting next_dagrun for example_weekday_branch_operator to 2025-02-22 00:00:00+00:00, run_after=2025-02-23 00:00:00+00:00
[2025-02-23T00:15:52.605-0500] {processor.py:208} INFO - Processing /home/rafaelrb/anaconda3/lib/python3.9/site-packages/airflow/example_dags/example_branch_day_of_week_operator.py took 0.114 seconds
[2025-02-23T00:16:57.060-0500] {processor.py:186} INFO - Started process (PID=34904) to work on /home/rafaelrb/anaconda3/lib/python3.9/site-packages/airflow/example_dags/example_branch_day_of_week_operator.py
[2025-02-23T00:16:57.067-0500] {processor.py:914} INFO - Processing file /home/rafaelrb/anaconda3/lib/python3.9/site-packages/airflow/example_dags/example_branch_day_of_week_operator.py for tasks to queue
[2025-02-23T00:16:57.072-0500] {logging_mixin.py:190} INFO - [2025-02-23T00:16:57.071-0500] {dagbag.py:588} INFO - Filling up the DagBag from /home/rafaelrb/anaconda3/lib/python3.9/site-packages/airflow/example_dags/example_branch_day_of_week_operator.py
[2025-02-23T00:16:57.086-0500] {processor.py:925} INFO - DAG(s) 'example_weekday_branch_operator' retrieved from /home/rafaelrb/anaconda3/lib/python3.9/site-packages/airflow/example_dags/example_branch_day_of_week_operator.py
[2025-02-23T00:16:57.107-0500] {logging_mixin.py:190} INFO - [2025-02-23T00:16:57.107-0500] {dag.py:3239} INFO - Sync 1 DAGs
[2025-02-23T00:16:57.136-0500] {logging_mixin.py:190} INFO - [2025-02-23T00:16:57.136-0500] {dag.py:4180} INFO - Setting next_dagrun for example_weekday_branch_operator to 2025-02-22 00:00:00+00:00, run_after=2025-02-23 00:00:00+00:00
[2025-02-23T00:16:57.173-0500] {processor.py:208} INFO - Processing /home/rafaelrb/anaconda3/lib/python3.9/site-packages/airflow/example_dags/example_branch_day_of_week_operator.py took 0.121 seconds
[2025-02-23T00:17:56.930-0500] {processor.py:186} INFO - Started process (PID=34982) to work on /home/rafaelrb/anaconda3/lib/python3.9/site-packages/airflow/example_dags/example_branch_day_of_week_operator.py
[2025-02-23T00:17:56.938-0500] {processor.py:914} INFO - Processing file /home/rafaelrb/anaconda3/lib/python3.9/site-packages/airflow/example_dags/example_branch_day_of_week_operator.py for tasks to queue
[2025-02-23T00:17:56.945-0500] {logging_mixin.py:190} INFO - [2025-02-23T00:17:56.944-0500] {dagbag.py:588} INFO - Filling up the DagBag from /home/rafaelrb/anaconda3/lib/python3.9/site-packages/airflow/example_dags/example_branch_day_of_week_operator.py
[2025-02-23T00:17:56.961-0500] {processor.py:925} INFO - DAG(s) 'example_weekday_branch_operator' retrieved from /home/rafaelrb/anaconda3/lib/python3.9/site-packages/airflow/example_dags/example_branch_day_of_week_operator.py
[2025-02-23T00:17:56.986-0500] {logging_mixin.py:190} INFO - [2025-02-23T00:17:56.985-0500] {dag.py:3239} INFO - Sync 1 DAGs
[2025-02-23T00:17:57.012-0500] {logging_mixin.py:190} INFO - [2025-02-23T00:17:57.012-0500] {dag.py:4180} INFO - Setting next_dagrun for example_weekday_branch_operator to 2025-02-22 00:00:00+00:00, run_after=2025-02-23 00:00:00+00:00
[2025-02-23T00:17:57.048-0500] {processor.py:208} INFO - Processing /home/rafaelrb/anaconda3/lib/python3.9/site-packages/airflow/example_dags/example_branch_day_of_week_operator.py took 0.132 seconds
[2025-02-23T00:22:11.125-0500] {processor.py:186} INFO - Started process (PID=35196) to work on /home/rafaelrb/anaconda3/lib/python3.9/site-packages/airflow/example_dags/example_branch_day_of_week_operator.py
[2025-02-23T00:22:11.132-0500] {processor.py:914} INFO - Processing file /home/rafaelrb/anaconda3/lib/python3.9/site-packages/airflow/example_dags/example_branch_day_of_week_operator.py for tasks to queue
[2025-02-23T00:22:11.135-0500] {logging_mixin.py:190} INFO - [2025-02-23T00:22:11.134-0500] {dagbag.py:588} INFO - Filling up the DagBag from /home/rafaelrb/anaconda3/lib/python3.9/site-packages/airflow/example_dags/example_branch_day_of_week_operator.py
[2025-02-23T00:22:11.147-0500] {processor.py:925} INFO - DAG(s) 'example_weekday_branch_operator' retrieved from /home/rafaelrb/anaconda3/lib/python3.9/site-packages/airflow/example_dags/example_branch_day_of_week_operator.py
[2025-02-23T00:22:11.173-0500] {logging_mixin.py:190} INFO - [2025-02-23T00:22:11.173-0500] {dag.py:3239} INFO - Sync 1 DAGs
[2025-02-23T00:22:11.199-0500] {logging_mixin.py:190} INFO - [2025-02-23T00:22:11.199-0500] {dag.py:4180} INFO - Setting next_dagrun for example_weekday_branch_operator to 2025-02-22 00:00:00+00:00, run_after=2025-02-23 00:00:00+00:00
[2025-02-23T00:22:11.232-0500] {processor.py:208} INFO - Processing /home/rafaelrb/anaconda3/lib/python3.9/site-packages/airflow/example_dags/example_branch_day_of_week_operator.py took 0.115 seconds
[2025-02-23T00:23:15.624-0500] {processor.py:186} INFO - Started process (PID=35263) to work on /home/rafaelrb/anaconda3/lib/python3.9/site-packages/airflow/example_dags/example_branch_day_of_week_operator.py
[2025-02-23T00:23:15.626-0500] {processor.py:914} INFO - Processing file /home/rafaelrb/anaconda3/lib/python3.9/site-packages/airflow/example_dags/example_branch_day_of_week_operator.py for tasks to queue
[2025-02-23T00:23:15.629-0500] {logging_mixin.py:190} INFO - [2025-02-23T00:23:15.628-0500] {dagbag.py:588} INFO - Filling up the DagBag from /home/rafaelrb/anaconda3/lib/python3.9/site-packages/airflow/example_dags/example_branch_day_of_week_operator.py
[2025-02-23T00:23:15.641-0500] {processor.py:925} INFO - DAG(s) 'example_weekday_branch_operator' retrieved from /home/rafaelrb/anaconda3/lib/python3.9/site-packages/airflow/example_dags/example_branch_day_of_week_operator.py
[2025-02-23T00:23:15.660-0500] {logging_mixin.py:190} INFO - [2025-02-23T00:23:15.660-0500] {dag.py:3239} INFO - Sync 1 DAGs
[2025-02-23T00:23:15.686-0500] {logging_mixin.py:190} INFO - [2025-02-23T00:23:15.686-0500] {dag.py:4180} INFO - Setting next_dagrun for example_weekday_branch_operator to 2025-02-22 00:00:00+00:00, run_after=2025-02-23 00:00:00+00:00
[2025-02-23T00:23:15.725-0500] {processor.py:208} INFO - Processing /home/rafaelrb/anaconda3/lib/python3.9/site-packages/airflow/example_dags/example_branch_day_of_week_operator.py took 0.109 seconds
[2025-02-23T00:24:19.337-0500] {processor.py:186} INFO - Started process (PID=35341) to work on /home/rafaelrb/anaconda3/lib/python3.9/site-packages/airflow/example_dags/example_branch_day_of_week_operator.py
[2025-02-23T00:24:19.344-0500] {processor.py:914} INFO - Processing file /home/rafaelrb/anaconda3/lib/python3.9/site-packages/airflow/example_dags/example_branch_day_of_week_operator.py for tasks to queue
[2025-02-23T00:24:19.347-0500] {logging_mixin.py:190} INFO - [2025-02-23T00:24:19.346-0500] {dagbag.py:588} INFO - Filling up the DagBag from /home/rafaelrb/anaconda3/lib/python3.9/site-packages/airflow/example_dags/example_branch_day_of_week_operator.py
[2025-02-23T00:24:19.360-0500] {processor.py:925} INFO - DAG(s) 'example_weekday_branch_operator' retrieved from /home/rafaelrb/anaconda3/lib/python3.9/site-packages/airflow/example_dags/example_branch_day_of_week_operator.py
[2025-02-23T00:24:19.379-0500] {logging_mixin.py:190} INFO - [2025-02-23T00:24:19.379-0500] {dag.py:3239} INFO - Sync 1 DAGs
[2025-02-23T00:24:19.405-0500] {logging_mixin.py:190} INFO - [2025-02-23T00:24:19.404-0500] {dag.py:4180} INFO - Setting next_dagrun for example_weekday_branch_operator to 2025-02-22 00:00:00+00:00, run_after=2025-02-23 00:00:00+00:00
[2025-02-23T00:24:19.440-0500] {processor.py:208} INFO - Processing /home/rafaelrb/anaconda3/lib/python3.9/site-packages/airflow/example_dags/example_branch_day_of_week_operator.py took 0.112 seconds
[2025-02-23T00:25:18.022-0500] {processor.py:186} INFO - Started process (PID=35407) to work on /home/rafaelrb/anaconda3/lib/python3.9/site-packages/airflow/example_dags/example_branch_day_of_week_operator.py
[2025-02-23T00:25:18.028-0500] {processor.py:914} INFO - Processing file /home/rafaelrb/anaconda3/lib/python3.9/site-packages/airflow/example_dags/example_branch_day_of_week_operator.py for tasks to queue
[2025-02-23T00:25:18.034-0500] {logging_mixin.py:190} INFO - [2025-02-23T00:25:18.033-0500] {dagbag.py:588} INFO - Filling up the DagBag from /home/rafaelrb/anaconda3/lib/python3.9/site-packages/airflow/example_dags/example_branch_day_of_week_operator.py
[2025-02-23T00:25:18.046-0500] {processor.py:925} INFO - DAG(s) 'example_weekday_branch_operator' retrieved from /home/rafaelrb/anaconda3/lib/python3.9/site-packages/airflow/example_dags/example_branch_day_of_week_operator.py
[2025-02-23T00:25:18.066-0500] {logging_mixin.py:190} INFO - [2025-02-23T00:25:18.066-0500] {dag.py:3239} INFO - Sync 1 DAGs
[2025-02-23T00:25:18.092-0500] {logging_mixin.py:190} INFO - [2025-02-23T00:25:18.091-0500] {dag.py:4180} INFO - Setting next_dagrun for example_weekday_branch_operator to 2025-02-22 00:00:00+00:00, run_after=2025-02-23 00:00:00+00:00
[2025-02-23T00:25:18.125-0500] {processor.py:208} INFO - Processing /home/rafaelrb/anaconda3/lib/python3.9/site-packages/airflow/example_dags/example_branch_day_of_week_operator.py took 0.112 seconds
[2025-02-23T00:26:18.070-0500] {processor.py:186} INFO - Started process (PID=35483) to work on /home/rafaelrb/anaconda3/lib/python3.9/site-packages/airflow/example_dags/example_branch_day_of_week_operator.py
[2025-02-23T00:26:18.072-0500] {processor.py:914} INFO - Processing file /home/rafaelrb/anaconda3/lib/python3.9/site-packages/airflow/example_dags/example_branch_day_of_week_operator.py for tasks to queue
[2025-02-23T00:26:18.075-0500] {logging_mixin.py:190} INFO - [2025-02-23T00:26:18.075-0500] {dagbag.py:588} INFO - Filling up the DagBag from /home/rafaelrb/anaconda3/lib/python3.9/site-packages/airflow/example_dags/example_branch_day_of_week_operator.py
[2025-02-23T00:26:18.087-0500] {processor.py:925} INFO - DAG(s) 'example_weekday_branch_operator' retrieved from /home/rafaelrb/anaconda3/lib/python3.9/site-packages/airflow/example_dags/example_branch_day_of_week_operator.py
[2025-02-23T00:26:18.108-0500] {logging_mixin.py:190} INFO - [2025-02-23T00:26:18.108-0500] {dag.py:3239} INFO - Sync 1 DAGs
[2025-02-23T00:26:18.134-0500] {logging_mixin.py:190} INFO - [2025-02-23T00:26:18.133-0500] {dag.py:4180} INFO - Setting next_dagrun for example_weekday_branch_operator to 2025-02-22 00:00:00+00:00, run_after=2025-02-23 00:00:00+00:00
[2025-02-23T00:26:18.167-0500] {processor.py:208} INFO - Processing /home/rafaelrb/anaconda3/lib/python3.9/site-packages/airflow/example_dags/example_branch_day_of_week_operator.py took 0.106 seconds
[2025-02-23T02:32:12.068-0500] {processor.py:186} INFO - Started process (PID=76244) to work on /home/rafaelrb/anaconda3/lib/python3.9/site-packages/airflow/example_dags/example_branch_day_of_week_operator.py
[2025-02-23T02:32:12.070-0500] {processor.py:914} INFO - Processing file /home/rafaelrb/anaconda3/lib/python3.9/site-packages/airflow/example_dags/example_branch_day_of_week_operator.py for tasks to queue
[2025-02-23T02:32:12.074-0500] {logging_mixin.py:190} INFO - [2025-02-23T02:32:12.074-0500] {dagbag.py:588} INFO - Filling up the DagBag from /home/rafaelrb/anaconda3/lib/python3.9/site-packages/airflow/example_dags/example_branch_day_of_week_operator.py
[2025-02-23T02:32:12.093-0500] {processor.py:925} INFO - DAG(s) 'example_weekday_branch_operator' retrieved from /home/rafaelrb/anaconda3/lib/python3.9/site-packages/airflow/example_dags/example_branch_day_of_week_operator.py
[2025-02-23T02:32:12.120-0500] {logging_mixin.py:190} INFO - [2025-02-23T02:32:12.119-0500] {dag.py:3239} INFO - Sync 1 DAGs
[2025-02-23T02:32:12.157-0500] {logging_mixin.py:190} INFO - [2025-02-23T02:32:12.157-0500] {dag.py:4180} INFO - Setting next_dagrun for example_weekday_branch_operator to 2025-02-22 00:00:00+00:00, run_after=2025-02-23 00:00:00+00:00
[2025-02-23T02:32:12.190-0500] {processor.py:208} INFO - Processing /home/rafaelrb/anaconda3/lib/python3.9/site-packages/airflow/example_dags/example_branch_day_of_week_operator.py took 0.133 seconds
[2025-02-23T02:33:27.216-0500] {processor.py:186} INFO - Started process (PID=76705) to work on /home/rafaelrb/anaconda3/lib/python3.9/site-packages/airflow/example_dags/example_branch_day_of_week_operator.py
[2025-02-23T02:33:27.222-0500] {processor.py:914} INFO - Processing file /home/rafaelrb/anaconda3/lib/python3.9/site-packages/airflow/example_dags/example_branch_day_of_week_operator.py for tasks to queue
[2025-02-23T02:33:27.226-0500] {logging_mixin.py:190} INFO - [2025-02-23T02:33:27.225-0500] {dagbag.py:588} INFO - Filling up the DagBag from /home/rafaelrb/anaconda3/lib/python3.9/site-packages/airflow/example_dags/example_branch_day_of_week_operator.py
[2025-02-23T02:33:27.244-0500] {processor.py:925} INFO - DAG(s) 'example_weekday_branch_operator' retrieved from /home/rafaelrb/anaconda3/lib/python3.9/site-packages/airflow/example_dags/example_branch_day_of_week_operator.py
[2025-02-23T02:33:27.272-0500] {logging_mixin.py:190} INFO - [2025-02-23T02:33:27.272-0500] {dag.py:3239} INFO - Sync 1 DAGs
[2025-02-23T02:33:27.308-0500] {logging_mixin.py:190} INFO - [2025-02-23T02:33:27.308-0500] {dag.py:4180} INFO - Setting next_dagrun for example_weekday_branch_operator to 2025-02-22 00:00:00+00:00, run_after=2025-02-23 00:00:00+00:00
[2025-02-23T02:33:27.340-0500] {processor.py:208} INFO - Processing /home/rafaelrb/anaconda3/lib/python3.9/site-packages/airflow/example_dags/example_branch_day_of_week_operator.py took 0.136 seconds
[2025-02-23T02:34:49.557-0500] {processor.py:186} INFO - Started process (PID=77037) to work on /home/rafaelrb/anaconda3/lib/python3.9/site-packages/airflow/example_dags/example_branch_day_of_week_operator.py
[2025-02-23T02:34:49.559-0500] {processor.py:914} INFO - Processing file /home/rafaelrb/anaconda3/lib/python3.9/site-packages/airflow/example_dags/example_branch_day_of_week_operator.py for tasks to queue
[2025-02-23T02:34:49.564-0500] {logging_mixin.py:190} INFO - [2025-02-23T02:34:49.563-0500] {dagbag.py:588} INFO - Filling up the DagBag from /home/rafaelrb/anaconda3/lib/python3.9/site-packages/airflow/example_dags/example_branch_day_of_week_operator.py
[2025-02-23T02:34:49.578-0500] {processor.py:925} INFO - DAG(s) 'example_weekday_branch_operator' retrieved from /home/rafaelrb/anaconda3/lib/python3.9/site-packages/airflow/example_dags/example_branch_day_of_week_operator.py
[2025-02-23T02:34:49.601-0500] {logging_mixin.py:190} INFO - [2025-02-23T02:34:49.601-0500] {dag.py:3239} INFO - Sync 1 DAGs
[2025-02-23T02:34:49.658-0500] {logging_mixin.py:190} INFO - [2025-02-23T02:34:49.657-0500] {dag.py:4180} INFO - Setting next_dagrun for example_weekday_branch_operator to 2025-02-22 00:00:00+00:00, run_after=2025-02-23 00:00:00+00:00
[2025-02-23T02:34:49.777-0500] {processor.py:208} INFO - Processing /home/rafaelrb/anaconda3/lib/python3.9/site-packages/airflow/example_dags/example_branch_day_of_week_operator.py took 0.234 seconds
[2025-02-23T02:43:52.642-0500] {processor.py:186} INFO - Started process (PID=79184) to work on /home/rafaelrb/anaconda3/lib/python3.9/site-packages/airflow/example_dags/example_branch_day_of_week_operator.py
[2025-02-23T02:43:52.649-0500] {processor.py:914} INFO - Processing file /home/rafaelrb/anaconda3/lib/python3.9/site-packages/airflow/example_dags/example_branch_day_of_week_operator.py for tasks to queue
[2025-02-23T02:43:52.652-0500] {logging_mixin.py:190} INFO - [2025-02-23T02:43:52.651-0500] {dagbag.py:588} INFO - Filling up the DagBag from /home/rafaelrb/anaconda3/lib/python3.9/site-packages/airflow/example_dags/example_branch_day_of_week_operator.py
[2025-02-23T02:43:52.669-0500] {processor.py:925} INFO - DAG(s) 'example_weekday_branch_operator' retrieved from /home/rafaelrb/anaconda3/lib/python3.9/site-packages/airflow/example_dags/example_branch_day_of_week_operator.py
[2025-02-23T02:43:52.689-0500] {logging_mixin.py:190} INFO - [2025-02-23T02:43:52.688-0500] {dag.py:3239} INFO - Sync 1 DAGs
[2025-02-23T02:43:52.715-0500] {logging_mixin.py:190} INFO - [2025-02-23T02:43:52.715-0500] {dag.py:4180} INFO - Setting next_dagrun for example_weekday_branch_operator to 2025-02-22 00:00:00+00:00, run_after=2025-02-23 00:00:00+00:00
[2025-02-23T02:43:52.753-0500] {processor.py:208} INFO - Processing /home/rafaelrb/anaconda3/lib/python3.9/site-packages/airflow/example_dags/example_branch_day_of_week_operator.py took 0.119 seconds
[2025-02-23T02:44:55.570-0500] {processor.py:186} INFO - Started process (PID=79382) to work on /home/rafaelrb/anaconda3/lib/python3.9/site-packages/airflow/example_dags/example_branch_day_of_week_operator.py
[2025-02-23T02:44:55.572-0500] {processor.py:914} INFO - Processing file /home/rafaelrb/anaconda3/lib/python3.9/site-packages/airflow/example_dags/example_branch_day_of_week_operator.py for tasks to queue
[2025-02-23T02:44:55.575-0500] {logging_mixin.py:190} INFO - [2025-02-23T02:44:55.574-0500] {dagbag.py:588} INFO - Filling up the DagBag from /home/rafaelrb/anaconda3/lib/python3.9/site-packages/airflow/example_dags/example_branch_day_of_week_operator.py
[2025-02-23T02:44:55.590-0500] {processor.py:925} INFO - DAG(s) 'example_weekday_branch_operator' retrieved from /home/rafaelrb/anaconda3/lib/python3.9/site-packages/airflow/example_dags/example_branch_day_of_week_operator.py
[2025-02-23T02:44:55.614-0500] {logging_mixin.py:190} INFO - [2025-02-23T02:44:55.614-0500] {dag.py:3239} INFO - Sync 1 DAGs
[2025-02-23T02:44:55.649-0500] {logging_mixin.py:190} INFO - [2025-02-23T02:44:55.648-0500] {dag.py:4180} INFO - Setting next_dagrun for example_weekday_branch_operator to 2025-02-22 00:00:00+00:00, run_after=2025-02-23 00:00:00+00:00
[2025-02-23T02:44:55.688-0500] {processor.py:208} INFO - Processing /home/rafaelrb/anaconda3/lib/python3.9/site-packages/airflow/example_dags/example_branch_day_of_week_operator.py took 0.130 seconds
[2025-02-23T02:45:57.537-0500] {processor.py:186} INFO - Started process (PID=79576) to work on /home/rafaelrb/anaconda3/lib/python3.9/site-packages/airflow/example_dags/example_branch_day_of_week_operator.py
[2025-02-23T02:45:57.539-0500] {processor.py:914} INFO - Processing file /home/rafaelrb/anaconda3/lib/python3.9/site-packages/airflow/example_dags/example_branch_day_of_week_operator.py for tasks to queue
[2025-02-23T02:45:57.542-0500] {logging_mixin.py:190} INFO - [2025-02-23T02:45:57.541-0500] {dagbag.py:588} INFO - Filling up the DagBag from /home/rafaelrb/anaconda3/lib/python3.9/site-packages/airflow/example_dags/example_branch_day_of_week_operator.py
[2025-02-23T02:45:57.554-0500] {processor.py:925} INFO - DAG(s) 'example_weekday_branch_operator' retrieved from /home/rafaelrb/anaconda3/lib/python3.9/site-packages/airflow/example_dags/example_branch_day_of_week_operator.py
[2025-02-23T02:45:57.574-0500] {logging_mixin.py:190} INFO - [2025-02-23T02:45:57.573-0500] {dag.py:3239} INFO - Sync 1 DAGs
[2025-02-23T02:45:57.599-0500] {logging_mixin.py:190} INFO - [2025-02-23T02:45:57.599-0500] {dag.py:4180} INFO - Setting next_dagrun for example_weekday_branch_operator to 2025-02-22 00:00:00+00:00, run_after=2025-02-23 00:00:00+00:00
[2025-02-23T02:45:57.633-0500] {processor.py:208} INFO - Processing /home/rafaelrb/anaconda3/lib/python3.9/site-packages/airflow/example_dags/example_branch_day_of_week_operator.py took 0.104 seconds
[2025-02-23T02:47:02.604-0500] {processor.py:186} INFO - Started process (PID=79810) to work on /home/rafaelrb/anaconda3/lib/python3.9/site-packages/airflow/example_dags/example_branch_day_of_week_operator.py
[2025-02-23T02:47:02.606-0500] {processor.py:914} INFO - Processing file /home/rafaelrb/anaconda3/lib/python3.9/site-packages/airflow/example_dags/example_branch_day_of_week_operator.py for tasks to queue
[2025-02-23T02:47:02.611-0500] {logging_mixin.py:190} INFO - [2025-02-23T02:47:02.610-0500] {dagbag.py:588} INFO - Filling up the DagBag from /home/rafaelrb/anaconda3/lib/python3.9/site-packages/airflow/example_dags/example_branch_day_of_week_operator.py
[2025-02-23T02:47:02.634-0500] {processor.py:925} INFO - DAG(s) 'example_weekday_branch_operator' retrieved from /home/rafaelrb/anaconda3/lib/python3.9/site-packages/airflow/example_dags/example_branch_day_of_week_operator.py
[2025-02-23T02:47:02.672-0500] {logging_mixin.py:190} INFO - [2025-02-23T02:47:02.671-0500] {dag.py:3239} INFO - Sync 1 DAGs
[2025-02-23T02:47:02.727-0500] {logging_mixin.py:190} INFO - [2025-02-23T02:47:02.726-0500] {dag.py:4180} INFO - Setting next_dagrun for example_weekday_branch_operator to 2025-02-22 00:00:00+00:00, run_after=2025-02-23 00:00:00+00:00
[2025-02-23T02:47:02.818-0500] {processor.py:208} INFO - Processing /home/rafaelrb/anaconda3/lib/python3.9/site-packages/airflow/example_dags/example_branch_day_of_week_operator.py took 0.231 seconds
[2025-02-23T02:48:08.657-0500] {processor.py:186} INFO - Started process (PID=80017) to work on /home/rafaelrb/anaconda3/lib/python3.9/site-packages/airflow/example_dags/example_branch_day_of_week_operator.py
[2025-02-23T02:48:08.659-0500] {processor.py:914} INFO - Processing file /home/rafaelrb/anaconda3/lib/python3.9/site-packages/airflow/example_dags/example_branch_day_of_week_operator.py for tasks to queue
[2025-02-23T02:48:08.662-0500] {logging_mixin.py:190} INFO - [2025-02-23T02:48:08.662-0500] {dagbag.py:588} INFO - Filling up the DagBag from /home/rafaelrb/anaconda3/lib/python3.9/site-packages/airflow/example_dags/example_branch_day_of_week_operator.py
[2025-02-23T02:48:08.674-0500] {processor.py:925} INFO - DAG(s) 'example_weekday_branch_operator' retrieved from /home/rafaelrb/anaconda3/lib/python3.9/site-packages/airflow/example_dags/example_branch_day_of_week_operator.py
[2025-02-23T02:48:08.693-0500] {logging_mixin.py:190} INFO - [2025-02-23T02:48:08.693-0500] {dag.py:3239} INFO - Sync 1 DAGs
[2025-02-23T02:48:08.719-0500] {logging_mixin.py:190} INFO - [2025-02-23T02:48:08.718-0500] {dag.py:4180} INFO - Setting next_dagrun for example_weekday_branch_operator to 2025-02-22 00:00:00+00:00, run_after=2025-02-23 00:00:00+00:00
[2025-02-23T02:48:08.752-0500] {processor.py:208} INFO - Processing /home/rafaelrb/anaconda3/lib/python3.9/site-packages/airflow/example_dags/example_branch_day_of_week_operator.py took 0.104 seconds
[2025-02-23T02:49:11.614-0500] {processor.py:186} INFO - Started process (PID=80209) to work on /home/rafaelrb/anaconda3/lib/python3.9/site-packages/airflow/example_dags/example_branch_day_of_week_operator.py
[2025-02-23T02:49:11.616-0500] {processor.py:914} INFO - Processing file /home/rafaelrb/anaconda3/lib/python3.9/site-packages/airflow/example_dags/example_branch_day_of_week_operator.py for tasks to queue
[2025-02-23T02:49:11.619-0500] {logging_mixin.py:190} INFO - [2025-02-23T02:49:11.619-0500] {dagbag.py:588} INFO - Filling up the DagBag from /home/rafaelrb/anaconda3/lib/python3.9/site-packages/airflow/example_dags/example_branch_day_of_week_operator.py
[2025-02-23T02:49:11.632-0500] {processor.py:925} INFO - DAG(s) 'example_weekday_branch_operator' retrieved from /home/rafaelrb/anaconda3/lib/python3.9/site-packages/airflow/example_dags/example_branch_day_of_week_operator.py
[2025-02-23T02:49:11.651-0500] {logging_mixin.py:190} INFO - [2025-02-23T02:49:11.650-0500] {dag.py:3239} INFO - Sync 1 DAGs
[2025-02-23T02:49:11.676-0500] {logging_mixin.py:190} INFO - [2025-02-23T02:49:11.676-0500] {dag.py:4180} INFO - Setting next_dagrun for example_weekday_branch_operator to 2025-02-22 00:00:00+00:00, run_after=2025-02-23 00:00:00+00:00
[2025-02-23T02:49:11.714-0500] {processor.py:208} INFO - Processing /home/rafaelrb/anaconda3/lib/python3.9/site-packages/airflow/example_dags/example_branch_day_of_week_operator.py took 0.108 seconds
[2025-02-23T02:50:41.595-0500] {processor.py:186} INFO - Started process (PID=80458) to work on /home/rafaelrb/anaconda3/lib/python3.9/site-packages/airflow/example_dags/example_branch_day_of_week_operator.py
[2025-02-23T02:50:41.600-0500] {processor.py:914} INFO - Processing file /home/rafaelrb/anaconda3/lib/python3.9/site-packages/airflow/example_dags/example_branch_day_of_week_operator.py for tasks to queue
[2025-02-23T02:50:41.603-0500] {logging_mixin.py:190} INFO - [2025-02-23T02:50:41.603-0500] {dagbag.py:588} INFO - Filling up the DagBag from /home/rafaelrb/anaconda3/lib/python3.9/site-packages/airflow/example_dags/example_branch_day_of_week_operator.py
[2025-02-23T02:50:41.629-0500] {processor.py:925} INFO - DAG(s) 'example_weekday_branch_operator' retrieved from /home/rafaelrb/anaconda3/lib/python3.9/site-packages/airflow/example_dags/example_branch_day_of_week_operator.py
[2025-02-23T02:50:41.661-0500] {logging_mixin.py:190} INFO - [2025-02-23T02:50:41.660-0500] {dag.py:3239} INFO - Sync 1 DAGs
[2025-02-23T02:50:41.744-0500] {logging_mixin.py:190} INFO - [2025-02-23T02:50:41.744-0500] {dag.py:4180} INFO - Setting next_dagrun for example_weekday_branch_operator to 2025-02-22 00:00:00+00:00, run_after=2025-02-23 00:00:00+00:00
[2025-02-23T02:50:41.807-0500] {processor.py:208} INFO - Processing /home/rafaelrb/anaconda3/lib/python3.9/site-packages/airflow/example_dags/example_branch_day_of_week_operator.py took 0.228 seconds
[2025-02-23T02:51:58.445-0500] {processor.py:186} INFO - Started process (PID=80710) to work on /home/rafaelrb/anaconda3/lib/python3.9/site-packages/airflow/example_dags/example_branch_day_of_week_operator.py
[2025-02-23T02:51:58.449-0500] {processor.py:914} INFO - Processing file /home/rafaelrb/anaconda3/lib/python3.9/site-packages/airflow/example_dags/example_branch_day_of_week_operator.py for tasks to queue
[2025-02-23T02:51:58.454-0500] {logging_mixin.py:190} INFO - [2025-02-23T02:51:58.453-0500] {dagbag.py:588} INFO - Filling up the DagBag from /home/rafaelrb/anaconda3/lib/python3.9/site-packages/airflow/example_dags/example_branch_day_of_week_operator.py
[2025-02-23T02:51:58.494-0500] {processor.py:925} INFO - DAG(s) 'example_weekday_branch_operator' retrieved from /home/rafaelrb/anaconda3/lib/python3.9/site-packages/airflow/example_dags/example_branch_day_of_week_operator.py
[2025-02-23T02:51:58.553-0500] {logging_mixin.py:190} INFO - [2025-02-23T02:51:58.552-0500] {dag.py:3239} INFO - Sync 1 DAGs
[2025-02-23T02:51:58.647-0500] {logging_mixin.py:190} INFO - [2025-02-23T02:51:58.646-0500] {dag.py:4180} INFO - Setting next_dagrun for example_weekday_branch_operator to 2025-02-22 00:00:00+00:00, run_after=2025-02-23 00:00:00+00:00
[2025-02-23T02:51:58.699-0500] {processor.py:208} INFO - Processing /home/rafaelrb/anaconda3/lib/python3.9/site-packages/airflow/example_dags/example_branch_day_of_week_operator.py took 0.285 seconds
[2025-02-23T02:53:06.286-0500] {processor.py:186} INFO - Started process (PID=80922) to work on /home/rafaelrb/anaconda3/lib/python3.9/site-packages/airflow/example_dags/example_branch_day_of_week_operator.py
[2025-02-23T02:53:06.288-0500] {processor.py:914} INFO - Processing file /home/rafaelrb/anaconda3/lib/python3.9/site-packages/airflow/example_dags/example_branch_day_of_week_operator.py for tasks to queue
[2025-02-23T02:53:06.293-0500] {logging_mixin.py:190} INFO - [2025-02-23T02:53:06.292-0500] {dagbag.py:588} INFO - Filling up the DagBag from /home/rafaelrb/anaconda3/lib/python3.9/site-packages/airflow/example_dags/example_branch_day_of_week_operator.py
[2025-02-23T02:53:06.319-0500] {processor.py:925} INFO - DAG(s) 'example_weekday_branch_operator' retrieved from /home/rafaelrb/anaconda3/lib/python3.9/site-packages/airflow/example_dags/example_branch_day_of_week_operator.py
[2025-02-23T02:53:06.353-0500] {logging_mixin.py:190} INFO - [2025-02-23T02:53:06.353-0500] {dag.py:3239} INFO - Sync 1 DAGs
[2025-02-23T02:53:06.398-0500] {logging_mixin.py:190} INFO - [2025-02-23T02:53:06.398-0500] {dag.py:4180} INFO - Setting next_dagrun for example_weekday_branch_operator to 2025-02-22 00:00:00+00:00, run_after=2025-02-23 00:00:00+00:00
[2025-02-23T02:53:06.451-0500] {processor.py:208} INFO - Processing /home/rafaelrb/anaconda3/lib/python3.9/site-packages/airflow/example_dags/example_branch_day_of_week_operator.py took 0.176 seconds
[2025-02-23T02:54:07.981-0500] {processor.py:186} INFO - Started process (PID=81110) to work on /home/rafaelrb/anaconda3/lib/python3.9/site-packages/airflow/example_dags/example_branch_day_of_week_operator.py
[2025-02-23T02:54:07.983-0500] {processor.py:914} INFO - Processing file /home/rafaelrb/anaconda3/lib/python3.9/site-packages/airflow/example_dags/example_branch_day_of_week_operator.py for tasks to queue
[2025-02-23T02:54:07.987-0500] {logging_mixin.py:190} INFO - [2025-02-23T02:54:07.987-0500] {dagbag.py:588} INFO - Filling up the DagBag from /home/rafaelrb/anaconda3/lib/python3.9/site-packages/airflow/example_dags/example_branch_day_of_week_operator.py
[2025-02-23T02:54:08.007-0500] {processor.py:925} INFO - DAG(s) 'example_weekday_branch_operator' retrieved from /home/rafaelrb/anaconda3/lib/python3.9/site-packages/airflow/example_dags/example_branch_day_of_week_operator.py
[2025-02-23T02:54:08.036-0500] {logging_mixin.py:190} INFO - [2025-02-23T02:54:08.035-0500] {dag.py:3239} INFO - Sync 1 DAGs
[2025-02-23T02:54:08.079-0500] {logging_mixin.py:190} INFO - [2025-02-23T02:54:08.079-0500] {dag.py:4180} INFO - Setting next_dagrun for example_weekday_branch_operator to 2025-02-22 00:00:00+00:00, run_after=2025-02-23 00:00:00+00:00
[2025-02-23T02:54:08.130-0500] {processor.py:208} INFO - Processing /home/rafaelrb/anaconda3/lib/python3.9/site-packages/airflow/example_dags/example_branch_day_of_week_operator.py took 0.162 seconds
[2025-02-23T02:55:11.534-0500] {processor.py:186} INFO - Started process (PID=81308) to work on /home/rafaelrb/anaconda3/lib/python3.9/site-packages/airflow/example_dags/example_branch_day_of_week_operator.py
[2025-02-23T02:55:11.536-0500] {processor.py:914} INFO - Processing file /home/rafaelrb/anaconda3/lib/python3.9/site-packages/airflow/example_dags/example_branch_day_of_week_operator.py for tasks to queue
[2025-02-23T02:55:11.539-0500] {logging_mixin.py:190} INFO - [2025-02-23T02:55:11.538-0500] {dagbag.py:588} INFO - Filling up the DagBag from /home/rafaelrb/anaconda3/lib/python3.9/site-packages/airflow/example_dags/example_branch_day_of_week_operator.py
[2025-02-23T02:55:11.553-0500] {processor.py:925} INFO - DAG(s) 'example_weekday_branch_operator' retrieved from /home/rafaelrb/anaconda3/lib/python3.9/site-packages/airflow/example_dags/example_branch_day_of_week_operator.py
[2025-02-23T02:55:11.573-0500] {logging_mixin.py:190} INFO - [2025-02-23T02:55:11.573-0500] {dag.py:3239} INFO - Sync 1 DAGs
[2025-02-23T02:55:11.598-0500] {logging_mixin.py:190} INFO - [2025-02-23T02:55:11.598-0500] {dag.py:4180} INFO - Setting next_dagrun for example_weekday_branch_operator to 2025-02-22 00:00:00+00:00, run_after=2025-02-23 00:00:00+00:00
[2025-02-23T02:55:11.633-0500] {processor.py:208} INFO - Processing /home/rafaelrb/anaconda3/lib/python3.9/site-packages/airflow/example_dags/example_branch_day_of_week_operator.py took 0.108 seconds
[2025-02-23T02:56:14.078-0500] {processor.py:186} INFO - Started process (PID=81494) to work on /home/rafaelrb/anaconda3/lib/python3.9/site-packages/airflow/example_dags/example_branch_day_of_week_operator.py
[2025-02-23T02:56:14.082-0500] {processor.py:914} INFO - Processing file /home/rafaelrb/anaconda3/lib/python3.9/site-packages/airflow/example_dags/example_branch_day_of_week_operator.py for tasks to queue
[2025-02-23T02:56:14.085-0500] {logging_mixin.py:190} INFO - [2025-02-23T02:56:14.084-0500] {dagbag.py:588} INFO - Filling up the DagBag from /home/rafaelrb/anaconda3/lib/python3.9/site-packages/airflow/example_dags/example_branch_day_of_week_operator.py
[2025-02-23T02:56:14.099-0500] {processor.py:925} INFO - DAG(s) 'example_weekday_branch_operator' retrieved from /home/rafaelrb/anaconda3/lib/python3.9/site-packages/airflow/example_dags/example_branch_day_of_week_operator.py
[2025-02-23T02:56:14.122-0500] {logging_mixin.py:190} INFO - [2025-02-23T02:56:14.122-0500] {dag.py:3239} INFO - Sync 1 DAGs
[2025-02-23T02:56:14.154-0500] {logging_mixin.py:190} INFO - [2025-02-23T02:56:14.154-0500] {dag.py:4180} INFO - Setting next_dagrun for example_weekday_branch_operator to 2025-02-22 00:00:00+00:00, run_after=2025-02-23 00:00:00+00:00
[2025-02-23T02:56:14.205-0500] {processor.py:208} INFO - Processing /home/rafaelrb/anaconda3/lib/python3.9/site-packages/airflow/example_dags/example_branch_day_of_week_operator.py took 0.135 seconds
[2025-02-23T02:57:14.018-0500] {processor.py:186} INFO - Started process (PID=81719) to work on /home/rafaelrb/anaconda3/lib/python3.9/site-packages/airflow/example_dags/example_branch_day_of_week_operator.py
[2025-02-23T02:57:14.019-0500] {processor.py:914} INFO - Processing file /home/rafaelrb/anaconda3/lib/python3.9/site-packages/airflow/example_dags/example_branch_day_of_week_operator.py for tasks to queue
[2025-02-23T02:57:14.023-0500] {logging_mixin.py:190} INFO - [2025-02-23T02:57:14.022-0500] {dagbag.py:588} INFO - Filling up the DagBag from /home/rafaelrb/anaconda3/lib/python3.9/site-packages/airflow/example_dags/example_branch_day_of_week_operator.py
[2025-02-23T02:57:14.037-0500] {processor.py:925} INFO - DAG(s) 'example_weekday_branch_operator' retrieved from /home/rafaelrb/anaconda3/lib/python3.9/site-packages/airflow/example_dags/example_branch_day_of_week_operator.py
[2025-02-23T02:57:14.073-0500] {logging_mixin.py:190} INFO - [2025-02-23T02:57:14.072-0500] {dag.py:3239} INFO - Sync 1 DAGs
[2025-02-23T02:57:14.118-0500] {logging_mixin.py:190} INFO - [2025-02-23T02:57:14.118-0500] {dag.py:4180} INFO - Setting next_dagrun for example_weekday_branch_operator to 2025-02-22 00:00:00+00:00, run_after=2025-02-23 00:00:00+00:00
[2025-02-23T02:57:14.168-0500] {processor.py:208} INFO - Processing /home/rafaelrb/anaconda3/lib/python3.9/site-packages/airflow/example_dags/example_branch_day_of_week_operator.py took 0.160 seconds
[2025-02-23T02:58:22.333-0500] {processor.py:186} INFO - Started process (PID=81942) to work on /home/rafaelrb/anaconda3/lib/python3.9/site-packages/airflow/example_dags/example_branch_day_of_week_operator.py
[2025-02-23T02:58:22.340-0500] {processor.py:914} INFO - Processing file /home/rafaelrb/anaconda3/lib/python3.9/site-packages/airflow/example_dags/example_branch_day_of_week_operator.py for tasks to queue
[2025-02-23T02:58:22.343-0500] {logging_mixin.py:190} INFO - [2025-02-23T02:58:22.343-0500] {dagbag.py:588} INFO - Filling up the DagBag from /home/rafaelrb/anaconda3/lib/python3.9/site-packages/airflow/example_dags/example_branch_day_of_week_operator.py
[2025-02-23T02:58:22.356-0500] {processor.py:925} INFO - DAG(s) 'example_weekday_branch_operator' retrieved from /home/rafaelrb/anaconda3/lib/python3.9/site-packages/airflow/example_dags/example_branch_day_of_week_operator.py
[2025-02-23T02:58:22.376-0500] {logging_mixin.py:190} INFO - [2025-02-23T02:58:22.376-0500] {dag.py:3239} INFO - Sync 1 DAGs
[2025-02-23T02:58:22.406-0500] {logging_mixin.py:190} INFO - [2025-02-23T02:58:22.406-0500] {dag.py:4180} INFO - Setting next_dagrun for example_weekday_branch_operator to 2025-02-22 00:00:00+00:00, run_after=2025-02-23 00:00:00+00:00
[2025-02-23T02:58:22.439-0500] {processor.py:208} INFO - Processing /home/rafaelrb/anaconda3/lib/python3.9/site-packages/airflow/example_dags/example_branch_day_of_week_operator.py took 0.114 seconds
[2025-02-23T02:59:21.597-0500] {processor.py:186} INFO - Started process (PID=82123) to work on /home/rafaelrb/anaconda3/lib/python3.9/site-packages/airflow/example_dags/example_branch_day_of_week_operator.py
[2025-02-23T02:59:21.599-0500] {processor.py:914} INFO - Processing file /home/rafaelrb/anaconda3/lib/python3.9/site-packages/airflow/example_dags/example_branch_day_of_week_operator.py for tasks to queue
[2025-02-23T02:59:21.601-0500] {logging_mixin.py:190} INFO - [2025-02-23T02:59:21.601-0500] {dagbag.py:588} INFO - Filling up the DagBag from /home/rafaelrb/anaconda3/lib/python3.9/site-packages/airflow/example_dags/example_branch_day_of_week_operator.py
[2025-02-23T02:59:21.614-0500] {processor.py:925} INFO - DAG(s) 'example_weekday_branch_operator' retrieved from /home/rafaelrb/anaconda3/lib/python3.9/site-packages/airflow/example_dags/example_branch_day_of_week_operator.py
[2025-02-23T02:59:21.633-0500] {logging_mixin.py:190} INFO - [2025-02-23T02:59:21.633-0500] {dag.py:3239} INFO - Sync 1 DAGs
[2025-02-23T02:59:21.659-0500] {logging_mixin.py:190} INFO - [2025-02-23T02:59:21.659-0500] {dag.py:4180} INFO - Setting next_dagrun for example_weekday_branch_operator to 2025-02-22 00:00:00+00:00, run_after=2025-02-23 00:00:00+00:00
[2025-02-23T02:59:21.702-0500] {processor.py:208} INFO - Processing /home/rafaelrb/anaconda3/lib/python3.9/site-packages/airflow/example_dags/example_branch_day_of_week_operator.py took 0.114 seconds
[2025-02-23T03:00:26.506-0500] {processor.py:186} INFO - Started process (PID=82321) to work on /home/rafaelrb/anaconda3/lib/python3.9/site-packages/airflow/example_dags/example_branch_day_of_week_operator.py
[2025-02-23T03:00:26.512-0500] {processor.py:914} INFO - Processing file /home/rafaelrb/anaconda3/lib/python3.9/site-packages/airflow/example_dags/example_branch_day_of_week_operator.py for tasks to queue
[2025-02-23T03:00:26.516-0500] {logging_mixin.py:190} INFO - [2025-02-23T03:00:26.515-0500] {dagbag.py:588} INFO - Filling up the DagBag from /home/rafaelrb/anaconda3/lib/python3.9/site-packages/airflow/example_dags/example_branch_day_of_week_operator.py
[2025-02-23T03:00:26.532-0500] {processor.py:925} INFO - DAG(s) 'example_weekday_branch_operator' retrieved from /home/rafaelrb/anaconda3/lib/python3.9/site-packages/airflow/example_dags/example_branch_day_of_week_operator.py
[2025-02-23T03:00:26.556-0500] {logging_mixin.py:190} INFO - [2025-02-23T03:00:26.556-0500] {dag.py:3239} INFO - Sync 1 DAGs
[2025-02-23T03:00:26.584-0500] {logging_mixin.py:190} INFO - [2025-02-23T03:00:26.584-0500] {dag.py:4180} INFO - Setting next_dagrun for example_weekday_branch_operator to 2025-02-22 00:00:00+00:00, run_after=2025-02-23 00:00:00+00:00
[2025-02-23T03:00:26.617-0500] {processor.py:208} INFO - Processing /home/rafaelrb/anaconda3/lib/python3.9/site-packages/airflow/example_dags/example_branch_day_of_week_operator.py took 0.120 seconds
[2025-02-23T03:01:32.511-0500] {processor.py:186} INFO - Started process (PID=82567) to work on /home/rafaelrb/anaconda3/lib/python3.9/site-packages/airflow/example_dags/example_branch_day_of_week_operator.py
[2025-02-23T03:01:32.514-0500] {processor.py:914} INFO - Processing file /home/rafaelrb/anaconda3/lib/python3.9/site-packages/airflow/example_dags/example_branch_day_of_week_operator.py for tasks to queue
[2025-02-23T03:01:32.517-0500] {logging_mixin.py:190} INFO - [2025-02-23T03:01:32.517-0500] {dagbag.py:588} INFO - Filling up the DagBag from /home/rafaelrb/anaconda3/lib/python3.9/site-packages/airflow/example_dags/example_branch_day_of_week_operator.py
[2025-02-23T03:01:32.535-0500] {processor.py:925} INFO - DAG(s) 'example_weekday_branch_operator' retrieved from /home/rafaelrb/anaconda3/lib/python3.9/site-packages/airflow/example_dags/example_branch_day_of_week_operator.py
[2025-02-23T03:01:32.570-0500] {logging_mixin.py:190} INFO - [2025-02-23T03:01:32.569-0500] {dag.py:3239} INFO - Sync 1 DAGs
[2025-02-23T03:01:32.607-0500] {logging_mixin.py:190} INFO - [2025-02-23T03:01:32.607-0500] {dag.py:4180} INFO - Setting next_dagrun for example_weekday_branch_operator to 2025-02-22 00:00:00+00:00, run_after=2025-02-23 00:00:00+00:00
[2025-02-23T03:01:32.658-0500] {processor.py:208} INFO - Processing /home/rafaelrb/anaconda3/lib/python3.9/site-packages/airflow/example_dags/example_branch_day_of_week_operator.py took 0.161 seconds
[2025-02-23T03:02:47.095-0500] {processor.py:186} INFO - Started process (PID=82825) to work on /home/rafaelrb/anaconda3/lib/python3.9/site-packages/airflow/example_dags/example_branch_day_of_week_operator.py
[2025-02-23T03:02:47.100-0500] {processor.py:914} INFO - Processing file /home/rafaelrb/anaconda3/lib/python3.9/site-packages/airflow/example_dags/example_branch_day_of_week_operator.py for tasks to queue
[2025-02-23T03:02:47.105-0500] {logging_mixin.py:190} INFO - [2025-02-23T03:02:47.104-0500] {dagbag.py:588} INFO - Filling up the DagBag from /home/rafaelrb/anaconda3/lib/python3.9/site-packages/airflow/example_dags/example_branch_day_of_week_operator.py
[2025-02-23T03:02:47.129-0500] {processor.py:925} INFO - DAG(s) 'example_weekday_branch_operator' retrieved from /home/rafaelrb/anaconda3/lib/python3.9/site-packages/airflow/example_dags/example_branch_day_of_week_operator.py
[2025-02-23T03:02:47.285-0500] {logging_mixin.py:190} INFO - [2025-02-23T03:02:47.284-0500] {dag.py:3239} INFO - Sync 1 DAGs
[2025-02-23T03:02:47.610-0500] {logging_mixin.py:190} INFO - [2025-02-23T03:02:47.609-0500] {dag.py:4180} INFO - Setting next_dagrun for example_weekday_branch_operator to 2025-02-22 00:00:00+00:00, run_after=2025-02-23 00:00:00+00:00
[2025-02-23T03:02:47.734-0500] {processor.py:208} INFO - Processing /home/rafaelrb/anaconda3/lib/python3.9/site-packages/airflow/example_dags/example_branch_day_of_week_operator.py took 0.735 seconds
[2025-02-23T03:04:05.029-0500] {processor.py:186} INFO - Started process (PID=83647) to work on /home/rafaelrb/anaconda3/lib/python3.9/site-packages/airflow/example_dags/example_branch_day_of_week_operator.py
[2025-02-23T03:04:05.035-0500] {processor.py:914} INFO - Processing file /home/rafaelrb/anaconda3/lib/python3.9/site-packages/airflow/example_dags/example_branch_day_of_week_operator.py for tasks to queue
[2025-02-23T03:04:05.039-0500] {logging_mixin.py:190} INFO - [2025-02-23T03:04:05.038-0500] {dagbag.py:588} INFO - Filling up the DagBag from /home/rafaelrb/anaconda3/lib/python3.9/site-packages/airflow/example_dags/example_branch_day_of_week_operator.py
[2025-02-23T03:04:05.054-0500] {processor.py:925} INFO - DAG(s) 'example_weekday_branch_operator' retrieved from /home/rafaelrb/anaconda3/lib/python3.9/site-packages/airflow/example_dags/example_branch_day_of_week_operator.py
[2025-02-23T03:04:05.082-0500] {logging_mixin.py:190} INFO - [2025-02-23T03:04:05.081-0500] {dag.py:3239} INFO - Sync 1 DAGs
[2025-02-23T03:04:05.121-0500] {logging_mixin.py:190} INFO - [2025-02-23T03:04:05.120-0500] {dag.py:4180} INFO - Setting next_dagrun for example_weekday_branch_operator to 2025-02-22 00:00:00+00:00, run_after=2025-02-23 00:00:00+00:00
[2025-02-23T03:04:05.153-0500] {processor.py:208} INFO - Processing /home/rafaelrb/anaconda3/lib/python3.9/site-packages/airflow/example_dags/example_branch_day_of_week_operator.py took 0.134 seconds
[2025-02-23T03:05:11.080-0500] {processor.py:186} INFO - Started process (PID=83843) to work on /home/rafaelrb/anaconda3/lib/python3.9/site-packages/airflow/example_dags/example_branch_day_of_week_operator.py
[2025-02-23T03:05:11.083-0500] {processor.py:914} INFO - Processing file /home/rafaelrb/anaconda3/lib/python3.9/site-packages/airflow/example_dags/example_branch_day_of_week_operator.py for tasks to queue
[2025-02-23T03:05:11.087-0500] {logging_mixin.py:190} INFO - [2025-02-23T03:05:11.086-0500] {dagbag.py:588} INFO - Filling up the DagBag from /home/rafaelrb/anaconda3/lib/python3.9/site-packages/airflow/example_dags/example_branch_day_of_week_operator.py
[2025-02-23T03:05:11.103-0500] {processor.py:925} INFO - DAG(s) 'example_weekday_branch_operator' retrieved from /home/rafaelrb/anaconda3/lib/python3.9/site-packages/airflow/example_dags/example_branch_day_of_week_operator.py
[2025-02-23T03:05:11.127-0500] {logging_mixin.py:190} INFO - [2025-02-23T03:05:11.127-0500] {dag.py:3239} INFO - Sync 1 DAGs
[2025-02-23T03:05:11.167-0500] {logging_mixin.py:190} INFO - [2025-02-23T03:05:11.167-0500] {dag.py:4180} INFO - Setting next_dagrun for example_weekday_branch_operator to 2025-02-22 00:00:00+00:00, run_after=2025-02-23 00:00:00+00:00
[2025-02-23T03:05:11.203-0500] {processor.py:208} INFO - Processing /home/rafaelrb/anaconda3/lib/python3.9/site-packages/airflow/example_dags/example_branch_day_of_week_operator.py took 0.130 seconds
[2025-02-23T03:06:14.118-0500] {processor.py:186} INFO - Started process (PID=84041) to work on /home/rafaelrb/anaconda3/lib/python3.9/site-packages/airflow/example_dags/example_branch_day_of_week_operator.py
[2025-02-23T03:06:14.120-0500] {processor.py:914} INFO - Processing file /home/rafaelrb/anaconda3/lib/python3.9/site-packages/airflow/example_dags/example_branch_day_of_week_operator.py for tasks to queue
[2025-02-23T03:06:14.123-0500] {logging_mixin.py:190} INFO - [2025-02-23T03:06:14.122-0500] {dagbag.py:588} INFO - Filling up the DagBag from /home/rafaelrb/anaconda3/lib/python3.9/site-packages/airflow/example_dags/example_branch_day_of_week_operator.py
[2025-02-23T03:06:14.138-0500] {processor.py:925} INFO - DAG(s) 'example_weekday_branch_operator' retrieved from /home/rafaelrb/anaconda3/lib/python3.9/site-packages/airflow/example_dags/example_branch_day_of_week_operator.py
[2025-02-23T03:06:14.160-0500] {logging_mixin.py:190} INFO - [2025-02-23T03:06:14.160-0500] {dag.py:3239} INFO - Sync 1 DAGs
[2025-02-23T03:06:14.196-0500] {logging_mixin.py:190} INFO - [2025-02-23T03:06:14.195-0500] {dag.py:4180} INFO - Setting next_dagrun for example_weekday_branch_operator to 2025-02-22 00:00:00+00:00, run_after=2025-02-23 00:00:00+00:00
[2025-02-23T03:06:14.241-0500] {processor.py:208} INFO - Processing /home/rafaelrb/anaconda3/lib/python3.9/site-packages/airflow/example_dags/example_branch_day_of_week_operator.py took 0.133 seconds
[2025-02-23T03:07:13.865-0500] {processor.py:186} INFO - Started process (PID=84253) to work on /home/rafaelrb/anaconda3/lib/python3.9/site-packages/airflow/example_dags/example_branch_day_of_week_operator.py
[2025-02-23T03:07:13.867-0500] {processor.py:914} INFO - Processing file /home/rafaelrb/anaconda3/lib/python3.9/site-packages/airflow/example_dags/example_branch_day_of_week_operator.py for tasks to queue
[2025-02-23T03:07:13.870-0500] {logging_mixin.py:190} INFO - [2025-02-23T03:07:13.869-0500] {dagbag.py:588} INFO - Filling up the DagBag from /home/rafaelrb/anaconda3/lib/python3.9/site-packages/airflow/example_dags/example_branch_day_of_week_operator.py
[2025-02-23T03:07:13.882-0500] {processor.py:925} INFO - DAG(s) 'example_weekday_branch_operator' retrieved from /home/rafaelrb/anaconda3/lib/python3.9/site-packages/airflow/example_dags/example_branch_day_of_week_operator.py
[2025-02-23T03:07:13.903-0500] {logging_mixin.py:190} INFO - [2025-02-23T03:07:13.903-0500] {dag.py:3239} INFO - Sync 1 DAGs
[2025-02-23T03:07:13.929-0500] {logging_mixin.py:190} INFO - [2025-02-23T03:07:13.928-0500] {dag.py:4180} INFO - Setting next_dagrun for example_weekday_branch_operator to 2025-02-22 00:00:00+00:00, run_after=2025-02-23 00:00:00+00:00
[2025-02-23T03:07:13.963-0500] {processor.py:208} INFO - Processing /home/rafaelrb/anaconda3/lib/python3.9/site-packages/airflow/example_dags/example_branch_day_of_week_operator.py took 0.106 seconds
[2025-02-23T03:08:15.993-0500] {processor.py:186} INFO - Started process (PID=84437) to work on /home/rafaelrb/anaconda3/lib/python3.9/site-packages/airflow/example_dags/example_branch_day_of_week_operator.py
[2025-02-23T03:08:16.000-0500] {processor.py:914} INFO - Processing file /home/rafaelrb/anaconda3/lib/python3.9/site-packages/airflow/example_dags/example_branch_day_of_week_operator.py for tasks to queue
[2025-02-23T03:08:16.005-0500] {logging_mixin.py:190} INFO - [2025-02-23T03:08:16.004-0500] {dagbag.py:588} INFO - Filling up the DagBag from /home/rafaelrb/anaconda3/lib/python3.9/site-packages/airflow/example_dags/example_branch_day_of_week_operator.py
[2025-02-23T03:08:16.022-0500] {processor.py:925} INFO - DAG(s) 'example_weekday_branch_operator' retrieved from /home/rafaelrb/anaconda3/lib/python3.9/site-packages/airflow/example_dags/example_branch_day_of_week_operator.py
[2025-02-23T03:08:16.043-0500] {logging_mixin.py:190} INFO - [2025-02-23T03:08:16.042-0500] {dag.py:3239} INFO - Sync 1 DAGs
[2025-02-23T03:08:16.071-0500] {logging_mixin.py:190} INFO - [2025-02-23T03:08:16.071-0500] {dag.py:4180} INFO - Setting next_dagrun for example_weekday_branch_operator to 2025-02-22 00:00:00+00:00, run_after=2025-02-23 00:00:00+00:00
[2025-02-23T03:08:16.109-0500] {processor.py:208} INFO - Processing /home/rafaelrb/anaconda3/lib/python3.9/site-packages/airflow/example_dags/example_branch_day_of_week_operator.py took 0.125 seconds
[2025-02-23T03:09:19.516-0500] {processor.py:186} INFO - Started process (PID=84664) to work on /home/rafaelrb/anaconda3/lib/python3.9/site-packages/airflow/example_dags/example_branch_day_of_week_operator.py
[2025-02-23T03:09:19.518-0500] {processor.py:914} INFO - Processing file /home/rafaelrb/anaconda3/lib/python3.9/site-packages/airflow/example_dags/example_branch_day_of_week_operator.py for tasks to queue
[2025-02-23T03:09:19.521-0500] {logging_mixin.py:190} INFO - [2025-02-23T03:09:19.520-0500] {dagbag.py:588} INFO - Filling up the DagBag from /home/rafaelrb/anaconda3/lib/python3.9/site-packages/airflow/example_dags/example_branch_day_of_week_operator.py
[2025-02-23T03:09:19.535-0500] {processor.py:925} INFO - DAG(s) 'example_weekday_branch_operator' retrieved from /home/rafaelrb/anaconda3/lib/python3.9/site-packages/airflow/example_dags/example_branch_day_of_week_operator.py
[2025-02-23T03:09:19.555-0500] {logging_mixin.py:190} INFO - [2025-02-23T03:09:19.554-0500] {dag.py:3239} INFO - Sync 1 DAGs
[2025-02-23T03:09:19.581-0500] {logging_mixin.py:190} INFO - [2025-02-23T03:09:19.581-0500] {dag.py:4180} INFO - Setting next_dagrun for example_weekday_branch_operator to 2025-02-22 00:00:00+00:00, run_after=2025-02-23 00:00:00+00:00
[2025-02-23T03:09:19.613-0500] {processor.py:208} INFO - Processing /home/rafaelrb/anaconda3/lib/python3.9/site-packages/airflow/example_dags/example_branch_day_of_week_operator.py took 0.106 seconds
[2025-02-23T03:10:27.841-0500] {processor.py:186} INFO - Started process (PID=84873) to work on /home/rafaelrb/anaconda3/lib/python3.9/site-packages/airflow/example_dags/example_branch_day_of_week_operator.py
[2025-02-23T03:10:27.843-0500] {processor.py:914} INFO - Processing file /home/rafaelrb/anaconda3/lib/python3.9/site-packages/airflow/example_dags/example_branch_day_of_week_operator.py for tasks to queue
[2025-02-23T03:10:27.846-0500] {logging_mixin.py:190} INFO - [2025-02-23T03:10:27.846-0500] {dagbag.py:588} INFO - Filling up the DagBag from /home/rafaelrb/anaconda3/lib/python3.9/site-packages/airflow/example_dags/example_branch_day_of_week_operator.py
[2025-02-23T03:10:27.859-0500] {processor.py:925} INFO - DAG(s) 'example_weekday_branch_operator' retrieved from /home/rafaelrb/anaconda3/lib/python3.9/site-packages/airflow/example_dags/example_branch_day_of_week_operator.py
[2025-02-23T03:10:27.879-0500] {logging_mixin.py:190} INFO - [2025-02-23T03:10:27.878-0500] {dag.py:3239} INFO - Sync 1 DAGs
[2025-02-23T03:10:27.905-0500] {logging_mixin.py:190} INFO - [2025-02-23T03:10:27.904-0500] {dag.py:4180} INFO - Setting next_dagrun for example_weekday_branch_operator to 2025-02-22 00:00:00+00:00, run_after=2025-02-23 00:00:00+00:00
[2025-02-23T03:10:27.939-0500] {processor.py:208} INFO - Processing /home/rafaelrb/anaconda3/lib/python3.9/site-packages/airflow/example_dags/example_branch_day_of_week_operator.py took 0.106 seconds
[2025-02-23T03:11:27.594-0500] {processor.py:186} INFO - Started process (PID=85084) to work on /home/rafaelrb/anaconda3/lib/python3.9/site-packages/airflow/example_dags/example_branch_day_of_week_operator.py
[2025-02-23T03:11:27.601-0500] {processor.py:914} INFO - Processing file /home/rafaelrb/anaconda3/lib/python3.9/site-packages/airflow/example_dags/example_branch_day_of_week_operator.py for tasks to queue
[2025-02-23T03:11:27.604-0500] {logging_mixin.py:190} INFO - [2025-02-23T03:11:27.603-0500] {dagbag.py:588} INFO - Filling up the DagBag from /home/rafaelrb/anaconda3/lib/python3.9/site-packages/airflow/example_dags/example_branch_day_of_week_operator.py
[2025-02-23T03:11:27.616-0500] {processor.py:925} INFO - DAG(s) 'example_weekday_branch_operator' retrieved from /home/rafaelrb/anaconda3/lib/python3.9/site-packages/airflow/example_dags/example_branch_day_of_week_operator.py
[2025-02-23T03:11:27.636-0500] {logging_mixin.py:190} INFO - [2025-02-23T03:11:27.635-0500] {dag.py:3239} INFO - Sync 1 DAGs
[2025-02-23T03:11:27.662-0500] {logging_mixin.py:190} INFO - [2025-02-23T03:11:27.662-0500] {dag.py:4180} INFO - Setting next_dagrun for example_weekday_branch_operator to 2025-02-22 00:00:00+00:00, run_after=2025-02-23 00:00:00+00:00
[2025-02-23T03:11:27.698-0500] {processor.py:208} INFO - Processing /home/rafaelrb/anaconda3/lib/python3.9/site-packages/airflow/example_dags/example_branch_day_of_week_operator.py took 0.112 seconds
[2025-02-23T03:12:33.726-0500] {processor.py:186} INFO - Started process (PID=85287) to work on /home/rafaelrb/anaconda3/lib/python3.9/site-packages/airflow/example_dags/example_branch_day_of_week_operator.py
[2025-02-23T03:12:33.728-0500] {processor.py:914} INFO - Processing file /home/rafaelrb/anaconda3/lib/python3.9/site-packages/airflow/example_dags/example_branch_day_of_week_operator.py for tasks to queue
[2025-02-23T03:12:33.731-0500] {logging_mixin.py:190} INFO - [2025-02-23T03:12:33.730-0500] {dagbag.py:588} INFO - Filling up the DagBag from /home/rafaelrb/anaconda3/lib/python3.9/site-packages/airflow/example_dags/example_branch_day_of_week_operator.py
[2025-02-23T03:12:33.744-0500] {processor.py:925} INFO - DAG(s) 'example_weekday_branch_operator' retrieved from /home/rafaelrb/anaconda3/lib/python3.9/site-packages/airflow/example_dags/example_branch_day_of_week_operator.py
[2025-02-23T03:12:33.764-0500] {logging_mixin.py:190} INFO - [2025-02-23T03:12:33.764-0500] {dag.py:3239} INFO - Sync 1 DAGs
[2025-02-23T03:12:33.791-0500] {logging_mixin.py:190} INFO - [2025-02-23T03:12:33.791-0500] {dag.py:4180} INFO - Setting next_dagrun for example_weekday_branch_operator to 2025-02-22 00:00:00+00:00, run_after=2025-02-23 00:00:00+00:00
[2025-02-23T03:12:33.822-0500] {processor.py:208} INFO - Processing /home/rafaelrb/anaconda3/lib/python3.9/site-packages/airflow/example_dags/example_branch_day_of_week_operator.py took 0.107 seconds
[2025-02-23T03:13:37.325-0500] {processor.py:186} INFO - Started process (PID=85478) to work on /home/rafaelrb/anaconda3/lib/python3.9/site-packages/airflow/example_dags/example_branch_day_of_week_operator.py
[2025-02-23T03:13:37.327-0500] {processor.py:914} INFO - Processing file /home/rafaelrb/anaconda3/lib/python3.9/site-packages/airflow/example_dags/example_branch_day_of_week_operator.py for tasks to queue
[2025-02-23T03:13:37.330-0500] {logging_mixin.py:190} INFO - [2025-02-23T03:13:37.330-0500] {dagbag.py:588} INFO - Filling up the DagBag from /home/rafaelrb/anaconda3/lib/python3.9/site-packages/airflow/example_dags/example_branch_day_of_week_operator.py
[2025-02-23T03:13:37.349-0500] {processor.py:925} INFO - DAG(s) 'example_weekday_branch_operator' retrieved from /home/rafaelrb/anaconda3/lib/python3.9/site-packages/airflow/example_dags/example_branch_day_of_week_operator.py
[2025-02-23T03:13:37.410-0500] {logging_mixin.py:190} INFO - [2025-02-23T03:13:37.409-0500] {dag.py:3239} INFO - Sync 1 DAGs
[2025-02-23T03:13:37.473-0500] {logging_mixin.py:190} INFO - [2025-02-23T03:13:37.472-0500] {dag.py:4180} INFO - Setting next_dagrun for example_weekday_branch_operator to 2025-02-22 00:00:00+00:00, run_after=2025-02-23 00:00:00+00:00
[2025-02-23T03:13:37.540-0500] {processor.py:208} INFO - Processing /home/rafaelrb/anaconda3/lib/python3.9/site-packages/airflow/example_dags/example_branch_day_of_week_operator.py took 0.228 seconds
[2025-02-23T03:14:44.963-0500] {processor.py:186} INFO - Started process (PID=85744) to work on /home/rafaelrb/anaconda3/lib/python3.9/site-packages/airflow/example_dags/example_branch_day_of_week_operator.py
[2025-02-23T03:14:44.965-0500] {processor.py:914} INFO - Processing file /home/rafaelrb/anaconda3/lib/python3.9/site-packages/airflow/example_dags/example_branch_day_of_week_operator.py for tasks to queue
[2025-02-23T03:14:44.968-0500] {logging_mixin.py:190} INFO - [2025-02-23T03:14:44.967-0500] {dagbag.py:588} INFO - Filling up the DagBag from /home/rafaelrb/anaconda3/lib/python3.9/site-packages/airflow/example_dags/example_branch_day_of_week_operator.py
[2025-02-23T03:14:44.981-0500] {processor.py:925} INFO - DAG(s) 'example_weekday_branch_operator' retrieved from /home/rafaelrb/anaconda3/lib/python3.9/site-packages/airflow/example_dags/example_branch_day_of_week_operator.py
[2025-02-23T03:14:45.000-0500] {logging_mixin.py:190} INFO - [2025-02-23T03:14:45.000-0500] {dag.py:3239} INFO - Sync 1 DAGs
[2025-02-23T03:14:45.026-0500] {logging_mixin.py:190} INFO - [2025-02-23T03:14:45.026-0500] {dag.py:4180} INFO - Setting next_dagrun for example_weekday_branch_operator to 2025-02-22 00:00:00+00:00, run_after=2025-02-23 00:00:00+00:00
[2025-02-23T03:14:45.062-0500] {processor.py:208} INFO - Processing /home/rafaelrb/anaconda3/lib/python3.9/site-packages/airflow/example_dags/example_branch_day_of_week_operator.py took 0.107 seconds
[2025-02-23T03:15:52.502-0500] {processor.py:186} INFO - Started process (PID=85953) to work on /home/rafaelrb/anaconda3/lib/python3.9/site-packages/airflow/example_dags/example_branch_day_of_week_operator.py
[2025-02-23T03:15:52.509-0500] {processor.py:914} INFO - Processing file /home/rafaelrb/anaconda3/lib/python3.9/site-packages/airflow/example_dags/example_branch_day_of_week_operator.py for tasks to queue
[2025-02-23T03:15:52.512-0500] {logging_mixin.py:190} INFO - [2025-02-23T03:15:52.512-0500] {dagbag.py:588} INFO - Filling up the DagBag from /home/rafaelrb/anaconda3/lib/python3.9/site-packages/airflow/example_dags/example_branch_day_of_week_operator.py
[2025-02-23T03:15:52.524-0500] {processor.py:925} INFO - DAG(s) 'example_weekday_branch_operator' retrieved from /home/rafaelrb/anaconda3/lib/python3.9/site-packages/airflow/example_dags/example_branch_day_of_week_operator.py
[2025-02-23T03:15:52.544-0500] {logging_mixin.py:190} INFO - [2025-02-23T03:15:52.543-0500] {dag.py:3239} INFO - Sync 1 DAGs
[2025-02-23T03:15:52.570-0500] {logging_mixin.py:190} INFO - [2025-02-23T03:15:52.570-0500] {dag.py:4180} INFO - Setting next_dagrun for example_weekday_branch_operator to 2025-02-22 00:00:00+00:00, run_after=2025-02-23 00:00:00+00:00
[2025-02-23T03:15:52.608-0500] {processor.py:208} INFO - Processing /home/rafaelrb/anaconda3/lib/python3.9/site-packages/airflow/example_dags/example_branch_day_of_week_operator.py took 0.113 seconds
[2025-02-23T03:16:50.970-0500] {processor.py:186} INFO - Started process (PID=86170) to work on /home/rafaelrb/anaconda3/lib/python3.9/site-packages/airflow/example_dags/example_branch_day_of_week_operator.py
[2025-02-23T03:16:50.972-0500] {processor.py:914} INFO - Processing file /home/rafaelrb/anaconda3/lib/python3.9/site-packages/airflow/example_dags/example_branch_day_of_week_operator.py for tasks to queue
[2025-02-23T03:16:50.975-0500] {logging_mixin.py:190} INFO - [2025-02-23T03:16:50.975-0500] {dagbag.py:588} INFO - Filling up the DagBag from /home/rafaelrb/anaconda3/lib/python3.9/site-packages/airflow/example_dags/example_branch_day_of_week_operator.py
[2025-02-23T03:16:50.993-0500] {processor.py:925} INFO - DAG(s) 'example_weekday_branch_operator' retrieved from /home/rafaelrb/anaconda3/lib/python3.9/site-packages/airflow/example_dags/example_branch_day_of_week_operator.py
[2025-02-23T03:16:51.015-0500] {logging_mixin.py:190} INFO - [2025-02-23T03:16:51.015-0500] {dag.py:3239} INFO - Sync 1 DAGs
[2025-02-23T03:16:51.040-0500] {logging_mixin.py:190} INFO - [2025-02-23T03:16:51.040-0500] {dag.py:4180} INFO - Setting next_dagrun for example_weekday_branch_operator to 2025-02-22 00:00:00+00:00, run_after=2025-02-23 00:00:00+00:00
[2025-02-23T03:16:51.080-0500] {processor.py:208} INFO - Processing /home/rafaelrb/anaconda3/lib/python3.9/site-packages/airflow/example_dags/example_branch_day_of_week_operator.py took 0.118 seconds
[2025-02-23T03:17:53.373-0500] {processor.py:186} INFO - Started process (PID=86372) to work on /home/rafaelrb/anaconda3/lib/python3.9/site-packages/airflow/example_dags/example_branch_day_of_week_operator.py
[2025-02-23T03:17:53.381-0500] {processor.py:914} INFO - Processing file /home/rafaelrb/anaconda3/lib/python3.9/site-packages/airflow/example_dags/example_branch_day_of_week_operator.py for tasks to queue
[2025-02-23T03:17:53.383-0500] {logging_mixin.py:190} INFO - [2025-02-23T03:17:53.383-0500] {dagbag.py:588} INFO - Filling up the DagBag from /home/rafaelrb/anaconda3/lib/python3.9/site-packages/airflow/example_dags/example_branch_day_of_week_operator.py
[2025-02-23T03:17:53.397-0500] {processor.py:925} INFO - DAG(s) 'example_weekday_branch_operator' retrieved from /home/rafaelrb/anaconda3/lib/python3.9/site-packages/airflow/example_dags/example_branch_day_of_week_operator.py
[2025-02-23T03:17:53.419-0500] {logging_mixin.py:190} INFO - [2025-02-23T03:17:53.419-0500] {dag.py:3239} INFO - Sync 1 DAGs
[2025-02-23T03:17:53.447-0500] {logging_mixin.py:190} INFO - [2025-02-23T03:17:53.447-0500] {dag.py:4180} INFO - Setting next_dagrun for example_weekday_branch_operator to 2025-02-22 00:00:00+00:00, run_after=2025-02-23 00:00:00+00:00
[2025-02-23T03:17:53.478-0500] {processor.py:208} INFO - Processing /home/rafaelrb/anaconda3/lib/python3.9/site-packages/airflow/example_dags/example_branch_day_of_week_operator.py took 0.113 seconds
[2025-02-23T03:18:55.589-0500] {processor.py:186} INFO - Started process (PID=86687) to work on /home/rafaelrb/anaconda3/lib/python3.9/site-packages/airflow/example_dags/example_branch_day_of_week_operator.py
[2025-02-23T03:18:55.593-0500] {processor.py:914} INFO - Processing file /home/rafaelrb/anaconda3/lib/python3.9/site-packages/airflow/example_dags/example_branch_day_of_week_operator.py for tasks to queue
[2025-02-23T03:18:55.598-0500] {logging_mixin.py:190} INFO - [2025-02-23T03:18:55.597-0500] {dagbag.py:588} INFO - Filling up the DagBag from /home/rafaelrb/anaconda3/lib/python3.9/site-packages/airflow/example_dags/example_branch_day_of_week_operator.py
[2025-02-23T03:18:55.616-0500] {processor.py:925} INFO - DAG(s) 'example_weekday_branch_operator' retrieved from /home/rafaelrb/anaconda3/lib/python3.9/site-packages/airflow/example_dags/example_branch_day_of_week_operator.py
[2025-02-23T03:18:55.641-0500] {logging_mixin.py:190} INFO - [2025-02-23T03:18:55.641-0500] {dag.py:3239} INFO - Sync 1 DAGs
[2025-02-23T03:18:55.676-0500] {logging_mixin.py:190} INFO - [2025-02-23T03:18:55.675-0500] {dag.py:4180} INFO - Setting next_dagrun for example_weekday_branch_operator to 2025-02-22 00:00:00+00:00, run_after=2025-02-23 00:00:00+00:00
[2025-02-23T03:18:55.713-0500] {processor.py:208} INFO - Processing /home/rafaelrb/anaconda3/lib/python3.9/site-packages/airflow/example_dags/example_branch_day_of_week_operator.py took 0.133 seconds
