[2025-02-22T23:43:22.559-0500] {processor.py:186} INFO - Started process (PID=26582) to work on /home/rafaelrb/anaconda3/lib/python3.9/site-packages/airflow/example_dags/example_kubernetes_executor.py
[2025-02-22T23:43:22.560-0500] {processor.py:914} INFO - Processing file /home/rafaelrb/anaconda3/lib/python3.9/site-packages/airflow/example_dags/example_kubernetes_executor.py for tasks to queue
[2025-02-22T23:43:22.563-0500] {logging_mixin.py:190} INFO - [2025-02-22T23:43:22.563-0500] {dagbag.py:588} INFO - Filling up the DagBag from /home/rafaelrb/anaconda3/lib/python3.9/site-packages/airflow/example_dags/example_kubernetes_executor.py
[2025-02-22T23:43:22.568-0500] {logging_mixin.py:190} INFO - [2025-02-22T23:43:22.568-0500] {example_kubernetes_executor.py:39} WARNING - The example_kubernetes_executor example DAG requires the kubernetes provider. Please install it with: pip install apache-airflow[cncf.kubernetes]
[2025-02-22T23:43:22.569-0500] {processor.py:927} WARNING - No viable dags retrieved from /home/rafaelrb/anaconda3/lib/python3.9/site-packages/airflow/example_dags/example_kubernetes_executor.py
[2025-02-22T23:43:22.586-0500] {processor.py:208} INFO - Processing /home/rafaelrb/anaconda3/lib/python3.9/site-packages/airflow/example_dags/example_kubernetes_executor.py took 0.036 seconds
[2025-02-22T23:44:32.405-0500] {processor.py:186} INFO - Started process (PID=27049) to work on /home/rafaelrb/anaconda3/lib/python3.9/site-packages/airflow/example_dags/example_kubernetes_executor.py
[2025-02-22T23:44:32.407-0500] {processor.py:914} INFO - Processing file /home/rafaelrb/anaconda3/lib/python3.9/site-packages/airflow/example_dags/example_kubernetes_executor.py for tasks to queue
[2025-02-22T23:44:32.412-0500] {logging_mixin.py:190} INFO - [2025-02-22T23:44:32.411-0500] {dagbag.py:588} INFO - Filling up the DagBag from /home/rafaelrb/anaconda3/lib/python3.9/site-packages/airflow/example_dags/example_kubernetes_executor.py
[2025-02-22T23:44:32.419-0500] {logging_mixin.py:190} INFO - [2025-02-22T23:44:32.418-0500] {example_kubernetes_executor.py:39} WARNING - The example_kubernetes_executor example DAG requires the kubernetes provider. Please install it with: pip install apache-airflow[cncf.kubernetes]
[2025-02-22T23:44:32.419-0500] {processor.py:927} WARNING - No viable dags retrieved from /home/rafaelrb/anaconda3/lib/python3.9/site-packages/airflow/example_dags/example_kubernetes_executor.py
[2025-02-22T23:44:32.434-0500] {processor.py:208} INFO - Processing /home/rafaelrb/anaconda3/lib/python3.9/site-packages/airflow/example_dags/example_kubernetes_executor.py took 0.050 seconds
[2025-02-22T23:49:07.186-0500] {processor.py:186} INFO - Started process (PID=27713) to work on /home/rafaelrb/anaconda3/lib/python3.9/site-packages/airflow/example_dags/example_kubernetes_executor.py
[2025-02-22T23:49:07.188-0500] {processor.py:914} INFO - Processing file /home/rafaelrb/anaconda3/lib/python3.9/site-packages/airflow/example_dags/example_kubernetes_executor.py for tasks to queue
[2025-02-22T23:49:07.192-0500] {logging_mixin.py:190} INFO - [2025-02-22T23:49:07.191-0500] {dagbag.py:588} INFO - Filling up the DagBag from /home/rafaelrb/anaconda3/lib/python3.9/site-packages/airflow/example_dags/example_kubernetes_executor.py
[2025-02-22T23:49:07.197-0500] {logging_mixin.py:190} INFO - [2025-02-22T23:49:07.197-0500] {example_kubernetes_executor.py:39} WARNING - The example_kubernetes_executor example DAG requires the kubernetes provider. Please install it with: pip install apache-airflow[cncf.kubernetes]
[2025-02-22T23:49:07.198-0500] {processor.py:927} WARNING - No viable dags retrieved from /home/rafaelrb/anaconda3/lib/python3.9/site-packages/airflow/example_dags/example_kubernetes_executor.py
[2025-02-22T23:49:07.212-0500] {processor.py:208} INFO - Processing /home/rafaelrb/anaconda3/lib/python3.9/site-packages/airflow/example_dags/example_kubernetes_executor.py took 0.038 seconds
[2025-02-22T23:50:10.236-0500] {processor.py:186} INFO - Started process (PID=28144) to work on /home/rafaelrb/anaconda3/lib/python3.9/site-packages/airflow/example_dags/example_kubernetes_executor.py
[2025-02-22T23:50:10.238-0500] {processor.py:914} INFO - Processing file /home/rafaelrb/anaconda3/lib/python3.9/site-packages/airflow/example_dags/example_kubernetes_executor.py for tasks to queue
[2025-02-22T23:50:10.240-0500] {logging_mixin.py:190} INFO - [2025-02-22T23:50:10.240-0500] {dagbag.py:588} INFO - Filling up the DagBag from /home/rafaelrb/anaconda3/lib/python3.9/site-packages/airflow/example_dags/example_kubernetes_executor.py
[2025-02-22T23:50:10.245-0500] {logging_mixin.py:190} INFO - [2025-02-22T23:50:10.245-0500] {example_kubernetes_executor.py:39} WARNING - The example_kubernetes_executor example DAG requires the kubernetes provider. Please install it with: pip install apache-airflow[cncf.kubernetes]
[2025-02-22T23:50:10.246-0500] {processor.py:927} WARNING - No viable dags retrieved from /home/rafaelrb/anaconda3/lib/python3.9/site-packages/airflow/example_dags/example_kubernetes_executor.py
[2025-02-22T23:50:10.260-0500] {processor.py:208} INFO - Processing /home/rafaelrb/anaconda3/lib/python3.9/site-packages/airflow/example_dags/example_kubernetes_executor.py took 0.032 seconds
[2025-02-22T23:51:06.863-0500] {processor.py:186} INFO - Started process (PID=28527) to work on /home/rafaelrb/anaconda3/lib/python3.9/site-packages/airflow/example_dags/example_kubernetes_executor.py
[2025-02-22T23:51:06.865-0500] {processor.py:914} INFO - Processing file /home/rafaelrb/anaconda3/lib/python3.9/site-packages/airflow/example_dags/example_kubernetes_executor.py for tasks to queue
[2025-02-22T23:51:06.869-0500] {logging_mixin.py:190} INFO - [2025-02-22T23:51:06.868-0500] {dagbag.py:588} INFO - Filling up the DagBag from /home/rafaelrb/anaconda3/lib/python3.9/site-packages/airflow/example_dags/example_kubernetes_executor.py
[2025-02-22T23:51:06.875-0500] {logging_mixin.py:190} INFO - [2025-02-22T23:51:06.875-0500] {example_kubernetes_executor.py:39} WARNING - The example_kubernetes_executor example DAG requires the kubernetes provider. Please install it with: pip install apache-airflow[cncf.kubernetes]
[2025-02-22T23:51:06.875-0500] {processor.py:927} WARNING - No viable dags retrieved from /home/rafaelrb/anaconda3/lib/python3.9/site-packages/airflow/example_dags/example_kubernetes_executor.py
[2025-02-22T23:51:06.889-0500] {processor.py:208} INFO - Processing /home/rafaelrb/anaconda3/lib/python3.9/site-packages/airflow/example_dags/example_kubernetes_executor.py took 0.037 seconds
[2025-02-22T23:52:05.117-0500] {processor.py:186} INFO - Started process (PID=28955) to work on /home/rafaelrb/anaconda3/lib/python3.9/site-packages/airflow/example_dags/example_kubernetes_executor.py
[2025-02-22T23:52:05.120-0500] {processor.py:914} INFO - Processing file /home/rafaelrb/anaconda3/lib/python3.9/site-packages/airflow/example_dags/example_kubernetes_executor.py for tasks to queue
[2025-02-22T23:52:05.122-0500] {logging_mixin.py:190} INFO - [2025-02-22T23:52:05.122-0500] {dagbag.py:588} INFO - Filling up the DagBag from /home/rafaelrb/anaconda3/lib/python3.9/site-packages/airflow/example_dags/example_kubernetes_executor.py
[2025-02-22T23:52:05.127-0500] {logging_mixin.py:190} INFO - [2025-02-22T23:52:05.127-0500] {example_kubernetes_executor.py:39} WARNING - The example_kubernetes_executor example DAG requires the kubernetes provider. Please install it with: pip install apache-airflow[cncf.kubernetes]
[2025-02-22T23:52:05.128-0500] {processor.py:927} WARNING - No viable dags retrieved from /home/rafaelrb/anaconda3/lib/python3.9/site-packages/airflow/example_dags/example_kubernetes_executor.py
[2025-02-22T23:52:05.141-0500] {processor.py:208} INFO - Processing /home/rafaelrb/anaconda3/lib/python3.9/site-packages/airflow/example_dags/example_kubernetes_executor.py took 0.033 seconds
[2025-02-22T23:53:07.094-0500] {processor.py:186} INFO - Started process (PID=29383) to work on /home/rafaelrb/anaconda3/lib/python3.9/site-packages/airflow/example_dags/example_kubernetes_executor.py
[2025-02-22T23:53:07.096-0500] {processor.py:914} INFO - Processing file /home/rafaelrb/anaconda3/lib/python3.9/site-packages/airflow/example_dags/example_kubernetes_executor.py for tasks to queue
[2025-02-22T23:53:07.098-0500] {logging_mixin.py:190} INFO - [2025-02-22T23:53:07.098-0500] {dagbag.py:588} INFO - Filling up the DagBag from /home/rafaelrb/anaconda3/lib/python3.9/site-packages/airflow/example_dags/example_kubernetes_executor.py
[2025-02-22T23:53:07.103-0500] {logging_mixin.py:190} INFO - [2025-02-22T23:53:07.103-0500] {example_kubernetes_executor.py:39} WARNING - The example_kubernetes_executor example DAG requires the kubernetes provider. Please install it with: pip install apache-airflow[cncf.kubernetes]
[2025-02-22T23:53:07.103-0500] {processor.py:927} WARNING - No viable dags retrieved from /home/rafaelrb/anaconda3/lib/python3.9/site-packages/airflow/example_dags/example_kubernetes_executor.py
[2025-02-22T23:53:07.116-0500] {processor.py:208} INFO - Processing /home/rafaelrb/anaconda3/lib/python3.9/site-packages/airflow/example_dags/example_kubernetes_executor.py took 0.032 seconds
[2025-02-22T23:53:40.656-0500] {processor.py:186} INFO - Started process (PID=29629) to work on /home/rafaelrb/anaconda3/lib/python3.9/site-packages/airflow/example_dags/example_kubernetes_executor.py
[2025-02-22T23:53:40.661-0500] {processor.py:914} INFO - Processing file /home/rafaelrb/anaconda3/lib/python3.9/site-packages/airflow/example_dags/example_kubernetes_executor.py for tasks to queue
[2025-02-22T23:53:40.666-0500] {logging_mixin.py:190} INFO - [2025-02-22T23:53:40.665-0500] {dagbag.py:588} INFO - Filling up the DagBag from /home/rafaelrb/anaconda3/lib/python3.9/site-packages/airflow/example_dags/example_kubernetes_executor.py
[2025-02-22T23:53:40.676-0500] {logging_mixin.py:190} INFO - [2025-02-22T23:53:40.676-0500] {example_kubernetes_executor.py:39} WARNING - The example_kubernetes_executor example DAG requires the kubernetes provider. Please install it with: pip install apache-airflow[cncf.kubernetes]
[2025-02-22T23:53:40.677-0500] {processor.py:927} WARNING - No viable dags retrieved from /home/rafaelrb/anaconda3/lib/python3.9/site-packages/airflow/example_dags/example_kubernetes_executor.py
[2025-02-22T23:53:40.692-0500] {processor.py:208} INFO - Processing /home/rafaelrb/anaconda3/lib/python3.9/site-packages/airflow/example_dags/example_kubernetes_executor.py took 0.046 seconds
[2025-02-22T23:54:46.495-0500] {processor.py:186} INFO - Started process (PID=30096) to work on /home/rafaelrb/anaconda3/lib/python3.9/site-packages/airflow/example_dags/example_kubernetes_executor.py
[2025-02-22T23:54:46.498-0500] {processor.py:914} INFO - Processing file /home/rafaelrb/anaconda3/lib/python3.9/site-packages/airflow/example_dags/example_kubernetes_executor.py for tasks to queue
[2025-02-22T23:54:46.501-0500] {logging_mixin.py:190} INFO - [2025-02-22T23:54:46.500-0500] {dagbag.py:588} INFO - Filling up the DagBag from /home/rafaelrb/anaconda3/lib/python3.9/site-packages/airflow/example_dags/example_kubernetes_executor.py
[2025-02-22T23:54:46.507-0500] {logging_mixin.py:190} INFO - [2025-02-22T23:54:46.506-0500] {example_kubernetes_executor.py:39} WARNING - The example_kubernetes_executor example DAG requires the kubernetes provider. Please install it with: pip install apache-airflow[cncf.kubernetes]
[2025-02-22T23:54:46.507-0500] {processor.py:927} WARNING - No viable dags retrieved from /home/rafaelrb/anaconda3/lib/python3.9/site-packages/airflow/example_dags/example_kubernetes_executor.py
[2025-02-22T23:54:46.522-0500] {processor.py:208} INFO - Processing /home/rafaelrb/anaconda3/lib/python3.9/site-packages/airflow/example_dags/example_kubernetes_executor.py took 0.035 seconds
[2025-02-22T23:57:57.716-0500] {processor.py:186} INFO - Started process (PID=30643) to work on /home/rafaelrb/anaconda3/lib/python3.9/site-packages/airflow/example_dags/example_kubernetes_executor.py
[2025-02-22T23:57:57.724-0500] {processor.py:914} INFO - Processing file /home/rafaelrb/anaconda3/lib/python3.9/site-packages/airflow/example_dags/example_kubernetes_executor.py for tasks to queue
[2025-02-22T23:57:57.745-0500] {logging_mixin.py:190} INFO - [2025-02-22T23:57:57.726-0500] {dagbag.py:588} INFO - Filling up the DagBag from /home/rafaelrb/anaconda3/lib/python3.9/site-packages/airflow/example_dags/example_kubernetes_executor.py
[2025-02-22T23:57:57.762-0500] {logging_mixin.py:190} INFO - [2025-02-22T23:57:57.761-0500] {example_kubernetes_executor.py:39} WARNING - The example_kubernetes_executor example DAG requires the kubernetes provider. Please install it with: pip install apache-airflow[cncf.kubernetes]
[2025-02-22T23:57:57.762-0500] {processor.py:927} WARNING - No viable dags retrieved from /home/rafaelrb/anaconda3/lib/python3.9/site-packages/airflow/example_dags/example_kubernetes_executor.py
[2025-02-22T23:57:57.790-0500] {processor.py:208} INFO - Processing /home/rafaelrb/anaconda3/lib/python3.9/site-packages/airflow/example_dags/example_kubernetes_executor.py took 0.103 seconds
[2025-02-22T23:58:43.867-0500] {processor.py:186} INFO - Started process (PID=30914) to work on /home/rafaelrb/anaconda3/lib/python3.9/site-packages/airflow/example_dags/example_kubernetes_executor.py
[2025-02-22T23:58:43.870-0500] {processor.py:914} INFO - Processing file /home/rafaelrb/anaconda3/lib/python3.9/site-packages/airflow/example_dags/example_kubernetes_executor.py for tasks to queue
[2025-02-22T23:58:43.874-0500] {logging_mixin.py:190} INFO - [2025-02-22T23:58:43.873-0500] {dagbag.py:588} INFO - Filling up the DagBag from /home/rafaelrb/anaconda3/lib/python3.9/site-packages/airflow/example_dags/example_kubernetes_executor.py
[2025-02-22T23:58:43.880-0500] {logging_mixin.py:190} INFO - [2025-02-22T23:58:43.880-0500] {example_kubernetes_executor.py:39} WARNING - The example_kubernetes_executor example DAG requires the kubernetes provider. Please install it with: pip install apache-airflow[cncf.kubernetes]
[2025-02-22T23:58:43.881-0500] {processor.py:927} WARNING - No viable dags retrieved from /home/rafaelrb/anaconda3/lib/python3.9/site-packages/airflow/example_dags/example_kubernetes_executor.py
[2025-02-22T23:58:43.899-0500] {processor.py:208} INFO - Processing /home/rafaelrb/anaconda3/lib/python3.9/site-packages/airflow/example_dags/example_kubernetes_executor.py took 0.044 seconds
[2025-02-22T23:59:56.087-0500] {processor.py:186} INFO - Started process (PID=31359) to work on /home/rafaelrb/anaconda3/lib/python3.9/site-packages/airflow/example_dags/example_kubernetes_executor.py
[2025-02-22T23:59:56.208-0500] {processor.py:914} INFO - Processing file /home/rafaelrb/anaconda3/lib/python3.9/site-packages/airflow/example_dags/example_kubernetes_executor.py for tasks to queue
[2025-02-22T23:59:56.222-0500] {logging_mixin.py:190} INFO - [2025-02-22T23:59:56.221-0500] {dagbag.py:588} INFO - Filling up the DagBag from /home/rafaelrb/anaconda3/lib/python3.9/site-packages/airflow/example_dags/example_kubernetes_executor.py
[2025-02-22T23:59:56.243-0500] {logging_mixin.py:190} INFO - [2025-02-22T23:59:56.242-0500] {example_kubernetes_executor.py:39} WARNING - The example_kubernetes_executor example DAG requires the kubernetes provider. Please install it with: pip install apache-airflow[cncf.kubernetes]
[2025-02-22T23:59:56.244-0500] {processor.py:927} WARNING - No viable dags retrieved from /home/rafaelrb/anaconda3/lib/python3.9/site-packages/airflow/example_dags/example_kubernetes_executor.py
[2025-02-22T23:59:56.318-0500] {processor.py:208} INFO - Processing /home/rafaelrb/anaconda3/lib/python3.9/site-packages/airflow/example_dags/example_kubernetes_executor.py took 0.243 seconds
[2025-02-23T00:01:12.636-0500] {processor.py:186} INFO - Started process (PID=31904) to work on /home/rafaelrb/anaconda3/lib/python3.9/site-packages/airflow/example_dags/example_kubernetes_executor.py
[2025-02-23T00:01:12.638-0500] {processor.py:914} INFO - Processing file /home/rafaelrb/anaconda3/lib/python3.9/site-packages/airflow/example_dags/example_kubernetes_executor.py for tasks to queue
[2025-02-23T00:01:12.640-0500] {logging_mixin.py:190} INFO - [2025-02-23T00:01:12.640-0500] {dagbag.py:588} INFO - Filling up the DagBag from /home/rafaelrb/anaconda3/lib/python3.9/site-packages/airflow/example_dags/example_kubernetes_executor.py
[2025-02-23T00:01:12.648-0500] {logging_mixin.py:190} INFO - [2025-02-23T00:01:12.648-0500] {example_kubernetes_executor.py:39} WARNING - The example_kubernetes_executor example DAG requires the kubernetes provider. Please install it with: pip install apache-airflow[cncf.kubernetes]
[2025-02-23T00:01:12.649-0500] {processor.py:927} WARNING - No viable dags retrieved from /home/rafaelrb/anaconda3/lib/python3.9/site-packages/airflow/example_dags/example_kubernetes_executor.py
[2025-02-23T00:01:12.664-0500] {processor.py:208} INFO - Processing /home/rafaelrb/anaconda3/lib/python3.9/site-packages/airflow/example_dags/example_kubernetes_executor.py took 0.037 seconds
[2025-02-23T00:11:07.421-0500] {processor.py:186} INFO - Started process (PID=34408) to work on /home/rafaelrb/anaconda3/lib/python3.9/site-packages/airflow/example_dags/example_kubernetes_executor.py
[2025-02-23T00:11:07.423-0500] {processor.py:914} INFO - Processing file /home/rafaelrb/anaconda3/lib/python3.9/site-packages/airflow/example_dags/example_kubernetes_executor.py for tasks to queue
[2025-02-23T00:11:07.425-0500] {logging_mixin.py:190} INFO - [2025-02-23T00:11:07.425-0500] {dagbag.py:588} INFO - Filling up the DagBag from /home/rafaelrb/anaconda3/lib/python3.9/site-packages/airflow/example_dags/example_kubernetes_executor.py
[2025-02-23T00:11:07.430-0500] {logging_mixin.py:190} INFO - [2025-02-23T00:11:07.429-0500] {example_kubernetes_executor.py:39} WARNING - The example_kubernetes_executor example DAG requires the kubernetes provider. Please install it with: pip install apache-airflow[cncf.kubernetes]
[2025-02-23T00:11:07.430-0500] {processor.py:927} WARNING - No viable dags retrieved from /home/rafaelrb/anaconda3/lib/python3.9/site-packages/airflow/example_dags/example_kubernetes_executor.py
[2025-02-23T00:11:07.443-0500] {processor.py:208} INFO - Processing /home/rafaelrb/anaconda3/lib/python3.9/site-packages/airflow/example_dags/example_kubernetes_executor.py took 0.030 seconds
[2025-02-23T00:12:07.582-0500] {processor.py:186} INFO - Started process (PID=34500) to work on /home/rafaelrb/anaconda3/lib/python3.9/site-packages/airflow/example_dags/example_kubernetes_executor.py
[2025-02-23T00:12:07.589-0500] {processor.py:914} INFO - Processing file /home/rafaelrb/anaconda3/lib/python3.9/site-packages/airflow/example_dags/example_kubernetes_executor.py for tasks to queue
[2025-02-23T00:12:07.593-0500] {logging_mixin.py:190} INFO - [2025-02-23T00:12:07.592-0500] {dagbag.py:588} INFO - Filling up the DagBag from /home/rafaelrb/anaconda3/lib/python3.9/site-packages/airflow/example_dags/example_kubernetes_executor.py
[2025-02-23T00:12:07.597-0500] {logging_mixin.py:190} INFO - [2025-02-23T00:12:07.596-0500] {example_kubernetes_executor.py:39} WARNING - The example_kubernetes_executor example DAG requires the kubernetes provider. Please install it with: pip install apache-airflow[cncf.kubernetes]
[2025-02-23T00:12:07.597-0500] {processor.py:927} WARNING - No viable dags retrieved from /home/rafaelrb/anaconda3/lib/python3.9/site-packages/airflow/example_dags/example_kubernetes_executor.py
[2025-02-23T00:12:07.611-0500] {processor.py:208} INFO - Processing /home/rafaelrb/anaconda3/lib/python3.9/site-packages/airflow/example_dags/example_kubernetes_executor.py took 0.045 seconds
[2025-02-23T00:13:23.362-0500] {processor.py:186} INFO - Started process (PID=34609) to work on /home/rafaelrb/anaconda3/lib/python3.9/site-packages/airflow/example_dags/example_kubernetes_executor.py
[2025-02-23T00:13:23.364-0500] {processor.py:914} INFO - Processing file /home/rafaelrb/anaconda3/lib/python3.9/site-packages/airflow/example_dags/example_kubernetes_executor.py for tasks to queue
[2025-02-23T00:13:23.367-0500] {logging_mixin.py:190} INFO - [2025-02-23T00:13:23.366-0500] {dagbag.py:588} INFO - Filling up the DagBag from /home/rafaelrb/anaconda3/lib/python3.9/site-packages/airflow/example_dags/example_kubernetes_executor.py
[2025-02-23T00:13:23.372-0500] {logging_mixin.py:190} INFO - [2025-02-23T00:13:23.372-0500] {example_kubernetes_executor.py:39} WARNING - The example_kubernetes_executor example DAG requires the kubernetes provider. Please install it with: pip install apache-airflow[cncf.kubernetes]
[2025-02-23T00:13:23.372-0500] {processor.py:927} WARNING - No viable dags retrieved from /home/rafaelrb/anaconda3/lib/python3.9/site-packages/airflow/example_dags/example_kubernetes_executor.py
[2025-02-23T00:13:23.386-0500] {processor.py:208} INFO - Processing /home/rafaelrb/anaconda3/lib/python3.9/site-packages/airflow/example_dags/example_kubernetes_executor.py took 0.032 seconds
[2025-02-23T00:14:19.766-0500] {processor.py:186} INFO - Started process (PID=34684) to work on /home/rafaelrb/anaconda3/lib/python3.9/site-packages/airflow/example_dags/example_kubernetes_executor.py
[2025-02-23T00:14:19.769-0500] {processor.py:914} INFO - Processing file /home/rafaelrb/anaconda3/lib/python3.9/site-packages/airflow/example_dags/example_kubernetes_executor.py for tasks to queue
[2025-02-23T00:14:19.772-0500] {logging_mixin.py:190} INFO - [2025-02-23T00:14:19.772-0500] {dagbag.py:588} INFO - Filling up the DagBag from /home/rafaelrb/anaconda3/lib/python3.9/site-packages/airflow/example_dags/example_kubernetes_executor.py
[2025-02-23T00:14:19.777-0500] {logging_mixin.py:190} INFO - [2025-02-23T00:14:19.776-0500] {example_kubernetes_executor.py:39} WARNING - The example_kubernetes_executor example DAG requires the kubernetes provider. Please install it with: pip install apache-airflow[cncf.kubernetes]
[2025-02-23T00:14:19.777-0500] {processor.py:927} WARNING - No viable dags retrieved from /home/rafaelrb/anaconda3/lib/python3.9/site-packages/airflow/example_dags/example_kubernetes_executor.py
[2025-02-23T00:14:19.791-0500] {processor.py:208} INFO - Processing /home/rafaelrb/anaconda3/lib/python3.9/site-packages/airflow/example_dags/example_kubernetes_executor.py took 0.033 seconds
[2025-02-23T00:15:29.330-0500] {processor.py:186} INFO - Started process (PID=34778) to work on /home/rafaelrb/anaconda3/lib/python3.9/site-packages/airflow/example_dags/example_kubernetes_executor.py
[2025-02-23T00:15:29.336-0500] {processor.py:914} INFO - Processing file /home/rafaelrb/anaconda3/lib/python3.9/site-packages/airflow/example_dags/example_kubernetes_executor.py for tasks to queue
[2025-02-23T00:15:29.339-0500] {logging_mixin.py:190} INFO - [2025-02-23T00:15:29.338-0500] {dagbag.py:588} INFO - Filling up the DagBag from /home/rafaelrb/anaconda3/lib/python3.9/site-packages/airflow/example_dags/example_kubernetes_executor.py
[2025-02-23T00:15:29.343-0500] {logging_mixin.py:190} INFO - [2025-02-23T00:15:29.343-0500] {example_kubernetes_executor.py:39} WARNING - The example_kubernetes_executor example DAG requires the kubernetes provider. Please install it with: pip install apache-airflow[cncf.kubernetes]
[2025-02-23T00:15:29.344-0500] {processor.py:927} WARNING - No viable dags retrieved from /home/rafaelrb/anaconda3/lib/python3.9/site-packages/airflow/example_dags/example_kubernetes_executor.py
[2025-02-23T00:15:29.358-0500] {processor.py:208} INFO - Processing /home/rafaelrb/anaconda3/lib/python3.9/site-packages/airflow/example_dags/example_kubernetes_executor.py took 0.037 seconds
[2025-02-23T00:16:29.659-0500] {processor.py:186} INFO - Started process (PID=34880) to work on /home/rafaelrb/anaconda3/lib/python3.9/site-packages/airflow/example_dags/example_kubernetes_executor.py
[2025-02-23T00:16:29.667-0500] {processor.py:914} INFO - Processing file /home/rafaelrb/anaconda3/lib/python3.9/site-packages/airflow/example_dags/example_kubernetes_executor.py for tasks to queue
[2025-02-23T00:16:29.672-0500] {logging_mixin.py:190} INFO - [2025-02-23T00:16:29.671-0500] {dagbag.py:588} INFO - Filling up the DagBag from /home/rafaelrb/anaconda3/lib/python3.9/site-packages/airflow/example_dags/example_kubernetes_executor.py
[2025-02-23T00:16:29.685-0500] {logging_mixin.py:190} INFO - [2025-02-23T00:16:29.685-0500] {example_kubernetes_executor.py:39} WARNING - The example_kubernetes_executor example DAG requires the kubernetes provider. Please install it with: pip install apache-airflow[cncf.kubernetes]
[2025-02-23T00:16:29.686-0500] {processor.py:927} WARNING - No viable dags retrieved from /home/rafaelrb/anaconda3/lib/python3.9/site-packages/airflow/example_dags/example_kubernetes_executor.py
[2025-02-23T00:16:29.708-0500] {processor.py:208} INFO - Processing /home/rafaelrb/anaconda3/lib/python3.9/site-packages/airflow/example_dags/example_kubernetes_executor.py took 0.068 seconds
[2025-02-23T00:17:34.075-0500] {processor.py:186} INFO - Started process (PID=34955) to work on /home/rafaelrb/anaconda3/lib/python3.9/site-packages/airflow/example_dags/example_kubernetes_executor.py
[2025-02-23T00:17:34.077-0500] {processor.py:914} INFO - Processing file /home/rafaelrb/anaconda3/lib/python3.9/site-packages/airflow/example_dags/example_kubernetes_executor.py for tasks to queue
[2025-02-23T00:17:34.081-0500] {logging_mixin.py:190} INFO - [2025-02-23T00:17:34.080-0500] {dagbag.py:588} INFO - Filling up the DagBag from /home/rafaelrb/anaconda3/lib/python3.9/site-packages/airflow/example_dags/example_kubernetes_executor.py
[2025-02-23T00:17:34.093-0500] {logging_mixin.py:190} INFO - [2025-02-23T00:17:34.093-0500] {example_kubernetes_executor.py:39} WARNING - The example_kubernetes_executor example DAG requires the kubernetes provider. Please install it with: pip install apache-airflow[cncf.kubernetes]
[2025-02-23T00:17:34.094-0500] {processor.py:927} WARNING - No viable dags retrieved from /home/rafaelrb/anaconda3/lib/python3.9/site-packages/airflow/example_dags/example_kubernetes_executor.py
[2025-02-23T00:17:34.118-0500] {processor.py:208} INFO - Processing /home/rafaelrb/anaconda3/lib/python3.9/site-packages/airflow/example_dags/example_kubernetes_executor.py took 0.059 seconds
[2025-02-23T00:18:34.569-0500] {processor.py:186} INFO - Started process (PID=35025) to work on /home/rafaelrb/anaconda3/lib/python3.9/site-packages/airflow/example_dags/example_kubernetes_executor.py
[2025-02-23T00:18:34.571-0500] {processor.py:914} INFO - Processing file /home/rafaelrb/anaconda3/lib/python3.9/site-packages/airflow/example_dags/example_kubernetes_executor.py for tasks to queue
[2025-02-23T00:18:34.575-0500] {logging_mixin.py:190} INFO - [2025-02-23T00:18:34.574-0500] {dagbag.py:588} INFO - Filling up the DagBag from /home/rafaelrb/anaconda3/lib/python3.9/site-packages/airflow/example_dags/example_kubernetes_executor.py
[2025-02-23T00:18:34.585-0500] {logging_mixin.py:190} INFO - [2025-02-23T00:18:34.585-0500] {example_kubernetes_executor.py:39} WARNING - The example_kubernetes_executor example DAG requires the kubernetes provider. Please install it with: pip install apache-airflow[cncf.kubernetes]
[2025-02-23T00:18:34.586-0500] {processor.py:927} WARNING - No viable dags retrieved from /home/rafaelrb/anaconda3/lib/python3.9/site-packages/airflow/example_dags/example_kubernetes_executor.py
[2025-02-23T00:18:34.602-0500] {processor.py:208} INFO - Processing /home/rafaelrb/anaconda3/lib/python3.9/site-packages/airflow/example_dags/example_kubernetes_executor.py took 0.051 seconds
[2025-02-23T00:21:49.084-0500] {processor.py:186} INFO - Started process (PID=35164) to work on /home/rafaelrb/anaconda3/lib/python3.9/site-packages/airflow/example_dags/example_kubernetes_executor.py
[2025-02-23T00:21:49.088-0500] {processor.py:914} INFO - Processing file /home/rafaelrb/anaconda3/lib/python3.9/site-packages/airflow/example_dags/example_kubernetes_executor.py for tasks to queue
[2025-02-23T00:21:49.092-0500] {logging_mixin.py:190} INFO - [2025-02-23T00:21:49.091-0500] {dagbag.py:588} INFO - Filling up the DagBag from /home/rafaelrb/anaconda3/lib/python3.9/site-packages/airflow/example_dags/example_kubernetes_executor.py
[2025-02-23T00:21:49.097-0500] {logging_mixin.py:190} INFO - [2025-02-23T00:21:49.096-0500] {example_kubernetes_executor.py:39} WARNING - The example_kubernetes_executor example DAG requires the kubernetes provider. Please install it with: pip install apache-airflow[cncf.kubernetes]
[2025-02-23T00:21:49.097-0500] {processor.py:927} WARNING - No viable dags retrieved from /home/rafaelrb/anaconda3/lib/python3.9/site-packages/airflow/example_dags/example_kubernetes_executor.py
[2025-02-23T00:21:49.112-0500] {processor.py:208} INFO - Processing /home/rafaelrb/anaconda3/lib/python3.9/site-packages/airflow/example_dags/example_kubernetes_executor.py took 0.038 seconds
[2025-02-23T00:22:49.919-0500] {processor.py:186} INFO - Started process (PID=35232) to work on /home/rafaelrb/anaconda3/lib/python3.9/site-packages/airflow/example_dags/example_kubernetes_executor.py
[2025-02-23T00:22:49.927-0500] {processor.py:914} INFO - Processing file /home/rafaelrb/anaconda3/lib/python3.9/site-packages/airflow/example_dags/example_kubernetes_executor.py for tasks to queue
[2025-02-23T00:22:49.930-0500] {logging_mixin.py:190} INFO - [2025-02-23T00:22:49.930-0500] {dagbag.py:588} INFO - Filling up the DagBag from /home/rafaelrb/anaconda3/lib/python3.9/site-packages/airflow/example_dags/example_kubernetes_executor.py
[2025-02-23T00:22:49.934-0500] {logging_mixin.py:190} INFO - [2025-02-23T00:22:49.934-0500] {example_kubernetes_executor.py:39} WARNING - The example_kubernetes_executor example DAG requires the kubernetes provider. Please install it with: pip install apache-airflow[cncf.kubernetes]
[2025-02-23T00:22:49.935-0500] {processor.py:927} WARNING - No viable dags retrieved from /home/rafaelrb/anaconda3/lib/python3.9/site-packages/airflow/example_dags/example_kubernetes_executor.py
[2025-02-23T00:22:49.949-0500] {processor.py:208} INFO - Processing /home/rafaelrb/anaconda3/lib/python3.9/site-packages/airflow/example_dags/example_kubernetes_executor.py took 0.037 seconds
[2025-02-23T00:23:51.973-0500] {processor.py:186} INFO - Started process (PID=35297) to work on /home/rafaelrb/anaconda3/lib/python3.9/site-packages/airflow/example_dags/example_kubernetes_executor.py
[2025-02-23T00:23:51.975-0500] {processor.py:914} INFO - Processing file /home/rafaelrb/anaconda3/lib/python3.9/site-packages/airflow/example_dags/example_kubernetes_executor.py for tasks to queue
[2025-02-23T00:23:51.978-0500] {logging_mixin.py:190} INFO - [2025-02-23T00:23:51.977-0500] {dagbag.py:588} INFO - Filling up the DagBag from /home/rafaelrb/anaconda3/lib/python3.9/site-packages/airflow/example_dags/example_kubernetes_executor.py
[2025-02-23T00:23:51.982-0500] {logging_mixin.py:190} INFO - [2025-02-23T00:23:51.982-0500] {example_kubernetes_executor.py:39} WARNING - The example_kubernetes_executor example DAG requires the kubernetes provider. Please install it with: pip install apache-airflow[cncf.kubernetes]
[2025-02-23T00:23:51.982-0500] {processor.py:927} WARNING - No viable dags retrieved from /home/rafaelrb/anaconda3/lib/python3.9/site-packages/airflow/example_dags/example_kubernetes_executor.py
[2025-02-23T00:23:51.995-0500] {processor.py:208} INFO - Processing /home/rafaelrb/anaconda3/lib/python3.9/site-packages/airflow/example_dags/example_kubernetes_executor.py took 0.031 seconds
[2025-02-23T00:24:54.928-0500] {processor.py:186} INFO - Started process (PID=35375) to work on /home/rafaelrb/anaconda3/lib/python3.9/site-packages/airflow/example_dags/example_kubernetes_executor.py
[2025-02-23T00:24:54.930-0500] {processor.py:914} INFO - Processing file /home/rafaelrb/anaconda3/lib/python3.9/site-packages/airflow/example_dags/example_kubernetes_executor.py for tasks to queue
[2025-02-23T00:24:54.933-0500] {logging_mixin.py:190} INFO - [2025-02-23T00:24:54.932-0500] {dagbag.py:588} INFO - Filling up the DagBag from /home/rafaelrb/anaconda3/lib/python3.9/site-packages/airflow/example_dags/example_kubernetes_executor.py
[2025-02-23T00:24:54.937-0500] {logging_mixin.py:190} INFO - [2025-02-23T00:24:54.936-0500] {example_kubernetes_executor.py:39} WARNING - The example_kubernetes_executor example DAG requires the kubernetes provider. Please install it with: pip install apache-airflow[cncf.kubernetes]
[2025-02-23T00:24:54.937-0500] {processor.py:927} WARNING - No viable dags retrieved from /home/rafaelrb/anaconda3/lib/python3.9/site-packages/airflow/example_dags/example_kubernetes_executor.py
[2025-02-23T00:24:54.953-0500] {processor.py:208} INFO - Processing /home/rafaelrb/anaconda3/lib/python3.9/site-packages/airflow/example_dags/example_kubernetes_executor.py took 0.034 seconds
[2025-02-23T00:25:53.822-0500] {processor.py:186} INFO - Started process (PID=35442) to work on /home/rafaelrb/anaconda3/lib/python3.9/site-packages/airflow/example_dags/example_kubernetes_executor.py
[2025-02-23T00:25:53.829-0500] {processor.py:914} INFO - Processing file /home/rafaelrb/anaconda3/lib/python3.9/site-packages/airflow/example_dags/example_kubernetes_executor.py for tasks to queue
[2025-02-23T00:25:53.831-0500] {logging_mixin.py:190} INFO - [2025-02-23T00:25:53.831-0500] {dagbag.py:588} INFO - Filling up the DagBag from /home/rafaelrb/anaconda3/lib/python3.9/site-packages/airflow/example_dags/example_kubernetes_executor.py
[2025-02-23T00:25:53.835-0500] {logging_mixin.py:190} INFO - [2025-02-23T00:25:53.835-0500] {example_kubernetes_executor.py:39} WARNING - The example_kubernetes_executor example DAG requires the kubernetes provider. Please install it with: pip install apache-airflow[cncf.kubernetes]
[2025-02-23T00:25:53.836-0500] {processor.py:927} WARNING - No viable dags retrieved from /home/rafaelrb/anaconda3/lib/python3.9/site-packages/airflow/example_dags/example_kubernetes_executor.py
[2025-02-23T00:25:53.848-0500] {processor.py:208} INFO - Processing /home/rafaelrb/anaconda3/lib/python3.9/site-packages/airflow/example_dags/example_kubernetes_executor.py took 0.034 seconds
[2025-02-23T02:31:34.940-0500] {processor.py:186} INFO - Started process (PID=75968) to work on /home/rafaelrb/anaconda3/lib/python3.9/site-packages/airflow/example_dags/example_kubernetes_executor.py
[2025-02-23T02:31:34.943-0500] {processor.py:914} INFO - Processing file /home/rafaelrb/anaconda3/lib/python3.9/site-packages/airflow/example_dags/example_kubernetes_executor.py for tasks to queue
[2025-02-23T02:31:34.946-0500] {logging_mixin.py:190} INFO - [2025-02-23T02:31:34.945-0500] {dagbag.py:588} INFO - Filling up the DagBag from /home/rafaelrb/anaconda3/lib/python3.9/site-packages/airflow/example_dags/example_kubernetes_executor.py
[2025-02-23T02:31:34.950-0500] {logging_mixin.py:190} INFO - [2025-02-23T02:31:34.949-0500] {example_kubernetes_executor.py:39} WARNING - The example_kubernetes_executor example DAG requires the kubernetes provider. Please install it with: pip install apache-airflow[cncf.kubernetes]
[2025-02-23T02:31:34.950-0500] {processor.py:927} WARNING - No viable dags retrieved from /home/rafaelrb/anaconda3/lib/python3.9/site-packages/airflow/example_dags/example_kubernetes_executor.py
[2025-02-23T02:31:34.967-0500] {processor.py:208} INFO - Processing /home/rafaelrb/anaconda3/lib/python3.9/site-packages/airflow/example_dags/example_kubernetes_executor.py took 0.035 seconds
[2025-02-23T02:32:35.205-0500] {processor.py:186} INFO - Started process (PID=76390) to work on /home/rafaelrb/anaconda3/lib/python3.9/site-packages/airflow/example_dags/example_kubernetes_executor.py
[2025-02-23T02:32:35.207-0500] {processor.py:914} INFO - Processing file /home/rafaelrb/anaconda3/lib/python3.9/site-packages/airflow/example_dags/example_kubernetes_executor.py for tasks to queue
[2025-02-23T02:32:35.211-0500] {logging_mixin.py:190} INFO - [2025-02-23T02:32:35.210-0500] {dagbag.py:588} INFO - Filling up the DagBag from /home/rafaelrb/anaconda3/lib/python3.9/site-packages/airflow/example_dags/example_kubernetes_executor.py
[2025-02-23T02:32:35.216-0500] {logging_mixin.py:190} INFO - [2025-02-23T02:32:35.216-0500] {example_kubernetes_executor.py:39} WARNING - The example_kubernetes_executor example DAG requires the kubernetes provider. Please install it with: pip install apache-airflow[cncf.kubernetes]
[2025-02-23T02:32:35.217-0500] {processor.py:927} WARNING - No viable dags retrieved from /home/rafaelrb/anaconda3/lib/python3.9/site-packages/airflow/example_dags/example_kubernetes_executor.py
[2025-02-23T02:32:35.233-0500] {processor.py:208} INFO - Processing /home/rafaelrb/anaconda3/lib/python3.9/site-packages/airflow/example_dags/example_kubernetes_executor.py took 0.044 seconds
[2025-02-23T02:33:52.192-0500] {processor.py:186} INFO - Started process (PID=76784) to work on /home/rafaelrb/anaconda3/lib/python3.9/site-packages/airflow/example_dags/example_kubernetes_executor.py
[2025-02-23T02:33:52.200-0500] {processor.py:914} INFO - Processing file /home/rafaelrb/anaconda3/lib/python3.9/site-packages/airflow/example_dags/example_kubernetes_executor.py for tasks to queue
[2025-02-23T02:33:52.203-0500] {logging_mixin.py:190} INFO - [2025-02-23T02:33:52.203-0500] {dagbag.py:588} INFO - Filling up the DagBag from /home/rafaelrb/anaconda3/lib/python3.9/site-packages/airflow/example_dags/example_kubernetes_executor.py
[2025-02-23T02:33:52.207-0500] {logging_mixin.py:190} INFO - [2025-02-23T02:33:52.207-0500] {example_kubernetes_executor.py:39} WARNING - The example_kubernetes_executor example DAG requires the kubernetes provider. Please install it with: pip install apache-airflow[cncf.kubernetes]
[2025-02-23T02:33:52.208-0500] {processor.py:927} WARNING - No viable dags retrieved from /home/rafaelrb/anaconda3/lib/python3.9/site-packages/airflow/example_dags/example_kubernetes_executor.py
[2025-02-23T02:33:52.220-0500] {processor.py:208} INFO - Processing /home/rafaelrb/anaconda3/lib/python3.9/site-packages/airflow/example_dags/example_kubernetes_executor.py took 0.036 seconds
[2025-02-23T02:35:17.626-0500] {processor.py:186} INFO - Started process (PID=77116) to work on /home/rafaelrb/anaconda3/lib/python3.9/site-packages/airflow/example_dags/example_kubernetes_executor.py
[2025-02-23T02:35:17.627-0500] {processor.py:914} INFO - Processing file /home/rafaelrb/anaconda3/lib/python3.9/site-packages/airflow/example_dags/example_kubernetes_executor.py for tasks to queue
[2025-02-23T02:35:17.630-0500] {logging_mixin.py:190} INFO - [2025-02-23T02:35:17.630-0500] {dagbag.py:588} INFO - Filling up the DagBag from /home/rafaelrb/anaconda3/lib/python3.9/site-packages/airflow/example_dags/example_kubernetes_executor.py
[2025-02-23T02:35:17.635-0500] {logging_mixin.py:190} INFO - [2025-02-23T02:35:17.634-0500] {example_kubernetes_executor.py:39} WARNING - The example_kubernetes_executor example DAG requires the kubernetes provider. Please install it with: pip install apache-airflow[cncf.kubernetes]
[2025-02-23T02:35:17.635-0500] {processor.py:927} WARNING - No viable dags retrieved from /home/rafaelrb/anaconda3/lib/python3.9/site-packages/airflow/example_dags/example_kubernetes_executor.py
[2025-02-23T02:35:17.667-0500] {processor.py:208} INFO - Processing /home/rafaelrb/anaconda3/lib/python3.9/site-packages/airflow/example_dags/example_kubernetes_executor.py took 0.050 seconds
[2025-02-23T02:43:03.555-0500] {processor.py:186} INFO - Started process (PID=79021) to work on /home/rafaelrb/anaconda3/lib/python3.9/site-packages/airflow/example_dags/example_kubernetes_executor.py
[2025-02-23T02:43:03.557-0500] {processor.py:914} INFO - Processing file /home/rafaelrb/anaconda3/lib/python3.9/site-packages/airflow/example_dags/example_kubernetes_executor.py for tasks to queue
[2025-02-23T02:43:03.560-0500] {logging_mixin.py:190} INFO - [2025-02-23T02:43:03.559-0500] {dagbag.py:588} INFO - Filling up the DagBag from /home/rafaelrb/anaconda3/lib/python3.9/site-packages/airflow/example_dags/example_kubernetes_executor.py
[2025-02-23T02:43:03.564-0500] {logging_mixin.py:190} INFO - [2025-02-23T02:43:03.563-0500] {example_kubernetes_executor.py:39} WARNING - The example_kubernetes_executor example DAG requires the kubernetes provider. Please install it with: pip install apache-airflow[cncf.kubernetes]
[2025-02-23T02:43:03.564-0500] {processor.py:927} WARNING - No viable dags retrieved from /home/rafaelrb/anaconda3/lib/python3.9/site-packages/airflow/example_dags/example_kubernetes_executor.py
[2025-02-23T02:43:03.577-0500] {processor.py:208} INFO - Processing /home/rafaelrb/anaconda3/lib/python3.9/site-packages/airflow/example_dags/example_kubernetes_executor.py took 0.035 seconds
[2025-02-23T02:44:02.996-0500] {processor.py:186} INFO - Started process (PID=79221) to work on /home/rafaelrb/anaconda3/lib/python3.9/site-packages/airflow/example_dags/example_kubernetes_executor.py
[2025-02-23T02:44:02.998-0500] {processor.py:914} INFO - Processing file /home/rafaelrb/anaconda3/lib/python3.9/site-packages/airflow/example_dags/example_kubernetes_executor.py for tasks to queue
[2025-02-23T02:44:03.001-0500] {logging_mixin.py:190} INFO - [2025-02-23T02:44:03.001-0500] {dagbag.py:588} INFO - Filling up the DagBag from /home/rafaelrb/anaconda3/lib/python3.9/site-packages/airflow/example_dags/example_kubernetes_executor.py
[2025-02-23T02:44:03.006-0500] {logging_mixin.py:190} INFO - [2025-02-23T02:44:03.006-0500] {example_kubernetes_executor.py:39} WARNING - The example_kubernetes_executor example DAG requires the kubernetes provider. Please install it with: pip install apache-airflow[cncf.kubernetes]
[2025-02-23T02:44:03.006-0500] {processor.py:927} WARNING - No viable dags retrieved from /home/rafaelrb/anaconda3/lib/python3.9/site-packages/airflow/example_dags/example_kubernetes_executor.py
[2025-02-23T02:44:03.019-0500] {processor.py:208} INFO - Processing /home/rafaelrb/anaconda3/lib/python3.9/site-packages/airflow/example_dags/example_kubernetes_executor.py took 0.037 seconds
