[2025-02-22T23:43:47.457-0500] {processor.py:186} INFO - Started process (PID=26754) to work on /home/rafaelrb/anaconda3/lib/python3.9/site-packages/airflow/example_dags/tutorial_dag.py
[2025-02-22T23:43:47.458-0500] {processor.py:914} INFO - Processing file /home/rafaelrb/anaconda3/lib/python3.9/site-packages/airflow/example_dags/tutorial_dag.py for tasks to queue
[2025-02-22T23:43:47.462-0500] {logging_mixin.py:190} INFO - [2025-02-22T23:43:47.461-0500] {dagbag.py:588} INFO - Filling up the DagBag from /home/rafaelrb/anaconda3/lib/python3.9/site-packages/airflow/example_dags/tutorial_dag.py
[2025-02-22T23:43:47.472-0500] {processor.py:925} INFO - DAG(s) 'tutorial_dag' retrieved from /home/rafaelrb/anaconda3/lib/python3.9/site-packages/airflow/example_dags/tutorial_dag.py
[2025-02-22T23:43:47.622-0500] {logging_mixin.py:190} INFO - [2025-02-22T23:43:47.622-0500] {override.py:1930} INFO - Created Permission View: can read on DAG:tutorial_dag
[2025-02-22T23:43:47.644-0500] {logging_mixin.py:190} INFO - [2025-02-22T23:43:47.644-0500] {override.py:1930} INFO - Created Permission View: can delete on DAG:tutorial_dag
[2025-02-22T23:43:47.663-0500] {logging_mixin.py:190} INFO - [2025-02-22T23:43:47.662-0500] {override.py:1930} INFO - Created Permission View: can edit on DAG:tutorial_dag
[2025-02-22T23:43:47.693-0500] {logging_mixin.py:190} INFO - [2025-02-22T23:43:47.692-0500] {override.py:1930} INFO - Created Permission View: can read on DAG Run:tutorial_dag
[2025-02-22T23:43:47.730-0500] {logging_mixin.py:190} INFO - [2025-02-22T23:43:47.729-0500] {override.py:1930} INFO - Created Permission View: can create on DAG Run:tutorial_dag
[2025-02-22T23:43:47.749-0500] {logging_mixin.py:190} INFO - [2025-02-22T23:43:47.749-0500] {override.py:1930} INFO - Created Permission View: menu access on DAG Run:tutorial_dag
[2025-02-22T23:43:47.774-0500] {logging_mixin.py:190} INFO - [2025-02-22T23:43:47.774-0500] {override.py:1930} INFO - Created Permission View: can delete on DAG Run:tutorial_dag
[2025-02-22T23:43:47.775-0500] {logging_mixin.py:190} INFO - [2025-02-22T23:43:47.775-0500] {dag.py:3239} INFO - Sync 1 DAGs
[2025-02-22T23:43:47.799-0500] {logging_mixin.py:190} INFO - [2025-02-22T23:43:47.799-0500] {dag.py:3262} INFO - Creating ORM DAG for tutorial_dag
[2025-02-22T23:43:47.800-0500] {logging_mixin.py:190} INFO - [2025-02-22T23:43:47.799-0500] {dag.py:4180} INFO - Setting next_dagrun for tutorial_dag to None, run_after=None
[2025-02-22T23:43:47.827-0500] {processor.py:208} INFO - Processing /home/rafaelrb/anaconda3/lib/python3.9/site-packages/airflow/example_dags/tutorial_dag.py took 0.378 seconds
[2025-02-22T23:45:03.413-0500] {processor.py:186} INFO - Started process (PID=27264) to work on /home/rafaelrb/anaconda3/lib/python3.9/site-packages/airflow/example_dags/tutorial_dag.py
[2025-02-22T23:45:03.417-0500] {processor.py:914} INFO - Processing file /home/rafaelrb/anaconda3/lib/python3.9/site-packages/airflow/example_dags/tutorial_dag.py for tasks to queue
[2025-02-22T23:45:03.422-0500] {logging_mixin.py:190} INFO - [2025-02-22T23:45:03.421-0500] {dagbag.py:588} INFO - Filling up the DagBag from /home/rafaelrb/anaconda3/lib/python3.9/site-packages/airflow/example_dags/tutorial_dag.py
[2025-02-22T23:45:03.491-0500] {processor.py:925} INFO - DAG(s) 'tutorial_dag' retrieved from /home/rafaelrb/anaconda3/lib/python3.9/site-packages/airflow/example_dags/tutorial_dag.py
[2025-02-22T23:45:03.616-0500] {logging_mixin.py:190} INFO - [2025-02-22T23:45:03.613-0500] {dag.py:3239} INFO - Sync 1 DAGs
[2025-02-22T23:45:03.735-0500] {logging_mixin.py:190} INFO - [2025-02-22T23:45:03.728-0500] {dag.py:4180} INFO - Setting next_dagrun for tutorial_dag to None, run_after=None
[2025-02-22T23:45:04.218-0500] {processor.py:208} INFO - Processing /home/rafaelrb/anaconda3/lib/python3.9/site-packages/airflow/example_dags/tutorial_dag.py took 0.828 seconds
[2025-02-22T23:49:27.102-0500] {processor.py:186} INFO - Started process (PID=27854) to work on /home/rafaelrb/anaconda3/lib/python3.9/site-packages/airflow/example_dags/tutorial_dag.py
[2025-02-22T23:49:27.104-0500] {processor.py:914} INFO - Processing file /home/rafaelrb/anaconda3/lib/python3.9/site-packages/airflow/example_dags/tutorial_dag.py for tasks to queue
[2025-02-22T23:49:27.107-0500] {logging_mixin.py:190} INFO - [2025-02-22T23:49:27.107-0500] {dagbag.py:588} INFO - Filling up the DagBag from /home/rafaelrb/anaconda3/lib/python3.9/site-packages/airflow/example_dags/tutorial_dag.py
[2025-02-22T23:49:27.120-0500] {processor.py:925} INFO - DAG(s) 'tutorial_dag' retrieved from /home/rafaelrb/anaconda3/lib/python3.9/site-packages/airflow/example_dags/tutorial_dag.py
[2025-02-22T23:49:27.140-0500] {logging_mixin.py:190} INFO - [2025-02-22T23:49:27.140-0500] {dag.py:3239} INFO - Sync 1 DAGs
[2025-02-22T23:49:27.158-0500] {logging_mixin.py:190} INFO - [2025-02-22T23:49:27.158-0500] {dag.py:4180} INFO - Setting next_dagrun for tutorial_dag to None, run_after=None
[2025-02-22T23:49:27.196-0500] {processor.py:208} INFO - Processing /home/rafaelrb/anaconda3/lib/python3.9/site-packages/airflow/example_dags/tutorial_dag.py took 0.105 seconds
[2025-02-22T23:50:28.102-0500] {processor.py:186} INFO - Started process (PID=28288) to work on /home/rafaelrb/anaconda3/lib/python3.9/site-packages/airflow/example_dags/tutorial_dag.py
[2025-02-22T23:50:28.105-0500] {processor.py:914} INFO - Processing file /home/rafaelrb/anaconda3/lib/python3.9/site-packages/airflow/example_dags/tutorial_dag.py for tasks to queue
[2025-02-22T23:50:28.109-0500] {logging_mixin.py:190} INFO - [2025-02-22T23:50:28.108-0500] {dagbag.py:588} INFO - Filling up the DagBag from /home/rafaelrb/anaconda3/lib/python3.9/site-packages/airflow/example_dags/tutorial_dag.py
[2025-02-22T23:50:28.123-0500] {processor.py:925} INFO - DAG(s) 'tutorial_dag' retrieved from /home/rafaelrb/anaconda3/lib/python3.9/site-packages/airflow/example_dags/tutorial_dag.py
[2025-02-22T23:50:28.143-0500] {logging_mixin.py:190} INFO - [2025-02-22T23:50:28.143-0500] {dag.py:3239} INFO - Sync 1 DAGs
[2025-02-22T23:50:28.166-0500] {logging_mixin.py:190} INFO - [2025-02-22T23:50:28.166-0500] {dag.py:4180} INFO - Setting next_dagrun for tutorial_dag to None, run_after=None
[2025-02-22T23:50:28.202-0500] {processor.py:208} INFO - Processing /home/rafaelrb/anaconda3/lib/python3.9/site-packages/airflow/example_dags/tutorial_dag.py took 0.109 seconds
[2025-02-22T23:51:30.651-0500] {processor.py:186} INFO - Started process (PID=28710) to work on /home/rafaelrb/anaconda3/lib/python3.9/site-packages/airflow/example_dags/tutorial_dag.py
[2025-02-22T23:51:30.653-0500] {processor.py:914} INFO - Processing file /home/rafaelrb/anaconda3/lib/python3.9/site-packages/airflow/example_dags/tutorial_dag.py for tasks to queue
[2025-02-22T23:51:30.655-0500] {logging_mixin.py:190} INFO - [2025-02-22T23:51:30.655-0500] {dagbag.py:588} INFO - Filling up the DagBag from /home/rafaelrb/anaconda3/lib/python3.9/site-packages/airflow/example_dags/tutorial_dag.py
[2025-02-22T23:51:30.666-0500] {processor.py:925} INFO - DAG(s) 'tutorial_dag' retrieved from /home/rafaelrb/anaconda3/lib/python3.9/site-packages/airflow/example_dags/tutorial_dag.py
[2025-02-22T23:51:30.684-0500] {logging_mixin.py:190} INFO - [2025-02-22T23:51:30.684-0500] {dag.py:3239} INFO - Sync 1 DAGs
[2025-02-22T23:51:30.700-0500] {logging_mixin.py:190} INFO - [2025-02-22T23:51:30.699-0500] {dag.py:4180} INFO - Setting next_dagrun for tutorial_dag to None, run_after=None
[2025-02-22T23:51:30.735-0500] {processor.py:208} INFO - Processing /home/rafaelrb/anaconda3/lib/python3.9/site-packages/airflow/example_dags/tutorial_dag.py took 0.093 seconds
[2025-02-22T23:52:31.111-0500] {processor.py:186} INFO - Started process (PID=29171) to work on /home/rafaelrb/anaconda3/lib/python3.9/site-packages/airflow/example_dags/tutorial_dag.py
[2025-02-22T23:52:31.113-0500] {processor.py:914} INFO - Processing file /home/rafaelrb/anaconda3/lib/python3.9/site-packages/airflow/example_dags/tutorial_dag.py for tasks to queue
[2025-02-22T23:52:31.117-0500] {logging_mixin.py:190} INFO - [2025-02-22T23:52:31.116-0500] {dagbag.py:588} INFO - Filling up the DagBag from /home/rafaelrb/anaconda3/lib/python3.9/site-packages/airflow/example_dags/tutorial_dag.py
[2025-02-22T23:52:31.131-0500] {processor.py:925} INFO - DAG(s) 'tutorial_dag' retrieved from /home/rafaelrb/anaconda3/lib/python3.9/site-packages/airflow/example_dags/tutorial_dag.py
[2025-02-22T23:52:31.155-0500] {logging_mixin.py:190} INFO - [2025-02-22T23:52:31.155-0500] {dag.py:3239} INFO - Sync 1 DAGs
[2025-02-22T23:52:31.178-0500] {logging_mixin.py:190} INFO - [2025-02-22T23:52:31.178-0500] {dag.py:4180} INFO - Setting next_dagrun for tutorial_dag to None, run_after=None
[2025-02-22T23:52:31.213-0500] {processor.py:208} INFO - Processing /home/rafaelrb/anaconda3/lib/python3.9/site-packages/airflow/example_dags/tutorial_dag.py took 0.111 seconds
[2025-02-22T23:54:03.770-0500] {processor.py:186} INFO - Started process (PID=29782) to work on /home/rafaelrb/anaconda3/lib/python3.9/site-packages/airflow/example_dags/tutorial_dag.py
[2025-02-22T23:54:03.775-0500] {processor.py:914} INFO - Processing file /home/rafaelrb/anaconda3/lib/python3.9/site-packages/airflow/example_dags/tutorial_dag.py for tasks to queue
[2025-02-22T23:54:03.781-0500] {logging_mixin.py:190} INFO - [2025-02-22T23:54:03.780-0500] {dagbag.py:588} INFO - Filling up the DagBag from /home/rafaelrb/anaconda3/lib/python3.9/site-packages/airflow/example_dags/tutorial_dag.py
[2025-02-22T23:54:03.827-0500] {processor.py:925} INFO - DAG(s) 'tutorial_dag' retrieved from /home/rafaelrb/anaconda3/lib/python3.9/site-packages/airflow/example_dags/tutorial_dag.py
[2025-02-22T23:54:03.889-0500] {logging_mixin.py:190} INFO - [2025-02-22T23:54:03.888-0500] {dag.py:3239} INFO - Sync 1 DAGs
[2025-02-22T23:54:03.933-0500] {logging_mixin.py:190} INFO - [2025-02-22T23:54:03.933-0500] {dag.py:4180} INFO - Setting next_dagrun for tutorial_dag to None, run_after=None
[2025-02-22T23:54:03.985-0500] {processor.py:208} INFO - Processing /home/rafaelrb/anaconda3/lib/python3.9/site-packages/airflow/example_dags/tutorial_dag.py took 0.237 seconds
[2025-02-22T23:55:06.761-0500] {processor.py:186} INFO - Started process (PID=30229) to work on /home/rafaelrb/anaconda3/lib/python3.9/site-packages/airflow/example_dags/tutorial_dag.py
[2025-02-22T23:55:06.763-0500] {processor.py:914} INFO - Processing file /home/rafaelrb/anaconda3/lib/python3.9/site-packages/airflow/example_dags/tutorial_dag.py for tasks to queue
[2025-02-22T23:55:06.767-0500] {logging_mixin.py:190} INFO - [2025-02-22T23:55:06.766-0500] {dagbag.py:588} INFO - Filling up the DagBag from /home/rafaelrb/anaconda3/lib/python3.9/site-packages/airflow/example_dags/tutorial_dag.py
[2025-02-22T23:55:06.778-0500] {processor.py:925} INFO - DAG(s) 'tutorial_dag' retrieved from /home/rafaelrb/anaconda3/lib/python3.9/site-packages/airflow/example_dags/tutorial_dag.py
[2025-02-22T23:55:06.799-0500] {logging_mixin.py:190} INFO - [2025-02-22T23:55:06.799-0500] {dag.py:3239} INFO - Sync 1 DAGs
[2025-02-22T23:55:06.817-0500] {logging_mixin.py:190} INFO - [2025-02-22T23:55:06.817-0500] {dag.py:4180} INFO - Setting next_dagrun for tutorial_dag to None, run_after=None
[2025-02-22T23:55:06.855-0500] {processor.py:208} INFO - Processing /home/rafaelrb/anaconda3/lib/python3.9/site-packages/airflow/example_dags/tutorial_dag.py took 0.103 seconds
[2025-02-22T23:58:19.384-0500] {processor.py:186} INFO - Started process (PID=30743) to work on /home/rafaelrb/anaconda3/lib/python3.9/site-packages/airflow/example_dags/tutorial_dag.py
[2025-02-22T23:58:19.386-0500] {processor.py:914} INFO - Processing file /home/rafaelrb/anaconda3/lib/python3.9/site-packages/airflow/example_dags/tutorial_dag.py for tasks to queue
[2025-02-22T23:58:19.389-0500] {logging_mixin.py:190} INFO - [2025-02-22T23:58:19.388-0500] {dagbag.py:588} INFO - Filling up the DagBag from /home/rafaelrb/anaconda3/lib/python3.9/site-packages/airflow/example_dags/tutorial_dag.py
[2025-02-22T23:58:19.400-0500] {processor.py:925} INFO - DAG(s) 'tutorial_dag' retrieved from /home/rafaelrb/anaconda3/lib/python3.9/site-packages/airflow/example_dags/tutorial_dag.py
[2025-02-22T23:58:19.420-0500] {logging_mixin.py:190} INFO - [2025-02-22T23:58:19.420-0500] {dag.py:3239} INFO - Sync 1 DAGs
[2025-02-22T23:58:19.437-0500] {logging_mixin.py:190} INFO - [2025-02-22T23:58:19.437-0500] {dag.py:4180} INFO - Setting next_dagrun for tutorial_dag to None, run_after=None
[2025-02-22T23:58:19.472-0500] {processor.py:208} INFO - Processing /home/rafaelrb/anaconda3/lib/python3.9/site-packages/airflow/example_dags/tutorial_dag.py took 0.097 seconds
[2025-02-22T23:59:23.739-0500] {processor.py:186} INFO - Started process (PID=31176) to work on /home/rafaelrb/anaconda3/lib/python3.9/site-packages/airflow/example_dags/tutorial_dag.py
[2025-02-22T23:59:23.743-0500] {processor.py:914} INFO - Processing file /home/rafaelrb/anaconda3/lib/python3.9/site-packages/airflow/example_dags/tutorial_dag.py for tasks to queue
[2025-02-22T23:59:23.747-0500] {logging_mixin.py:190} INFO - [2025-02-22T23:59:23.746-0500] {dagbag.py:588} INFO - Filling up the DagBag from /home/rafaelrb/anaconda3/lib/python3.9/site-packages/airflow/example_dags/tutorial_dag.py
[2025-02-22T23:59:23.775-0500] {processor.py:925} INFO - DAG(s) 'tutorial_dag' retrieved from /home/rafaelrb/anaconda3/lib/python3.9/site-packages/airflow/example_dags/tutorial_dag.py
[2025-02-22T23:59:23.802-0500] {logging_mixin.py:190} INFO - [2025-02-22T23:59:23.802-0500] {dag.py:3239} INFO - Sync 1 DAGs
[2025-02-22T23:59:23.841-0500] {logging_mixin.py:190} INFO - [2025-02-22T23:59:23.840-0500] {dag.py:4180} INFO - Setting next_dagrun for tutorial_dag to None, run_after=None
[2025-02-22T23:59:23.985-0500] {processor.py:208} INFO - Processing /home/rafaelrb/anaconda3/lib/python3.9/site-packages/airflow/example_dags/tutorial_dag.py took 0.268 seconds
[2025-02-23T00:00:47.486-0500] {processor.py:186} INFO - Started process (PID=31732) to work on /home/rafaelrb/anaconda3/lib/python3.9/site-packages/airflow/example_dags/tutorial_dag.py
[2025-02-23T00:00:47.489-0500] {processor.py:914} INFO - Processing file /home/rafaelrb/anaconda3/lib/python3.9/site-packages/airflow/example_dags/tutorial_dag.py for tasks to queue
[2025-02-23T00:00:47.494-0500] {logging_mixin.py:190} INFO - [2025-02-23T00:00:47.493-0500] {dagbag.py:588} INFO - Filling up the DagBag from /home/rafaelrb/anaconda3/lib/python3.9/site-packages/airflow/example_dags/tutorial_dag.py
[2025-02-23T00:00:47.510-0500] {processor.py:925} INFO - DAG(s) 'tutorial_dag' retrieved from /home/rafaelrb/anaconda3/lib/python3.9/site-packages/airflow/example_dags/tutorial_dag.py
[2025-02-23T00:00:47.539-0500] {logging_mixin.py:190} INFO - [2025-02-23T00:00:47.539-0500] {dag.py:3239} INFO - Sync 1 DAGs
[2025-02-23T00:00:47.560-0500] {logging_mixin.py:190} INFO - [2025-02-23T00:00:47.560-0500] {dag.py:4180} INFO - Setting next_dagrun for tutorial_dag to None, run_after=None
[2025-02-23T00:00:47.598-0500] {processor.py:208} INFO - Processing /home/rafaelrb/anaconda3/lib/python3.9/site-packages/airflow/example_dags/tutorial_dag.py took 0.124 seconds
[2025-02-23T00:01:48.742-0500] {processor.py:186} INFO - Started process (PID=32159) to work on /home/rafaelrb/anaconda3/lib/python3.9/site-packages/airflow/example_dags/tutorial_dag.py
[2025-02-23T00:01:48.744-0500] {processor.py:914} INFO - Processing file /home/rafaelrb/anaconda3/lib/python3.9/site-packages/airflow/example_dags/tutorial_dag.py for tasks to queue
[2025-02-23T00:01:48.748-0500] {logging_mixin.py:190} INFO - [2025-02-23T00:01:48.747-0500] {dagbag.py:588} INFO - Filling up the DagBag from /home/rafaelrb/anaconda3/lib/python3.9/site-packages/airflow/example_dags/tutorial_dag.py
[2025-02-23T00:01:48.761-0500] {processor.py:925} INFO - DAG(s) 'tutorial_dag' retrieved from /home/rafaelrb/anaconda3/lib/python3.9/site-packages/airflow/example_dags/tutorial_dag.py
[2025-02-23T00:01:48.783-0500] {logging_mixin.py:190} INFO - [2025-02-23T00:01:48.783-0500] {dag.py:3239} INFO - Sync 1 DAGs
[2025-02-23T00:01:48.802-0500] {logging_mixin.py:190} INFO - [2025-02-23T00:01:48.802-0500] {dag.py:4180} INFO - Setting next_dagrun for tutorial_dag to None, run_after=None
[2025-02-23T00:01:48.839-0500] {processor.py:208} INFO - Processing /home/rafaelrb/anaconda3/lib/python3.9/site-packages/airflow/example_dags/tutorial_dag.py took 0.107 seconds
[2025-02-23T00:11:27.892-0500] {processor.py:186} INFO - Started process (PID=34443) to work on /home/rafaelrb/anaconda3/lib/python3.9/site-packages/airflow/example_dags/tutorial_dag.py
[2025-02-23T00:11:27.894-0500] {processor.py:914} INFO - Processing file /home/rafaelrb/anaconda3/lib/python3.9/site-packages/airflow/example_dags/tutorial_dag.py for tasks to queue
[2025-02-23T00:11:27.898-0500] {logging_mixin.py:190} INFO - [2025-02-23T00:11:27.897-0500] {dagbag.py:588} INFO - Filling up the DagBag from /home/rafaelrb/anaconda3/lib/python3.9/site-packages/airflow/example_dags/tutorial_dag.py
[2025-02-23T00:11:27.910-0500] {processor.py:925} INFO - DAG(s) 'tutorial_dag' retrieved from /home/rafaelrb/anaconda3/lib/python3.9/site-packages/airflow/example_dags/tutorial_dag.py
[2025-02-23T00:11:27.945-0500] {logging_mixin.py:190} INFO - [2025-02-23T00:11:27.945-0500] {dag.py:3239} INFO - Sync 1 DAGs
[2025-02-23T00:11:27.964-0500] {logging_mixin.py:190} INFO - [2025-02-23T00:11:27.964-0500] {dag.py:4180} INFO - Setting next_dagrun for tutorial_dag to None, run_after=None
[2025-02-23T00:11:27.997-0500] {processor.py:208} INFO - Processing /home/rafaelrb/anaconda3/lib/python3.9/site-packages/airflow/example_dags/tutorial_dag.py took 0.115 seconds
[2025-02-23T00:12:42.227-0500] {processor.py:186} INFO - Started process (PID=34560) to work on /home/rafaelrb/anaconda3/lib/python3.9/site-packages/airflow/example_dags/tutorial_dag.py
[2025-02-23T00:12:42.229-0500] {processor.py:914} INFO - Processing file /home/rafaelrb/anaconda3/lib/python3.9/site-packages/airflow/example_dags/tutorial_dag.py for tasks to queue
[2025-02-23T00:12:42.233-0500] {logging_mixin.py:190} INFO - [2025-02-23T00:12:42.232-0500] {dagbag.py:588} INFO - Filling up the DagBag from /home/rafaelrb/anaconda3/lib/python3.9/site-packages/airflow/example_dags/tutorial_dag.py
[2025-02-23T00:12:42.246-0500] {processor.py:925} INFO - DAG(s) 'tutorial_dag' retrieved from /home/rafaelrb/anaconda3/lib/python3.9/site-packages/airflow/example_dags/tutorial_dag.py
[2025-02-23T00:12:42.268-0500] {logging_mixin.py:190} INFO - [2025-02-23T00:12:42.268-0500] {dag.py:3239} INFO - Sync 1 DAGs
[2025-02-23T00:12:42.287-0500] {logging_mixin.py:190} INFO - [2025-02-23T00:12:42.287-0500] {dag.py:4180} INFO - Setting next_dagrun for tutorial_dag to None, run_after=None
[2025-02-23T00:12:42.320-0500] {processor.py:208} INFO - Processing /home/rafaelrb/anaconda3/lib/python3.9/site-packages/airflow/example_dags/tutorial_dag.py took 0.104 seconds
[2025-02-23T00:13:40.838-0500] {processor.py:186} INFO - Started process (PID=34629) to work on /home/rafaelrb/anaconda3/lib/python3.9/site-packages/airflow/example_dags/tutorial_dag.py
[2025-02-23T00:13:40.841-0500] {processor.py:914} INFO - Processing file /home/rafaelrb/anaconda3/lib/python3.9/site-packages/airflow/example_dags/tutorial_dag.py for tasks to queue
[2025-02-23T00:13:40.847-0500] {logging_mixin.py:190} INFO - [2025-02-23T00:13:40.845-0500] {dagbag.py:588} INFO - Filling up the DagBag from /home/rafaelrb/anaconda3/lib/python3.9/site-packages/airflow/example_dags/tutorial_dag.py
[2025-02-23T00:13:40.864-0500] {processor.py:925} INFO - DAG(s) 'tutorial_dag' retrieved from /home/rafaelrb/anaconda3/lib/python3.9/site-packages/airflow/example_dags/tutorial_dag.py
[2025-02-23T00:13:40.897-0500] {logging_mixin.py:190} INFO - [2025-02-23T00:13:40.897-0500] {dag.py:3239} INFO - Sync 1 DAGs
[2025-02-23T00:13:40.923-0500] {logging_mixin.py:190} INFO - [2025-02-23T00:13:40.922-0500] {dag.py:4180} INFO - Setting next_dagrun for tutorial_dag to None, run_after=None
[2025-02-23T00:13:40.968-0500] {processor.py:208} INFO - Processing /home/rafaelrb/anaconda3/lib/python3.9/site-packages/airflow/example_dags/tutorial_dag.py took 0.146 seconds
[2025-02-23T00:14:39.636-0500] {processor.py:186} INFO - Started process (PID=34704) to work on /home/rafaelrb/anaconda3/lib/python3.9/site-packages/airflow/example_dags/tutorial_dag.py
[2025-02-23T00:14:39.639-0500] {processor.py:914} INFO - Processing file /home/rafaelrb/anaconda3/lib/python3.9/site-packages/airflow/example_dags/tutorial_dag.py for tasks to queue
[2025-02-23T00:14:39.645-0500] {logging_mixin.py:190} INFO - [2025-02-23T00:14:39.644-0500] {dagbag.py:588} INFO - Filling up the DagBag from /home/rafaelrb/anaconda3/lib/python3.9/site-packages/airflow/example_dags/tutorial_dag.py
[2025-02-23T00:14:39.660-0500] {processor.py:925} INFO - DAG(s) 'tutorial_dag' retrieved from /home/rafaelrb/anaconda3/lib/python3.9/site-packages/airflow/example_dags/tutorial_dag.py
[2025-02-23T00:14:39.686-0500] {logging_mixin.py:190} INFO - [2025-02-23T00:14:39.686-0500] {dag.py:3239} INFO - Sync 1 DAGs
[2025-02-23T00:14:39.715-0500] {logging_mixin.py:190} INFO - [2025-02-23T00:14:39.715-0500] {dag.py:4180} INFO - Setting next_dagrun for tutorial_dag to None, run_after=None
[2025-02-23T00:14:39.750-0500] {processor.py:208} INFO - Processing /home/rafaelrb/anaconda3/lib/python3.9/site-packages/airflow/example_dags/tutorial_dag.py took 0.138 seconds
[2025-02-23T00:15:49.577-0500] {processor.py:186} INFO - Started process (PID=34829) to work on /home/rafaelrb/anaconda3/lib/python3.9/site-packages/airflow/example_dags/tutorial_dag.py
[2025-02-23T00:15:49.584-0500] {processor.py:914} INFO - Processing file /home/rafaelrb/anaconda3/lib/python3.9/site-packages/airflow/example_dags/tutorial_dag.py for tasks to queue
[2025-02-23T00:15:49.587-0500] {logging_mixin.py:190} INFO - [2025-02-23T00:15:49.586-0500] {dagbag.py:588} INFO - Filling up the DagBag from /home/rafaelrb/anaconda3/lib/python3.9/site-packages/airflow/example_dags/tutorial_dag.py
[2025-02-23T00:15:49.597-0500] {processor.py:925} INFO - DAG(s) 'tutorial_dag' retrieved from /home/rafaelrb/anaconda3/lib/python3.9/site-packages/airflow/example_dags/tutorial_dag.py
[2025-02-23T00:15:49.621-0500] {logging_mixin.py:190} INFO - [2025-02-23T00:15:49.621-0500] {dag.py:3239} INFO - Sync 1 DAGs
[2025-02-23T00:15:49.637-0500] {logging_mixin.py:190} INFO - [2025-02-23T00:15:49.637-0500] {dag.py:4180} INFO - Setting next_dagrun for tutorial_dag to None, run_after=None
[2025-02-23T00:15:49.671-0500] {processor.py:208} INFO - Processing /home/rafaelrb/anaconda3/lib/python3.9/site-packages/airflow/example_dags/tutorial_dag.py took 0.102 seconds
[2025-02-23T00:16:54.062-0500] {processor.py:186} INFO - Started process (PID=34901) to work on /home/rafaelrb/anaconda3/lib/python3.9/site-packages/airflow/example_dags/tutorial_dag.py
[2025-02-23T00:16:54.064-0500] {processor.py:914} INFO - Processing file /home/rafaelrb/anaconda3/lib/python3.9/site-packages/airflow/example_dags/tutorial_dag.py for tasks to queue
[2025-02-23T00:16:54.067-0500] {logging_mixin.py:190} INFO - [2025-02-23T00:16:54.067-0500] {dagbag.py:588} INFO - Filling up the DagBag from /home/rafaelrb/anaconda3/lib/python3.9/site-packages/airflow/example_dags/tutorial_dag.py
[2025-02-23T00:16:54.078-0500] {processor.py:925} INFO - DAG(s) 'tutorial_dag' retrieved from /home/rafaelrb/anaconda3/lib/python3.9/site-packages/airflow/example_dags/tutorial_dag.py
[2025-02-23T00:16:54.103-0500] {logging_mixin.py:190} INFO - [2025-02-23T00:16:54.103-0500] {dag.py:3239} INFO - Sync 1 DAGs
[2025-02-23T00:16:54.127-0500] {logging_mixin.py:190} INFO - [2025-02-23T00:16:54.126-0500] {dag.py:4180} INFO - Setting next_dagrun for tutorial_dag to None, run_after=None
[2025-02-23T00:16:54.171-0500] {processor.py:208} INFO - Processing /home/rafaelrb/anaconda3/lib/python3.9/site-packages/airflow/example_dags/tutorial_dag.py took 0.121 seconds
[2025-02-23T00:17:54.165-0500] {processor.py:186} INFO - Started process (PID=34979) to work on /home/rafaelrb/anaconda3/lib/python3.9/site-packages/airflow/example_dags/tutorial_dag.py
[2025-02-23T00:17:54.167-0500] {processor.py:914} INFO - Processing file /home/rafaelrb/anaconda3/lib/python3.9/site-packages/airflow/example_dags/tutorial_dag.py for tasks to queue
[2025-02-23T00:17:54.170-0500] {logging_mixin.py:190} INFO - [2025-02-23T00:17:54.170-0500] {dagbag.py:588} INFO - Filling up the DagBag from /home/rafaelrb/anaconda3/lib/python3.9/site-packages/airflow/example_dags/tutorial_dag.py
[2025-02-23T00:17:54.181-0500] {processor.py:925} INFO - DAG(s) 'tutorial_dag' retrieved from /home/rafaelrb/anaconda3/lib/python3.9/site-packages/airflow/example_dags/tutorial_dag.py
[2025-02-23T00:17:54.201-0500] {logging_mixin.py:190} INFO - [2025-02-23T00:17:54.201-0500] {dag.py:3239} INFO - Sync 1 DAGs
[2025-02-23T00:17:54.218-0500] {logging_mixin.py:190} INFO - [2025-02-23T00:17:54.218-0500] {dag.py:4180} INFO - Setting next_dagrun for tutorial_dag to None, run_after=None
[2025-02-23T00:17:54.257-0500] {processor.py:208} INFO - Processing /home/rafaelrb/anaconda3/lib/python3.9/site-packages/airflow/example_dags/tutorial_dag.py took 0.101 seconds
[2025-02-23T00:22:08.344-0500] {processor.py:186} INFO - Started process (PID=35193) to work on /home/rafaelrb/anaconda3/lib/python3.9/site-packages/airflow/example_dags/tutorial_dag.py
[2025-02-23T00:22:08.352-0500] {processor.py:914} INFO - Processing file /home/rafaelrb/anaconda3/lib/python3.9/site-packages/airflow/example_dags/tutorial_dag.py for tasks to queue
[2025-02-23T00:22:08.357-0500] {logging_mixin.py:190} INFO - [2025-02-23T00:22:08.357-0500] {dagbag.py:588} INFO - Filling up the DagBag from /home/rafaelrb/anaconda3/lib/python3.9/site-packages/airflow/example_dags/tutorial_dag.py
[2025-02-23T00:22:08.368-0500] {processor.py:925} INFO - DAG(s) 'tutorial_dag' retrieved from /home/rafaelrb/anaconda3/lib/python3.9/site-packages/airflow/example_dags/tutorial_dag.py
[2025-02-23T00:22:08.400-0500] {logging_mixin.py:190} INFO - [2025-02-23T00:22:08.400-0500] {dag.py:3239} INFO - Sync 1 DAGs
[2025-02-23T00:22:08.423-0500] {logging_mixin.py:190} INFO - [2025-02-23T00:22:08.421-0500] {dag.py:4180} INFO - Setting next_dagrun for tutorial_dag to None, run_after=None
[2025-02-23T00:22:08.467-0500] {processor.py:208} INFO - Processing /home/rafaelrb/anaconda3/lib/python3.9/site-packages/airflow/example_dags/tutorial_dag.py took 0.133 seconds
[2025-02-23T00:23:12.748-0500] {processor.py:186} INFO - Started process (PID=35260) to work on /home/rafaelrb/anaconda3/lib/python3.9/site-packages/airflow/example_dags/tutorial_dag.py
[2025-02-23T00:23:12.750-0500] {processor.py:914} INFO - Processing file /home/rafaelrb/anaconda3/lib/python3.9/site-packages/airflow/example_dags/tutorial_dag.py for tasks to queue
[2025-02-23T00:23:12.755-0500] {logging_mixin.py:190} INFO - [2025-02-23T00:23:12.754-0500] {dagbag.py:588} INFO - Filling up the DagBag from /home/rafaelrb/anaconda3/lib/python3.9/site-packages/airflow/example_dags/tutorial_dag.py
[2025-02-23T00:23:12.767-0500] {processor.py:925} INFO - DAG(s) 'tutorial_dag' retrieved from /home/rafaelrb/anaconda3/lib/python3.9/site-packages/airflow/example_dags/tutorial_dag.py
[2025-02-23T00:23:12.797-0500] {logging_mixin.py:190} INFO - [2025-02-23T00:23:12.797-0500] {dag.py:3239} INFO - Sync 1 DAGs
[2025-02-23T00:23:12.820-0500] {logging_mixin.py:190} INFO - [2025-02-23T00:23:12.820-0500] {dag.py:4180} INFO - Setting next_dagrun for tutorial_dag to None, run_after=None
[2025-02-23T00:23:12.858-0500] {processor.py:208} INFO - Processing /home/rafaelrb/anaconda3/lib/python3.9/site-packages/airflow/example_dags/tutorial_dag.py took 0.125 seconds
[2025-02-23T00:24:16.302-0500] {processor.py:186} INFO - Started process (PID=35335) to work on /home/rafaelrb/anaconda3/lib/python3.9/site-packages/airflow/example_dags/tutorial_dag.py
[2025-02-23T00:24:16.309-0500] {processor.py:914} INFO - Processing file /home/rafaelrb/anaconda3/lib/python3.9/site-packages/airflow/example_dags/tutorial_dag.py for tasks to queue
[2025-02-23T00:24:16.312-0500] {logging_mixin.py:190} INFO - [2025-02-23T00:24:16.312-0500] {dagbag.py:588} INFO - Filling up the DagBag from /home/rafaelrb/anaconda3/lib/python3.9/site-packages/airflow/example_dags/tutorial_dag.py
[2025-02-23T00:24:16.322-0500] {processor.py:925} INFO - DAG(s) 'tutorial_dag' retrieved from /home/rafaelrb/anaconda3/lib/python3.9/site-packages/airflow/example_dags/tutorial_dag.py
[2025-02-23T00:24:16.340-0500] {logging_mixin.py:190} INFO - [2025-02-23T00:24:16.340-0500] {dag.py:3239} INFO - Sync 1 DAGs
[2025-02-23T00:24:16.356-0500] {logging_mixin.py:190} INFO - [2025-02-23T00:24:16.355-0500] {dag.py:4180} INFO - Setting next_dagrun for tutorial_dag to None, run_after=None
[2025-02-23T00:24:16.390-0500] {processor.py:208} INFO - Processing /home/rafaelrb/anaconda3/lib/python3.9/site-packages/airflow/example_dags/tutorial_dag.py took 0.096 seconds
[2025-02-23T00:25:15.824-0500] {processor.py:186} INFO - Started process (PID=35404) to work on /home/rafaelrb/anaconda3/lib/python3.9/site-packages/airflow/example_dags/tutorial_dag.py
[2025-02-23T00:25:15.831-0500] {processor.py:914} INFO - Processing file /home/rafaelrb/anaconda3/lib/python3.9/site-packages/airflow/example_dags/tutorial_dag.py for tasks to queue
[2025-02-23T00:25:15.834-0500] {logging_mixin.py:190} INFO - [2025-02-23T00:25:15.834-0500] {dagbag.py:588} INFO - Filling up the DagBag from /home/rafaelrb/anaconda3/lib/python3.9/site-packages/airflow/example_dags/tutorial_dag.py
[2025-02-23T00:25:15.844-0500] {processor.py:925} INFO - DAG(s) 'tutorial_dag' retrieved from /home/rafaelrb/anaconda3/lib/python3.9/site-packages/airflow/example_dags/tutorial_dag.py
[2025-02-23T00:25:15.863-0500] {logging_mixin.py:190} INFO - [2025-02-23T00:25:15.863-0500] {dag.py:3239} INFO - Sync 1 DAGs
[2025-02-23T00:25:15.878-0500] {logging_mixin.py:190} INFO - [2025-02-23T00:25:15.878-0500] {dag.py:4180} INFO - Setting next_dagrun for tutorial_dag to None, run_after=None
[2025-02-23T00:25:15.912-0500] {processor.py:208} INFO - Processing /home/rafaelrb/anaconda3/lib/python3.9/site-packages/airflow/example_dags/tutorial_dag.py took 0.095 seconds
[2025-02-23T00:26:14.477-0500] {processor.py:186} INFO - Started process (PID=35480) to work on /home/rafaelrb/anaconda3/lib/python3.9/site-packages/airflow/example_dags/tutorial_dag.py
[2025-02-23T00:26:14.484-0500] {processor.py:914} INFO - Processing file /home/rafaelrb/anaconda3/lib/python3.9/site-packages/airflow/example_dags/tutorial_dag.py for tasks to queue
[2025-02-23T00:26:14.489-0500] {logging_mixin.py:190} INFO - [2025-02-23T00:26:14.488-0500] {dagbag.py:588} INFO - Filling up the DagBag from /home/rafaelrb/anaconda3/lib/python3.9/site-packages/airflow/example_dags/tutorial_dag.py
[2025-02-23T00:26:14.500-0500] {processor.py:925} INFO - DAG(s) 'tutorial_dag' retrieved from /home/rafaelrb/anaconda3/lib/python3.9/site-packages/airflow/example_dags/tutorial_dag.py
[2025-02-23T00:26:14.519-0500] {logging_mixin.py:190} INFO - [2025-02-23T00:26:14.518-0500] {dag.py:3239} INFO - Sync 1 DAGs
[2025-02-23T00:26:14.535-0500] {logging_mixin.py:190} INFO - [2025-02-23T00:26:14.535-0500] {dag.py:4180} INFO - Setting next_dagrun for tutorial_dag to None, run_after=None
[2025-02-23T00:26:14.568-0500] {processor.py:208} INFO - Processing /home/rafaelrb/anaconda3/lib/python3.9/site-packages/airflow/example_dags/tutorial_dag.py took 0.102 seconds
[2025-02-23T02:31:19.926-0500] {processor.py:186} INFO - Started process (PID=75861) to work on /home/rafaelrb/anaconda3/lib/python3.9/site-packages/airflow/example_dags/tutorial_dag.py
[2025-02-23T02:31:19.929-0500] {processor.py:914} INFO - Processing file /home/rafaelrb/anaconda3/lib/python3.9/site-packages/airflow/example_dags/tutorial_dag.py for tasks to queue
[2025-02-23T02:31:19.932-0500] {logging_mixin.py:190} INFO - [2025-02-23T02:31:19.931-0500] {dagbag.py:588} INFO - Filling up the DagBag from /home/rafaelrb/anaconda3/lib/python3.9/site-packages/airflow/example_dags/tutorial_dag.py
[2025-02-23T02:31:19.947-0500] {processor.py:925} INFO - DAG(s) 'tutorial_dag' retrieved from /home/rafaelrb/anaconda3/lib/python3.9/site-packages/airflow/example_dags/tutorial_dag.py
[2025-02-23T02:31:19.985-0500] {logging_mixin.py:190} INFO - [2025-02-23T02:31:19.984-0500] {dag.py:3239} INFO - Sync 1 DAGs
[2025-02-23T02:31:20.000-0500] {logging_mixin.py:190} INFO - [2025-02-23T02:31:20.000-0500] {dag.py:4180} INFO - Setting next_dagrun for tutorial_dag to None, run_after=None
[2025-02-23T02:31:20.039-0500] {processor.py:208} INFO - Processing /home/rafaelrb/anaconda3/lib/python3.9/site-packages/airflow/example_dags/tutorial_dag.py took 0.125 seconds
[2025-02-23T02:32:20.796-0500] {processor.py:186} INFO - Started process (PID=76329) to work on /home/rafaelrb/anaconda3/lib/python3.9/site-packages/airflow/example_dags/tutorial_dag.py
[2025-02-23T02:32:20.798-0500] {processor.py:914} INFO - Processing file /home/rafaelrb/anaconda3/lib/python3.9/site-packages/airflow/example_dags/tutorial_dag.py for tasks to queue
[2025-02-23T02:32:20.801-0500] {logging_mixin.py:190} INFO - [2025-02-23T02:32:20.800-0500] {dagbag.py:588} INFO - Filling up the DagBag from /home/rafaelrb/anaconda3/lib/python3.9/site-packages/airflow/example_dags/tutorial_dag.py
[2025-02-23T02:32:20.811-0500] {processor.py:925} INFO - DAG(s) 'tutorial_dag' retrieved from /home/rafaelrb/anaconda3/lib/python3.9/site-packages/airflow/example_dags/tutorial_dag.py
[2025-02-23T02:32:20.830-0500] {logging_mixin.py:190} INFO - [2025-02-23T02:32:20.830-0500] {dag.py:3239} INFO - Sync 1 DAGs
[2025-02-23T02:32:20.847-0500] {logging_mixin.py:190} INFO - [2025-02-23T02:32:20.847-0500] {dag.py:4180} INFO - Setting next_dagrun for tutorial_dag to None, run_after=None
[2025-02-23T02:32:20.886-0500] {processor.py:208} INFO - Processing /home/rafaelrb/anaconda3/lib/python3.9/site-packages/airflow/example_dags/tutorial_dag.py took 0.099 seconds
[2025-02-23T02:33:37.529-0500] {processor.py:186} INFO - Started process (PID=76736) to work on /home/rafaelrb/anaconda3/lib/python3.9/site-packages/airflow/example_dags/tutorial_dag.py
[2025-02-23T02:33:37.537-0500] {processor.py:914} INFO - Processing file /home/rafaelrb/anaconda3/lib/python3.9/site-packages/airflow/example_dags/tutorial_dag.py for tasks to queue
[2025-02-23T02:33:37.541-0500] {logging_mixin.py:190} INFO - [2025-02-23T02:33:37.540-0500] {dagbag.py:588} INFO - Filling up the DagBag from /home/rafaelrb/anaconda3/lib/python3.9/site-packages/airflow/example_dags/tutorial_dag.py
[2025-02-23T02:33:37.553-0500] {processor.py:925} INFO - DAG(s) 'tutorial_dag' retrieved from /home/rafaelrb/anaconda3/lib/python3.9/site-packages/airflow/example_dags/tutorial_dag.py
[2025-02-23T02:33:37.574-0500] {logging_mixin.py:190} INFO - [2025-02-23T02:33:37.573-0500] {dag.py:3239} INFO - Sync 1 DAGs
[2025-02-23T02:33:37.592-0500] {logging_mixin.py:190} INFO - [2025-02-23T02:33:37.592-0500] {dag.py:4180} INFO - Setting next_dagrun for tutorial_dag to None, run_after=None
[2025-02-23T02:33:37.632-0500] {processor.py:208} INFO - Processing /home/rafaelrb/anaconda3/lib/python3.9/site-packages/airflow/example_dags/tutorial_dag.py took 0.113 seconds
[2025-02-23T02:34:21.695-0500] {processor.py:186} INFO - Started process (PID=76956) to work on /home/rafaelrb/anaconda3/lib/python3.9/site-packages/airflow/example_dags/tutorial_dag.py
[2025-02-23T02:34:21.697-0500] {processor.py:914} INFO - Processing file /home/rafaelrb/anaconda3/lib/python3.9/site-packages/airflow/example_dags/tutorial_dag.py for tasks to queue
[2025-02-23T02:34:21.700-0500] {logging_mixin.py:190} INFO - [2025-02-23T02:34:21.699-0500] {dagbag.py:588} INFO - Filling up the DagBag from /home/rafaelrb/anaconda3/lib/python3.9/site-packages/airflow/example_dags/tutorial_dag.py
[2025-02-23T02:34:21.712-0500] {processor.py:925} INFO - DAG(s) 'tutorial_dag' retrieved from /home/rafaelrb/anaconda3/lib/python3.9/site-packages/airflow/example_dags/tutorial_dag.py
[2025-02-23T02:34:21.735-0500] {logging_mixin.py:190} INFO - [2025-02-23T02:34:21.735-0500] {dag.py:3239} INFO - Sync 1 DAGs
[2025-02-23T02:34:21.753-0500] {logging_mixin.py:190} INFO - [2025-02-23T02:34:21.753-0500] {dag.py:4180} INFO - Setting next_dagrun for tutorial_dag to None, run_after=None
[2025-02-23T02:34:21.812-0500] {processor.py:208} INFO - Processing /home/rafaelrb/anaconda3/lib/python3.9/site-packages/airflow/example_dags/tutorial_dag.py took 0.128 seconds
[2025-02-23T02:35:02.752-0500] {processor.py:186} INFO - Started process (PID=77076) to work on /home/rafaelrb/anaconda3/lib/python3.9/site-packages/airflow/example_dags/tutorial_dag.py
[2025-02-23T02:35:02.754-0500] {processor.py:914} INFO - Processing file /home/rafaelrb/anaconda3/lib/python3.9/site-packages/airflow/example_dags/tutorial_dag.py for tasks to queue
[2025-02-23T02:35:02.777-0500] {logging_mixin.py:190} INFO - [2025-02-23T02:35:02.773-0500] {dagbag.py:588} INFO - Filling up the DagBag from /home/rafaelrb/anaconda3/lib/python3.9/site-packages/airflow/example_dags/tutorial_dag.py
[2025-02-23T02:35:02.841-0500] {processor.py:925} INFO - DAG(s) 'tutorial_dag' retrieved from /home/rafaelrb/anaconda3/lib/python3.9/site-packages/airflow/example_dags/tutorial_dag.py
[2025-02-23T02:35:02.940-0500] {logging_mixin.py:190} INFO - [2025-02-23T02:35:02.939-0500] {dag.py:3239} INFO - Sync 1 DAGs
[2025-02-23T02:35:02.976-0500] {logging_mixin.py:190} INFO - [2025-02-23T02:35:02.975-0500] {dag.py:4180} INFO - Setting next_dagrun for tutorial_dag to None, run_after=None
[2025-02-23T02:35:03.533-0500] {processor.py:208} INFO - Processing /home/rafaelrb/anaconda3/lib/python3.9/site-packages/airflow/example_dags/tutorial_dag.py took 0.845 seconds
[2025-02-23T02:43:00.723-0500] {processor.py:186} INFO - Started process (PID=79006) to work on /home/rafaelrb/anaconda3/lib/python3.9/site-packages/airflow/example_dags/tutorial_dag.py
[2025-02-23T02:43:00.725-0500] {processor.py:914} INFO - Processing file /home/rafaelrb/anaconda3/lib/python3.9/site-packages/airflow/example_dags/tutorial_dag.py for tasks to queue
[2025-02-23T02:43:00.730-0500] {logging_mixin.py:190} INFO - [2025-02-23T02:43:00.729-0500] {dagbag.py:588} INFO - Filling up the DagBag from /home/rafaelrb/anaconda3/lib/python3.9/site-packages/airflow/example_dags/tutorial_dag.py
[2025-02-23T02:43:00.752-0500] {processor.py:925} INFO - DAG(s) 'tutorial_dag' retrieved from /home/rafaelrb/anaconda3/lib/python3.9/site-packages/airflow/example_dags/tutorial_dag.py
[2025-02-23T02:43:00.848-0500] {logging_mixin.py:190} INFO - [2025-02-23T02:43:00.837-0500] {dag.py:3239} INFO - Sync 1 DAGs
[2025-02-23T02:43:00.898-0500] {logging_mixin.py:190} INFO - [2025-02-23T02:43:00.889-0500] {dag.py:4180} INFO - Setting next_dagrun for tutorial_dag to None, run_after=None
[2025-02-23T02:43:00.930-0500] {processor.py:208} INFO - Processing /home/rafaelrb/anaconda3/lib/python3.9/site-packages/airflow/example_dags/tutorial_dag.py took 0.217 seconds
[2025-02-23T02:43:59.908-0500] {processor.py:186} INFO - Started process (PID=79203) to work on /home/rafaelrb/anaconda3/lib/python3.9/site-packages/airflow/example_dags/tutorial_dag.py
[2025-02-23T02:43:59.910-0500] {processor.py:914} INFO - Processing file /home/rafaelrb/anaconda3/lib/python3.9/site-packages/airflow/example_dags/tutorial_dag.py for tasks to queue
[2025-02-23T02:43:59.913-0500] {logging_mixin.py:190} INFO - [2025-02-23T02:43:59.912-0500] {dagbag.py:588} INFO - Filling up the DagBag from /home/rafaelrb/anaconda3/lib/python3.9/site-packages/airflow/example_dags/tutorial_dag.py
[2025-02-23T02:43:59.922-0500] {processor.py:925} INFO - DAG(s) 'tutorial_dag' retrieved from /home/rafaelrb/anaconda3/lib/python3.9/site-packages/airflow/example_dags/tutorial_dag.py
[2025-02-23T02:43:59.946-0500] {logging_mixin.py:190} INFO - [2025-02-23T02:43:59.946-0500] {dag.py:3239} INFO - Sync 1 DAGs
[2025-02-23T02:43:59.962-0500] {logging_mixin.py:190} INFO - [2025-02-23T02:43:59.961-0500] {dag.py:4180} INFO - Setting next_dagrun for tutorial_dag to None, run_after=None
[2025-02-23T02:43:59.995-0500] {processor.py:208} INFO - Processing /home/rafaelrb/anaconda3/lib/python3.9/site-packages/airflow/example_dags/tutorial_dag.py took 0.096 seconds
