[2025-02-22T23:43:46.170-0500] {processor.py:186} INFO - Started process (PID=26753) to work on /home/rafaelrb/anaconda3/lib/python3.9/site-packages/airflow/example_dags/tutorial.py
[2025-02-22T23:43:46.171-0500] {processor.py:914} INFO - Processing file /home/rafaelrb/anaconda3/lib/python3.9/site-packages/airflow/example_dags/tutorial.py for tasks to queue
[2025-02-22T23:43:46.174-0500] {logging_mixin.py:190} INFO - [2025-02-22T23:43:46.174-0500] {dagbag.py:588} INFO - Filling up the DagBag from /home/rafaelrb/anaconda3/lib/python3.9/site-packages/airflow/example_dags/tutorial.py
[2025-02-22T23:43:46.186-0500] {processor.py:925} INFO - DAG(s) 'tutorial' retrieved from /home/rafaelrb/anaconda3/lib/python3.9/site-packages/airflow/example_dags/tutorial.py
[2025-02-22T23:43:46.345-0500] {logging_mixin.py:190} INFO - [2025-02-22T23:43:46.344-0500] {override.py:1930} INFO - Created Permission View: can read on DAG:tutorial
[2025-02-22T23:43:46.366-0500] {logging_mixin.py:190} INFO - [2025-02-22T23:43:46.365-0500] {override.py:1930} INFO - Created Permission View: can delete on DAG:tutorial
[2025-02-22T23:43:46.384-0500] {logging_mixin.py:190} INFO - [2025-02-22T23:43:46.383-0500] {override.py:1930} INFO - Created Permission View: can edit on DAG:tutorial
[2025-02-22T23:43:46.417-0500] {logging_mixin.py:190} INFO - [2025-02-22T23:43:46.416-0500] {override.py:1930} INFO - Created Permission View: can read on DAG Run:tutorial
[2025-02-22T23:43:46.435-0500] {logging_mixin.py:190} INFO - [2025-02-22T23:43:46.435-0500] {override.py:1930} INFO - Created Permission View: can create on DAG Run:tutorial
[2025-02-22T23:43:46.453-0500] {logging_mixin.py:190} INFO - [2025-02-22T23:43:46.452-0500] {override.py:1930} INFO - Created Permission View: menu access on DAG Run:tutorial
[2025-02-22T23:43:46.469-0500] {logging_mixin.py:190} INFO - [2025-02-22T23:43:46.469-0500] {override.py:1930} INFO - Created Permission View: can delete on DAG Run:tutorial
[2025-02-22T23:43:46.470-0500] {logging_mixin.py:190} INFO - [2025-02-22T23:43:46.470-0500] {dag.py:3239} INFO - Sync 1 DAGs
[2025-02-22T23:43:46.486-0500] {logging_mixin.py:190} INFO - [2025-02-22T23:43:46.485-0500] {dag.py:3262} INFO - Creating ORM DAG for tutorial
[2025-02-22T23:43:46.496-0500] {logging_mixin.py:190} INFO - [2025-02-22T23:43:46.495-0500] {dag.py:4180} INFO - Setting next_dagrun for tutorial to 2025-02-22 00:00:00+00:00, run_after=2025-02-23 00:00:00+00:00
[2025-02-22T23:43:46.530-0500] {processor.py:208} INFO - Processing /home/rafaelrb/anaconda3/lib/python3.9/site-packages/airflow/example_dags/tutorial.py took 0.368 seconds
[2025-02-22T23:44:54.067-0500] {processor.py:186} INFO - Started process (PID=27210) to work on /home/rafaelrb/anaconda3/lib/python3.9/site-packages/airflow/example_dags/tutorial.py
[2025-02-22T23:44:54.069-0500] {processor.py:914} INFO - Processing file /home/rafaelrb/anaconda3/lib/python3.9/site-packages/airflow/example_dags/tutorial.py for tasks to queue
[2025-02-22T23:44:54.073-0500] {logging_mixin.py:190} INFO - [2025-02-22T23:44:54.072-0500] {dagbag.py:588} INFO - Filling up the DagBag from /home/rafaelrb/anaconda3/lib/python3.9/site-packages/airflow/example_dags/tutorial.py
[2025-02-22T23:44:54.090-0500] {processor.py:925} INFO - DAG(s) 'tutorial' retrieved from /home/rafaelrb/anaconda3/lib/python3.9/site-packages/airflow/example_dags/tutorial.py
[2025-02-22T23:44:54.136-0500] {logging_mixin.py:190} INFO - [2025-02-22T23:44:54.135-0500] {dag.py:3239} INFO - Sync 1 DAGs
[2025-02-22T23:44:54.177-0500] {logging_mixin.py:190} INFO - [2025-02-22T23:44:54.177-0500] {dag.py:4180} INFO - Setting next_dagrun for tutorial to 2025-02-22 00:00:00+00:00, run_after=2025-02-23 00:00:00+00:00
[2025-02-22T23:44:54.218-0500] {processor.py:208} INFO - Processing /home/rafaelrb/anaconda3/lib/python3.9/site-packages/airflow/example_dags/tutorial.py took 0.166 seconds
[2025-02-22T23:49:25.868-0500] {processor.py:186} INFO - Started process (PID=27835) to work on /home/rafaelrb/anaconda3/lib/python3.9/site-packages/airflow/example_dags/tutorial.py
[2025-02-22T23:49:25.870-0500] {processor.py:914} INFO - Processing file /home/rafaelrb/anaconda3/lib/python3.9/site-packages/airflow/example_dags/tutorial.py for tasks to queue
[2025-02-22T23:49:25.873-0500] {logging_mixin.py:190} INFO - [2025-02-22T23:49:25.872-0500] {dagbag.py:588} INFO - Filling up the DagBag from /home/rafaelrb/anaconda3/lib/python3.9/site-packages/airflow/example_dags/tutorial.py
[2025-02-22T23:49:25.886-0500] {processor.py:925} INFO - DAG(s) 'tutorial' retrieved from /home/rafaelrb/anaconda3/lib/python3.9/site-packages/airflow/example_dags/tutorial.py
[2025-02-22T23:49:25.912-0500] {logging_mixin.py:190} INFO - [2025-02-22T23:49:25.912-0500] {dag.py:3239} INFO - Sync 1 DAGs
[2025-02-22T23:49:25.958-0500] {logging_mixin.py:190} INFO - [2025-02-22T23:49:25.957-0500] {dag.py:4180} INFO - Setting next_dagrun for tutorial to 2025-02-22 00:00:00+00:00, run_after=2025-02-23 00:00:00+00:00
[2025-02-22T23:49:26.018-0500] {processor.py:208} INFO - Processing /home/rafaelrb/anaconda3/lib/python3.9/site-packages/airflow/example_dags/tutorial.py took 0.161 seconds
[2025-02-22T23:50:26.816-0500] {processor.py:186} INFO - Started process (PID=28250) to work on /home/rafaelrb/anaconda3/lib/python3.9/site-packages/airflow/example_dags/tutorial.py
[2025-02-22T23:50:26.818-0500] {processor.py:914} INFO - Processing file /home/rafaelrb/anaconda3/lib/python3.9/site-packages/airflow/example_dags/tutorial.py for tasks to queue
[2025-02-22T23:50:26.821-0500] {logging_mixin.py:190} INFO - [2025-02-22T23:50:26.820-0500] {dagbag.py:588} INFO - Filling up the DagBag from /home/rafaelrb/anaconda3/lib/python3.9/site-packages/airflow/example_dags/tutorial.py
[2025-02-22T23:50:26.832-0500] {processor.py:925} INFO - DAG(s) 'tutorial' retrieved from /home/rafaelrb/anaconda3/lib/python3.9/site-packages/airflow/example_dags/tutorial.py
[2025-02-22T23:50:26.852-0500] {logging_mixin.py:190} INFO - [2025-02-22T23:50:26.851-0500] {dag.py:3239} INFO - Sync 1 DAGs
[2025-02-22T23:50:26.881-0500] {logging_mixin.py:190} INFO - [2025-02-22T23:50:26.880-0500] {dag.py:4180} INFO - Setting next_dagrun for tutorial to 2025-02-22 00:00:00+00:00, run_after=2025-02-23 00:00:00+00:00
[2025-02-22T23:50:26.913-0500] {processor.py:208} INFO - Processing /home/rafaelrb/anaconda3/lib/python3.9/site-packages/airflow/example_dags/tutorial.py took 0.106 seconds
[2025-02-22T23:51:25.801-0500] {processor.py:186} INFO - Started process (PID=28652) to work on /home/rafaelrb/anaconda3/lib/python3.9/site-packages/airflow/example_dags/tutorial.py
[2025-02-22T23:51:25.803-0500] {processor.py:914} INFO - Processing file /home/rafaelrb/anaconda3/lib/python3.9/site-packages/airflow/example_dags/tutorial.py for tasks to queue
[2025-02-22T23:51:25.806-0500] {logging_mixin.py:190} INFO - [2025-02-22T23:51:25.805-0500] {dagbag.py:588} INFO - Filling up the DagBag from /home/rafaelrb/anaconda3/lib/python3.9/site-packages/airflow/example_dags/tutorial.py
[2025-02-22T23:51:25.818-0500] {processor.py:925} INFO - DAG(s) 'tutorial' retrieved from /home/rafaelrb/anaconda3/lib/python3.9/site-packages/airflow/example_dags/tutorial.py
[2025-02-22T23:51:25.839-0500] {logging_mixin.py:190} INFO - [2025-02-22T23:51:25.839-0500] {dag.py:3239} INFO - Sync 1 DAGs
[2025-02-22T23:51:25.866-0500] {logging_mixin.py:190} INFO - [2025-02-22T23:51:25.865-0500] {dag.py:4180} INFO - Setting next_dagrun for tutorial to 2025-02-22 00:00:00+00:00, run_after=2025-02-23 00:00:00+00:00
[2025-02-22T23:51:25.900-0500] {processor.py:208} INFO - Processing /home/rafaelrb/anaconda3/lib/python3.9/site-packages/airflow/example_dags/tutorial.py took 0.107 seconds
[2025-02-22T23:52:29.844-0500] {processor.py:186} INFO - Started process (PID=29161) to work on /home/rafaelrb/anaconda3/lib/python3.9/site-packages/airflow/example_dags/tutorial.py
[2025-02-22T23:52:29.847-0500] {processor.py:914} INFO - Processing file /home/rafaelrb/anaconda3/lib/python3.9/site-packages/airflow/example_dags/tutorial.py for tasks to queue
[2025-02-22T23:52:29.851-0500] {logging_mixin.py:190} INFO - [2025-02-22T23:52:29.850-0500] {dagbag.py:588} INFO - Filling up the DagBag from /home/rafaelrb/anaconda3/lib/python3.9/site-packages/airflow/example_dags/tutorial.py
[2025-02-22T23:52:29.872-0500] {processor.py:925} INFO - DAG(s) 'tutorial' retrieved from /home/rafaelrb/anaconda3/lib/python3.9/site-packages/airflow/example_dags/tutorial.py
[2025-02-22T23:52:29.900-0500] {logging_mixin.py:190} INFO - [2025-02-22T23:52:29.900-0500] {dag.py:3239} INFO - Sync 1 DAGs
[2025-02-22T23:52:29.941-0500] {logging_mixin.py:190} INFO - [2025-02-22T23:52:29.940-0500] {dag.py:4180} INFO - Setting next_dagrun for tutorial to 2025-02-22 00:00:00+00:00, run_after=2025-02-23 00:00:00+00:00
[2025-02-22T23:52:29.985-0500] {processor.py:208} INFO - Processing /home/rafaelrb/anaconda3/lib/python3.9/site-packages/airflow/example_dags/tutorial.py took 0.155 seconds
[2025-02-22T23:54:02.465-0500] {processor.py:186} INFO - Started process (PID=29781) to work on /home/rafaelrb/anaconda3/lib/python3.9/site-packages/airflow/example_dags/tutorial.py
[2025-02-22T23:54:02.466-0500] {processor.py:914} INFO - Processing file /home/rafaelrb/anaconda3/lib/python3.9/site-packages/airflow/example_dags/tutorial.py for tasks to queue
[2025-02-22T23:54:02.470-0500] {logging_mixin.py:190} INFO - [2025-02-22T23:54:02.469-0500] {dagbag.py:588} INFO - Filling up the DagBag from /home/rafaelrb/anaconda3/lib/python3.9/site-packages/airflow/example_dags/tutorial.py
[2025-02-22T23:54:02.484-0500] {processor.py:925} INFO - DAG(s) 'tutorial' retrieved from /home/rafaelrb/anaconda3/lib/python3.9/site-packages/airflow/example_dags/tutorial.py
[2025-02-22T23:54:02.537-0500] {logging_mixin.py:190} INFO - [2025-02-22T23:54:02.536-0500] {dag.py:3239} INFO - Sync 1 DAGs
[2025-02-22T23:54:02.594-0500] {logging_mixin.py:190} INFO - [2025-02-22T23:54:02.593-0500] {dag.py:4180} INFO - Setting next_dagrun for tutorial to 2025-02-22 00:00:00+00:00, run_after=2025-02-23 00:00:00+00:00
[2025-02-22T23:54:02.625-0500] {processor.py:208} INFO - Processing /home/rafaelrb/anaconda3/lib/python3.9/site-packages/airflow/example_dags/tutorial.py took 0.174 seconds
[2025-02-22T23:55:05.500-0500] {processor.py:186} INFO - Started process (PID=30210) to work on /home/rafaelrb/anaconda3/lib/python3.9/site-packages/airflow/example_dags/tutorial.py
[2025-02-22T23:55:05.502-0500] {processor.py:914} INFO - Processing file /home/rafaelrb/anaconda3/lib/python3.9/site-packages/airflow/example_dags/tutorial.py for tasks to queue
[2025-02-22T23:55:05.507-0500] {logging_mixin.py:190} INFO - [2025-02-22T23:55:05.506-0500] {dagbag.py:588} INFO - Filling up the DagBag from /home/rafaelrb/anaconda3/lib/python3.9/site-packages/airflow/example_dags/tutorial.py
[2025-02-22T23:55:05.522-0500] {processor.py:925} INFO - DAG(s) 'tutorial' retrieved from /home/rafaelrb/anaconda3/lib/python3.9/site-packages/airflow/example_dags/tutorial.py
[2025-02-22T23:55:05.544-0500] {logging_mixin.py:190} INFO - [2025-02-22T23:55:05.544-0500] {dag.py:3239} INFO - Sync 1 DAGs
[2025-02-22T23:55:05.571-0500] {logging_mixin.py:190} INFO - [2025-02-22T23:55:05.571-0500] {dag.py:4180} INFO - Setting next_dagrun for tutorial to 2025-02-22 00:00:00+00:00, run_after=2025-02-23 00:00:00+00:00
[2025-02-22T23:55:05.609-0500] {processor.py:208} INFO - Processing /home/rafaelrb/anaconda3/lib/python3.9/site-packages/airflow/example_dags/tutorial.py took 0.121 seconds
[2025-02-22T23:58:18.100-0500] {processor.py:186} INFO - Started process (PID=30723) to work on /home/rafaelrb/anaconda3/lib/python3.9/site-packages/airflow/example_dags/tutorial.py
[2025-02-22T23:58:18.102-0500] {processor.py:914} INFO - Processing file /home/rafaelrb/anaconda3/lib/python3.9/site-packages/airflow/example_dags/tutorial.py for tasks to queue
[2025-02-22T23:58:18.104-0500] {logging_mixin.py:190} INFO - [2025-02-22T23:58:18.104-0500] {dagbag.py:588} INFO - Filling up the DagBag from /home/rafaelrb/anaconda3/lib/python3.9/site-packages/airflow/example_dags/tutorial.py
[2025-02-22T23:58:18.116-0500] {processor.py:925} INFO - DAG(s) 'tutorial' retrieved from /home/rafaelrb/anaconda3/lib/python3.9/site-packages/airflow/example_dags/tutorial.py
[2025-02-22T23:58:18.134-0500] {logging_mixin.py:190} INFO - [2025-02-22T23:58:18.134-0500] {dag.py:3239} INFO - Sync 1 DAGs
[2025-02-22T23:58:18.161-0500] {logging_mixin.py:190} INFO - [2025-02-22T23:58:18.161-0500] {dag.py:4180} INFO - Setting next_dagrun for tutorial to 2025-02-22 00:00:00+00:00, run_after=2025-02-23 00:00:00+00:00
[2025-02-22T23:58:18.197-0500] {processor.py:208} INFO - Processing /home/rafaelrb/anaconda3/lib/python3.9/site-packages/airflow/example_dags/tutorial.py took 0.106 seconds
[2025-02-22T23:59:22.994-0500] {processor.py:186} INFO - Started process (PID=31175) to work on /home/rafaelrb/anaconda3/lib/python3.9/site-packages/airflow/example_dags/tutorial.py
[2025-02-22T23:59:23.002-0500] {processor.py:914} INFO - Processing file /home/rafaelrb/anaconda3/lib/python3.9/site-packages/airflow/example_dags/tutorial.py for tasks to queue
[2025-02-22T23:59:23.006-0500] {logging_mixin.py:190} INFO - [2025-02-22T23:59:23.005-0500] {dagbag.py:588} INFO - Filling up the DagBag from /home/rafaelrb/anaconda3/lib/python3.9/site-packages/airflow/example_dags/tutorial.py
[2025-02-22T23:59:23.049-0500] {processor.py:925} INFO - DAG(s) 'tutorial' retrieved from /home/rafaelrb/anaconda3/lib/python3.9/site-packages/airflow/example_dags/tutorial.py
[2025-02-22T23:59:23.156-0500] {logging_mixin.py:190} INFO - [2025-02-22T23:59:23.155-0500] {dag.py:3239} INFO - Sync 1 DAGs
[2025-02-22T23:59:23.316-0500] {logging_mixin.py:190} INFO - [2025-02-22T23:59:23.315-0500] {dag.py:4180} INFO - Setting next_dagrun for tutorial to 2025-02-22 00:00:00+00:00, run_after=2025-02-23 00:00:00+00:00
[2025-02-22T23:59:23.428-0500] {processor.py:208} INFO - Processing /home/rafaelrb/anaconda3/lib/python3.9/site-packages/airflow/example_dags/tutorial.py took 0.469 seconds
[2025-02-23T00:00:46.358-0500] {processor.py:186} INFO - Started process (PID=31731) to work on /home/rafaelrb/anaconda3/lib/python3.9/site-packages/airflow/example_dags/tutorial.py
[2025-02-23T00:00:46.359-0500] {processor.py:914} INFO - Processing file /home/rafaelrb/anaconda3/lib/python3.9/site-packages/airflow/example_dags/tutorial.py for tasks to queue
[2025-02-23T00:00:46.364-0500] {logging_mixin.py:190} INFO - [2025-02-23T00:00:46.363-0500] {dagbag.py:588} INFO - Filling up the DagBag from /home/rafaelrb/anaconda3/lib/python3.9/site-packages/airflow/example_dags/tutorial.py
[2025-02-23T00:00:46.384-0500] {processor.py:925} INFO - DAG(s) 'tutorial' retrieved from /home/rafaelrb/anaconda3/lib/python3.9/site-packages/airflow/example_dags/tutorial.py
[2025-02-23T00:00:46.416-0500] {logging_mixin.py:190} INFO - [2025-02-23T00:00:46.416-0500] {dag.py:3239} INFO - Sync 1 DAGs
[2025-02-23T00:00:46.464-0500] {logging_mixin.py:190} INFO - [2025-02-23T00:00:46.464-0500] {dag.py:4180} INFO - Setting next_dagrun for tutorial to 2025-02-22 00:00:00+00:00, run_after=2025-02-23 00:00:00+00:00
[2025-02-23T00:00:46.503-0500] {processor.py:208} INFO - Processing /home/rafaelrb/anaconda3/lib/python3.9/site-packages/airflow/example_dags/tutorial.py took 0.157 seconds
[2025-02-23T00:01:47.872-0500] {processor.py:186} INFO - Started process (PID=32140) to work on /home/rafaelrb/anaconda3/lib/python3.9/site-packages/airflow/example_dags/tutorial.py
[2025-02-23T00:01:47.877-0500] {processor.py:914} INFO - Processing file /home/rafaelrb/anaconda3/lib/python3.9/site-packages/airflow/example_dags/tutorial.py for tasks to queue
[2025-02-23T00:01:47.882-0500] {logging_mixin.py:190} INFO - [2025-02-23T00:01:47.881-0500] {dagbag.py:588} INFO - Filling up the DagBag from /home/rafaelrb/anaconda3/lib/python3.9/site-packages/airflow/example_dags/tutorial.py
[2025-02-23T00:01:47.931-0500] {processor.py:925} INFO - DAG(s) 'tutorial' retrieved from /home/rafaelrb/anaconda3/lib/python3.9/site-packages/airflow/example_dags/tutorial.py
[2025-02-23T00:01:48.012-0500] {logging_mixin.py:190} INFO - [2025-02-23T00:01:48.012-0500] {dag.py:3239} INFO - Sync 1 DAGs
[2025-02-23T00:01:48.084-0500] {logging_mixin.py:190} INFO - [2025-02-23T00:01:48.083-0500] {dag.py:4180} INFO - Setting next_dagrun for tutorial to 2025-02-22 00:00:00+00:00, run_after=2025-02-23 00:00:00+00:00
[2025-02-23T00:01:48.138-0500] {processor.py:208} INFO - Processing /home/rafaelrb/anaconda3/lib/python3.9/site-packages/airflow/example_dags/tutorial.py took 0.309 seconds
[2025-02-23T00:11:26.634-0500] {processor.py:186} INFO - Started process (PID=34441) to work on /home/rafaelrb/anaconda3/lib/python3.9/site-packages/airflow/example_dags/tutorial.py
[2025-02-23T00:11:26.636-0500] {processor.py:914} INFO - Processing file /home/rafaelrb/anaconda3/lib/python3.9/site-packages/airflow/example_dags/tutorial.py for tasks to queue
[2025-02-23T00:11:26.639-0500] {logging_mixin.py:190} INFO - [2025-02-23T00:11:26.638-0500] {dagbag.py:588} INFO - Filling up the DagBag from /home/rafaelrb/anaconda3/lib/python3.9/site-packages/airflow/example_dags/tutorial.py
[2025-02-23T00:11:26.650-0500] {processor.py:925} INFO - DAG(s) 'tutorial' retrieved from /home/rafaelrb/anaconda3/lib/python3.9/site-packages/airflow/example_dags/tutorial.py
[2025-02-23T00:11:26.680-0500] {logging_mixin.py:190} INFO - [2025-02-23T00:11:26.679-0500] {dag.py:3239} INFO - Sync 1 DAGs
[2025-02-23T00:11:26.711-0500] {logging_mixin.py:190} INFO - [2025-02-23T00:11:26.710-0500] {dag.py:4180} INFO - Setting next_dagrun for tutorial to 2025-02-22 00:00:00+00:00, run_after=2025-02-23 00:00:00+00:00
[2025-02-23T00:11:26.756-0500] {processor.py:208} INFO - Processing /home/rafaelrb/anaconda3/lib/python3.9/site-packages/airflow/example_dags/tutorial.py took 0.133 seconds
[2025-02-23T00:12:40.968-0500] {processor.py:186} INFO - Started process (PID=34557) to work on /home/rafaelrb/anaconda3/lib/python3.9/site-packages/airflow/example_dags/tutorial.py
[2025-02-23T00:12:40.969-0500] {processor.py:914} INFO - Processing file /home/rafaelrb/anaconda3/lib/python3.9/site-packages/airflow/example_dags/tutorial.py for tasks to queue
[2025-02-23T00:12:40.972-0500] {logging_mixin.py:190} INFO - [2025-02-23T00:12:40.972-0500] {dagbag.py:588} INFO - Filling up the DagBag from /home/rafaelrb/anaconda3/lib/python3.9/site-packages/airflow/example_dags/tutorial.py
[2025-02-23T00:12:40.983-0500] {processor.py:925} INFO - DAG(s) 'tutorial' retrieved from /home/rafaelrb/anaconda3/lib/python3.9/site-packages/airflow/example_dags/tutorial.py
[2025-02-23T00:12:41.005-0500] {logging_mixin.py:190} INFO - [2025-02-23T00:12:41.005-0500] {dag.py:3239} INFO - Sync 1 DAGs
[2025-02-23T00:12:41.030-0500] {logging_mixin.py:190} INFO - [2025-02-23T00:12:41.030-0500] {dag.py:4180} INFO - Setting next_dagrun for tutorial to 2025-02-22 00:00:00+00:00, run_after=2025-02-23 00:00:00+00:00
[2025-02-23T00:12:41.064-0500] {processor.py:208} INFO - Processing /home/rafaelrb/anaconda3/lib/python3.9/site-packages/airflow/example_dags/tutorial.py took 0.105 seconds
[2025-02-23T00:13:40.322-0500] {processor.py:186} INFO - Started process (PID=34628) to work on /home/rafaelrb/anaconda3/lib/python3.9/site-packages/airflow/example_dags/tutorial.py
[2025-02-23T00:13:40.324-0500] {processor.py:914} INFO - Processing file /home/rafaelrb/anaconda3/lib/python3.9/site-packages/airflow/example_dags/tutorial.py for tasks to queue
[2025-02-23T00:13:40.327-0500] {logging_mixin.py:190} INFO - [2025-02-23T00:13:40.326-0500] {dagbag.py:588} INFO - Filling up the DagBag from /home/rafaelrb/anaconda3/lib/python3.9/site-packages/airflow/example_dags/tutorial.py
[2025-02-23T00:13:40.339-0500] {processor.py:925} INFO - DAG(s) 'tutorial' retrieved from /home/rafaelrb/anaconda3/lib/python3.9/site-packages/airflow/example_dags/tutorial.py
[2025-02-23T00:13:40.360-0500] {logging_mixin.py:190} INFO - [2025-02-23T00:13:40.360-0500] {dag.py:3239} INFO - Sync 1 DAGs
[2025-02-23T00:13:40.388-0500] {logging_mixin.py:190} INFO - [2025-02-23T00:13:40.388-0500] {dag.py:4180} INFO - Setting next_dagrun for tutorial to 2025-02-22 00:00:00+00:00, run_after=2025-02-23 00:00:00+00:00
[2025-02-23T00:13:40.425-0500] {processor.py:208} INFO - Processing /home/rafaelrb/anaconda3/lib/python3.9/site-packages/airflow/example_dags/tutorial.py took 0.118 seconds
[2025-02-23T00:14:38.317-0500] {processor.py:186} INFO - Started process (PID=34703) to work on /home/rafaelrb/anaconda3/lib/python3.9/site-packages/airflow/example_dags/tutorial.py
[2025-02-23T00:14:38.319-0500] {processor.py:914} INFO - Processing file /home/rafaelrb/anaconda3/lib/python3.9/site-packages/airflow/example_dags/tutorial.py for tasks to queue
[2025-02-23T00:14:38.322-0500] {logging_mixin.py:190} INFO - [2025-02-23T00:14:38.321-0500] {dagbag.py:588} INFO - Filling up the DagBag from /home/rafaelrb/anaconda3/lib/python3.9/site-packages/airflow/example_dags/tutorial.py
[2025-02-23T00:14:38.333-0500] {processor.py:925} INFO - DAG(s) 'tutorial' retrieved from /home/rafaelrb/anaconda3/lib/python3.9/site-packages/airflow/example_dags/tutorial.py
[2025-02-23T00:14:38.352-0500] {logging_mixin.py:190} INFO - [2025-02-23T00:14:38.351-0500] {dag.py:3239} INFO - Sync 1 DAGs
[2025-02-23T00:14:38.376-0500] {logging_mixin.py:190} INFO - [2025-02-23T00:14:38.375-0500] {dag.py:4180} INFO - Setting next_dagrun for tutorial to 2025-02-22 00:00:00+00:00, run_after=2025-02-23 00:00:00+00:00
[2025-02-23T00:14:38.406-0500] {processor.py:208} INFO - Processing /home/rafaelrb/anaconda3/lib/python3.9/site-packages/airflow/example_dags/tutorial.py took 0.097 seconds
[2025-02-23T00:15:48.319-0500] {processor.py:186} INFO - Started process (PID=34828) to work on /home/rafaelrb/anaconda3/lib/python3.9/site-packages/airflow/example_dags/tutorial.py
[2025-02-23T00:15:48.321-0500] {processor.py:914} INFO - Processing file /home/rafaelrb/anaconda3/lib/python3.9/site-packages/airflow/example_dags/tutorial.py for tasks to queue
[2025-02-23T00:15:48.325-0500] {logging_mixin.py:190} INFO - [2025-02-23T00:15:48.324-0500] {dagbag.py:588} INFO - Filling up the DagBag from /home/rafaelrb/anaconda3/lib/python3.9/site-packages/airflow/example_dags/tutorial.py
[2025-02-23T00:15:48.338-0500] {processor.py:925} INFO - DAG(s) 'tutorial' retrieved from /home/rafaelrb/anaconda3/lib/python3.9/site-packages/airflow/example_dags/tutorial.py
[2025-02-23T00:15:48.367-0500] {logging_mixin.py:190} INFO - [2025-02-23T00:15:48.367-0500] {dag.py:3239} INFO - Sync 1 DAGs
[2025-02-23T00:15:48.397-0500] {logging_mixin.py:190} INFO - [2025-02-23T00:15:48.396-0500] {dag.py:4180} INFO - Setting next_dagrun for tutorial to 2025-02-22 00:00:00+00:00, run_after=2025-02-23 00:00:00+00:00
[2025-02-23T00:15:48.429-0500] {processor.py:208} INFO - Processing /home/rafaelrb/anaconda3/lib/python3.9/site-packages/airflow/example_dags/tutorial.py took 0.119 seconds
[2025-02-23T00:16:52.783-0500] {processor.py:186} INFO - Started process (PID=34900) to work on /home/rafaelrb/anaconda3/lib/python3.9/site-packages/airflow/example_dags/tutorial.py
[2025-02-23T00:16:52.785-0500] {processor.py:914} INFO - Processing file /home/rafaelrb/anaconda3/lib/python3.9/site-packages/airflow/example_dags/tutorial.py for tasks to queue
[2025-02-23T00:16:52.788-0500] {logging_mixin.py:190} INFO - [2025-02-23T00:16:52.787-0500] {dagbag.py:588} INFO - Filling up the DagBag from /home/rafaelrb/anaconda3/lib/python3.9/site-packages/airflow/example_dags/tutorial.py
[2025-02-23T00:16:52.800-0500] {processor.py:925} INFO - DAG(s) 'tutorial' retrieved from /home/rafaelrb/anaconda3/lib/python3.9/site-packages/airflow/example_dags/tutorial.py
[2025-02-23T00:16:52.822-0500] {logging_mixin.py:190} INFO - [2025-02-23T00:16:52.821-0500] {dag.py:3239} INFO - Sync 1 DAGs
[2025-02-23T00:16:52.850-0500] {logging_mixin.py:190} INFO - [2025-02-23T00:16:52.850-0500] {dag.py:4180} INFO - Setting next_dagrun for tutorial to 2025-02-22 00:00:00+00:00, run_after=2025-02-23 00:00:00+00:00
[2025-02-23T00:16:52.886-0500] {processor.py:208} INFO - Processing /home/rafaelrb/anaconda3/lib/python3.9/site-packages/airflow/example_dags/tutorial.py took 0.111 seconds
[2025-02-23T00:17:52.903-0500] {processor.py:186} INFO - Started process (PID=34978) to work on /home/rafaelrb/anaconda3/lib/python3.9/site-packages/airflow/example_dags/tutorial.py
[2025-02-23T00:17:52.910-0500] {processor.py:914} INFO - Processing file /home/rafaelrb/anaconda3/lib/python3.9/site-packages/airflow/example_dags/tutorial.py for tasks to queue
[2025-02-23T00:17:52.913-0500] {logging_mixin.py:190} INFO - [2025-02-23T00:17:52.912-0500] {dagbag.py:588} INFO - Filling up the DagBag from /home/rafaelrb/anaconda3/lib/python3.9/site-packages/airflow/example_dags/tutorial.py
[2025-02-23T00:17:52.924-0500] {processor.py:925} INFO - DAG(s) 'tutorial' retrieved from /home/rafaelrb/anaconda3/lib/python3.9/site-packages/airflow/example_dags/tutorial.py
[2025-02-23T00:17:52.942-0500] {logging_mixin.py:190} INFO - [2025-02-23T00:17:52.942-0500] {dag.py:3239} INFO - Sync 1 DAGs
[2025-02-23T00:17:52.970-0500] {logging_mixin.py:190} INFO - [2025-02-23T00:17:52.970-0500] {dag.py:4180} INFO - Setting next_dagrun for tutorial to 2025-02-22 00:00:00+00:00, run_after=2025-02-23 00:00:00+00:00
[2025-02-23T00:17:53.004-0500] {processor.py:208} INFO - Processing /home/rafaelrb/anaconda3/lib/python3.9/site-packages/airflow/example_dags/tutorial.py took 0.111 seconds
[2025-02-23T00:22:07.089-0500] {processor.py:186} INFO - Started process (PID=35192) to work on /home/rafaelrb/anaconda3/lib/python3.9/site-packages/airflow/example_dags/tutorial.py
[2025-02-23T00:22:07.091-0500] {processor.py:914} INFO - Processing file /home/rafaelrb/anaconda3/lib/python3.9/site-packages/airflow/example_dags/tutorial.py for tasks to queue
[2025-02-23T00:22:07.095-0500] {logging_mixin.py:190} INFO - [2025-02-23T00:22:07.094-0500] {dagbag.py:588} INFO - Filling up the DagBag from /home/rafaelrb/anaconda3/lib/python3.9/site-packages/airflow/example_dags/tutorial.py
[2025-02-23T00:22:07.106-0500] {processor.py:925} INFO - DAG(s) 'tutorial' retrieved from /home/rafaelrb/anaconda3/lib/python3.9/site-packages/airflow/example_dags/tutorial.py
[2025-02-23T00:22:07.134-0500] {logging_mixin.py:190} INFO - [2025-02-23T00:22:07.134-0500] {dag.py:3239} INFO - Sync 1 DAGs
[2025-02-23T00:22:07.161-0500] {logging_mixin.py:190} INFO - [2025-02-23T00:22:07.161-0500] {dag.py:4180} INFO - Setting next_dagrun for tutorial to 2025-02-22 00:00:00+00:00, run_after=2025-02-23 00:00:00+00:00
[2025-02-23T00:22:07.196-0500] {processor.py:208} INFO - Processing /home/rafaelrb/anaconda3/lib/python3.9/site-packages/airflow/example_dags/tutorial.py took 0.117 seconds
[2025-02-23T00:23:12.189-0500] {processor.py:186} INFO - Started process (PID=35259) to work on /home/rafaelrb/anaconda3/lib/python3.9/site-packages/airflow/example_dags/tutorial.py
[2025-02-23T00:23:12.191-0500] {processor.py:914} INFO - Processing file /home/rafaelrb/anaconda3/lib/python3.9/site-packages/airflow/example_dags/tutorial.py for tasks to queue
[2025-02-23T00:23:12.194-0500] {logging_mixin.py:190} INFO - [2025-02-23T00:23:12.194-0500] {dagbag.py:588} INFO - Filling up the DagBag from /home/rafaelrb/anaconda3/lib/python3.9/site-packages/airflow/example_dags/tutorial.py
[2025-02-23T00:23:12.206-0500] {processor.py:925} INFO - DAG(s) 'tutorial' retrieved from /home/rafaelrb/anaconda3/lib/python3.9/site-packages/airflow/example_dags/tutorial.py
[2025-02-23T00:23:12.230-0500] {logging_mixin.py:190} INFO - [2025-02-23T00:23:12.230-0500] {dag.py:3239} INFO - Sync 1 DAGs
[2025-02-23T00:23:12.260-0500] {logging_mixin.py:190} INFO - [2025-02-23T00:23:12.259-0500] {dag.py:4180} INFO - Setting next_dagrun for tutorial to 2025-02-22 00:00:00+00:00, run_after=2025-02-23 00:00:00+00:00
[2025-02-23T00:23:12.297-0500] {processor.py:208} INFO - Processing /home/rafaelrb/anaconda3/lib/python3.9/site-packages/airflow/example_dags/tutorial.py took 0.118 seconds
[2025-02-23T00:24:15.016-0500] {processor.py:186} INFO - Started process (PID=35334) to work on /home/rafaelrb/anaconda3/lib/python3.9/site-packages/airflow/example_dags/tutorial.py
[2025-02-23T00:24:15.023-0500] {processor.py:914} INFO - Processing file /home/rafaelrb/anaconda3/lib/python3.9/site-packages/airflow/example_dags/tutorial.py for tasks to queue
[2025-02-23T00:24:15.026-0500] {logging_mixin.py:190} INFO - [2025-02-23T00:24:15.026-0500] {dagbag.py:588} INFO - Filling up the DagBag from /home/rafaelrb/anaconda3/lib/python3.9/site-packages/airflow/example_dags/tutorial.py
[2025-02-23T00:24:15.038-0500] {processor.py:925} INFO - DAG(s) 'tutorial' retrieved from /home/rafaelrb/anaconda3/lib/python3.9/site-packages/airflow/example_dags/tutorial.py
[2025-02-23T00:24:15.059-0500] {logging_mixin.py:190} INFO - [2025-02-23T00:24:15.059-0500] {dag.py:3239} INFO - Sync 1 DAGs
[2025-02-23T00:24:15.102-0500] {logging_mixin.py:190} INFO - [2025-02-23T00:24:15.101-0500] {dag.py:4180} INFO - Setting next_dagrun for tutorial to 2025-02-22 00:00:00+00:00, run_after=2025-02-23 00:00:00+00:00
[2025-02-23T00:24:15.146-0500] {processor.py:208} INFO - Processing /home/rafaelrb/anaconda3/lib/python3.9/site-packages/airflow/example_dags/tutorial.py took 0.139 seconds
[2025-02-23T00:25:14.572-0500] {processor.py:186} INFO - Started process (PID=35403) to work on /home/rafaelrb/anaconda3/lib/python3.9/site-packages/airflow/example_dags/tutorial.py
[2025-02-23T00:25:14.574-0500] {processor.py:914} INFO - Processing file /home/rafaelrb/anaconda3/lib/python3.9/site-packages/airflow/example_dags/tutorial.py for tasks to queue
[2025-02-23T00:25:14.578-0500] {logging_mixin.py:190} INFO - [2025-02-23T00:25:14.577-0500] {dagbag.py:588} INFO - Filling up the DagBag from /home/rafaelrb/anaconda3/lib/python3.9/site-packages/airflow/example_dags/tutorial.py
[2025-02-23T00:25:14.587-0500] {processor.py:925} INFO - DAG(s) 'tutorial' retrieved from /home/rafaelrb/anaconda3/lib/python3.9/site-packages/airflow/example_dags/tutorial.py
[2025-02-23T00:25:14.607-0500] {logging_mixin.py:190} INFO - [2025-02-23T00:25:14.607-0500] {dag.py:3239} INFO - Sync 1 DAGs
[2025-02-23T00:25:14.631-0500] {logging_mixin.py:190} INFO - [2025-02-23T00:25:14.631-0500] {dag.py:4180} INFO - Setting next_dagrun for tutorial to 2025-02-22 00:00:00+00:00, run_after=2025-02-23 00:00:00+00:00
[2025-02-23T00:25:14.662-0500] {processor.py:208} INFO - Processing /home/rafaelrb/anaconda3/lib/python3.9/site-packages/airflow/example_dags/tutorial.py took 0.099 seconds
[2025-02-23T00:26:13.908-0500] {processor.py:186} INFO - Started process (PID=35479) to work on /home/rafaelrb/anaconda3/lib/python3.9/site-packages/airflow/example_dags/tutorial.py
[2025-02-23T00:26:13.915-0500] {processor.py:914} INFO - Processing file /home/rafaelrb/anaconda3/lib/python3.9/site-packages/airflow/example_dags/tutorial.py for tasks to queue
[2025-02-23T00:26:13.918-0500] {logging_mixin.py:190} INFO - [2025-02-23T00:26:13.918-0500] {dagbag.py:588} INFO - Filling up the DagBag from /home/rafaelrb/anaconda3/lib/python3.9/site-packages/airflow/example_dags/tutorial.py
[2025-02-23T00:26:13.928-0500] {processor.py:925} INFO - DAG(s) 'tutorial' retrieved from /home/rafaelrb/anaconda3/lib/python3.9/site-packages/airflow/example_dags/tutorial.py
[2025-02-23T00:26:13.946-0500] {logging_mixin.py:190} INFO - [2025-02-23T00:26:13.946-0500] {dag.py:3239} INFO - Sync 1 DAGs
[2025-02-23T00:26:13.972-0500] {logging_mixin.py:190} INFO - [2025-02-23T00:26:13.971-0500] {dag.py:4180} INFO - Setting next_dagrun for tutorial to 2025-02-22 00:00:00+00:00, run_after=2025-02-23 00:00:00+00:00
[2025-02-23T00:26:14.003-0500] {processor.py:208} INFO - Processing /home/rafaelrb/anaconda3/lib/python3.9/site-packages/airflow/example_dags/tutorial.py took 0.103 seconds
[2025-02-23T02:31:44.398-0500] {processor.py:186} INFO - Started process (PID=76016) to work on /home/rafaelrb/anaconda3/lib/python3.9/site-packages/airflow/example_dags/tutorial.py
[2025-02-23T02:31:44.405-0500] {processor.py:914} INFO - Processing file /home/rafaelrb/anaconda3/lib/python3.9/site-packages/airflow/example_dags/tutorial.py for tasks to queue
[2025-02-23T02:31:44.408-0500] {logging_mixin.py:190} INFO - [2025-02-23T02:31:44.407-0500] {dagbag.py:588} INFO - Filling up the DagBag from /home/rafaelrb/anaconda3/lib/python3.9/site-packages/airflow/example_dags/tutorial.py
[2025-02-23T02:31:44.419-0500] {processor.py:925} INFO - DAG(s) 'tutorial' retrieved from /home/rafaelrb/anaconda3/lib/python3.9/site-packages/airflow/example_dags/tutorial.py
[2025-02-23T02:31:44.453-0500] {logging_mixin.py:190} INFO - [2025-02-23T02:31:44.453-0500] {dag.py:3239} INFO - Sync 1 DAGs
[2025-02-23T02:31:44.497-0500] {logging_mixin.py:190} INFO - [2025-02-23T02:31:44.497-0500] {dag.py:4180} INFO - Setting next_dagrun for tutorial to 2025-02-22 00:00:00+00:00, run_after=2025-02-23 00:00:00+00:00
[2025-02-23T02:31:44.537-0500] {processor.py:208} INFO - Processing /home/rafaelrb/anaconda3/lib/python3.9/site-packages/airflow/example_dags/tutorial.py took 0.147 seconds
[2025-02-23T02:32:44.569-0500] {processor.py:186} INFO - Started process (PID=76436) to work on /home/rafaelrb/anaconda3/lib/python3.9/site-packages/airflow/example_dags/tutorial.py
[2025-02-23T02:32:44.572-0500] {processor.py:914} INFO - Processing file /home/rafaelrb/anaconda3/lib/python3.9/site-packages/airflow/example_dags/tutorial.py for tasks to queue
[2025-02-23T02:32:44.575-0500] {logging_mixin.py:190} INFO - [2025-02-23T02:32:44.574-0500] {dagbag.py:588} INFO - Filling up the DagBag from /home/rafaelrb/anaconda3/lib/python3.9/site-packages/airflow/example_dags/tutorial.py
[2025-02-23T02:32:44.597-0500] {processor.py:925} INFO - DAG(s) 'tutorial' retrieved from /home/rafaelrb/anaconda3/lib/python3.9/site-packages/airflow/example_dags/tutorial.py
[2025-02-23T02:32:44.630-0500] {logging_mixin.py:190} INFO - [2025-02-23T02:32:44.630-0500] {dag.py:3239} INFO - Sync 1 DAGs
[2025-02-23T02:32:44.674-0500] {logging_mixin.py:190} INFO - [2025-02-23T02:32:44.673-0500] {dag.py:4180} INFO - Setting next_dagrun for tutorial to 2025-02-22 00:00:00+00:00, run_after=2025-02-23 00:00:00+00:00
[2025-02-23T02:32:44.713-0500] {processor.py:208} INFO - Processing /home/rafaelrb/anaconda3/lib/python3.9/site-packages/airflow/example_dags/tutorial.py took 0.153 seconds
[2025-02-23T02:34:02.198-0500] {processor.py:186} INFO - Started process (PID=76839) to work on /home/rafaelrb/anaconda3/lib/python3.9/site-packages/airflow/example_dags/tutorial.py
[2025-02-23T02:34:02.200-0500] {processor.py:914} INFO - Processing file /home/rafaelrb/anaconda3/lib/python3.9/site-packages/airflow/example_dags/tutorial.py for tasks to queue
[2025-02-23T02:34:02.204-0500] {logging_mixin.py:190} INFO - [2025-02-23T02:34:02.204-0500] {dagbag.py:588} INFO - Filling up the DagBag from /home/rafaelrb/anaconda3/lib/python3.9/site-packages/airflow/example_dags/tutorial.py
[2025-02-23T02:34:02.216-0500] {processor.py:925} INFO - DAG(s) 'tutorial' retrieved from /home/rafaelrb/anaconda3/lib/python3.9/site-packages/airflow/example_dags/tutorial.py
[2025-02-23T02:34:02.236-0500] {logging_mixin.py:190} INFO - [2025-02-23T02:34:02.236-0500] {dag.py:3239} INFO - Sync 1 DAGs
[2025-02-23T02:34:02.261-0500] {logging_mixin.py:190} INFO - [2025-02-23T02:34:02.261-0500] {dag.py:4180} INFO - Setting next_dagrun for tutorial to 2025-02-22 00:00:00+00:00, run_after=2025-02-23 00:00:00+00:00
[2025-02-23T02:34:02.295-0500] {processor.py:208} INFO - Processing /home/rafaelrb/anaconda3/lib/python3.9/site-packages/airflow/example_dags/tutorial.py took 0.105 seconds
[2025-02-23T02:35:28.761-0500] {processor.py:186} INFO - Started process (PID=77180) to work on /home/rafaelrb/anaconda3/lib/python3.9/site-packages/airflow/example_dags/tutorial.py
[2025-02-23T02:35:28.763-0500] {processor.py:914} INFO - Processing file /home/rafaelrb/anaconda3/lib/python3.9/site-packages/airflow/example_dags/tutorial.py for tasks to queue
[2025-02-23T02:35:28.788-0500] {logging_mixin.py:190} INFO - [2025-02-23T02:35:28.786-0500] {dagbag.py:588} INFO - Filling up the DagBag from /home/rafaelrb/anaconda3/lib/python3.9/site-packages/airflow/example_dags/tutorial.py
[2025-02-23T02:35:28.885-0500] {processor.py:925} INFO - DAG(s) 'tutorial' retrieved from /home/rafaelrb/anaconda3/lib/python3.9/site-packages/airflow/example_dags/tutorial.py
[2025-02-23T02:35:28.954-0500] {logging_mixin.py:190} INFO - [2025-02-23T02:35:28.954-0500] {dag.py:3239} INFO - Sync 1 DAGs
[2025-02-23T02:35:28.979-0500] {logging_mixin.py:190} INFO - [2025-02-23T02:35:28.979-0500] {dag.py:4180} INFO - Setting next_dagrun for tutorial to 2025-02-22 00:00:00+00:00, run_after=2025-02-23 00:00:00+00:00
[2025-02-23T02:35:29.024-0500] {processor.py:208} INFO - Processing /home/rafaelrb/anaconda3/lib/python3.9/site-packages/airflow/example_dags/tutorial.py took 0.395 seconds
[2025-02-23T02:43:13.022-0500] {processor.py:186} INFO - Started process (PID=79049) to work on /home/rafaelrb/anaconda3/lib/python3.9/site-packages/airflow/example_dags/tutorial.py
[2025-02-23T02:43:13.023-0500] {processor.py:914} INFO - Processing file /home/rafaelrb/anaconda3/lib/python3.9/site-packages/airflow/example_dags/tutorial.py for tasks to queue
[2025-02-23T02:43:13.026-0500] {logging_mixin.py:190} INFO - [2025-02-23T02:43:13.025-0500] {dagbag.py:588} INFO - Filling up the DagBag from /home/rafaelrb/anaconda3/lib/python3.9/site-packages/airflow/example_dags/tutorial.py
[2025-02-23T02:43:13.036-0500] {processor.py:925} INFO - DAG(s) 'tutorial' retrieved from /home/rafaelrb/anaconda3/lib/python3.9/site-packages/airflow/example_dags/tutorial.py
[2025-02-23T02:43:13.055-0500] {logging_mixin.py:190} INFO - [2025-02-23T02:43:13.055-0500] {dag.py:3239} INFO - Sync 1 DAGs
[2025-02-23T02:43:13.079-0500] {logging_mixin.py:190} INFO - [2025-02-23T02:43:13.079-0500] {dag.py:4180} INFO - Setting next_dagrun for tutorial to 2025-02-22 00:00:00+00:00, run_after=2025-02-23 00:00:00+00:00
[2025-02-23T02:43:13.115-0500] {processor.py:208} INFO - Processing /home/rafaelrb/anaconda3/lib/python3.9/site-packages/airflow/example_dags/tutorial.py took 0.102 seconds
[2025-02-23T02:44:12.321-0500] {processor.py:186} INFO - Started process (PID=79251) to work on /home/rafaelrb/anaconda3/lib/python3.9/site-packages/airflow/example_dags/tutorial.py
[2025-02-23T02:44:12.328-0500] {processor.py:914} INFO - Processing file /home/rafaelrb/anaconda3/lib/python3.9/site-packages/airflow/example_dags/tutorial.py for tasks to queue
[2025-02-23T02:44:12.330-0500] {logging_mixin.py:190} INFO - [2025-02-23T02:44:12.330-0500] {dagbag.py:588} INFO - Filling up the DagBag from /home/rafaelrb/anaconda3/lib/python3.9/site-packages/airflow/example_dags/tutorial.py
[2025-02-23T02:44:12.341-0500] {processor.py:925} INFO - DAG(s) 'tutorial' retrieved from /home/rafaelrb/anaconda3/lib/python3.9/site-packages/airflow/example_dags/tutorial.py
[2025-02-23T02:44:12.359-0500] {logging_mixin.py:190} INFO - [2025-02-23T02:44:12.358-0500] {dag.py:3239} INFO - Sync 1 DAGs
[2025-02-23T02:44:12.384-0500] {logging_mixin.py:190} INFO - [2025-02-23T02:44:12.384-0500] {dag.py:4180} INFO - Setting next_dagrun for tutorial to 2025-02-22 00:00:00+00:00, run_after=2025-02-23 00:00:00+00:00
[2025-02-23T02:44:12.418-0500] {processor.py:208} INFO - Processing /home/rafaelrb/anaconda3/lib/python3.9/site-packages/airflow/example_dags/tutorial.py took 0.105 seconds
