[2025-02-23T00:12:37.641-0500] {local_task_job_runner.py:123} INFO - ::group::Pre task execution logs
[2025-02-23T00:12:37.660-0500] {taskinstance.py:2614} INFO - Dependencies all met for dep_context=non-requeueable deps ti=<TaskInstance: tutorial_dag.load manual__2025-02-23T05:12:22.034164+00:00 [queued]>
[2025-02-23T00:12:37.672-0500] {taskinstance.py:2614} INFO - Dependencies all met for dep_context=requeueable deps ti=<TaskInstance: tutorial_dag.load manual__2025-02-23T05:12:22.034164+00:00 [queued]>
[2025-02-23T00:12:37.673-0500] {taskinstance.py:2867} INFO - Starting attempt 1 of 3
[2025-02-23T00:12:37.705-0500] {taskinstance.py:2890} INFO - Executing <Task(PythonOperator): load> on 2025-02-23 05:12:22.034164+00:00
[2025-02-23T00:12:37.710-0500] {standard_task_runner.py:72} INFO - Started process 34553 to run task
[2025-02-23T00:12:37.717-0500] {standard_task_runner.py:104} INFO - Running: ['airflow', 'tasks', 'run', 'tutorial_dag', 'load', 'manual__2025-02-23T05:12:22.034164+00:00', '--job-id', '6', '--raw', '--subdir', '/home/rafaelrb/anaconda3/lib/python3.9/site-packages/airflow/example_dags/tutorial_dag.py', '--cfg-path', '/tmp/tmpoj3bdwfh']
[2025-02-23T00:12:37.719-0500] {standard_task_runner.py:105} INFO - Job 6: Subtask load
[2025-02-23T00:12:37.776-0500] {task_command.py:467} INFO - Running <TaskInstance: tutorial_dag.load manual__2025-02-23T05:12:22.034164+00:00 [running]> on host DESKTOP-O7HQL41.
[2025-02-23T00:12:37.890-0500] {taskinstance.py:3134} INFO - Exporting env vars: AIRFLOW_CTX_DAG_OWNER='airflow' AIRFLOW_CTX_DAG_ID='tutorial_dag' AIRFLOW_CTX_TASK_ID='load' AIRFLOW_CTX_EXECUTION_DATE='2025-02-23T05:12:22.034164+00:00' AIRFLOW_CTX_TRY_NUMBER='1' AIRFLOW_CTX_DAG_RUN_ID='manual__2025-02-23T05:12:22.034164+00:00'
[2025-02-23T00:12:37.892-0500] {logging_mixin.py:190} INFO - Task instance is in running state
[2025-02-23T00:12:37.892-0500] {logging_mixin.py:190} INFO -  Previous state of the Task instance: queued
[2025-02-23T00:12:37.892-0500] {logging_mixin.py:190} INFO - Current task name:load state:running start_date:2025-02-23 05:12:37.660660+00:00
[2025-02-23T00:12:37.893-0500] {logging_mixin.py:190} INFO - Dag name:tutorial_dag and current dag run status:running
[2025-02-23T00:12:37.893-0500] {taskinstance.py:732} INFO - ::endgroup::
[2025-02-23T00:12:37.899-0500] {logging_mixin.py:190} INFO - {'total_order_value': 1236.7}
[2025-02-23T00:12:37.899-0500] {python.py:240} INFO - Done. Returned value was: None
[2025-02-23T00:12:37.909-0500] {taskinstance.py:341} INFO - ::group::Post task execution logs
[2025-02-23T00:12:37.910-0500] {taskinstance.py:353} INFO - Marking task as SUCCESS. dag_id=tutorial_dag, task_id=load, run_id=manual__2025-02-23T05:12:22.034164+00:00, execution_date=20250223T051222, start_date=20250223T051237, end_date=20250223T051237
[2025-02-23T00:12:37.942-0500] {logging_mixin.py:190} INFO - Task instance in success state
[2025-02-23T00:12:37.943-0500] {logging_mixin.py:190} INFO -  Previous state of the Task instance: running
[2025-02-23T00:12:37.943-0500] {logging_mixin.py:190} INFO - Dag name:tutorial_dag queued_at:2025-02-23 05:12:22.089331+00:00
[2025-02-23T00:12:37.943-0500] {logging_mixin.py:190} INFO - Task hostname:DESKTOP-O7HQL41. operator:PythonOperator
[2025-02-23T00:12:37.971-0500] {local_task_job_runner.py:266} INFO - Task exited with return code 0
[2025-02-23T00:12:37.994-0500] {taskinstance.py:3901} INFO - 0 downstream tasks scheduled from follow-on schedule check
[2025-02-23T00:12:37.995-0500] {local_task_job_runner.py:245} INFO - ::endgroup::
